
===========================================================================
report_checks -unconstrained
===========================================================================
======================= Fastest Corner ===================================

Startpoint: in[0] (input port clocked by __VIRTUAL_CLK__)
Endpoint: out[7] (output port clocked by __VIRTUAL_CLK__)
Path Group: __VIRTUAL_CLK__
Path Type: max
Corner: Fastest

Fanout     Cap    Slew   Delay    Time   Description
-----------------------------------------------------------------------------
                  0.00    0.00    0.00   clock __VIRTUAL_CLK__ (rise edge)
                          0.00    0.00   clock network delay (ideal)
                          2.00    2.00 v input external delay
     1    0.00    0.00    0.00    2.00 v in[0] (in)
                                         in[0] (net)
                  0.00    0.00    2.00 v input1/A (sky130_fd_sc_hd__dlymetal6s2s_1)
     5    0.02    0.07    0.12    2.12 v input1/X (sky130_fd_sc_hd__dlymetal6s2s_1)
                                         net1 (net)
                  0.07    0.00    2.12 v _13_/B (sky130_fd_sc_hd__or4_2)
     5    0.01    0.10    0.44    2.56 v _13_/X (sky130_fd_sc_hd__or4_2)
                                         _02_ (net)
                  0.10    0.00    2.56 v _20_/D (sky130_fd_sc_hd__or4_1)
     2    0.01    0.08    0.29    2.85 v _20_/X (sky130_fd_sc_hd__or4_1)
                                         _06_ (net)
                  0.08    0.00    2.85 v _24_/B (sky130_fd_sc_hd__xor2_1)
     1    0.01    0.12    0.14    2.98 ^ _24_/X (sky130_fd_sc_hd__xor2_1)
                                         net16 (net)
                  0.12    0.00    2.98 ^ output16/A (sky130_fd_sc_hd__clkbuf_4)
     1    0.03    0.08    0.16    3.14 ^ output16/X (sky130_fd_sc_hd__clkbuf_4)
                                         out[7] (net)
                  0.08    0.00    3.14 ^ out[7] (out)
                                  3.14   data arrival time

                  0.00   10.00   10.00   clock __VIRTUAL_CLK__ (rise edge)
                          0.00   10.00   clock network delay (ideal)
                         -0.25    9.75   clock uncertainty
                          0.00    9.75   clock reconvergence pessimism
                         -2.00    7.75   output external delay
                                  7.75   data required time
-----------------------------------------------------------------------------
                                  7.75   data required time
                                 -3.14   data arrival time
-----------------------------------------------------------------------------
                                  4.61   slack (MET)



======================= Slowest Corner ===================================

Startpoint: in[0] (input port clocked by __VIRTUAL_CLK__)
Endpoint: out[6] (output port clocked by __VIRTUAL_CLK__)
Path Group: __VIRTUAL_CLK__
Path Type: max
Corner: Slowest

Fanout     Cap    Slew   Delay    Time   Description
-----------------------------------------------------------------------------
                  0.00    0.00    0.00   clock __VIRTUAL_CLK__ (rise edge)
                          0.00    0.00   clock network delay (ideal)
                          2.00    2.00 v input external delay
     1    0.00    0.02    0.01    2.01 v in[0] (in)
                                         in[0] (net)
                  0.02    0.00    2.01 v input1/A (sky130_fd_sc_hd__dlymetal6s2s_1)
     5    0.02    0.19    0.38    2.39 v input1/X (sky130_fd_sc_hd__dlymetal6s2s_1)
                                         net1 (net)
                  0.19    0.00    2.39 v _13_/B (sky130_fd_sc_hd__or4_2)
     5    0.01    0.30    1.80    4.19 v _13_/X (sky130_fd_sc_hd__or4_2)
                                         _02_ (net)
                  0.30    0.00    4.19 v _20_/D (sky130_fd_sc_hd__or4_1)
     2    0.01    0.25    1.21    5.40 v _20_/X (sky130_fd_sc_hd__or4_1)
                                         _06_ (net)
                  0.25    0.00    5.40 v _22_/A (sky130_fd_sc_hd__and2_1)
     1    0.00    0.07    0.38    5.79 v _22_/X (sky130_fd_sc_hd__and2_1)
                                         _08_ (net)
                  0.07    0.00    5.79 v _23_/A (sky130_fd_sc_hd__clkbuf_1)
     1    0.00    0.06    0.18    5.97 v _23_/X (sky130_fd_sc_hd__clkbuf_1)
                                         net15 (net)
                  0.06    0.00    5.97 v output15/A (sky130_fd_sc_hd__buf_2)
     1    0.03    0.17    0.36    6.33 v output15/X (sky130_fd_sc_hd__buf_2)
                                         out[6] (net)
                  0.17    0.00    6.33 v out[6] (out)
                                  6.33   data arrival time

                  0.00   10.00   10.00   clock __VIRTUAL_CLK__ (rise edge)
                          0.00   10.00   clock network delay (ideal)
                         -0.25    9.75   clock uncertainty
                          0.00    9.75   clock reconvergence pessimism
                         -2.00    7.75   output external delay
                                  7.75   data required time
-----------------------------------------------------------------------------
                                  7.75   data required time
                                 -6.33   data arrival time
-----------------------------------------------------------------------------
                                  1.42   slack (MET)



======================= Typical Corner ===================================

Startpoint: in[0] (input port clocked by __VIRTUAL_CLK__)
Endpoint: out[6] (output port clocked by __VIRTUAL_CLK__)
Path Group: __VIRTUAL_CLK__
Path Type: max
Corner: Typical

Fanout     Cap    Slew   Delay    Time   Description
-----------------------------------------------------------------------------
                  0.00    0.00    0.00   clock __VIRTUAL_CLK__ (rise edge)
                          0.00    0.00   clock network delay (ideal)
                          2.00    2.00 v input external delay
     1    0.00    0.01    0.00    2.00 v in[0] (in)
                                         in[0] (net)
                  0.01    0.00    2.00 v input1/A (sky130_fd_sc_hd__dlymetal6s2s_1)
     5    0.02    0.10    0.19    2.19 v input1/X (sky130_fd_sc_hd__dlymetal6s2s_1)
                                         net1 (net)
                  0.10    0.00    2.19 v _13_/B (sky130_fd_sc_hd__or4_2)
     5    0.01    0.14    0.76    2.95 v _13_/X (sky130_fd_sc_hd__or4_2)
                                         _02_ (net)
                  0.14    0.00    2.95 v _20_/D (sky130_fd_sc_hd__or4_1)
     2    0.01    0.12    0.51    3.46 v _20_/X (sky130_fd_sc_hd__or4_1)
                                         _06_ (net)
                  0.12    0.00    3.46 v _22_/A (sky130_fd_sc_hd__and2_1)
     1    0.00    0.04    0.18    3.64 v _22_/X (sky130_fd_sc_hd__and2_1)
                                         _08_ (net)
                  0.04    0.00    3.64 v _23_/A (sky130_fd_sc_hd__clkbuf_1)
     1    0.00    0.03    0.10    3.74 v _23_/X (sky130_fd_sc_hd__clkbuf_1)
                                         net15 (net)
                  0.03    0.00    3.74 v output15/A (sky130_fd_sc_hd__buf_2)
     1    0.03    0.09    0.18    3.92 v output15/X (sky130_fd_sc_hd__buf_2)
                                         out[6] (net)
                  0.09    0.00    3.92 v out[6] (out)
                                  3.92   data arrival time

                  0.00   10.00   10.00   clock __VIRTUAL_CLK__ (rise edge)
                          0.00   10.00   clock network delay (ideal)
                         -0.25    9.75   clock uncertainty
                          0.00    9.75   clock reconvergence pessimism
                         -2.00    7.75   output external delay
                                  7.75   data required time
-----------------------------------------------------------------------------
                                  7.75   data required time
                                 -3.92   data arrival time
-----------------------------------------------------------------------------
                                  3.83   slack (MET)




===========================================================================
report_checks --slack_max -0.01
============================================================================
======================= Fastest Corner ===================================

No paths found.

======================= Slowest Corner ===================================

No paths found.

======================= Typical Corner ===================================

No paths found.


===========================================================================
 report_check_types -max_slew -max_cap -max_fanout -violators
============================================================================
======================= Fastest Corner ===================================


max slew violations count Fastest: 0
max fanout violations count Fastest: 0
max cap violations count Fastest: 0
======================= Slowest Corner ===================================


max slew violations count Slowest: 0
max fanout violations count Slowest: 0
max cap violations count Slowest: 0
======================= Typical Corner ===================================


max slew violations count Typical: 0
max fanout violations count Typical: 0
max cap violations count Typical: 0

===========================================================================
report_parasitic_annotation -report_unannotated
============================================================================
Found 0 unannotated drivers.
Found 0 partially unannotated drivers.

===========================================================================
max slew violation count 0
max fanout violation count 0
max cap violation count 0
============================================================================

===========================================================================
check_setup -verbose -unconstrained_endpoints -multiple_clock -no_clock -no_input_delay -loops -generated_clocks
===========================================================================
