
===========================================================================
 report_power
============================================================================
======================= Fastest Corner ===================================

Group                  Internal  Switching    Leakage      Total
                          Power      Power      Power      Power (Watts)
----------------------------------------------------------------
Sequential             0.00e+00   0.00e+00   0.00e+00   0.00e+00   0.0%
Combinational          4.89e-06   1.10e-05   1.59e-10   1.59e-05 100.0%
Clock                  0.00e+00   0.00e+00   1.46e-10   1.46e-10   0.0%
Macro                  0.00e+00   0.00e+00   0.00e+00   0.00e+00   0.0%
Pad                    0.00e+00   0.00e+00   0.00e+00   0.00e+00   0.0%
----------------------------------------------------------------
Total                  4.89e-06   1.10e-05   3.05e-10   1.59e-05 100.0%
                          30.7%      69.3%       0.0%

======================= Slowest Corner ===================================

Group                  Internal  Switching    Leakage      Total
                          Power      Power      Power      Power (Watts)
----------------------------------------------------------------
Sequential             0.00e+00   0.00e+00   0.00e+00   0.00e+00   0.0%
Combinational          3.63e-06   7.37e-06   1.53e-07   1.11e-05 100.0%
Clock                  0.00e+00   0.00e+00   1.46e-10   1.46e-10   0.0%
Macro                  0.00e+00   0.00e+00   0.00e+00   0.00e+00   0.0%
Pad                    0.00e+00   0.00e+00   0.00e+00   0.00e+00   0.0%
----------------------------------------------------------------
Total                  3.63e-06   7.37e-06   1.53e-07   1.11e-05 100.0%
                          32.5%      66.1%       1.4%

======================= Typical Corner ===================================

Group                  Internal  Switching    Leakage      Total
                          Power      Power      Power      Power (Watts)
----------------------------------------------------------------
Sequential             0.00e+00   0.00e+00   0.00e+00   0.00e+00   0.0%
Combinational          4.40e-06   9.37e-06   8.86e-11   1.38e-05 100.0%
Clock                  0.00e+00   0.00e+00   1.46e-10   1.46e-10   0.0%
Macro                  0.00e+00   0.00e+00   0.00e+00   0.00e+00   0.0%
Pad                    0.00e+00   0.00e+00   0.00e+00   0.00e+00   0.0%
----------------------------------------------------------------
Total                  4.40e-06   9.37e-06   2.35e-10   1.38e-05 100.0%
                          31.9%      68.1%       0.0%

