
===========================================================================
 report_power
============================================================================
======================= Fastest Corner ===================================

Group                  Internal  Switching    Leakage      Total
                          Power      Power      Power      Power (Watts)
----------------------------------------------------------------
Sequential             0.00e+00   0.00e+00   0.00e+00   0.00e+00   0.0%
Combinational          4.64e-06   1.08e-05   1.49e-10   1.54e-05 100.0%
Clock                  0.00e+00   0.00e+00   1.58e-10   1.58e-10   0.0%
Macro                  0.00e+00   0.00e+00   0.00e+00   0.00e+00   0.0%
Pad                    0.00e+00   0.00e+00   0.00e+00   0.00e+00   0.0%
----------------------------------------------------------------
Total                  4.64e-06   1.08e-05   3.08e-10   1.54e-05 100.0%
                          30.1%      69.9%       0.0%

======================= Slowest Corner ===================================

Group                  Internal  Switching    Leakage      Total
                          Power      Power      Power      Power (Watts)
----------------------------------------------------------------
Sequential             0.00e+00   0.00e+00   0.00e+00   0.00e+00   0.0%
Combinational          3.46e-06   7.20e-06   1.41e-07   1.08e-05 100.0%
Clock                  0.00e+00   0.00e+00   1.58e-10   1.58e-10   0.0%
Macro                  0.00e+00   0.00e+00   0.00e+00   0.00e+00   0.0%
Pad                    0.00e+00   0.00e+00   0.00e+00   0.00e+00   0.0%
----------------------------------------------------------------
Total                  3.46e-06   7.20e-06   1.41e-07   1.08e-05 100.0%
                          32.0%      66.7%       1.3%

======================= Typical Corner ===================================

Group                  Internal  Switching    Leakage      Total
                          Power      Power      Power      Power (Watts)
----------------------------------------------------------------
Sequential             0.00e+00   0.00e+00   0.00e+00   0.00e+00   0.0%
Combinational          4.19e-06   9.15e-06   7.67e-11   1.33e-05 100.0%
Clock                  0.00e+00   0.00e+00   1.58e-10   1.58e-10   0.0%
Macro                  0.00e+00   0.00e+00   0.00e+00   0.00e+00   0.0%
Pad                    0.00e+00   0.00e+00   0.00e+00   0.00e+00   0.0%
----------------------------------------------------------------
Total                  4.19e-06   9.15e-06   2.35e-10   1.33e-05 100.0%
                          31.4%      68.6%       0.0%

