OpenROAD b16bda7e82721d10566ff7e2b68f1ff0be9f9e38 
Features included (+) or not (-): +Charts +GPU +GUI +Python
This program is licensed under the BSD-3 license. See the LICENSE file for details.
Components of this program may be licensed under more restrictive licenses which must be honored.
define_corners Typical
read_liberty -corner Typical /home/kagan/.volare/sky130A/libs.ref/sky130_fd_sc_hd/lib/sky130_fd_sc_hd__tt_025C_1v80.lib
Using 1e-12 for capacitance...
Using 1e+03 for resistance...
Using 1e-09 for time...
Using 1e+00 for voltage...
Using 1e-03 for current...
Using 1e-09 for power...
Using 1e-06 for distance...
[INFO ODB-0227] LEF file: /openlane/designs/twos_complement/runs/RUN_2025.04.26_23.20.19/tmp/merged.nom.lef, created 13 layers, 25 vias, 441 library cells
[INFO ODB-0127] Reading DEF file: /openlane/designs/twos_complement/runs/RUN_2025.04.26_23.20.19/tmp/signoff/34-twos_complement.p.def
[INFO ODB-0128] Design: twos_complement
[INFO ODB-0130]     Created 18 pins.
[INFO ODB-0131]     Created 129 components and 593 component-terminals.
[INFO ODB-0132]     Created 2 special nets and 502 connections.
[INFO ODB-0133]     Created 42 nets and 91 connections.
[INFO ODB-0134] Finished DEF file: /openlane/designs/twos_complement/runs/RUN_2025.04.26_23.20.19/tmp/signoff/34-twos_complement.p.def
Reading design constraints file at '/openlane/scripts/base.sdc'…
[INFO]: Setting output delay to: 2.0
[INFO]: Setting input delay to: 2.0
[WARNING STA-0366] port '__VIRTUAL_CLK__' not found.
[INFO]: Setting load to: 0.033442
[INFO]: Setting clock uncertainty to: 0.25
[INFO]: Setting clock transition to: 0.15
[WARNING STA-0419] transition time can not be specified for virtual clocks.
[INFO]: Setting timing derate to: 5.0 %
[WARNING] Did not save OpenROAD database!
Writing netlist to '/openlane/designs/twos_complement/runs/RUN_2025.04.26_23.20.19/tmp/signoff/34-twos_complement.nl.v'…
Writing powered netlist to '/openlane/designs/twos_complement/runs/RUN_2025.04.26_23.20.19/tmp/signoff/34-twos_complement.pnl.v'…
