OpenROAD b16bda7e82721d10566ff7e2b68f1ff0be9f9e38 
Features included (+) or not (-): +Charts +GPU +GUI +Python
This program is licensed under the BSD-3 license. See the LICENSE file for details.
Components of this program may be licensed under more restrictive licenses which must be honored.
Top-level design name: inverter
Block boundaries: 0 0 34500 57120
Horizontal Tracks Origin: 340, Count: 84, Step: 680
Vertical Tracks Origin: 230, Count: 75, Step: 460
Placement details for the #E side
Virtual pin count:  0
Actual pin count:  1
Total pin count:  1
Tracks count:  42
Tracks per pin:  42
Used tracks count:  1
Unused track count:  41
Starting track index:  20
Placement Map:
[340, 1700, 3060, 4420, 5780, 7140, 8500, 9860, 11220, 12580, 13940, 15300, 16660, 18020, 19380, 20740, 22100, 23460, 24820, 26180, [91m27540[0m, 28900, 30260, 31620, 32980, 34340, 35700, 37060, 38420, 39780, 41140, 42500, 43860, 45220, 46580, 47940, 49300, 50660, 52020, 53380, 54740, 56100, ]
Indices of used tracks: [20]
---
Placement details for the #W side
Virtual pin count:  0
Actual pin count:  1
Total pin count:  1
Tracks count:  42
Tracks per pin:  42
Used tracks count:  1
Unused track count:  41
Starting track index:  20
Placement Map:
[340, 1700, 3060, 4420, 5780, 7140, 8500, 9860, 11220, 12580, 13940, 15300, 16660, 18020, 19380, 20740, 22100, 23460, 24820, 26180, [91m27540[0m, 28900, 30260, 31620, 32980, 34340, 35700, 37060, 38420, 39780, 41140, 42500, 43860, 45220, 46580, 47940, 49300, 50660, 52020, 53380, 54740, 56100, ]
Indices of used tracks: [20]
---
