
===========================================================================
report_checks -path_delay max (Setup)
============================================================================
======================= Typical Corner ===================================

Startpoint: B[1] (input port clocked by __VIRTUAL_CLK__)
Endpoint: out[4] (output port clocked by __VIRTUAL_CLK__)
Path Group: __VIRTUAL_CLK__
Path Type: max

Fanout     Cap    Slew   Delay    Time   Description
-----------------------------------------------------------------------------
                  0.00    0.00    0.00   clock __VIRTUAL_CLK__ (rise edge)
                          0.00    0.00   clock network delay (ideal)
                          2.00    2.00 ^ input external delay
     5    0.01    0.05    0.03    2.03 ^ B[1] (in)
                                         B[1] (net)
                  0.05    0.00    2.03 ^ _175_/A (sky130_fd_sc_hd__buf_1)
    10    0.03    0.38    0.33    2.36 ^ _175_/X (sky130_fd_sc_hd__buf_1)
                                         _103_ (net)
                  0.38    0.00    2.36 ^ _185_/A1 (sky130_fd_sc_hd__a22oi_2)
     3    0.01    0.12    0.17    2.53 v _185_/Y (sky130_fd_sc_hd__a22oi_2)
                                         _113_ (net)
                  0.12    0.00    2.53 v _192_/C (sky130_fd_sc_hd__or3_2)
     2    0.00    0.08    0.45    2.99 v _192_/X (sky130_fd_sc_hd__or3_2)
                                         _120_ (net)
                  0.08    0.00    2.99 v _197_/A1 (sky130_fd_sc_hd__a21o_2)
     2    0.00    0.04    0.21    3.20 v _197_/X (sky130_fd_sc_hd__a21o_2)
                                         _125_ (net)
                  0.04    0.00    3.20 v _199_/A3 (sky130_fd_sc_hd__a31o_2)
     2    0.01    0.06    0.28    3.48 v _199_/X (sky130_fd_sc_hd__a31o_2)
                                         _127_ (net)
                  0.06    0.00    3.48 v _201_/B (sky130_fd_sc_hd__xor2_2)
     2    0.01    0.07    0.16    3.63 v _201_/X (sky130_fd_sc_hd__xor2_2)
                                         _129_ (net)
                  0.07    0.00    3.63 v _342_/B1 (sky130_fd_sc_hd__a21o_2)
     1    0.00    0.03    0.19    3.83 v _342_/X (sky130_fd_sc_hd__a21o_2)
                                         _093_ (net)
                  0.03    0.00    3.83 v _345_/A3 (sky130_fd_sc_hd__a31o_2)
     1    0.00    0.03    0.23    4.06 v _345_/X (sky130_fd_sc_hd__a31o_2)
                                         _096_ (net)
                  0.03    0.00    4.06 v _346_/C (sky130_fd_sc_hd__or3_2)
     1    0.00    0.07    0.41    4.47 v _346_/X (sky130_fd_sc_hd__or3_2)
                                         _097_ (net)
                  0.07    0.00    4.47 v _347_/A (sky130_fd_sc_hd__buf_1)
     1    0.03    0.19    0.24    4.72 v _347_/X (sky130_fd_sc_hd__buf_1)
                                         out[4] (net)
                  0.19    0.00    4.72 v out[4] (out)
                                  4.72   data arrival time

                  0.00   10.00   10.00   clock __VIRTUAL_CLK__ (rise edge)
                          0.00   10.00   clock network delay (ideal)
                         -0.25    9.75   clock uncertainty
                          0.00    9.75   clock reconvergence pessimism
                         -2.00    7.75   output external delay
                                  7.75   data required time
-----------------------------------------------------------------------------
                                  7.75   data required time
                                 -4.72   data arrival time
-----------------------------------------------------------------------------
                                  3.03   slack (MET)


Startpoint: opcode[0] (input port clocked by __VIRTUAL_CLK__)
Endpoint: out[7] (output port clocked by __VIRTUAL_CLK__)
Path Group: __VIRTUAL_CLK__
Path Type: max

Fanout     Cap    Slew   Delay    Time   Description
-----------------------------------------------------------------------------
                  0.00    0.00    0.00   clock __VIRTUAL_CLK__ (rise edge)
                          0.00    0.00   clock network delay (ideal)
                          2.00    2.00 v input external delay
     5    0.01    0.03    0.02    2.02 v opcode[0] (in)
                                         opcode[0] (net)
                  0.03    0.00    2.02 v _235_/A_N (sky130_fd_sc_hd__nand3b_2)
     9    0.02    0.16    0.29    2.31 v _235_/Y (sky130_fd_sc_hd__nand3b_2)
                                         _163_ (net)
                  0.16    0.00    2.31 v _242_/C (sky130_fd_sc_hd__and3_2)
     2    0.00    0.04    0.27    2.59 v _242_/X (sky130_fd_sc_hd__and3_2)
                                         _000_ (net)
                  0.04    0.00    2.59 v _245_/B (sky130_fd_sc_hd__or3_2)
     2    0.00    0.08    0.46    3.05 v _245_/X (sky130_fd_sc_hd__or3_2)
                                         _003_ (net)
                  0.08    0.00    3.05 v _247_/B (sky130_fd_sc_hd__and3b_2)
     3    0.01    0.05    0.23    3.28 v _247_/X (sky130_fd_sc_hd__and3b_2)
                                         _005_ (net)
                  0.05    0.00    3.28 v _250_/A2 (sky130_fd_sc_hd__o21ai_2)
     4    0.01    0.18    0.18    3.45 ^ _250_/Y (sky130_fd_sc_hd__o21ai_2)
                                         _008_ (net)
                  0.18    0.00    3.45 ^ _257_/A2 (sky130_fd_sc_hd__a311o_2)
     5    0.02    0.10    0.26    3.71 ^ _257_/X (sky130_fd_sc_hd__a311o_2)
                                         _015_ (net)
                  0.10    0.00    3.71 ^ _276_/A3 (sky130_fd_sc_hd__a311oi_2)
     3    0.01    0.10    0.13    3.84 v _276_/Y (sky130_fd_sc_hd__a311oi_2)
                                         _033_ (net)
                  0.10    0.00    3.84 v _296_/B (sky130_fd_sc_hd__or3_2)
     1    0.00    0.07    0.47    4.32 v _296_/X (sky130_fd_sc_hd__or3_2)
                                         _052_ (net)
                  0.07    0.00    4.32 v _302_/A3 (sky130_fd_sc_hd__a31o_2)
     1    0.03    0.11    0.35    4.66 v _302_/X (sky130_fd_sc_hd__a31o_2)
                                         out[7] (net)
                  0.11    0.00    4.66 v out[7] (out)
                                  4.66   data arrival time

                  0.00   10.00   10.00   clock __VIRTUAL_CLK__ (rise edge)
                          0.00   10.00   clock network delay (ideal)
                         -0.25    9.75   clock uncertainty
                          0.00    9.75   clock reconvergence pessimism
                         -2.00    7.75   output external delay
                                  7.75   data required time
-----------------------------------------------------------------------------
                                  7.75   data required time
                                 -4.66   data arrival time
-----------------------------------------------------------------------------
                                  3.09   slack (MET)


Startpoint: B[0] (input port clocked by __VIRTUAL_CLK__)
Endpoint: out[6] (output port clocked by __VIRTUAL_CLK__)
Path Group: __VIRTUAL_CLK__
Path Type: max

Fanout     Cap    Slew   Delay    Time   Description
-----------------------------------------------------------------------------
                  0.00    0.00    0.00   clock __VIRTUAL_CLK__ (rise edge)
                          0.00    0.00   clock network delay (ideal)
                          2.00    2.00 v input external delay
     4    0.01    0.02    0.01    2.01 v B[0] (in)
                                         B[0] (net)
                  0.02    0.00    2.01 v _234_/A (sky130_fd_sc_hd__or2_2)
     4    0.01    0.08    0.33    2.34 v _234_/X (sky130_fd_sc_hd__or2_2)
                                         _162_ (net)
                  0.08    0.00    2.34 v _236_/A3 (sky130_fd_sc_hd__o31a_2)
     3    0.01    0.08    0.34    2.68 v _236_/X (sky130_fd_sc_hd__o31a_2)
                                         _164_ (net)
                  0.08    0.00    2.68 v _268_/A3 (sky130_fd_sc_hd__o31a_2)
     2    0.01    0.07    0.34    3.02 v _268_/X (sky130_fd_sc_hd__o31a_2)
                                         _025_ (net)
                  0.07    0.00    3.02 v _269_/B (sky130_fd_sc_hd__xnor2_2)
     2    0.01    0.05    0.15    3.17 v _269_/Y (sky130_fd_sc_hd__xnor2_2)
                                         _026_ (net)
                  0.05    0.00    3.17 v _270_/B (sky130_fd_sc_hd__and2_2)
     3    0.01    0.05    0.21    3.38 v _270_/X (sky130_fd_sc_hd__and2_2)
                                         _027_ (net)
                  0.05    0.00    3.38 v _272_/A (sky130_fd_sc_hd__or2_2)
     2    0.01    0.07    0.33    3.71 v _272_/X (sky130_fd_sc_hd__or2_2)
                                         _029_ (net)
                  0.07    0.00    3.71 v _276_/B1 (sky130_fd_sc_hd__a311oi_2)
     3    0.01    0.27    0.31    4.02 ^ _276_/Y (sky130_fd_sc_hd__a311oi_2)
                                         _033_ (net)
                  0.27    0.00    4.02 ^ _277_/A_N (sky130_fd_sc_hd__and2b_2)
     1    0.00    0.03    0.26    4.28 v _277_/X (sky130_fd_sc_hd__and2b_2)
                                         _034_ (net)
                  0.03    0.00    4.28 v _291_/A2 (sky130_fd_sc_hd__a21o_2)
     1    0.03    0.10    0.29    4.58 v _291_/X (sky130_fd_sc_hd__a21o_2)
                                         out[6] (net)
                  0.10    0.00    4.58 v out[6] (out)
                                  4.58   data arrival time

                  0.00   10.00   10.00   clock __VIRTUAL_CLK__ (rise edge)
                          0.00   10.00   clock network delay (ideal)
                         -0.25    9.75   clock uncertainty
                          0.00    9.75   clock reconvergence pessimism
                         -2.00    7.75   output external delay
                                  7.75   data required time
-----------------------------------------------------------------------------
                                  7.75   data required time
                                 -4.58   data arrival time
-----------------------------------------------------------------------------
                                  3.17   slack (MET)


Startpoint: B[1] (input port clocked by __VIRTUAL_CLK__)
Endpoint: out[5] (output port clocked by __VIRTUAL_CLK__)
Path Group: __VIRTUAL_CLK__
Path Type: max

Fanout     Cap    Slew   Delay    Time   Description
-----------------------------------------------------------------------------
                  0.00    0.00    0.00   clock __VIRTUAL_CLK__ (rise edge)
                          0.00    0.00   clock network delay (ideal)
                          2.00    2.00 ^ input external delay
     5    0.01    0.05    0.03    2.03 ^ B[1] (in)
                                         B[1] (net)
                  0.05    0.00    2.03 ^ _175_/A (sky130_fd_sc_hd__buf_1)
    10    0.03    0.38    0.33    2.36 ^ _175_/X (sky130_fd_sc_hd__buf_1)
                                         _103_ (net)
                  0.38    0.00    2.36 ^ _185_/A1 (sky130_fd_sc_hd__a22oi_2)
     3    0.01    0.12    0.17    2.53 v _185_/Y (sky130_fd_sc_hd__a22oi_2)
                                         _113_ (net)
                  0.12    0.00    2.53 v _192_/C (sky130_fd_sc_hd__or3_2)
     2    0.00    0.08    0.45    2.99 v _192_/X (sky130_fd_sc_hd__or3_2)
                                         _120_ (net)
                  0.08    0.00    2.99 v _197_/A1 (sky130_fd_sc_hd__a21o_2)
     2    0.00    0.04    0.21    3.20 v _197_/X (sky130_fd_sc_hd__a21o_2)
                                         _125_ (net)
                  0.04    0.00    3.20 v _208_/B (sky130_fd_sc_hd__and2b_2)
     1    0.01    0.05    0.21    3.41 v _208_/X (sky130_fd_sc_hd__and2b_2)
                                         _136_ (net)
                  0.05    0.00    3.41 v _209_/B (sky130_fd_sc_hd__xnor2_2)
     3    0.02    0.25    0.23    3.64 ^ _209_/Y (sky130_fd_sc_hd__xnor2_2)
                                         _137_ (net)
                  0.25    0.00    3.64 ^ _210_/C (sky130_fd_sc_hd__nand3_2)
     3    0.01    0.08    0.13    3.76 v _210_/Y (sky130_fd_sc_hd__nand3_2)
                                         _138_ (net)
                  0.08    0.00    3.76 v _219_/A2 (sky130_fd_sc_hd__a21oi_2)
     1    0.00    0.10    0.16    3.92 ^ _219_/Y (sky130_fd_sc_hd__a21oi_2)
                                         _147_ (net)
                  0.10    0.00    3.92 ^ _221_/A (sky130_fd_sc_hd__nor2_2)
     1    0.00    0.03    0.05    3.97 v _221_/Y (sky130_fd_sc_hd__nor2_2)
                                         _149_ (net)
                  0.03    0.00    3.97 v _267_/A2 (sky130_fd_sc_hd__a211o_2)
     1    0.03    0.12    0.43    4.41 v _267_/X (sky130_fd_sc_hd__a211o_2)
                                         out[5] (net)
                  0.12    0.00    4.41 v out[5] (out)
                                  4.41   data arrival time

                  0.00   10.00   10.00   clock __VIRTUAL_CLK__ (rise edge)
                          0.00   10.00   clock network delay (ideal)
                         -0.25    9.75   clock uncertainty
                          0.00    9.75   clock reconvergence pessimism
                         -2.00    7.75   output external delay
                                  7.75   data required time
-----------------------------------------------------------------------------
                                  7.75   data required time
                                 -4.41   data arrival time
-----------------------------------------------------------------------------
                                  3.34   slack (MET)


Startpoint: opcode[0] (input port clocked by __VIRTUAL_CLK__)
Endpoint: out[1] (output port clocked by __VIRTUAL_CLK__)
Path Group: __VIRTUAL_CLK__
Path Type: max

Fanout     Cap    Slew   Delay    Time   Description
-----------------------------------------------------------------------------
                  0.00    0.00    0.00   clock __VIRTUAL_CLK__ (rise edge)
                          0.00    0.00   clock network delay (ideal)
                          2.00    2.00 v input external delay
     5    0.01    0.03    0.02    2.02 v opcode[0] (in)
                                         opcode[0] (net)
                  0.03    0.00    2.02 v _235_/A_N (sky130_fd_sc_hd__nand3b_2)
     9    0.02    0.16    0.29    2.31 v _235_/Y (sky130_fd_sc_hd__nand3b_2)
                                         _163_ (net)
                  0.16    0.00    2.31 v _242_/C (sky130_fd_sc_hd__and3_2)
     2    0.00    0.04    0.27    2.59 v _242_/X (sky130_fd_sc_hd__and3_2)
                                         _000_ (net)
                  0.04    0.00    2.59 v _245_/B (sky130_fd_sc_hd__or3_2)
     2    0.00    0.08    0.46    3.05 v _245_/X (sky130_fd_sc_hd__or3_2)
                                         _003_ (net)
                  0.08    0.00    3.05 v _314_/B (sky130_fd_sc_hd__and2b_2)
     1    0.00    0.04    0.22    3.26 v _314_/X (sky130_fd_sc_hd__and2b_2)
                                         _068_ (net)
                  0.04    0.00    3.26 v _315_/A (sky130_fd_sc_hd__nor2_2)
     1    0.00    0.05    0.08    3.35 ^ _315_/Y (sky130_fd_sc_hd__nor2_2)
                                         _069_ (net)
                  0.05    0.00    3.35 ^ _316_/B (sky130_fd_sc_hd__or3b_2)
     1    0.00    0.03    0.10    3.45 ^ _316_/X (sky130_fd_sc_hd__or3b_2)
                                         _070_ (net)
                  0.03    0.00    3.45 ^ _317_/D_N (sky130_fd_sc_hd__or4b_2)
     1    0.00    0.09    0.59    4.04 v _317_/X (sky130_fd_sc_hd__or4b_2)
                                         _071_ (net)
                  0.09    0.00    4.04 v _318_/A (sky130_fd_sc_hd__buf_1)
     1    0.03    0.19    0.25    4.29 v _318_/X (sky130_fd_sc_hd__buf_1)
                                         out[1] (net)
                  0.19    0.00    4.29 v out[1] (out)
                                  4.29   data arrival time

                  0.00   10.00   10.00   clock __VIRTUAL_CLK__ (rise edge)
                          0.00   10.00   clock network delay (ideal)
                         -0.25    9.75   clock uncertainty
                          0.00    9.75   clock reconvergence pessimism
                         -2.00    7.75   output external delay
                                  7.75   data required time
-----------------------------------------------------------------------------
                                  7.75   data required time
                                 -4.29   data arrival time
-----------------------------------------------------------------------------
                                  3.46   slack (MET)


Startpoint: B[1] (input port clocked by __VIRTUAL_CLK__)
Endpoint: out[3] (output port clocked by __VIRTUAL_CLK__)
Path Group: __VIRTUAL_CLK__
Path Type: max

Fanout     Cap    Slew   Delay    Time   Description
-----------------------------------------------------------------------------
                  0.00    0.00    0.00   clock __VIRTUAL_CLK__ (rise edge)
                          0.00    0.00   clock network delay (ideal)
                          2.00    2.00 ^ input external delay
     5    0.01    0.05    0.03    2.03 ^ B[1] (in)
                                         B[1] (net)
                  0.05    0.00    2.03 ^ _175_/A (sky130_fd_sc_hd__buf_1)
    10    0.03    0.38    0.33    2.36 ^ _175_/X (sky130_fd_sc_hd__buf_1)
                                         _103_ (net)
                  0.38    0.00    2.36 ^ _185_/A1 (sky130_fd_sc_hd__a22oi_2)
     3    0.01    0.12    0.17    2.53 v _185_/Y (sky130_fd_sc_hd__a22oi_2)
                                         _113_ (net)
                  0.12    0.00    2.53 v _192_/C (sky130_fd_sc_hd__or3_2)
     2    0.00    0.08    0.45    2.99 v _192_/X (sky130_fd_sc_hd__or3_2)
                                         _120_ (net)
                  0.08    0.00    2.99 v _197_/A1 (sky130_fd_sc_hd__a21o_2)
     2    0.00    0.04    0.21    3.20 v _197_/X (sky130_fd_sc_hd__a21o_2)
                                         _125_ (net)
                  0.04    0.00    3.20 v _208_/B (sky130_fd_sc_hd__and2b_2)
     1    0.01    0.05    0.21    3.41 v _208_/X (sky130_fd_sc_hd__and2b_2)
                                         _136_ (net)
                  0.05    0.00    3.41 v _209_/B (sky130_fd_sc_hd__xnor2_2)
     3    0.01    0.09    0.17    3.57 v _209_/Y (sky130_fd_sc_hd__xnor2_2)
                                         _137_ (net)
                  0.09    0.00    3.57 v _330_/B (sky130_fd_sc_hd__xor2_2)
     1    0.00    0.06    0.16    3.73 v _330_/X (sky130_fd_sc_hd__xor2_2)
                                         _082_ (net)
                  0.06    0.00    3.73 v _335_/B1 (sky130_fd_sc_hd__a221o_2)
     1    0.03    0.13    0.46    4.19 v _335_/X (sky130_fd_sc_hd__a221o_2)
                                         out[3] (net)
                  0.13    0.00    4.19 v out[3] (out)
                                  4.19   data arrival time

                  0.00   10.00   10.00   clock __VIRTUAL_CLK__ (rise edge)
                          0.00   10.00   clock network delay (ideal)
                         -0.25    9.75   clock uncertainty
                          0.00    9.75   clock reconvergence pessimism
                         -2.00    7.75   output external delay
                                  7.75   data required time
-----------------------------------------------------------------------------
                                  7.75   data required time
                                 -4.19   data arrival time
-----------------------------------------------------------------------------
                                  3.56   slack (MET)


Startpoint: opcode[0] (input port clocked by __VIRTUAL_CLK__)
Endpoint: out[2] (output port clocked by __VIRTUAL_CLK__)
Path Group: __VIRTUAL_CLK__
Path Type: max

Fanout     Cap    Slew   Delay    Time   Description
-----------------------------------------------------------------------------
                  0.00    0.00    0.00   clock __VIRTUAL_CLK__ (rise edge)
                          0.00    0.00   clock network delay (ideal)
                          2.00    2.00 v input external delay
     5    0.01    0.03    0.02    2.02 v opcode[0] (in)
                                         opcode[0] (net)
                  0.03    0.00    2.02 v _235_/A_N (sky130_fd_sc_hd__nand3b_2)
     9    0.02    0.16    0.29    2.31 v _235_/Y (sky130_fd_sc_hd__nand3b_2)
                                         _163_ (net)
                  0.16    0.00    2.31 v _242_/C (sky130_fd_sc_hd__and3_2)
     2    0.00    0.04    0.27    2.59 v _242_/X (sky130_fd_sc_hd__and3_2)
                                         _000_ (net)
                  0.04    0.00    2.59 v _245_/B (sky130_fd_sc_hd__or3_2)
     2    0.00    0.08    0.46    3.05 v _245_/X (sky130_fd_sc_hd__or3_2)
                                         _003_ (net)
                  0.08    0.00    3.05 v _247_/B (sky130_fd_sc_hd__and3b_2)
     3    0.01    0.05    0.23    3.28 v _247_/X (sky130_fd_sc_hd__and3b_2)
                                         _005_ (net)
                  0.05    0.00    3.28 v _319_/C (sky130_fd_sc_hd__or3_2)
     1    0.00    0.07    0.42    3.69 v _319_/X (sky130_fd_sc_hd__or3_2)
                                         _072_ (net)
                  0.07    0.00    3.69 v _326_/A3 (sky130_fd_sc_hd__a31o_2)
     1    0.03    0.11    0.35    4.04 v _326_/X (sky130_fd_sc_hd__a31o_2)
                                         out[2] (net)
                  0.11    0.00    4.04 v out[2] (out)
                                  4.04   data arrival time

                  0.00   10.00   10.00   clock __VIRTUAL_CLK__ (rise edge)
                          0.00   10.00   clock network delay (ideal)
                         -0.25    9.75   clock uncertainty
                          0.00    9.75   clock reconvergence pessimism
                         -2.00    7.75   output external delay
                                  7.75   data required time
-----------------------------------------------------------------------------
                                  7.75   data required time
                                 -4.04   data arrival time
-----------------------------------------------------------------------------
                                  3.71   slack (MET)


Startpoint: opcode[0] (input port clocked by __VIRTUAL_CLK__)
Endpoint: out[0] (output port clocked by __VIRTUAL_CLK__)
Path Group: __VIRTUAL_CLK__
Path Type: max

Fanout     Cap    Slew   Delay    Time   Description
-----------------------------------------------------------------------------
                  0.00    0.00    0.00   clock __VIRTUAL_CLK__ (rise edge)
                          0.00    0.00   clock network delay (ideal)
                          2.00    2.00 v input external delay
     5    0.01    0.03    0.02    2.02 v opcode[0] (in)
                                         opcode[0] (net)
                  0.03    0.00    2.02 v _171_/A (sky130_fd_sc_hd__or2_2)
     4    0.01    0.08    0.34    2.36 v _171_/X (sky130_fd_sc_hd__or2_2)
                                         _099_ (net)
                  0.08    0.00    2.36 v _224_/B (sky130_fd_sc_hd__or2_2)
     1    0.00    0.05    0.29    2.65 v _224_/X (sky130_fd_sc_hd__or2_2)
                                         _152_ (net)
                  0.05    0.00    2.65 v _225_/A (sky130_fd_sc_hd__buf_1)
     8    0.03    0.17    0.21    2.86 v _225_/X (sky130_fd_sc_hd__buf_1)
                                         _153_ (net)
                  0.17    0.00    2.86 v _306_/A2 (sky130_fd_sc_hd__o21ai_2)
     1    0.00    0.09    0.15    3.01 ^ _306_/Y (sky130_fd_sc_hd__o21ai_2)
                                         _061_ (net)
                  0.09    0.00    3.01 ^ _307_/B1 (sky130_fd_sc_hd__a31o_2)
     1    0.03    0.20    0.24    3.25 ^ _307_/X (sky130_fd_sc_hd__a31o_2)
                                         out[0] (net)
                  0.20    0.00    3.25 ^ out[0] (out)
                                  3.25   data arrival time

                  0.00   10.00   10.00   clock __VIRTUAL_CLK__ (rise edge)
                          0.00   10.00   clock network delay (ideal)
                         -0.25    9.75   clock uncertainty
                          0.00    9.75   clock reconvergence pessimism
                         -2.00    7.75   output external delay
                                  7.75   data required time
-----------------------------------------------------------------------------
                                  7.75   data required time
                                 -3.25   data arrival time
-----------------------------------------------------------------------------
                                  4.50   slack (MET)



worst slack corner Typical: 3.0340
