
===========================================================================
report_checks -path_delay min (Hold)
============================================================================
======================= Typical Corner ===================================

Startpoint: A[5] (input port clocked by __VIRTUAL_CLK__)
Endpoint: out[5] (output port clocked by __VIRTUAL_CLK__)
Path Group: __VIRTUAL_CLK__
Path Type: min

Fanout     Cap    Slew   Delay    Time   Description
-----------------------------------------------------------------------------
                  0.00    0.00    0.00   clock __VIRTUAL_CLK__ (rise edge)
                          0.00    0.00   clock network delay (ideal)
                          2.00    2.00 v input external delay
     6    0.02    0.04    0.03    2.03 v A[5] (in)
                                         A[5] (net)
                  0.04    0.00    2.03 v _226_/A (sky130_fd_sc_hd__nor2_2)
     1    0.00    0.06    0.08    2.11 ^ _226_/Y (sky130_fd_sc_hd__nor2_2)
                                         _154_ (net)
                  0.06    0.00    2.11 ^ _233_/B1 (sky130_fd_sc_hd__a311o_2)
     1    0.00    0.03    0.09    2.21 ^ _233_/X (sky130_fd_sc_hd__a311o_2)
                                         _161_ (net)
                  0.03    0.00    2.21 ^ _267_/B1 (sky130_fd_sc_hd__a211o_2)
     1    0.03    0.16    0.18    2.38 ^ _267_/X (sky130_fd_sc_hd__a211o_2)
                                         out[5] (net)
                  0.16    0.00    2.38 ^ out[5] (out)
                                  2.38   data arrival time

                  0.00    0.00    0.00   clock __VIRTUAL_CLK__ (rise edge)
                          0.00    0.00   clock network delay (ideal)
                          0.25    0.25   clock uncertainty
                          0.00    0.25   clock reconvergence pessimism
                         -2.00   -1.75   output external delay
                                 -1.75   data required time
-----------------------------------------------------------------------------
                                 -1.75   data required time
                                 -2.38   data arrival time
-----------------------------------------------------------------------------
                                  4.13   slack (MET)


Startpoint: A[6] (input port clocked by __VIRTUAL_CLK__)
Endpoint: out[6] (output port clocked by __VIRTUAL_CLK__)
Path Group: __VIRTUAL_CLK__
Path Type: min

Fanout     Cap    Slew   Delay    Time   Description
-----------------------------------------------------------------------------
                  0.00    0.00    0.00   clock __VIRTUAL_CLK__ (rise edge)
                          0.00    0.00   clock network delay (ideal)
                          2.00    2.00 v input external delay
     5    0.02    0.04    0.03    2.03 v A[6] (in)
                                         A[6] (net)
                  0.04    0.00    2.03 v _289_/A1 (sky130_fd_sc_hd__o211ai_2)
     1    0.00    0.04    0.13    2.16 ^ _289_/Y (sky130_fd_sc_hd__o211ai_2)
                                         _046_ (net)
                  0.04    0.00    2.16 ^ _290_/B1 (sky130_fd_sc_hd__a31o_2)
     1    0.00    0.03    0.08    2.24 ^ _290_/X (sky130_fd_sc_hd__a31o_2)
                                         _047_ (net)
                  0.03    0.00    2.24 ^ _291_/B1 (sky130_fd_sc_hd__a21o_2)
     1    0.03    0.17    0.17    2.42 ^ _291_/X (sky130_fd_sc_hd__a21o_2)
                                         out[6] (net)
                  0.17    0.00    2.42 ^ out[6] (out)
                                  2.42   data arrival time

                  0.00    0.00    0.00   clock __VIRTUAL_CLK__ (rise edge)
                          0.00    0.00   clock network delay (ideal)
                          0.25    0.25   clock uncertainty
                          0.00    0.25   clock reconvergence pessimism
                         -2.00   -1.75   output external delay
                                 -1.75   data required time
-----------------------------------------------------------------------------
                                 -1.75   data required time
                                 -2.42   data arrival time
-----------------------------------------------------------------------------
                                  4.17   slack (MET)


Startpoint: B[0] (input port clocked by __VIRTUAL_CLK__)
Endpoint: out[0] (output port clocked by __VIRTUAL_CLK__)
Path Group: __VIRTUAL_CLK__
Path Type: min

Fanout     Cap    Slew   Delay    Time   Description
-----------------------------------------------------------------------------
                  0.00    0.00    0.00   clock __VIRTUAL_CLK__ (rise edge)
                          0.00    0.00   clock network delay (ideal)
                          2.00    2.00 v input external delay
     4    0.01    0.02    0.01    2.01 v B[0] (in)
                                         B[0] (net)
                  0.02    0.00    2.01 v _184_/A (sky130_fd_sc_hd__buf_1)
    10    0.03    0.15    0.17    2.18 v _184_/X (sky130_fd_sc_hd__buf_1)
                                         _112_ (net)
                  0.15    0.00    2.18 v _307_/A1 (sky130_fd_sc_hd__a31o_2)
     1    0.03    0.10    0.30    2.48 v _307_/X (sky130_fd_sc_hd__a31o_2)
                                         out[0] (net)
                  0.10    0.00    2.48 v out[0] (out)
                                  2.48   data arrival time

                  0.00    0.00    0.00   clock __VIRTUAL_CLK__ (rise edge)
                          0.00    0.00   clock network delay (ideal)
                          0.25    0.25   clock uncertainty
                          0.00    0.25   clock reconvergence pessimism
                         -2.00   -1.75   output external delay
                                 -1.75   data required time
-----------------------------------------------------------------------------
                                 -1.75   data required time
                                 -2.48   data arrival time
-----------------------------------------------------------------------------
                                  4.23   slack (MET)


Startpoint: opcode[2] (input port clocked by __VIRTUAL_CLK__)
Endpoint: out[7] (output port clocked by __VIRTUAL_CLK__)
Path Group: __VIRTUAL_CLK__
Path Type: min

Fanout     Cap    Slew   Delay    Time   Description
-----------------------------------------------------------------------------
                  0.00    0.00    0.00   clock __VIRTUAL_CLK__ (rise edge)
                          0.00    0.00   clock network delay (ideal)
                          2.00    2.00 v input external delay
     6    0.02    0.04    0.03    2.03 v opcode[2] (in)
                                         opcode[2] (net)
                  0.04    0.00    2.03 v _265_/A (sky130_fd_sc_hd__and3_2)
     7    0.01    0.06    0.19    2.21 v _265_/X (sky130_fd_sc_hd__and3_2)
                                         _023_ (net)
                  0.06    0.00    2.21 v _302_/A1 (sky130_fd_sc_hd__a31o_2)
     1    0.03    0.10    0.27    2.48 v _302_/X (sky130_fd_sc_hd__a31o_2)
                                         out[7] (net)
                  0.10    0.00    2.48 v out[7] (out)
                                  2.48   data arrival time

                  0.00    0.00    0.00   clock __VIRTUAL_CLK__ (rise edge)
                          0.00    0.00   clock network delay (ideal)
                          0.25    0.25   clock uncertainty
                          0.00    0.25   clock reconvergence pessimism
                         -2.00   -1.75   output external delay
                                 -1.75   data required time
-----------------------------------------------------------------------------
                                 -1.75   data required time
                                 -2.48   data arrival time
-----------------------------------------------------------------------------
                                  4.23   slack (MET)


Startpoint: opcode[2] (input port clocked by __VIRTUAL_CLK__)
Endpoint: out[2] (output port clocked by __VIRTUAL_CLK__)
Path Group: __VIRTUAL_CLK__
Path Type: min

Fanout     Cap    Slew   Delay    Time   Description
-----------------------------------------------------------------------------
                  0.00    0.00    0.00   clock __VIRTUAL_CLK__ (rise edge)
                          0.00    0.00   clock network delay (ideal)
                          2.00    2.00 v input external delay
     6    0.02    0.04    0.03    2.03 v opcode[2] (in)
                                         opcode[2] (net)
                  0.04    0.00    2.03 v _265_/A (sky130_fd_sc_hd__and3_2)
     7    0.01    0.06    0.19    2.21 v _265_/X (sky130_fd_sc_hd__and3_2)
                                         _023_ (net)
                  0.06    0.00    2.21 v _326_/A2 (sky130_fd_sc_hd__a31o_2)
     1    0.03    0.10    0.30    2.51 v _326_/X (sky130_fd_sc_hd__a31o_2)
                                         out[2] (net)
                  0.10    0.00    2.51 v out[2] (out)
                                  2.51   data arrival time

                  0.00    0.00    0.00   clock __VIRTUAL_CLK__ (rise edge)
                          0.00    0.00   clock network delay (ideal)
                          0.25    0.25   clock uncertainty
                          0.00    0.25   clock reconvergence pessimism
                         -2.00   -1.75   output external delay
                                 -1.75   data required time
-----------------------------------------------------------------------------
                                 -1.75   data required time
                                 -2.51   data arrival time
-----------------------------------------------------------------------------
                                  4.26   slack (MET)


Startpoint: opcode[2] (input port clocked by __VIRTUAL_CLK__)
Endpoint: out[3] (output port clocked by __VIRTUAL_CLK__)
Path Group: __VIRTUAL_CLK__
Path Type: min

Fanout     Cap    Slew   Delay    Time   Description
-----------------------------------------------------------------------------
                  0.00    0.00    0.00   clock __VIRTUAL_CLK__ (rise edge)
                          0.00    0.00   clock network delay (ideal)
                          2.00    2.00 ^ input external delay
     6    0.02    0.09    0.06    2.06 ^ opcode[2] (in)
                                         opcode[2] (net)
                  0.09    0.00    2.06 ^ _265_/A (sky130_fd_sc_hd__and3_2)
     7    0.01    0.09    0.21    2.27 ^ _265_/X (sky130_fd_sc_hd__and3_2)
                                         _023_ (net)
                  0.09    0.00    2.27 ^ _335_/A1 (sky130_fd_sc_hd__a221o_2)
     1    0.03    0.18    0.25    2.52 ^ _335_/X (sky130_fd_sc_hd__a221o_2)
                                         out[3] (net)
                  0.18    0.00    2.52 ^ out[3] (out)
                                  2.52   data arrival time

                  0.00    0.00    0.00   clock __VIRTUAL_CLK__ (rise edge)
                          0.00    0.00   clock network delay (ideal)
                          0.25    0.25   clock uncertainty
                          0.00    0.25   clock reconvergence pessimism
                         -2.00   -1.75   output external delay
                                 -1.75   data required time
-----------------------------------------------------------------------------
                                 -1.75   data required time
                                 -2.52   data arrival time
-----------------------------------------------------------------------------
                                  4.27   slack (MET)


Startpoint: A[4] (input port clocked by __VIRTUAL_CLK__)
Endpoint: out[4] (output port clocked by __VIRTUAL_CLK__)
Path Group: __VIRTUAL_CLK__
Path Type: min

Fanout     Cap    Slew   Delay    Time   Description
-----------------------------------------------------------------------------
                  0.00    0.00    0.00   clock __VIRTUAL_CLK__ (rise edge)
                          0.00    0.00   clock network delay (ideal)
                          2.00    2.00 ^ input external delay
     6    0.02    0.10    0.06    2.06 ^ A[4] (in)
                                         A[4] (net)
                  0.10    0.00    2.06 ^ _341_/A2 (sky130_fd_sc_hd__a31o_2)
     1    0.00    0.03    0.14    2.21 ^ _341_/X (sky130_fd_sc_hd__a31o_2)
                                         _092_ (net)
                  0.03    0.00    2.21 ^ _346_/B (sky130_fd_sc_hd__or3_2)
     1    0.00    0.03    0.08    2.29 ^ _346_/X (sky130_fd_sc_hd__or3_2)
                                         _097_ (net)
                  0.03    0.00    2.29 ^ _347_/A (sky130_fd_sc_hd__buf_1)
     1    0.03    0.40    0.30    2.59 ^ _347_/X (sky130_fd_sc_hd__buf_1)
                                         out[4] (net)
                  0.40    0.00    2.59 ^ out[4] (out)
                                  2.59   data arrival time

                  0.00    0.00    0.00   clock __VIRTUAL_CLK__ (rise edge)
                          0.00    0.00   clock network delay (ideal)
                          0.25    0.25   clock uncertainty
                          0.00    0.25   clock reconvergence pessimism
                         -2.00   -1.75   output external delay
                                 -1.75   data required time
-----------------------------------------------------------------------------
                                 -1.75   data required time
                                 -2.59   data arrival time
-----------------------------------------------------------------------------
                                  4.34   slack (MET)


Startpoint: A[1] (input port clocked by __VIRTUAL_CLK__)
Endpoint: out[1] (output port clocked by __VIRTUAL_CLK__)
Path Group: __VIRTUAL_CLK__
Path Type: min

Fanout     Cap    Slew   Delay    Time   Description
-----------------------------------------------------------------------------
                  0.00    0.00    0.00   clock __VIRTUAL_CLK__ (rise edge)
                          0.00    0.00   clock network delay (ideal)
                          2.00    2.00 v input external delay
     4    0.01    0.03    0.02    2.02 v A[1] (in)
                                         A[1] (net)
                  0.03    0.00    2.02 v _173_/A (sky130_fd_sc_hd__buf_1)
    10    0.03    0.15    0.17    2.19 v _173_/X (sky130_fd_sc_hd__buf_1)
                                         _101_ (net)
                  0.15    0.00    2.19 v _313_/A (sky130_fd_sc_hd__nor2_2)
     1    0.00    0.06    0.12    2.30 ^ _313_/Y (sky130_fd_sc_hd__nor2_2)
                                         _067_ (net)
                  0.06    0.00    2.30 ^ _317_/C (sky130_fd_sc_hd__or4b_2)
     1    0.00    0.03    0.10    2.40 ^ _317_/X (sky130_fd_sc_hd__or4b_2)
                                         _071_ (net)
                  0.03    0.00    2.40 ^ _318_/A (sky130_fd_sc_hd__buf_1)
     1    0.03    0.40    0.30    2.70 ^ _318_/X (sky130_fd_sc_hd__buf_1)
                                         out[1] (net)
                  0.40    0.00    2.70 ^ out[1] (out)
                                  2.70   data arrival time

                  0.00    0.00    0.00   clock __VIRTUAL_CLK__ (rise edge)
                          0.00    0.00   clock network delay (ideal)
                          0.25    0.25   clock uncertainty
                          0.00    0.25   clock reconvergence pessimism
                         -2.00   -1.75   output external delay
                                 -1.75   data required time
-----------------------------------------------------------------------------
                                 -1.75   data required time
                                 -2.70   data arrival time
-----------------------------------------------------------------------------
                                  4.45   slack (MET)



worst slack corner Typical: 4.1325
