OpenROAD b16bda7e82721d10566ff7e2b68f1ff0be9f9e38 
Features included (+) or not (-): +Charts +GPU +GUI +Python
This program is licensed under the BSD-3 license. See the LICENSE file for details.
Components of this program may be licensed under more restrictive licenses which must be honored.
Top-level design name: alu
Block boundaries: 0 0 100000 100000
Horizontal Tracks Origin: 340, Count: 147, Step: 680
Vertical Tracks Origin: 230, Count: 217, Step: 460
Placement details for the #E side
Virtual pin count:  0
Actual pin count:  8
Total pin count:  8
Tracks count:  74
Tracks per pin:  9
Used tracks count:  64
Unused track count:  10
Starting track index:  5
Placement Map:
[340, 1700, 3060, 4420, 5780, [91m7140[0m, 8500, 9860, 11220, 12580, 13940, 15300, 16660, 18020, [91m19380[0m, 20740, 22100, 23460, 24820, 26180, 27540, 28900, 30260, [91m31620[0m, 32980, 34340, 35700, 37060, 38420, 39780, 41140, 42500, [91m43860[0m, 45220, 46580, 47940, 49300, 50660, 52020, 53380, 54740, [91m56100[0m, 57460, 58820, 60180, 61540, 62900, 64260, 65620, 66980, [91m68340[0m, 69700, 71060, 72420, 73780, 75140, 76500, 77860, 79220, [91m80580[0m, 81940, 83300, 84660, 86020, 87380, 88740, 90100, 91460, [91m92820[0m, 94180, 95540, 96900, 98260, 99620, ]
Indices of used tracks: [5, 14, 23, 32, 41, 50, 59, 68]
---
Placement details for the #W side
Virtual pin count:  0
Actual pin count:  19
Total pin count:  19
Tracks count:  74
Tracks per pin:  3
Used tracks count:  55
Unused track count:  19
Starting track index:  9
Placement Map:
[340, 1700, 3060, 4420, 5780, 7140, 8500, 9860, 11220, [91m12580[0m, 13940, 15300, [91m16660[0m, 18020, 19380, [91m20740[0m, 22100, 23460, [91m24820[0m, 26180, 27540, [91m28900[0m, 30260, 31620, [91m32980[0m, 34340, 35700, [91m37060[0m, 38420, 39780, [91m41140[0m, 42500, 43860, [91m45220[0m, 46580, 47940, [91m49300[0m, 50660, 52020, [91m53380[0m, 54740, 56100, [91m57460[0m, 58820, 60180, [91m61540[0m, 62900, 64260, [91m65620[0m, 66980, 68340, [91m69700[0m, 71060, 72420, [91m73780[0m, 75140, 76500, [91m77860[0m, 79220, 80580, [91m81940[0m, 83300, 84660, [91m86020[0m, 87380, 88740, 90100, 91460, 92820, 94180, 95540, 96900, 98260, 99620, ]
Indices of used tracks: [9, 12, 15, 18, 21, 24, 27, 30, 33, 36, 39, 42, 45, 48, 51, 54, 57, 60, 63]
---
