
===========================================================================
 report_power
============================================================================
======================= Fastest Corner ===================================

Group                  Internal  Switching    Leakage      Total
                          Power      Power      Power      Power (Watts)
----------------------------------------------------------------
Sequential             0.00e+00   0.00e+00   0.00e+00   0.00e+00   0.0%
Combinational          2.94e-07   8.56e-07   1.66e-11   1.15e-06 100.0%
Clock                  0.00e+00   0.00e+00   1.29e-10   1.29e-10   0.0%
Macro                  0.00e+00   0.00e+00   0.00e+00   0.00e+00   0.0%
Pad                    0.00e+00   0.00e+00   0.00e+00   0.00e+00   0.0%
----------------------------------------------------------------
Total                  2.94e-07   8.56e-07   1.46e-10   1.15e-06 100.0%
                          25.5%      74.5%       0.0%

======================= Slowest Corner ===================================

Group                  Internal  Switching    Leakage      Total
                          Power      Power      Power      Power (Watts)
----------------------------------------------------------------
Sequential             0.00e+00   0.00e+00   0.00e+00   0.00e+00   0.0%
Combinational          2.21e-07   5.74e-07   1.46e-08   8.10e-07 100.0%
Clock                  0.00e+00   0.00e+00   1.29e-10   1.29e-10   0.0%
Macro                  0.00e+00   0.00e+00   0.00e+00   0.00e+00   0.0%
Pad                    0.00e+00   0.00e+00   0.00e+00   0.00e+00   0.0%
----------------------------------------------------------------
Total                  2.21e-07   5.74e-07   1.47e-08   8.10e-07 100.0%
                          27.3%      70.9%       1.8%

======================= Typical Corner ===================================

Group                  Internal  Switching    Leakage      Total
                          Power      Power      Power      Power (Watts)
----------------------------------------------------------------
Sequential             0.00e+00   0.00e+00   0.00e+00   0.00e+00   0.0%
Combinational          2.66e-07   7.28e-07   9.36e-12   9.94e-07 100.0%
Clock                  0.00e+00   0.00e+00   1.29e-10   1.29e-10   0.0%
Macro                  0.00e+00   0.00e+00   0.00e+00   0.00e+00   0.0%
Pad                    0.00e+00   0.00e+00   0.00e+00   0.00e+00   0.0%
----------------------------------------------------------------
Total                  2.66e-07   7.28e-07   1.38e-10   9.94e-07 100.0%
                          26.8%      73.2%       0.0%

