
===========================================================================
report_checks -path_delay min (Hold)
============================================================================
======================= Fastest Corner ===================================

Startpoint: in (input port clocked by __VIRTUAL_CLK__)
Endpoint: out (output port clocked by __VIRTUAL_CLK__)
Path Group: __VIRTUAL_CLK__
Path Type: min
Corner: Fastest

Fanout     Cap    Slew   Delay    Time   Description
-----------------------------------------------------------------------------
                  0.00    0.00    0.00   clock __VIRTUAL_CLK__ (rise edge)
                          0.00    0.00   clock network delay (ideal)
                          2.00    2.00 ^ input external delay
     1    0.00    0.01    0.01    2.01 ^ in (in)
                                         in (net)
                  0.01    0.00    2.01 ^ input1/A (sky130_fd_sc_hd__clkbuf_1)
     1    0.01    0.06    0.06    2.07 ^ input1/X (sky130_fd_sc_hd__clkbuf_1)
                                         net1 (net)
                  0.06    0.00    2.07 ^ _0_/A (sky130_fd_sc_hd__inv_2)
     1    0.00    0.02    0.02    2.09 v _0_/Y (sky130_fd_sc_hd__inv_2)
                                         net2 (net)
                  0.02    0.00    2.09 v output2/A (sky130_fd_sc_hd__buf_2)
     1    0.03    0.06    0.11    2.20 v output2/X (sky130_fd_sc_hd__buf_2)
                                         out (net)
                  0.06    0.00    2.20 v out (out)
                                  2.20   data arrival time

                  0.00    0.00    0.00   clock __VIRTUAL_CLK__ (rise edge)
                          0.00    0.00   clock network delay (ideal)
                          0.25    0.25   clock uncertainty
                          0.00    0.25   clock reconvergence pessimism
                         -2.00   -1.75   output external delay
                                 -1.75   data required time
-----------------------------------------------------------------------------
                                 -1.75   data required time
                                 -2.20   data arrival time
-----------------------------------------------------------------------------
                                  3.95   slack (MET)



worst slack corner Fastest: 3.9473
======================= Slowest Corner ===================================

Startpoint: in (input port clocked by __VIRTUAL_CLK__)
Endpoint: out (output port clocked by __VIRTUAL_CLK__)
Path Group: __VIRTUAL_CLK__
Path Type: min
Corner: Slowest

Fanout     Cap    Slew   Delay    Time   Description
-----------------------------------------------------------------------------
                  0.00    0.00    0.00   clock __VIRTUAL_CLK__ (rise edge)
                          0.00    0.00   clock network delay (ideal)
                          2.00    2.00 v input external delay
     1    0.00    0.02    0.01    2.01 v in (in)
                                         in (net)
                  0.02    0.00    2.01 v input1/A (sky130_fd_sc_hd__clkbuf_1)
     1    0.01    0.08    0.15    2.16 v input1/X (sky130_fd_sc_hd__clkbuf_1)
                                         net1 (net)
                  0.08    0.00    2.16 v _0_/A (sky130_fd_sc_hd__inv_2)
     1    0.00    0.05    0.08    2.24 ^ _0_/Y (sky130_fd_sc_hd__inv_2)
                                         net2 (net)
                  0.05    0.00    2.24 ^ output2/A (sky130_fd_sc_hd__buf_2)
     1    0.03    0.27    0.32    2.56 ^ output2/X (sky130_fd_sc_hd__buf_2)
                                         out (net)
                  0.27    0.00    2.56 ^ out (out)
                                  2.56   data arrival time

                  0.00    0.00    0.00   clock __VIRTUAL_CLK__ (rise edge)
                          0.00    0.00   clock network delay (ideal)
                          0.25    0.25   clock uncertainty
                          0.00    0.25   clock reconvergence pessimism
                         -2.00   -1.75   output external delay
                                 -1.75   data required time
-----------------------------------------------------------------------------
                                 -1.75   data required time
                                 -2.56   data arrival time
-----------------------------------------------------------------------------
                                  4.31   slack (MET)



worst slack corner Slowest: 4.3058
======================= Typical Corner ===================================

Startpoint: in (input port clocked by __VIRTUAL_CLK__)
Endpoint: out (output port clocked by __VIRTUAL_CLK__)
Path Group: __VIRTUAL_CLK__
Path Type: min
Corner: Typical

Fanout     Cap    Slew   Delay    Time   Description
-----------------------------------------------------------------------------
                  0.00    0.00    0.00   clock __VIRTUAL_CLK__ (rise edge)
                          0.00    0.00   clock network delay (ideal)
                          2.00    2.00 ^ input external delay
     1    0.00    0.02    0.01    2.01 ^ in (in)
                                         in (net)
                  0.02    0.00    2.01 ^ input1/A (sky130_fd_sc_hd__clkbuf_1)
     1    0.01    0.08    0.09    2.10 ^ input1/X (sky130_fd_sc_hd__clkbuf_1)
                                         net1 (net)
                  0.08    0.00    2.10 ^ _0_/A (sky130_fd_sc_hd__inv_2)
     1    0.00    0.02    0.04    2.14 v _0_/Y (sky130_fd_sc_hd__inv_2)
                                         net2 (net)
                  0.02    0.00    2.14 v output2/A (sky130_fd_sc_hd__buf_2)
     1    0.03    0.09    0.16    2.30 v output2/X (sky130_fd_sc_hd__buf_2)
                                         out (net)
                  0.09    0.00    2.30 v out (out)
                                  2.30   data arrival time

                  0.00    0.00    0.00   clock __VIRTUAL_CLK__ (rise edge)
                          0.00    0.00   clock network delay (ideal)
                          0.25    0.25   clock uncertainty
                          0.00    0.25   clock reconvergence pessimism
                         -2.00   -1.75   output external delay
                                 -1.75   data required time
-----------------------------------------------------------------------------
                                 -1.75   data required time
                                 -2.30   data arrival time
-----------------------------------------------------------------------------
                                  4.05   slack (MET)



worst slack corner Typical: 4.0509
