
===========================================================================
report_checks -path_delay max (Setup)
============================================================================
======================= Typical Corner ===================================

Startpoint: opcode[0] (input port clocked by __VIRTUAL_CLK__)
Endpoint: out[6] (output port clocked by __VIRTUAL_CLK__)
Path Group: __VIRTUAL_CLK__
Path Type: max

Fanout     Cap    Slew   Delay    Time   Description
-----------------------------------------------------------------------------
                  0.00    0.00    0.00   clock __VIRTUAL_CLK__ (rise edge)
                          0.00    0.00   clock network delay (ideal)
                          2.00    2.00 v input external delay
     1    0.00    0.01    0.00    2.00 v opcode[0] (in)
                                         opcode[0] (net)
                  0.01    0.00    2.00 v input17/A (sky130_fd_sc_hd__buf_2)
     5    0.01    0.05    0.13    2.14 v input17/X (sky130_fd_sc_hd__buf_2)
                                         net17 (net)
                  0.05    0.00    2.14 v _235_/A_N (sky130_fd_sc_hd__nand3b_4)
     9    0.02    0.10    0.20    2.34 v _235_/Y (sky130_fd_sc_hd__nand3b_4)
                                         _163_ (net)
                  0.10    0.00    2.34 v _242_/C (sky130_fd_sc_hd__and3_1)
     2    0.01    0.06    0.23    2.57 v _242_/X (sky130_fd_sc_hd__and3_1)
                                         _000_ (net)
                  0.06    0.00    2.57 v _244_/A1 (sky130_fd_sc_hd__o21a_2)
     4    0.01    0.06    0.25    2.83 v _244_/X (sky130_fd_sc_hd__o21a_2)
                                         _002_ (net)
                  0.06    0.00    2.83 v _247_/A_N (sky130_fd_sc_hd__and3b_1)
     3    0.02    0.19    0.33    3.16 ^ _247_/X (sky130_fd_sc_hd__and3b_1)
                                         _005_ (net)
                  0.19    0.00    3.16 ^ _250_/A2 (sky130_fd_sc_hd__o21ai_4)
     4    0.01    0.06    0.09    3.25 v _250_/Y (sky130_fd_sc_hd__o21ai_4)
                                         _008_ (net)
                  0.06    0.00    3.25 v _257_/A2 (sky130_fd_sc_hd__a311o_4)
     5    0.02    0.08    0.42    3.67 v _257_/X (sky130_fd_sc_hd__a311o_4)
                                         _015_ (net)
                  0.08    0.00    3.67 v _276_/A3 (sky130_fd_sc_hd__a311oi_4)
     3    0.02    0.33    0.41    4.08 ^ _276_/Y (sky130_fd_sc_hd__a311oi_4)
                                         _033_ (net)
                  0.33    0.00    4.09 ^ _277_/A_N (sky130_fd_sc_hd__and2b_1)
     1    0.01    0.05    0.25    4.34 v _277_/X (sky130_fd_sc_hd__and2b_1)
                                         _034_ (net)
                  0.05    0.00    4.34 v _291_/A2 (sky130_fd_sc_hd__a21o_1)
     1    0.00    0.03    0.17    4.51 v _291_/X (sky130_fd_sc_hd__a21o_1)
                                         net26 (net)
                  0.03    0.00    4.51 v output26/A (sky130_fd_sc_hd__buf_2)
     1    0.03    0.09    0.18    4.70 v output26/X (sky130_fd_sc_hd__buf_2)
                                         out[6] (net)
                  0.09    0.00    4.70 v out[6] (out)
                                  4.70   data arrival time

                  0.00   10.00   10.00   clock __VIRTUAL_CLK__ (rise edge)
                          0.00   10.00   clock network delay (ideal)
                         -0.25    9.75   clock uncertainty
                          0.00    9.75   clock reconvergence pessimism
                         -2.00    7.75   output external delay
                                  7.75   data required time
-----------------------------------------------------------------------------
                                  7.75   data required time
                                 -4.70   data arrival time
-----------------------------------------------------------------------------
                                  3.05   slack (MET)


Startpoint: opcode[0] (input port clocked by __VIRTUAL_CLK__)
Endpoint: out[7] (output port clocked by __VIRTUAL_CLK__)
Path Group: __VIRTUAL_CLK__
Path Type: max

Fanout     Cap    Slew   Delay    Time   Description
-----------------------------------------------------------------------------
                  0.00    0.00    0.00   clock __VIRTUAL_CLK__ (rise edge)
                          0.00    0.00   clock network delay (ideal)
                          2.00    2.00 v input external delay
     1    0.00    0.01    0.00    2.00 v opcode[0] (in)
                                         opcode[0] (net)
                  0.01    0.00    2.00 v input17/A (sky130_fd_sc_hd__buf_2)
     5    0.01    0.05    0.13    2.14 v input17/X (sky130_fd_sc_hd__buf_2)
                                         net17 (net)
                  0.05    0.00    2.14 v _235_/A_N (sky130_fd_sc_hd__nand3b_4)
     9    0.02    0.10    0.20    2.34 v _235_/Y (sky130_fd_sc_hd__nand3b_4)
                                         _163_ (net)
                  0.10    0.00    2.34 v _242_/C (sky130_fd_sc_hd__and3_1)
     2    0.01    0.06    0.23    2.57 v _242_/X (sky130_fd_sc_hd__and3_1)
                                         _000_ (net)
                  0.06    0.00    2.57 v _244_/A1 (sky130_fd_sc_hd__o21a_2)
     4    0.01    0.06    0.25    2.83 v _244_/X (sky130_fd_sc_hd__o21a_2)
                                         _002_ (net)
                  0.06    0.00    2.83 v _247_/A_N (sky130_fd_sc_hd__and3b_1)
     3    0.02    0.19    0.33    3.16 ^ _247_/X (sky130_fd_sc_hd__and3b_1)
                                         _005_ (net)
                  0.19    0.00    3.16 ^ _250_/A2 (sky130_fd_sc_hd__o21ai_4)
     4    0.01    0.06    0.09    3.25 v _250_/Y (sky130_fd_sc_hd__o21ai_4)
                                         _008_ (net)
                  0.06    0.00    3.25 v _257_/A2 (sky130_fd_sc_hd__a311o_4)
     5    0.02    0.08    0.42    3.67 v _257_/X (sky130_fd_sc_hd__a311o_4)
                                         _015_ (net)
                  0.08    0.00    3.67 v _276_/A3 (sky130_fd_sc_hd__a311oi_4)
     3    0.02    0.33    0.41    4.08 ^ _276_/Y (sky130_fd_sc_hd__a311oi_4)
                                         _033_ (net)
                  0.33    0.00    4.09 ^ _296_/B (sky130_fd_sc_hd__or3_1)
     1    0.01    0.07    0.19    4.28 ^ _296_/X (sky130_fd_sc_hd__or3_1)
                                         _052_ (net)
                  0.07    0.00    4.28 ^ _302_/A3 (sky130_fd_sc_hd__a31o_1)
     1    0.01    0.06    0.16    4.44 ^ _302_/X (sky130_fd_sc_hd__a31o_1)
                                         net27 (net)
                  0.06    0.00    4.44 ^ output27/A (sky130_fd_sc_hd__buf_2)
     1    0.03    0.17    0.21    4.66 ^ output27/X (sky130_fd_sc_hd__buf_2)
                                         out[7] (net)
                  0.17    0.00    4.66 ^ out[7] (out)
                                  4.66   data arrival time

                  0.00   10.00   10.00   clock __VIRTUAL_CLK__ (rise edge)
                          0.00   10.00   clock network delay (ideal)
                         -0.25    9.75   clock uncertainty
                          0.00    9.75   clock reconvergence pessimism
                         -2.00    7.75   output external delay
                                  7.75   data required time
-----------------------------------------------------------------------------
                                  7.75   data required time
                                 -4.66   data arrival time
-----------------------------------------------------------------------------
                                  3.09   slack (MET)


Startpoint: A[2] (input port clocked by __VIRTUAL_CLK__)
Endpoint: out[4] (output port clocked by __VIRTUAL_CLK__)
Path Group: __VIRTUAL_CLK__
Path Type: max

Fanout     Cap    Slew   Delay    Time   Description
-----------------------------------------------------------------------------
                  0.00    0.00    0.00   clock __VIRTUAL_CLK__ (rise edge)
                          0.00    0.00   clock network delay (ideal)
                          2.00    2.00 v input external delay
     1    0.00    0.01    0.01    2.01 v A[2] (in)
                                         A[2] (net)
                  0.01    0.00    2.01 v input3/A (sky130_fd_sc_hd__buf_2)
     4    0.03    0.07    0.16    2.16 v input3/X (sky130_fd_sc_hd__buf_2)
                                         net3 (net)
                  0.07    0.00    2.17 v _186_/C (sky130_fd_sc_hd__and4_2)
     3    0.01    0.05    0.25    2.42 v _186_/X (sky130_fd_sc_hd__and4_2)
                                         _114_ (net)
                  0.05    0.00    2.42 v _192_/A (sky130_fd_sc_hd__or3_1)
     2    0.01    0.10    0.43    2.85 v _192_/X (sky130_fd_sc_hd__or3_1)
                                         _120_ (net)
                  0.10    0.00    2.85 v _197_/A1 (sky130_fd_sc_hd__a21o_1)
     2    0.01    0.06    0.21    3.06 v _197_/X (sky130_fd_sc_hd__a21o_1)
                                         _125_ (net)
                  0.06    0.00    3.06 v _199_/A3 (sky130_fd_sc_hd__a31o_2)
     2    0.02    0.07    0.31    3.37 v _199_/X (sky130_fd_sc_hd__a31o_2)
                                         _127_ (net)
                  0.07    0.00    3.37 v _201_/B (sky130_fd_sc_hd__xor2_2)
     2    0.01    0.07    0.16    3.53 v _201_/X (sky130_fd_sc_hd__xor2_2)
                                         _129_ (net)
                  0.07    0.00    3.53 v _342_/B1 (sky130_fd_sc_hd__a21o_1)
     1    0.00    0.03    0.16    3.69 v _342_/X (sky130_fd_sc_hd__a21o_1)
                                         _093_ (net)
                  0.03    0.00    3.69 v _345_/A3 (sky130_fd_sc_hd__a31o_1)
     1    0.00    0.03    0.20    3.90 v _345_/X (sky130_fd_sc_hd__a31o_1)
                                         _096_ (net)
                  0.03    0.00    3.90 v _346_/C (sky130_fd_sc_hd__or3_1)
     1    0.00    0.06    0.30    4.20 v _346_/X (sky130_fd_sc_hd__or3_1)
                                         _097_ (net)
                  0.06    0.00    4.20 v _347_/A (sky130_fd_sc_hd__buf_1)
     1    0.01    0.06    0.13    4.33 v _347_/X (sky130_fd_sc_hd__buf_1)
                                         net24 (net)
                  0.06    0.00    4.33 v output24/A (sky130_fd_sc_hd__buf_2)
     1    0.03    0.09    0.20    4.53 v output24/X (sky130_fd_sc_hd__buf_2)
                                         out[4] (net)
                  0.09    0.00    4.53 v out[4] (out)
                                  4.53   data arrival time

                  0.00   10.00   10.00   clock __VIRTUAL_CLK__ (rise edge)
                          0.00   10.00   clock network delay (ideal)
                         -0.25    9.75   clock uncertainty
                          0.00    9.75   clock reconvergence pessimism
                         -2.00    7.75   output external delay
                                  7.75   data required time
-----------------------------------------------------------------------------
                                  7.75   data required time
                                 -4.53   data arrival time
-----------------------------------------------------------------------------
                                  3.22   slack (MET)


Startpoint: opcode[0] (input port clocked by __VIRTUAL_CLK__)
Endpoint: out[5] (output port clocked by __VIRTUAL_CLK__)
Path Group: __VIRTUAL_CLK__
Path Type: max

Fanout     Cap    Slew   Delay    Time   Description
-----------------------------------------------------------------------------
                  0.00    0.00    0.00   clock __VIRTUAL_CLK__ (rise edge)
                          0.00    0.00   clock network delay (ideal)
                          2.00    2.00 v input external delay
     1    0.00    0.01    0.00    2.00 v opcode[0] (in)
                                         opcode[0] (net)
                  0.01    0.00    2.00 v input17/A (sky130_fd_sc_hd__buf_2)
     5    0.01    0.05    0.13    2.14 v input17/X (sky130_fd_sc_hd__buf_2)
                                         net17 (net)
                  0.05    0.00    2.14 v _235_/A_N (sky130_fd_sc_hd__nand3b_4)
     9    0.02    0.10    0.20    2.34 v _235_/Y (sky130_fd_sc_hd__nand3b_4)
                                         _163_ (net)
                  0.10    0.00    2.34 v _242_/C (sky130_fd_sc_hd__and3_1)
     2    0.01    0.06    0.23    2.57 v _242_/X (sky130_fd_sc_hd__and3_1)
                                         _000_ (net)
                  0.06    0.00    2.57 v _244_/A1 (sky130_fd_sc_hd__o21a_2)
     4    0.01    0.06    0.25    2.83 v _244_/X (sky130_fd_sc_hd__o21a_2)
                                         _002_ (net)
                  0.06    0.00    2.83 v _247_/A_N (sky130_fd_sc_hd__and3b_1)
     3    0.02    0.19    0.33    3.16 ^ _247_/X (sky130_fd_sc_hd__and3b_1)
                                         _005_ (net)
                  0.19    0.00    3.16 ^ _250_/A2 (sky130_fd_sc_hd__o21ai_4)
     4    0.01    0.06    0.09    3.25 v _250_/Y (sky130_fd_sc_hd__o21ai_4)
                                         _008_ (net)
                  0.06    0.00    3.25 v _257_/A2 (sky130_fd_sc_hd__a311o_4)
     5    0.02    0.08    0.42    3.67 v _257_/X (sky130_fd_sc_hd__a311o_4)
                                         _015_ (net)
                  0.08    0.00    3.68 v _263_/A2 (sky130_fd_sc_hd__a21o_1)
     1    0.01    0.04    0.21    3.88 v _263_/X (sky130_fd_sc_hd__a21o_1)
                                         _021_ (net)
                  0.04    0.00    3.88 v _266_/A (sky130_fd_sc_hd__and3_1)
     1    0.00    0.03    0.14    4.02 v _266_/X (sky130_fd_sc_hd__and3_1)
                                         _024_ (net)
                  0.03    0.00    4.02 v _267_/C1 (sky130_fd_sc_hd__a211o_1)
     1    0.01    0.08    0.27    4.29 v _267_/X (sky130_fd_sc_hd__a211o_1)
                                         net25 (net)
                  0.08    0.00    4.29 v output25/A (sky130_fd_sc_hd__buf_2)
     1    0.03    0.09    0.20    4.49 v output25/X (sky130_fd_sc_hd__buf_2)
                                         out[5] (net)
                  0.09    0.00    4.49 v out[5] (out)
                                  4.49   data arrival time

                  0.00   10.00   10.00   clock __VIRTUAL_CLK__ (rise edge)
                          0.00   10.00   clock network delay (ideal)
                         -0.25    9.75   clock uncertainty
                          0.00    9.75   clock reconvergence pessimism
                         -2.00    7.75   output external delay
                                  7.75   data required time
-----------------------------------------------------------------------------
                                  7.75   data required time
                                 -4.49   data arrival time
-----------------------------------------------------------------------------
                                  3.26   slack (MET)


Startpoint: opcode[0] (input port clocked by __VIRTUAL_CLK__)
Endpoint: out[3] (output port clocked by __VIRTUAL_CLK__)
Path Group: __VIRTUAL_CLK__
Path Type: max

Fanout     Cap    Slew   Delay    Time   Description
-----------------------------------------------------------------------------
                  0.00    0.00    0.00   clock __VIRTUAL_CLK__ (rise edge)
                          0.00    0.00   clock network delay (ideal)
                          2.00    2.00 v input external delay
     1    0.00    0.01    0.00    2.00 v opcode[0] (in)
                                         opcode[0] (net)
                  0.01    0.00    2.00 v input17/A (sky130_fd_sc_hd__buf_2)
     5    0.01    0.05    0.13    2.14 v input17/X (sky130_fd_sc_hd__buf_2)
                                         net17 (net)
                  0.05    0.00    2.14 v _235_/A_N (sky130_fd_sc_hd__nand3b_4)
     9    0.02    0.10    0.20    2.34 v _235_/Y (sky130_fd_sc_hd__nand3b_4)
                                         _163_ (net)
                  0.10    0.00    2.34 v _242_/C (sky130_fd_sc_hd__and3_1)
     2    0.01    0.06    0.23    2.57 v _242_/X (sky130_fd_sc_hd__and3_1)
                                         _000_ (net)
                  0.06    0.00    2.57 v _245_/B (sky130_fd_sc_hd__or3_1)
     2    0.00    0.07    0.36    2.94 v _245_/X (sky130_fd_sc_hd__or3_1)
                                         _003_ (net)
                  0.07    0.00    2.94 v _247_/B (sky130_fd_sc_hd__and3b_1)
     3    0.02    0.10    0.24    3.17 v _247_/X (sky130_fd_sc_hd__and3b_1)
                                         _005_ (net)
                  0.10    0.00    3.18 v _250_/A2 (sky130_fd_sc_hd__o21ai_4)
     4    0.01    0.15    0.18    3.36 ^ _250_/Y (sky130_fd_sc_hd__o21ai_4)
                                         _008_ (net)
                  0.15    0.00    3.36 ^ _328_/B (sky130_fd_sc_hd__nand2_1)
     1    0.01    0.11    0.14    3.50 v _328_/Y (sky130_fd_sc_hd__nand2_1)
                                         _080_ (net)
                  0.11    0.00    3.50 v _329_/B (sky130_fd_sc_hd__xnor2_1)
     1    0.01    0.07    0.17    3.67 v _329_/Y (sky130_fd_sc_hd__xnor2_1)
                                         _081_ (net)
                  0.07    0.00    3.67 v _335_/A2 (sky130_fd_sc_hd__a221o_1)
     1    0.01    0.08    0.40    4.08 v _335_/X (sky130_fd_sc_hd__a221o_1)
                                         net23 (net)
                  0.08    0.00    4.08 v output23/A (sky130_fd_sc_hd__buf_2)
     1    0.03    0.09    0.20    4.28 v output23/X (sky130_fd_sc_hd__buf_2)
                                         out[3] (net)
                  0.09    0.00    4.28 v out[3] (out)
                                  4.28   data arrival time

                  0.00   10.00   10.00   clock __VIRTUAL_CLK__ (rise edge)
                          0.00   10.00   clock network delay (ideal)
                         -0.25    9.75   clock uncertainty
                          0.00    9.75   clock reconvergence pessimism
                         -2.00    7.75   output external delay
                                  7.75   data required time
-----------------------------------------------------------------------------
                                  7.75   data required time
                                 -4.28   data arrival time
-----------------------------------------------------------------------------
                                  3.47   slack (MET)


Startpoint: opcode[0] (input port clocked by __VIRTUAL_CLK__)
Endpoint: out[1] (output port clocked by __VIRTUAL_CLK__)
Path Group: __VIRTUAL_CLK__
Path Type: max

Fanout     Cap    Slew   Delay    Time   Description
-----------------------------------------------------------------------------
                  0.00    0.00    0.00   clock __VIRTUAL_CLK__ (rise edge)
                          0.00    0.00   clock network delay (ideal)
                          2.00    2.00 v input external delay
     1    0.00    0.01    0.00    2.00 v opcode[0] (in)
                                         opcode[0] (net)
                  0.01    0.00    2.00 v input17/A (sky130_fd_sc_hd__buf_2)
     5    0.01    0.05    0.13    2.14 v input17/X (sky130_fd_sc_hd__buf_2)
                                         net17 (net)
                  0.05    0.00    2.14 v _235_/A_N (sky130_fd_sc_hd__nand3b_4)
     9    0.02    0.10    0.20    2.34 v _235_/Y (sky130_fd_sc_hd__nand3b_4)
                                         _163_ (net)
                  0.10    0.00    2.34 v _242_/C (sky130_fd_sc_hd__and3_1)
     2    0.01    0.06    0.23    2.57 v _242_/X (sky130_fd_sc_hd__and3_1)
                                         _000_ (net)
                  0.06    0.00    2.57 v _245_/B (sky130_fd_sc_hd__or3_1)
     2    0.00    0.07    0.36    2.94 v _245_/X (sky130_fd_sc_hd__or3_1)
                                         _003_ (net)
                  0.07    0.00    2.94 v _314_/B (sky130_fd_sc_hd__and2b_1)
     1    0.01    0.05    0.19    3.13 v _314_/X (sky130_fd_sc_hd__and2b_1)
                                         _068_ (net)
                  0.05    0.00    3.13 v _315_/A (sky130_fd_sc_hd__nor2_1)
     1    0.00    0.07    0.09    3.22 ^ _315_/Y (sky130_fd_sc_hd__nor2_1)
                                         _069_ (net)
                  0.07    0.00    3.22 ^ _316_/B (sky130_fd_sc_hd__or3b_1)
     1    0.00    0.06    0.12    3.34 ^ _316_/X (sky130_fd_sc_hd__or3b_1)
                                         _070_ (net)
                  0.06    0.00    3.34 ^ _317_/D_N (sky130_fd_sc_hd__or4b_1)
     1    0.01    0.13    0.52    3.86 v _317_/X (sky130_fd_sc_hd__or4b_1)
                                         _071_ (net)
                  0.13    0.00    3.86 v _318_/A (sky130_fd_sc_hd__clkbuf_1)
     1    0.01    0.04    0.14    4.00 v _318_/X (sky130_fd_sc_hd__clkbuf_1)
                                         net21 (net)
                  0.04    0.00    4.00 v output21/A (sky130_fd_sc_hd__buf_2)
     1    0.03    0.09    0.19    4.19 v output21/X (sky130_fd_sc_hd__buf_2)
                                         out[1] (net)
                  0.09    0.00    4.19 v out[1] (out)
                                  4.19   data arrival time

                  0.00   10.00   10.00   clock __VIRTUAL_CLK__ (rise edge)
                          0.00   10.00   clock network delay (ideal)
                         -0.25    9.75   clock uncertainty
                          0.00    9.75   clock reconvergence pessimism
                         -2.00    7.75   output external delay
                                  7.75   data required time
-----------------------------------------------------------------------------
                                  7.75   data required time
                                 -4.19   data arrival time
-----------------------------------------------------------------------------
                                  3.56   slack (MET)


Startpoint: B[0] (input port clocked by __VIRTUAL_CLK__)
Endpoint: out[2] (output port clocked by __VIRTUAL_CLK__)
Path Group: __VIRTUAL_CLK__
Path Type: max

Fanout     Cap    Slew   Delay    Time   Description
-----------------------------------------------------------------------------
                  0.00    0.00    0.00   clock __VIRTUAL_CLK__ (rise edge)
                          0.00    0.00   clock network delay (ideal)
                          2.00    2.00 v input external delay
     1    0.00    0.01    0.01    2.01 v B[0] (in)
                                         B[0] (net)
                  0.01    0.00    2.01 v input9/A (sky130_fd_sc_hd__clkbuf_2)
     4    0.01    0.04    0.10    2.11 v input9/X (sky130_fd_sc_hd__clkbuf_2)
                                         net9 (net)
                  0.04    0.00    2.11 v _234_/A (sky130_fd_sc_hd__or2_4)
     4    0.01    0.06    0.27    2.38 v _234_/X (sky130_fd_sc_hd__or2_4)
                                         _162_ (net)
                  0.06    0.00    2.38 v _240_/C (sky130_fd_sc_hd__and3_1)
     2    0.01    0.06    0.22    2.60 v _240_/X (sky130_fd_sc_hd__and3_1)
                                         _168_ (net)
                  0.06    0.00    2.60 v _248_/C (sky130_fd_sc_hd__or3_1)
     1    0.00    0.08    0.34    2.94 v _248_/X (sky130_fd_sc_hd__or3_1)
                                         _006_ (net)
                  0.08    0.00    2.94 v _249_/B (sky130_fd_sc_hd__and2_1)
     2    0.01    0.07    0.21    3.14 v _249_/X (sky130_fd_sc_hd__and2_1)
                                         _007_ (net)
                  0.07    0.00    3.14 v _319_/A (sky130_fd_sc_hd__or3_1)
     1    0.00    0.07    0.40    3.54 v _319_/X (sky130_fd_sc_hd__or3_1)
                                         _072_ (net)
                  0.07    0.00    3.54 v _326_/A3 (sky130_fd_sc_hd__a31o_1)
     1    0.01    0.06    0.26    3.80 v _326_/X (sky130_fd_sc_hd__a31o_1)
                                         net22 (net)
                  0.06    0.00    3.80 v output22/A (sky130_fd_sc_hd__buf_2)
     1    0.04    0.09    0.20    4.00 v output22/X (sky130_fd_sc_hd__buf_2)
                                         out[2] (net)
                  0.09    0.00    4.00 v out[2] (out)
                                  4.00   data arrival time

                  0.00   10.00   10.00   clock __VIRTUAL_CLK__ (rise edge)
                          0.00   10.00   clock network delay (ideal)
                         -0.25    9.75   clock uncertainty
                          0.00    9.75   clock reconvergence pessimism
                         -2.00    7.75   output external delay
                                  7.75   data required time
-----------------------------------------------------------------------------
                                  7.75   data required time
                                 -4.00   data arrival time
-----------------------------------------------------------------------------
                                  3.75   slack (MET)


Startpoint: opcode[1] (input port clocked by __VIRTUAL_CLK__)
Endpoint: out[0] (output port clocked by __VIRTUAL_CLK__)
Path Group: __VIRTUAL_CLK__
Path Type: max

Fanout     Cap    Slew   Delay    Time   Description
-----------------------------------------------------------------------------
                  0.00    0.00    0.00   clock __VIRTUAL_CLK__ (rise edge)
                          0.00    0.00   clock network delay (ideal)
                          2.00    2.00 v input external delay
     1    0.00    0.01    0.00    2.00 v opcode[1] (in)
                                         opcode[1] (net)
                  0.01    0.00    2.00 v input18/A (sky130_fd_sc_hd__clkbuf_4)
     6    0.02    0.06    0.15    2.16 v input18/X (sky130_fd_sc_hd__clkbuf_4)
                                         net18 (net)
                  0.06    0.00    2.16 v _171_/B (sky130_fd_sc_hd__or2_2)
     4    0.02    0.09    0.35    2.50 v _171_/X (sky130_fd_sc_hd__or2_2)
                                         _099_ (net)
                  0.09    0.00    2.51 v _224_/B (sky130_fd_sc_hd__or2_1)
     1    0.01    0.07    0.26    2.77 v _224_/X (sky130_fd_sc_hd__or2_1)
                                         _152_ (net)
                  0.07    0.00    2.77 v _225_/A (sky130_fd_sc_hd__buf_2)
     8    0.03    0.09    0.20    2.97 v _225_/X (sky130_fd_sc_hd__buf_2)
                                         _153_ (net)
                  0.09    0.00    2.97 v _306_/A2 (sky130_fd_sc_hd__o21ai_1)
     1    0.00    0.10    0.13    3.10 ^ _306_/Y (sky130_fd_sc_hd__o21ai_1)
                                         _061_ (net)
                  0.10    0.00    3.10 ^ _307_/B1 (sky130_fd_sc_hd__a31o_1)
     1    0.01    0.09    0.15    3.25 ^ _307_/X (sky130_fd_sc_hd__a31o_1)
                                         net20 (net)
                  0.09    0.00    3.25 ^ output20/A (sky130_fd_sc_hd__buf_2)
     1    0.04    0.18    0.23    3.48 ^ output20/X (sky130_fd_sc_hd__buf_2)
                                         out[0] (net)
                  0.18    0.00    3.48 ^ out[0] (out)
                                  3.48   data arrival time

                  0.00   10.00   10.00   clock __VIRTUAL_CLK__ (rise edge)
                          0.00   10.00   clock network delay (ideal)
                         -0.25    9.75   clock uncertainty
                          0.00    9.75   clock reconvergence pessimism
                         -2.00    7.75   output external delay
                                  7.75   data required time
-----------------------------------------------------------------------------
                                  7.75   data required time
                                 -3.48   data arrival time
-----------------------------------------------------------------------------
                                  4.27   slack (MET)



worst slack corner Typical: 3.0535
