
===========================================================================
report_checks -unconstrained
===========================================================================
======================= Typical Corner ===================================

Startpoint: B[0] (input port clocked by __VIRTUAL_CLK__)
Endpoint: out[6] (output port clocked by __VIRTUAL_CLK__)
Path Group: __VIRTUAL_CLK__
Path Type: max

Fanout     Cap    Slew   Delay    Time   Description
-----------------------------------------------------------------------------
                  0.00    0.00    0.00   clock __VIRTUAL_CLK__ (rise edge)
                          0.00    0.00   clock network delay (ideal)
                          2.00    2.00 v input external delay
     1    0.00    0.01    0.01    2.01 v B[0] (in)
                                         B[0] (net)
                  0.01    0.00    2.01 v input9/A (sky130_fd_sc_hd__clkbuf_2)
     4    0.01    0.04    0.10    2.11 v input9/X (sky130_fd_sc_hd__clkbuf_2)
                                         net9 (net)
                  0.04    0.00    2.11 v _234_/A (sky130_fd_sc_hd__or2_4)
     4    0.01    0.06    0.27    2.38 v _234_/X (sky130_fd_sc_hd__or2_4)
                                         _162_ (net)
                  0.06    0.00    2.38 v _236_/A3 (sky130_fd_sc_hd__o31a_2)
     3    0.02    0.10    0.36    2.74 v _236_/X (sky130_fd_sc_hd__o31a_2)
                                         _164_ (net)
                  0.10    0.00    2.74 v _268_/A3 (sky130_fd_sc_hd__o31a_1)
     2    0.01    0.10    0.32    3.07 v _268_/X (sky130_fd_sc_hd__o31a_1)
                                         _025_ (net)
                  0.10    0.00    3.07 v _269_/B (sky130_fd_sc_hd__xnor2_1)
     2    0.00    0.06    0.16    3.23 v _269_/Y (sky130_fd_sc_hd__xnor2_1)
                                         _026_ (net)
                  0.06    0.00    3.23 v _270_/B (sky130_fd_sc_hd__and2_1)
     3    0.01    0.06    0.19    3.41 v _270_/X (sky130_fd_sc_hd__and2_1)
                                         _027_ (net)
                  0.06    0.00    3.41 v _272_/A (sky130_fd_sc_hd__or2_4)
     2    0.01    0.06    0.27    3.69 v _272_/X (sky130_fd_sc_hd__or2_4)
                                         _029_ (net)
                  0.06    0.00    3.69 v _276_/B1 (sky130_fd_sc_hd__a311oi_4)
     3    0.02    0.33    0.37    4.06 ^ _276_/Y (sky130_fd_sc_hd__a311oi_4)
                                         _033_ (net)
                  0.33    0.00    4.06 ^ _277_/A_N (sky130_fd_sc_hd__and2b_1)
     1    0.01    0.05    0.25    4.32 v _277_/X (sky130_fd_sc_hd__and2b_1)
                                         _034_ (net)
                  0.05    0.00    4.32 v _291_/A2 (sky130_fd_sc_hd__a21o_1)
     1    0.00    0.03    0.17    4.49 v _291_/X (sky130_fd_sc_hd__a21o_1)
                                         net26 (net)
                  0.03    0.00    4.49 v output26/A (sky130_fd_sc_hd__buf_2)
     1    0.03    0.09    0.18    4.67 v output26/X (sky130_fd_sc_hd__buf_2)
                                         out[6] (net)
                  0.09    0.00    4.67 v out[6] (out)
                                  4.67   data arrival time

                  0.00   10.00   10.00   clock __VIRTUAL_CLK__ (rise edge)
                          0.00   10.00   clock network delay (ideal)
                         -0.25    9.75   clock uncertainty
                          0.00    9.75   clock reconvergence pessimism
                         -2.00    7.75   output external delay
                                  7.75   data required time
-----------------------------------------------------------------------------
                                  7.75   data required time
                                 -4.67   data arrival time
-----------------------------------------------------------------------------
                                  3.08   slack (MET)




===========================================================================
report_checks --slack_max -0.01
============================================================================
======================= Typical Corner ===================================

No paths found.


===========================================================================
 report_check_types -max_slew -max_cap -max_fanout -violators
============================================================================
======================= Typical Corner ===================================


max slew violations count Typical: 0
max fanout violations count Typical: 0
max cap violations count Typical: 0

===========================================================================
report_parasitic_annotation -report_unannotated
============================================================================
Found 5 unannotated drivers.
 rebuffer1/X
 rebuffer2/X
 rebuffer3/X
 rebuffer4/X
 rebuffer5/X
Found 135 partially unannotated drivers.
 A[7]
 B[3]
 B[5]
 opcode[1]
 _170_/Y
 _171_/X
 _172_/Y
 _173_/X
 _174_/Y
 _175_/X
 _176_/X
 _177_/Y
 _178_/X
 _179_/X
 _181_/X
 _182_/Y
 _183_/Y
 _184_/X
 _185_/Y
 _186_/X
 _187_/Y
 _188_/Y
 _190_/X
 _191_/X
 _193_/Y
 _195_/X
 _196_/X
 _197_/X
 _200_/Y
 _201_/X
 _204_/Y
 _205_/X
 _206_/X
 _207_/Y
 _208_/X
 _209_/Y
 _210_/Y
 _211_/X
 _213_/X
 _215_/Y
 _217_/Y
 _218_/X
 _219_/Y
 _221_/Y
 _222_/Y
 _223_/Y
 _227_/Y
 _228_/Y
 _229_/X
 _232_/X
 _234_/X
 _235_/Y
 _239_/Y
 _240_/X
 _241_/Y
 _242_/X
 _243_/Y
 _244_/X
 _245_/X
 _249_/X
 _250_/Y
 _251_/X
 _253_/Y
 _254_/Y
 _256_/Y
 _257_/X
 _259_/Y
 _261_/Y
 _265_/X
 _266_/X
 _269_/Y
 _270_/X
 _272_/X
 _274_/X
 _278_/Y
 _280_/X
 _281_/Y
 _282_/X
 _283_/X
 _284_/Y
 _286_/Y
 _289_/Y
 _290_/X
 _291_/X
 _294_/X
 _295_/Y
 _298_/X
 _299_/Y
 _300_/X
 _301_/X
 _303_/X
 _304_/Y
 _306_/Y
 _307_/X
 _309_/X
 _310_/X
 _311_/X
 _315_/Y
 _320_/Y
 _321_/Y
 _325_/Y
 _326_/X
 _327_/X
 _330_/X
 _331_/Y
 _332_/X
 _333_/Y
 _334_/X
 _335_/X
 _336_/X
 _337_/Y
 _338_/X
 _340_/X
 _341_/X
 _342_/X
 _344_/Y
 _345_/X
 _346_/X
 input10/X
 input11/X
 input12/X
 input13/X
 input14/X
 input15/X
 input16/X
 input17/X
 input18/X
 input19/X
 input2/X
 input4/X
 input5/X
 input7/X
 input8/X
 input9/X
 wire28/X

===========================================================================
max slew violation count 0
max fanout violation count 0
max cap violation count 0
============================================================================

===========================================================================
check_setup -verbose -unconstrained_endpoints -multiple_clock -no_clock -no_input_delay -loops -generated_clocks
===========================================================================
