
===========================================================================
report_checks -unconstrained
===========================================================================
======================= Typical Corner ===================================

Startpoint: in (input port clocked by __VIRTUAL_CLK__)
Endpoint: out (output port clocked by __VIRTUAL_CLK__)
Path Group: __VIRTUAL_CLK__
Path Type: max

Fanout     Cap    Slew   Delay    Time   Description
-----------------------------------------------------------------------------
                  0.00    0.00    0.00   clock __VIRTUAL_CLK__ (rise edge)
                          0.00    0.00   clock network delay (ideal)
                          2.00    2.00 v input external delay
     1    0.00    0.01    0.00    2.00 v in (in)
                                         in (net)
                  0.01    0.00    2.00 v input1/A (sky130_fd_sc_hd__clkbuf_1)
     1    0.00    0.04    0.08    2.09 v input1/X (sky130_fd_sc_hd__clkbuf_1)
                                         net1 (net)
                  0.04    0.00    2.09 v _0_/A (sky130_fd_sc_hd__inv_2)
     1    0.00    0.02    0.03    2.12 ^ _0_/Y (sky130_fd_sc_hd__inv_2)
                                         net2 (net)
                  0.02    0.00    2.12 ^ output2/A (sky130_fd_sc_hd__buf_2)
     1    0.03    0.17    0.19    2.31 ^ output2/X (sky130_fd_sc_hd__buf_2)
                                         out (net)
                  0.17    0.00    2.31 ^ out (out)
                                  2.31   data arrival time

                  0.00   10.00   10.00   clock __VIRTUAL_CLK__ (rise edge)
                          0.00   10.00   clock network delay (ideal)
                         -0.25    9.75   clock uncertainty
                          0.00    9.75   clock reconvergence pessimism
                         -2.00    7.75   output external delay
                                  7.75   data required time
-----------------------------------------------------------------------------
                                  7.75   data required time
                                 -2.31   data arrival time
-----------------------------------------------------------------------------
                                  5.44   slack (MET)




===========================================================================
report_checks --slack_max -0.01
============================================================================
======================= Typical Corner ===================================

No paths found.


===========================================================================
 report_check_types -max_slew -max_cap -max_fanout -violators
============================================================================
======================= Typical Corner ===================================


max slew violations count Typical: 0
max fanout violations count Typical: 0
max cap violations count Typical: 0

===========================================================================
report_parasitic_annotation -report_unannotated
============================================================================
Found 4 unannotated drivers.
 in
 _0_/Y
 input1/X
 output2/X
Found 0 partially unannotated drivers.

===========================================================================
max slew violation count 0
max fanout violation count 0
max cap violation count 0
============================================================================

===========================================================================
check_setup -verbose -unconstrained_endpoints -multiple_clock -no_clock -no_input_delay -loops -generated_clocks
===========================================================================
