
===========================================================================
report_checks -unconstrained
===========================================================================
======================= Fastest Corner ===================================

Startpoint: opcode[0] (input port clocked by __VIRTUAL_CLK__)
Endpoint: out[5] (output port clocked by __VIRTUAL_CLK__)
Path Group: __VIRTUAL_CLK__
Path Type: max
Corner: Fastest

Fanout     Cap    Slew   Delay    Time   Description
-----------------------------------------------------------------------------
                  0.00    0.00    0.00   clock __VIRTUAL_CLK__ (rise edge)
                          0.00    0.00   clock network delay (ideal)
                          2.00    2.00 v input external delay
     1    0.00    0.00    0.00    2.00 v opcode[0] (in)
                                         opcode[0] (net)
                  0.00    0.00    2.00 v input17/A (sky130_fd_sc_hd__buf_2)
     5    0.04    0.07    0.12    2.12 v input17/X (sky130_fd_sc_hd__buf_2)
                                         net17 (net)
                  0.07    0.00    2.13 v _235_/A_N (sky130_fd_sc_hd__nand3b_4)
     8    0.05    0.11    0.18    2.31 v _235_/Y (sky130_fd_sc_hd__nand3b_4)
                                         _163_ (net)
                  0.11    0.00    2.31 v rebuffer5/A (sky130_fd_sc_hd__buf_2)
     1    0.01    0.03    0.12    2.43 v rebuffer5/X (sky130_fd_sc_hd__buf_2)
                                         net33 (net)
                  0.03    0.00    2.43 v _243_/A2 (sky130_fd_sc_hd__a21oi_2)
     2    0.03    0.25    0.23    2.66 ^ _243_/Y (sky130_fd_sc_hd__a21oi_2)
                                         _001_ (net)
                  0.25    0.00    2.66 ^ _244_/A2 (sky130_fd_sc_hd__o21a_2)
     4    0.04    0.14    0.18    2.84 ^ _244_/X (sky130_fd_sc_hd__o21a_2)
                                         _002_ (net)
                  0.14    0.00    2.84 ^ _247_/A_N (sky130_fd_sc_hd__and3b_2)
     3    0.02    0.06    0.18    3.02 v _247_/X (sky130_fd_sc_hd__and3b_2)
                                         _005_ (net)
                  0.06    0.00    3.02 v _250_/A1 (sky130_fd_sc_hd__o21ai_4)
     4    0.03    0.21    0.21    3.24 ^ _250_/Y (sky130_fd_sc_hd__o21ai_4)
                                         _008_ (net)
                  0.21    0.00    3.24 ^ _257_/A1 (sky130_fd_sc_hd__a311o_4)
     4    0.03    0.10    0.20    3.44 ^ _257_/X (sky130_fd_sc_hd__a311o_4)
                                         _015_ (net)
                  0.10    0.00    3.44 ^ rebuffer2/A (sky130_fd_sc_hd__clkbuf_1)
     2    0.01    0.06    0.08    3.52 ^ rebuffer2/X (sky130_fd_sc_hd__clkbuf_1)
                                         net30 (net)
                  0.06    0.00    3.52 ^ rebuffer1/A (sky130_fd_sc_hd__dlymetal6s4s_1)
     1    0.00    0.05    0.14    3.66 ^ rebuffer1/X (sky130_fd_sc_hd__dlymetal6s4s_1)
                                         net29 (net)
                  0.05    0.00    3.66 ^ _264_/C (sky130_fd_sc_hd__nand3_1)
     1    0.01    0.06    0.06    3.71 v _264_/Y (sky130_fd_sc_hd__nand3_1)
                                         _022_ (net)
                  0.06    0.00    3.71 v _266_/B (sky130_fd_sc_hd__and3_1)
     1    0.01    0.06    0.15    3.86 v _266_/X (sky130_fd_sc_hd__and3_1)
                                         _024_ (net)
                  0.06    0.00    3.86 v _267_/C1 (sky130_fd_sc_hd__a211o_1)
     1    0.02    0.07    0.16    4.03 v _267_/X (sky130_fd_sc_hd__a211o_1)
                                         net25 (net)
                  0.07    0.00    4.03 v output25/A (sky130_fd_sc_hd__buf_4)
     1    0.03    0.04    0.14    4.16 v output25/X (sky130_fd_sc_hd__buf_4)
                                         out[5] (net)
                  0.04    0.00    4.16 v out[5] (out)
                                  4.16   data arrival time

                  0.00   10.00   10.00   clock __VIRTUAL_CLK__ (rise edge)
                          0.00   10.00   clock network delay (ideal)
                         -0.25    9.75   clock uncertainty
                          0.00    9.75   clock reconvergence pessimism
                         -2.00    7.75   output external delay
                                  7.75   data required time
-----------------------------------------------------------------------------
                                  7.75   data required time
                                 -4.16   data arrival time
-----------------------------------------------------------------------------
                                  3.59   slack (MET)



======================= Slowest Corner ===================================

Startpoint: opcode[0] (input port clocked by __VIRTUAL_CLK__)
Endpoint: out[4] (output port clocked by __VIRTUAL_CLK__)
Path Group: __VIRTUAL_CLK__
Path Type: max
Corner: Slowest

Fanout     Cap    Slew   Delay    Time   Description
-----------------------------------------------------------------------------
                  0.00    0.00    0.00   clock __VIRTUAL_CLK__ (rise edge)
                          0.00    0.00   clock network delay (ideal)
                          2.00    2.00 v input external delay
     1    0.00    0.02    0.01    2.01 v opcode[0] (in)
                                         opcode[0] (net)
                  0.02    0.00    2.01 v input17/A (sky130_fd_sc_hd__buf_2)
     5    0.04    0.19    0.36    2.37 v input17/X (sky130_fd_sc_hd__buf_2)
                                         net17 (net)
                  0.19    0.00    2.37 v _235_/A_N (sky130_fd_sc_hd__nand3b_4)
     8    0.05    0.34    0.55    2.92 v _235_/Y (sky130_fd_sc_hd__nand3b_4)
                                         _163_ (net)
                  0.34    0.00    2.92 v rebuffer5/A (sky130_fd_sc_hd__buf_2)
     1    0.01    0.07    0.40    3.32 v rebuffer5/X (sky130_fd_sc_hd__buf_2)
                                         net33 (net)
                  0.07    0.00    3.32 v _243_/A2 (sky130_fd_sc_hd__a21oi_2)
     2    0.03    0.56    0.55    3.87 ^ _243_/Y (sky130_fd_sc_hd__a21oi_2)
                                         _001_ (net)
                  0.56    0.00    3.87 ^ _244_/A2 (sky130_fd_sc_hd__o21a_2)
     4    0.03    0.30    0.61    4.48 ^ _244_/X (sky130_fd_sc_hd__o21a_2)
                                         _002_ (net)
                  0.30    0.00    4.49 ^ _247_/A_N (sky130_fd_sc_hd__and3b_2)
     3    0.02    0.16    0.64    5.13 v _247_/X (sky130_fd_sc_hd__and3b_2)
                                         _005_ (net)
                  0.16    0.00    5.13 v _250_/A1 (sky130_fd_sc_hd__o21ai_4)
     4    0.03    0.44    0.51    5.64 ^ _250_/Y (sky130_fd_sc_hd__o21ai_4)
                                         _008_ (net)
                  0.44    0.00    5.64 ^ _336_/A2 (sky130_fd_sc_hd__a31o_1)
     1    0.01    0.13    0.48    6.12 ^ _336_/X (sky130_fd_sc_hd__a31o_1)
                                         _087_ (net)
                  0.13    0.00    6.12 ^ _337_/B (sky130_fd_sc_hd__nand2_1)
     1    0.02    0.29    0.31    6.43 v _337_/Y (sky130_fd_sc_hd__nand2_1)
                                         _088_ (net)
                  0.29    0.00    6.43 v _338_/C (sky130_fd_sc_hd__and3_1)
     1    0.01    0.12    0.55    6.98 v _338_/X (sky130_fd_sc_hd__and3_1)
                                         _089_ (net)
                  0.12    0.00    6.98 v _346_/A (sky130_fd_sc_hd__or3_1)
     1    0.01    0.23    1.04    8.01 v _346_/X (sky130_fd_sc_hd__or3_1)
                                         _097_ (net)
                  0.23    0.00    8.01 v _347_/A (sky130_fd_sc_hd__buf_1)
     1    0.01    0.17    0.35    8.36 v _347_/X (sky130_fd_sc_hd__buf_1)
                                         net24 (net)
                  0.17    0.00    8.37 v output24/A (sky130_fd_sc_hd__buf_2)
     1    0.03    0.16    0.41    8.78 v output24/X (sky130_fd_sc_hd__buf_2)
                                         out[4] (net)
                  0.16    0.00    8.78 v out[4] (out)
                                  8.78   data arrival time

                  0.00   10.00   10.00   clock __VIRTUAL_CLK__ (rise edge)
                          0.00   10.00   clock network delay (ideal)
                         -0.25    9.75   clock uncertainty
                          0.00    9.75   clock reconvergence pessimism
                         -2.00    7.75   output external delay
                                  7.75   data required time
-----------------------------------------------------------------------------
                                  7.75   data required time
                                 -8.78   data arrival time
-----------------------------------------------------------------------------
                                 -1.03   slack (VIOLATED)



======================= Typical Corner ===================================

Startpoint: opcode[0] (input port clocked by __VIRTUAL_CLK__)
Endpoint: out[5] (output port clocked by __VIRTUAL_CLK__)
Path Group: __VIRTUAL_CLK__
Path Type: max
Corner: Typical

Fanout     Cap    Slew   Delay    Time   Description
-----------------------------------------------------------------------------
                  0.00    0.00    0.00   clock __VIRTUAL_CLK__ (rise edge)
                          0.00    0.00   clock network delay (ideal)
                          2.00    2.00 v input external delay
     1    0.00    0.01    0.00    2.00 v opcode[0] (in)
                                         opcode[0] (net)
                  0.01    0.00    2.00 v input17/A (sky130_fd_sc_hd__buf_2)
     5    0.04    0.10    0.18    2.19 v input17/X (sky130_fd_sc_hd__buf_2)
                                         net17 (net)
                  0.10    0.00    2.19 v _235_/A_N (sky130_fd_sc_hd__nand3b_4)
     8    0.05    0.17    0.28    2.47 v _235_/Y (sky130_fd_sc_hd__nand3b_4)
                                         _163_ (net)
                  0.17    0.00    2.47 v rebuffer5/A (sky130_fd_sc_hd__buf_2)
     1    0.01    0.04    0.19    2.66 v rebuffer5/X (sky130_fd_sc_hd__buf_2)
                                         net33 (net)
                  0.04    0.00    2.66 v _243_/A2 (sky130_fd_sc_hd__a21oi_2)
     2    0.03    0.35    0.32    2.99 ^ _243_/Y (sky130_fd_sc_hd__a21oi_2)
                                         _001_ (net)
                  0.35    0.00    2.99 ^ _244_/A2 (sky130_fd_sc_hd__o21a_2)
     4    0.03    0.19    0.30    3.29 ^ _244_/X (sky130_fd_sc_hd__o21a_2)
                                         _002_ (net)
                  0.19    0.00    3.29 ^ _247_/A_N (sky130_fd_sc_hd__and3b_2)
     3    0.02    0.08    0.30    3.59 v _247_/X (sky130_fd_sc_hd__and3b_2)
                                         _005_ (net)
                  0.08    0.00    3.59 v _250_/A1 (sky130_fd_sc_hd__o21ai_4)
     4    0.03    0.28    0.30    3.89 ^ _250_/Y (sky130_fd_sc_hd__o21ai_4)
                                         _008_ (net)
                  0.28    0.00    3.89 ^ _257_/A1 (sky130_fd_sc_hd__a311o_4)
     4    0.03    0.13    0.33    4.22 ^ _257_/X (sky130_fd_sc_hd__a311o_4)
                                         _015_ (net)
                  0.13    0.00    4.22 ^ rebuffer2/A (sky130_fd_sc_hd__clkbuf_1)
     2    0.01    0.08    0.13    4.35 ^ rebuffer2/X (sky130_fd_sc_hd__clkbuf_1)
                                         net30 (net)
                  0.08    0.00    4.35 ^ rebuffer1/A (sky130_fd_sc_hd__dlymetal6s4s_1)
     1    0.00    0.07    0.20    4.56 ^ rebuffer1/X (sky130_fd_sc_hd__dlymetal6s4s_1)
                                         net29 (net)
                  0.07    0.00    4.56 ^ _264_/C (sky130_fd_sc_hd__nand3_1)
     1    0.00    0.08    0.10    4.66 v _264_/Y (sky130_fd_sc_hd__nand3_1)
                                         _022_ (net)
                  0.08    0.00    4.66 v _266_/B (sky130_fd_sc_hd__and3_1)
     1    0.01    0.08    0.24    4.89 v _266_/X (sky130_fd_sc_hd__and3_1)
                                         _024_ (net)
                  0.08    0.00    4.89 v _267_/C1 (sky130_fd_sc_hd__a211o_1)
     1    0.02    0.10    0.32    5.21 v _267_/X (sky130_fd_sc_hd__a211o_1)
                                         net25 (net)
                  0.10    0.00    5.21 v output25/A (sky130_fd_sc_hd__buf_4)
     1    0.03    0.06    0.20    5.41 v output25/X (sky130_fd_sc_hd__buf_4)
                                         out[5] (net)
                  0.06    0.00    5.42 v out[5] (out)
                                  5.42   data arrival time

                  0.00   10.00   10.00   clock __VIRTUAL_CLK__ (rise edge)
                          0.00   10.00   clock network delay (ideal)
                         -0.25    9.75   clock uncertainty
                          0.00    9.75   clock reconvergence pessimism
                         -2.00    7.75   output external delay
                                  7.75   data required time
-----------------------------------------------------------------------------
                                  7.75   data required time
                                 -5.42   data arrival time
-----------------------------------------------------------------------------
                                  2.33   slack (MET)




===========================================================================
report_checks --slack_max -0.01
============================================================================
======================= Fastest Corner ===================================

No paths found.

======================= Slowest Corner ===================================

Startpoint: opcode[0] (input port clocked by __VIRTUAL_CLK__)
Endpoint: out[4] (output port clocked by __VIRTUAL_CLK__)
Path Group: __VIRTUAL_CLK__
Path Type: max
Corner: Slowest

Fanout     Cap    Slew   Delay    Time   Description
-----------------------------------------------------------------------------
                  0.00    0.00    0.00   clock __VIRTUAL_CLK__ (rise edge)
                          0.00    0.00   clock network delay (ideal)
                          2.00    2.00 v input external delay
     1    0.00    0.02    0.01    2.01 v opcode[0] (in)
                                         opcode[0] (net)
                  0.02    0.00    2.01 v input17/A (sky130_fd_sc_hd__buf_2)
     5    0.04    0.19    0.36    2.37 v input17/X (sky130_fd_sc_hd__buf_2)
                                         net17 (net)
                  0.19    0.00    2.37 v _235_/A_N (sky130_fd_sc_hd__nand3b_4)
     8    0.05    0.34    0.55    2.92 v _235_/Y (sky130_fd_sc_hd__nand3b_4)
                                         _163_ (net)
                  0.34    0.00    2.92 v rebuffer5/A (sky130_fd_sc_hd__buf_2)
     1    0.01    0.07    0.40    3.32 v rebuffer5/X (sky130_fd_sc_hd__buf_2)
                                         net33 (net)
                  0.07    0.00    3.32 v _243_/A2 (sky130_fd_sc_hd__a21oi_2)
     2    0.03    0.56    0.55    3.87 ^ _243_/Y (sky130_fd_sc_hd__a21oi_2)
                                         _001_ (net)
                  0.56    0.00    3.87 ^ _244_/A2 (sky130_fd_sc_hd__o21a_2)
     4    0.03    0.30    0.61    4.48 ^ _244_/X (sky130_fd_sc_hd__o21a_2)
                                         _002_ (net)
                  0.30    0.00    4.49 ^ _247_/A_N (sky130_fd_sc_hd__and3b_2)
     3    0.02    0.16    0.64    5.13 v _247_/X (sky130_fd_sc_hd__and3b_2)
                                         _005_ (net)
                  0.16    0.00    5.13 v _250_/A1 (sky130_fd_sc_hd__o21ai_4)
     4    0.03    0.44    0.51    5.64 ^ _250_/Y (sky130_fd_sc_hd__o21ai_4)
                                         _008_ (net)
                  0.44    0.00    5.64 ^ _336_/A2 (sky130_fd_sc_hd__a31o_1)
     1    0.01    0.13    0.48    6.12 ^ _336_/X (sky130_fd_sc_hd__a31o_1)
                                         _087_ (net)
                  0.13    0.00    6.12 ^ _337_/B (sky130_fd_sc_hd__nand2_1)
     1    0.02    0.29    0.31    6.43 v _337_/Y (sky130_fd_sc_hd__nand2_1)
                                         _088_ (net)
                  0.29    0.00    6.43 v _338_/C (sky130_fd_sc_hd__and3_1)
     1    0.01    0.12    0.55    6.98 v _338_/X (sky130_fd_sc_hd__and3_1)
                                         _089_ (net)
                  0.12    0.00    6.98 v _346_/A (sky130_fd_sc_hd__or3_1)
     1    0.01    0.23    1.04    8.01 v _346_/X (sky130_fd_sc_hd__or3_1)
                                         _097_ (net)
                  0.23    0.00    8.01 v _347_/A (sky130_fd_sc_hd__buf_1)
     1    0.01    0.17    0.35    8.36 v _347_/X (sky130_fd_sc_hd__buf_1)
                                         net24 (net)
                  0.17    0.00    8.37 v output24/A (sky130_fd_sc_hd__buf_2)
     1    0.03    0.16    0.41    8.78 v output24/X (sky130_fd_sc_hd__buf_2)
                                         out[4] (net)
                  0.16    0.00    8.78 v out[4] (out)
                                  8.78   data arrival time

                  0.00   10.00   10.00   clock __VIRTUAL_CLK__ (rise edge)
                          0.00   10.00   clock network delay (ideal)
                         -0.25    9.75   clock uncertainty
                          0.00    9.75   clock reconvergence pessimism
                         -2.00    7.75   output external delay
                                  7.75   data required time
-----------------------------------------------------------------------------
                                  7.75   data required time
                                 -8.78   data arrival time
-----------------------------------------------------------------------------
                                 -1.03   slack (VIOLATED)



======================= Typical Corner ===================================

No paths found.


===========================================================================
 report_check_types -max_slew -max_cap -max_fanout -violators
============================================================================
======================= Fastest Corner ===================================


max slew violations count Fastest: 0
max fanout violations count Fastest: 0
max cap violations count Fastest: 0
======================= Slowest Corner ===================================

max slew

Pin                                    Limit    Slew   Slack
------------------------------------------------------------
_298_/B1                                0.75    0.88   -0.13 (VIOLATED)
_309_/B1                                0.75    0.88   -0.13 (VIOLATED)
_332_/B1                                0.75    0.88   -0.13 (VIOLATED)
_322_/B1                                0.75    0.88   -0.13 (VIOLATED)
_232_/B1                                0.75    0.88   -0.13 (VIOLATED)
_228_/Y                                 0.75    0.88   -0.13 (VIOLATED)
_340_/B                                 0.75    0.88   -0.13 (VIOLATED)
_233_/A3                                0.75    0.77   -0.02 (VIOLATED)
_324_/A3                                0.75    0.77   -0.02 (VIOLATED)
_312_/A3                                0.75    0.77   -0.02 (VIOLATED)
_299_/A3                                0.75    0.77   -0.02 (VIOLATED)
_334_/A3                                0.75    0.77   -0.02 (VIOLATED)
_223_/Y                                 0.75    0.77   -0.02 (VIOLATED)
_303_/B                                 0.75    0.77   -0.02 (VIOLATED)
_341_/A3                                0.75    0.77   -0.02 (VIOLATED)
_325_/A2                                0.75    0.76   -0.01 (VIOLATED)
_320_/Y                                 0.75    0.76   -0.01 (VIOLATED)


max slew violations count Slowest: 17
max fanout violations count Slowest: 0
max cap violations count Slowest: 0
======================= Typical Corner ===================================


max slew violations count Typical: 0
max fanout violations count Typical: 0
max cap violations count Typical: 0

===========================================================================
report_parasitic_annotation -report_unannotated
============================================================================
Found 0 unannotated drivers.
Found 0 partially unannotated drivers.

===========================================================================
max slew violation count 17
max fanout violation count 0
max cap violation count 0
============================================================================

===========================================================================
check_setup -verbose -unconstrained_endpoints -multiple_clock -no_clock -no_input_delay -loops -generated_clocks
===========================================================================
