
===========================================================================
report_checks -path_delay max (Setup)
============================================================================
======================= Fastest Corner ===================================

Startpoint: opcode[0] (input port clocked by __VIRTUAL_CLK__)
Endpoint: out[5] (output port clocked by __VIRTUAL_CLK__)
Path Group: __VIRTUAL_CLK__
Path Type: max
Corner: Fastest

Fanout     Cap    Slew   Delay    Time   Description
-----------------------------------------------------------------------------
                  0.00    0.00    0.00   clock __VIRTUAL_CLK__ (rise edge)
                          0.00    0.00   clock network delay (ideal)
                          2.00    2.00 v input external delay
     1    0.00    0.00    0.00    2.00 v opcode[0] (in)
                                         opcode[0] (net)
                  0.00    0.00    2.00 v input17/A (sky130_fd_sc_hd__buf_2)
     5    0.04    0.07    0.12    2.12 v input17/X (sky130_fd_sc_hd__buf_2)
                                         net17 (net)
                  0.07    0.00    2.13 v _235_/A_N (sky130_fd_sc_hd__nand3b_4)
     8    0.05    0.11    0.18    2.31 v _235_/Y (sky130_fd_sc_hd__nand3b_4)
                                         _163_ (net)
                  0.11    0.00    2.31 v rebuffer5/A (sky130_fd_sc_hd__buf_2)
     1    0.01    0.03    0.12    2.43 v rebuffer5/X (sky130_fd_sc_hd__buf_2)
                                         net33 (net)
                  0.03    0.00    2.43 v _243_/A2 (sky130_fd_sc_hd__a21oi_2)
     2    0.03    0.25    0.23    2.66 ^ _243_/Y (sky130_fd_sc_hd__a21oi_2)
                                         _001_ (net)
                  0.25    0.00    2.66 ^ _244_/A2 (sky130_fd_sc_hd__o21a_2)
     4    0.04    0.14    0.18    2.84 ^ _244_/X (sky130_fd_sc_hd__o21a_2)
                                         _002_ (net)
                  0.14    0.00    2.84 ^ _247_/A_N (sky130_fd_sc_hd__and3b_2)
     3    0.02    0.06    0.18    3.02 v _247_/X (sky130_fd_sc_hd__and3b_2)
                                         _005_ (net)
                  0.06    0.00    3.02 v _250_/A1 (sky130_fd_sc_hd__o21ai_4)
     4    0.03    0.21    0.21    3.24 ^ _250_/Y (sky130_fd_sc_hd__o21ai_4)
                                         _008_ (net)
                  0.21    0.00    3.24 ^ _257_/A1 (sky130_fd_sc_hd__a311o_4)
     4    0.03    0.10    0.20    3.44 ^ _257_/X (sky130_fd_sc_hd__a311o_4)
                                         _015_ (net)
                  0.10    0.00    3.44 ^ rebuffer2/A (sky130_fd_sc_hd__clkbuf_1)
     2    0.01    0.06    0.08    3.52 ^ rebuffer2/X (sky130_fd_sc_hd__clkbuf_1)
                                         net30 (net)
                  0.06    0.00    3.52 ^ rebuffer1/A (sky130_fd_sc_hd__dlymetal6s4s_1)
     1    0.00    0.05    0.14    3.66 ^ rebuffer1/X (sky130_fd_sc_hd__dlymetal6s4s_1)
                                         net29 (net)
                  0.05    0.00    3.66 ^ _264_/C (sky130_fd_sc_hd__nand3_1)
     1    0.01    0.06    0.06    3.71 v _264_/Y (sky130_fd_sc_hd__nand3_1)
                                         _022_ (net)
                  0.06    0.00    3.71 v _266_/B (sky130_fd_sc_hd__and3_1)
     1    0.01    0.06    0.15    3.86 v _266_/X (sky130_fd_sc_hd__and3_1)
                                         _024_ (net)
                  0.06    0.00    3.86 v _267_/C1 (sky130_fd_sc_hd__a211o_1)
     1    0.02    0.07    0.16    4.03 v _267_/X (sky130_fd_sc_hd__a211o_1)
                                         net25 (net)
                  0.07    0.00    4.03 v output25/A (sky130_fd_sc_hd__buf_4)
     1    0.03    0.04    0.14    4.16 v output25/X (sky130_fd_sc_hd__buf_4)
                                         out[5] (net)
                  0.04    0.00    4.16 v out[5] (out)
                                  4.16   data arrival time

                  0.00   10.00   10.00   clock __VIRTUAL_CLK__ (rise edge)
                          0.00   10.00   clock network delay (ideal)
                         -0.25    9.75   clock uncertainty
                          0.00    9.75   clock reconvergence pessimism
                         -2.00    7.75   output external delay
                                  7.75   data required time
-----------------------------------------------------------------------------
                                  7.75   data required time
                                 -4.16   data arrival time
-----------------------------------------------------------------------------
                                  3.59   slack (MET)


Startpoint: opcode[0] (input port clocked by __VIRTUAL_CLK__)
Endpoint: out[4] (output port clocked by __VIRTUAL_CLK__)
Path Group: __VIRTUAL_CLK__
Path Type: max
Corner: Fastest

Fanout     Cap    Slew   Delay    Time   Description
-----------------------------------------------------------------------------
                  0.00    0.00    0.00   clock __VIRTUAL_CLK__ (rise edge)
                          0.00    0.00   clock network delay (ideal)
                          2.00    2.00 v input external delay
     1    0.00    0.00    0.00    2.00 v opcode[0] (in)
                                         opcode[0] (net)
                  0.00    0.00    2.00 v input17/A (sky130_fd_sc_hd__buf_2)
     5    0.04    0.07    0.12    2.12 v input17/X (sky130_fd_sc_hd__buf_2)
                                         net17 (net)
                  0.07    0.00    2.13 v _235_/A_N (sky130_fd_sc_hd__nand3b_4)
     8    0.05    0.11    0.18    2.31 v _235_/Y (sky130_fd_sc_hd__nand3b_4)
                                         _163_ (net)
                  0.11    0.00    2.31 v rebuffer5/A (sky130_fd_sc_hd__buf_2)
     1    0.01    0.03    0.12    2.43 v rebuffer5/X (sky130_fd_sc_hd__buf_2)
                                         net33 (net)
                  0.03    0.00    2.43 v _243_/A2 (sky130_fd_sc_hd__a21oi_2)
     2    0.03    0.25    0.23    2.66 ^ _243_/Y (sky130_fd_sc_hd__a21oi_2)
                                         _001_ (net)
                  0.25    0.00    2.66 ^ _244_/A2 (sky130_fd_sc_hd__o21a_2)
     4    0.04    0.14    0.18    2.84 ^ _244_/X (sky130_fd_sc_hd__o21a_2)
                                         _002_ (net)
                  0.14    0.00    2.84 ^ _247_/A_N (sky130_fd_sc_hd__and3b_2)
     3    0.02    0.06    0.18    3.02 v _247_/X (sky130_fd_sc_hd__and3b_2)
                                         _005_ (net)
                  0.06    0.00    3.02 v _250_/A1 (sky130_fd_sc_hd__o21ai_4)
     4    0.03    0.21    0.21    3.24 ^ _250_/Y (sky130_fd_sc_hd__o21ai_4)
                                         _008_ (net)
                  0.21    0.00    3.24 ^ _336_/A2 (sky130_fd_sc_hd__a31o_1)
     1    0.01    0.06    0.12    3.36 ^ _336_/X (sky130_fd_sc_hd__a31o_1)
                                         _087_ (net)
                  0.06    0.00    3.36 ^ _337_/B (sky130_fd_sc_hd__nand2_1)
     1    0.02    0.09    0.08    3.44 v _337_/Y (sky130_fd_sc_hd__nand2_1)
                                         _088_ (net)
                  0.09    0.00    3.44 v _338_/C (sky130_fd_sc_hd__and3_1)
     1    0.01    0.04    0.16    3.60 v _338_/X (sky130_fd_sc_hd__and3_1)
                                         _089_ (net)
                  0.04    0.00    3.60 v _346_/A (sky130_fd_sc_hd__or3_1)
     1    0.01    0.08    0.27    3.87 v _346_/X (sky130_fd_sc_hd__or3_1)
                                         _097_ (net)
                  0.08    0.00    3.87 v _347_/A (sky130_fd_sc_hd__buf_1)
     1    0.01    0.06    0.11    3.99 v _347_/X (sky130_fd_sc_hd__buf_1)
                                         net24 (net)
                  0.06    0.00    3.99 v output24/A (sky130_fd_sc_hd__buf_2)
     1    0.03    0.06    0.14    4.12 v output24/X (sky130_fd_sc_hd__buf_2)
                                         out[4] (net)
                  0.06    0.00    4.12 v out[4] (out)
                                  4.12   data arrival time

                  0.00   10.00   10.00   clock __VIRTUAL_CLK__ (rise edge)
                          0.00   10.00   clock network delay (ideal)
                         -0.25    9.75   clock uncertainty
                          0.00    9.75   clock reconvergence pessimism
                         -2.00    7.75   output external delay
                                  7.75   data required time
-----------------------------------------------------------------------------
                                  7.75   data required time
                                 -4.12   data arrival time
-----------------------------------------------------------------------------
                                  3.63   slack (MET)


Startpoint: opcode[0] (input port clocked by __VIRTUAL_CLK__)
Endpoint: out[6] (output port clocked by __VIRTUAL_CLK__)
Path Group: __VIRTUAL_CLK__
Path Type: max
Corner: Fastest

Fanout     Cap    Slew   Delay    Time   Description
-----------------------------------------------------------------------------
                  0.00    0.00    0.00   clock __VIRTUAL_CLK__ (rise edge)
                          0.00    0.00   clock network delay (ideal)
                          2.00    2.00 ^ input external delay
     1    0.00    0.01    0.01    2.01 ^ opcode[0] (in)
                                         opcode[0] (net)
                  0.01    0.00    2.01 ^ input17/A (sky130_fd_sc_hd__buf_2)
     5    0.04    0.16    0.16    2.17 ^ input17/X (sky130_fd_sc_hd__buf_2)
                                         net17 (net)
                  0.16    0.00    2.17 ^ _235_/A_N (sky130_fd_sc_hd__nand3b_4)
     8    0.05    0.13    0.18    2.34 ^ _235_/Y (sky130_fd_sc_hd__nand3b_4)
                                         _163_ (net)
                  0.13    0.00    2.34 ^ rebuffer4/A (sky130_fd_sc_hd__dlygate4sd1_1)
     2    0.02    0.12    0.21    2.55 ^ rebuffer4/X (sky130_fd_sc_hd__dlygate4sd1_1)
                                         net32 (net)
                  0.12    0.00    2.55 ^ _239_/A1 (sky130_fd_sc_hd__a21oi_2)
     2    0.02    0.06    0.07    2.62 v _239_/Y (sky130_fd_sc_hd__a21oi_2)
                                         _167_ (net)
                  0.06    0.00    2.62 v _241_/A1 (sky130_fd_sc_hd__o21ai_2)
     4    0.03    0.26    0.25    2.87 ^ _241_/Y (sky130_fd_sc_hd__o21ai_2)
                                         _169_ (net)
                  0.26    0.00    2.87 ^ _249_/A (sky130_fd_sc_hd__and2_4)
     2    0.02    0.06    0.15    3.03 ^ _249_/X (sky130_fd_sc_hd__and2_4)
                                         _007_ (net)
                  0.06    0.00    3.03 ^ _250_/B1 (sky130_fd_sc_hd__o21ai_4)
     4    0.03    0.07    0.06    3.08 v _250_/Y (sky130_fd_sc_hd__o21ai_4)
                                         _008_ (net)
                  0.07    0.00    3.08 v _257_/A1 (sky130_fd_sc_hd__a311o_4)
     4    0.03    0.07    0.26    3.34 v _257_/X (sky130_fd_sc_hd__a311o_4)
                                         _015_ (net)
                  0.07    0.00    3.34 v _276_/A3 (sky130_fd_sc_hd__a311oi_4)
     3    0.03    0.30    0.34    3.68 ^ _276_/Y (sky130_fd_sc_hd__a311oi_4)
                                         _033_ (net)
                  0.30    0.00    3.68 ^ _277_/A_N (sky130_fd_sc_hd__and2b_1)
     1    0.01    0.04    0.15    3.83 v _277_/X (sky130_fd_sc_hd__and2b_1)
                                         _034_ (net)
                  0.04    0.00    3.83 v _291_/A2 (sky130_fd_sc_hd__a21o_1)
     1    0.01    0.05    0.15    3.98 v _291_/X (sky130_fd_sc_hd__a21o_1)
                                         net26 (net)
                  0.05    0.00    3.98 v output26/A (sky130_fd_sc_hd__buf_2)
     1    0.03    0.06    0.13    4.12 v output26/X (sky130_fd_sc_hd__buf_2)
                                         out[6] (net)
                  0.06    0.00    4.12 v out[6] (out)
                                  4.12   data arrival time

                  0.00   10.00   10.00   clock __VIRTUAL_CLK__ (rise edge)
                          0.00   10.00   clock network delay (ideal)
                         -0.25    9.75   clock uncertainty
                          0.00    9.75   clock reconvergence pessimism
                         -2.00    7.75   output external delay
                                  7.75   data required time
-----------------------------------------------------------------------------
                                  7.75   data required time
                                 -4.12   data arrival time
-----------------------------------------------------------------------------
                                  3.63   slack (MET)


Startpoint: opcode[0] (input port clocked by __VIRTUAL_CLK__)
Endpoint: out[7] (output port clocked by __VIRTUAL_CLK__)
Path Group: __VIRTUAL_CLK__
Path Type: max
Corner: Fastest

Fanout     Cap    Slew   Delay    Time   Description
-----------------------------------------------------------------------------
                  0.00    0.00    0.00   clock __VIRTUAL_CLK__ (rise edge)
                          0.00    0.00   clock network delay (ideal)
                          2.00    2.00 v input external delay
     1    0.00    0.00    0.00    2.00 v opcode[0] (in)
                                         opcode[0] (net)
                  0.00    0.00    2.00 v input17/A (sky130_fd_sc_hd__buf_2)
     5    0.04    0.07    0.12    2.12 v input17/X (sky130_fd_sc_hd__buf_2)
                                         net17 (net)
                  0.07    0.00    2.13 v _235_/A_N (sky130_fd_sc_hd__nand3b_4)
     8    0.05    0.11    0.18    2.31 v _235_/Y (sky130_fd_sc_hd__nand3b_4)
                                         _163_ (net)
                  0.11    0.00    2.31 v rebuffer5/A (sky130_fd_sc_hd__buf_2)
     1    0.01    0.03    0.12    2.43 v rebuffer5/X (sky130_fd_sc_hd__buf_2)
                                         net33 (net)
                  0.03    0.00    2.43 v _243_/A2 (sky130_fd_sc_hd__a21oi_2)
     2    0.03    0.25    0.23    2.66 ^ _243_/Y (sky130_fd_sc_hd__a21oi_2)
                                         _001_ (net)
                  0.25    0.00    2.66 ^ _244_/A2 (sky130_fd_sc_hd__o21a_2)
     4    0.04    0.14    0.18    2.84 ^ _244_/X (sky130_fd_sc_hd__o21a_2)
                                         _002_ (net)
                  0.14    0.00    2.84 ^ _247_/A_N (sky130_fd_sc_hd__and3b_2)
     3    0.02    0.06    0.18    3.02 v _247_/X (sky130_fd_sc_hd__and3b_2)
                                         _005_ (net)
                  0.06    0.00    3.02 v _250_/A1 (sky130_fd_sc_hd__o21ai_4)
     4    0.03    0.21    0.21    3.24 ^ _250_/Y (sky130_fd_sc_hd__o21ai_4)
                                         _008_ (net)
                  0.21    0.00    3.24 ^ _257_/A1 (sky130_fd_sc_hd__a311o_4)
     4    0.03    0.10    0.20    3.44 ^ _257_/X (sky130_fd_sc_hd__a311o_4)
                                         _015_ (net)
                  0.10    0.00    3.44 ^ _276_/A3 (sky130_fd_sc_hd__a311oi_4)
     3    0.02    0.10    0.10    3.53 v _276_/Y (sky130_fd_sc_hd__a311oi_4)
                                         _033_ (net)
                  0.10    0.00    3.53 v _296_/B (sky130_fd_sc_hd__or3_1)
     1    0.01    0.06    0.25    3.79 v _296_/X (sky130_fd_sc_hd__or3_1)
                                         _052_ (net)
                  0.06    0.00    3.79 v _302_/A3 (sky130_fd_sc_hd__a31o_1)
     1    0.01    0.04    0.17    3.96 v _302_/X (sky130_fd_sc_hd__a31o_1)
                                         net27 (net)
                  0.04    0.00    3.96 v output27/A (sky130_fd_sc_hd__buf_2)
     1    0.03    0.06    0.13    4.09 v output27/X (sky130_fd_sc_hd__buf_2)
                                         out[7] (net)
                  0.06    0.00    4.09 v out[7] (out)
                                  4.09   data arrival time

                  0.00   10.00   10.00   clock __VIRTUAL_CLK__ (rise edge)
                          0.00   10.00   clock network delay (ideal)
                         -0.25    9.75   clock uncertainty
                          0.00    9.75   clock reconvergence pessimism
                         -2.00    7.75   output external delay
                                  7.75   data required time
-----------------------------------------------------------------------------
                                  7.75   data required time
                                 -4.09   data arrival time
-----------------------------------------------------------------------------
                                  3.66   slack (MET)


Startpoint: opcode[0] (input port clocked by __VIRTUAL_CLK__)
Endpoint: out[3] (output port clocked by __VIRTUAL_CLK__)
Path Group: __VIRTUAL_CLK__
Path Type: max
Corner: Fastest

Fanout     Cap    Slew   Delay    Time   Description
-----------------------------------------------------------------------------
                  0.00    0.00    0.00   clock __VIRTUAL_CLK__ (rise edge)
                          0.00    0.00   clock network delay (ideal)
                          2.00    2.00 v input external delay
     1    0.00    0.00    0.00    2.00 v opcode[0] (in)
                                         opcode[0] (net)
                  0.00    0.00    2.00 v input17/A (sky130_fd_sc_hd__buf_2)
     5    0.04    0.07    0.12    2.12 v input17/X (sky130_fd_sc_hd__buf_2)
                                         net17 (net)
                  0.07    0.00    2.13 v _235_/A_N (sky130_fd_sc_hd__nand3b_4)
     8    0.05    0.11    0.18    2.31 v _235_/Y (sky130_fd_sc_hd__nand3b_4)
                                         _163_ (net)
                  0.11    0.00    2.31 v rebuffer5/A (sky130_fd_sc_hd__buf_2)
     1    0.01    0.03    0.12    2.43 v rebuffer5/X (sky130_fd_sc_hd__buf_2)
                                         net33 (net)
                  0.03    0.00    2.43 v _243_/A2 (sky130_fd_sc_hd__a21oi_2)
     2    0.03    0.25    0.23    2.66 ^ _243_/Y (sky130_fd_sc_hd__a21oi_2)
                                         _001_ (net)
                  0.25    0.00    2.66 ^ _244_/A2 (sky130_fd_sc_hd__o21a_2)
     4    0.04    0.14    0.18    2.84 ^ _244_/X (sky130_fd_sc_hd__o21a_2)
                                         _002_ (net)
                  0.14    0.00    2.84 ^ _247_/A_N (sky130_fd_sc_hd__and3b_2)
     3    0.02    0.06    0.18    3.02 v _247_/X (sky130_fd_sc_hd__and3b_2)
                                         _005_ (net)
                  0.06    0.00    3.02 v _250_/A1 (sky130_fd_sc_hd__o21ai_4)
     4    0.03    0.21    0.21    3.24 ^ _250_/Y (sky130_fd_sc_hd__o21ai_4)
                                         _008_ (net)
                  0.21    0.00    3.24 ^ _328_/B (sky130_fd_sc_hd__nand2_1)
     1    0.02    0.14    0.13    3.37 v _328_/Y (sky130_fd_sc_hd__nand2_1)
                                         _080_ (net)
                  0.14    0.00    3.37 v _329_/B (sky130_fd_sc_hd__xnor2_1)
     1    0.01    0.19    0.22    3.59 ^ _329_/Y (sky130_fd_sc_hd__xnor2_1)
                                         _081_ (net)
                  0.19    0.00    3.59 ^ _335_/A2 (sky130_fd_sc_hd__a221o_1)
     1    0.02    0.14    0.19    3.77 ^ _335_/X (sky130_fd_sc_hd__a221o_1)
                                         net23 (net)
                  0.14    0.00    3.77 ^ output23/A (sky130_fd_sc_hd__buf_2)
     1    0.03    0.13    0.17    3.94 ^ output23/X (sky130_fd_sc_hd__buf_2)
                                         out[3] (net)
                  0.13    0.00    3.94 ^ out[3] (out)
                                  3.94   data arrival time

                  0.00   10.00   10.00   clock __VIRTUAL_CLK__ (rise edge)
                          0.00   10.00   clock network delay (ideal)
                         -0.25    9.75   clock uncertainty
                          0.00    9.75   clock reconvergence pessimism
                         -2.00    7.75   output external delay
                                  7.75   data required time
-----------------------------------------------------------------------------
                                  7.75   data required time
                                 -3.94   data arrival time
-----------------------------------------------------------------------------
                                  3.81   slack (MET)


Startpoint: opcode[0] (input port clocked by __VIRTUAL_CLK__)
Endpoint: out[1] (output port clocked by __VIRTUAL_CLK__)
Path Group: __VIRTUAL_CLK__
Path Type: max
Corner: Fastest

Fanout     Cap    Slew   Delay    Time   Description
-----------------------------------------------------------------------------
                  0.00    0.00    0.00   clock __VIRTUAL_CLK__ (rise edge)
                          0.00    0.00   clock network delay (ideal)
                          2.00    2.00 v input external delay
     1    0.00    0.00    0.00    2.00 v opcode[0] (in)
                                         opcode[0] (net)
                  0.00    0.00    2.00 v input17/A (sky130_fd_sc_hd__buf_2)
     5    0.04    0.07    0.12    2.12 v input17/X (sky130_fd_sc_hd__buf_2)
                                         net17 (net)
                  0.07    0.00    2.13 v _235_/A_N (sky130_fd_sc_hd__nand3b_4)
     8    0.05    0.11    0.18    2.31 v _235_/Y (sky130_fd_sc_hd__nand3b_4)
                                         _163_ (net)
                  0.11    0.00    2.31 v rebuffer5/A (sky130_fd_sc_hd__buf_2)
     1    0.01    0.03    0.12    2.43 v rebuffer5/X (sky130_fd_sc_hd__buf_2)
                                         net33 (net)
                  0.03    0.00    2.43 v _243_/A2 (sky130_fd_sc_hd__a21oi_2)
     2    0.03    0.25    0.23    2.66 ^ _243_/Y (sky130_fd_sc_hd__a21oi_2)
                                         _001_ (net)
                  0.25    0.00    2.66 ^ _244_/A2 (sky130_fd_sc_hd__o21a_2)
     4    0.04    0.14    0.18    2.84 ^ _244_/X (sky130_fd_sc_hd__o21a_2)
                                         _002_ (net)
                  0.14    0.00    2.84 ^ _314_/A_N (sky130_fd_sc_hd__and2b_1)
     1    0.02    0.07    0.17    3.01 v _314_/X (sky130_fd_sc_hd__and2b_1)
                                         _068_ (net)
                  0.07    0.00    3.01 v _315_/A (sky130_fd_sc_hd__nor2_1)
     1    0.01    0.08    0.10    3.11 ^ _315_/Y (sky130_fd_sc_hd__nor2_1)
                                         _069_ (net)
                  0.08    0.00    3.11 ^ _316_/B (sky130_fd_sc_hd__or3b_1)
     1    0.01    0.05    0.10    3.21 ^ _316_/X (sky130_fd_sc_hd__or3b_1)
                                         _070_ (net)
                  0.05    0.00    3.21 ^ _317_/D_N (sky130_fd_sc_hd__or4b_1)
     1    0.02    0.11    0.33    3.54 v _317_/X (sky130_fd_sc_hd__or4b_1)
                                         _071_ (net)
                  0.11    0.00    3.54 v _318_/A (sky130_fd_sc_hd__clkbuf_1)
     1    0.01    0.04    0.11    3.65 v _318_/X (sky130_fd_sc_hd__clkbuf_1)
                                         net21 (net)
                  0.04    0.00    3.65 v output21/A (sky130_fd_sc_hd__buf_2)
     1    0.03    0.06    0.13    3.77 v output21/X (sky130_fd_sc_hd__buf_2)
                                         out[1] (net)
                  0.06    0.00    3.77 v out[1] (out)
                                  3.77   data arrival time

                  0.00   10.00   10.00   clock __VIRTUAL_CLK__ (rise edge)
                          0.00   10.00   clock network delay (ideal)
                         -0.25    9.75   clock uncertainty
                          0.00    9.75   clock reconvergence pessimism
                         -2.00    7.75   output external delay
                                  7.75   data required time
-----------------------------------------------------------------------------
                                  7.75   data required time
                                 -3.77   data arrival time
-----------------------------------------------------------------------------
                                  3.98   slack (MET)


Startpoint: opcode[0] (input port clocked by __VIRTUAL_CLK__)
Endpoint: out[2] (output port clocked by __VIRTUAL_CLK__)
Path Group: __VIRTUAL_CLK__
Path Type: max
Corner: Fastest

Fanout     Cap    Slew   Delay    Time   Description
-----------------------------------------------------------------------------
                  0.00    0.00    0.00   clock __VIRTUAL_CLK__ (rise edge)
                          0.00    0.00   clock network delay (ideal)
                          2.00    2.00 v input external delay
     1    0.00    0.00    0.00    2.00 v opcode[0] (in)
                                         opcode[0] (net)
                  0.00    0.00    2.00 v input17/A (sky130_fd_sc_hd__buf_2)
     5    0.04    0.07    0.12    2.12 v input17/X (sky130_fd_sc_hd__buf_2)
                                         net17 (net)
                  0.07    0.00    2.13 v _235_/A_N (sky130_fd_sc_hd__nand3b_4)
     8    0.05    0.11    0.18    2.31 v _235_/Y (sky130_fd_sc_hd__nand3b_4)
                                         _163_ (net)
                  0.11    0.00    2.31 v rebuffer5/A (sky130_fd_sc_hd__buf_2)
     1    0.01    0.03    0.12    2.43 v rebuffer5/X (sky130_fd_sc_hd__buf_2)
                                         net33 (net)
                  0.03    0.00    2.43 v _243_/A2 (sky130_fd_sc_hd__a21oi_2)
     2    0.03    0.25    0.23    2.66 ^ _243_/Y (sky130_fd_sc_hd__a21oi_2)
                                         _001_ (net)
                  0.25    0.00    2.66 ^ _244_/A2 (sky130_fd_sc_hd__o21a_2)
     4    0.04    0.14    0.18    2.84 ^ _244_/X (sky130_fd_sc_hd__o21a_2)
                                         _002_ (net)
                  0.14    0.00    2.84 ^ _247_/A_N (sky130_fd_sc_hd__and3b_2)
     3    0.02    0.06    0.18    3.02 v _247_/X (sky130_fd_sc_hd__and3b_2)
                                         _005_ (net)
                  0.06    0.00    3.02 v _250_/A1 (sky130_fd_sc_hd__o21ai_4)
     4    0.03    0.21    0.21    3.24 ^ _250_/Y (sky130_fd_sc_hd__o21ai_4)
                                         _008_ (net)
                  0.21    0.00    3.24 ^ _326_/A1 (sky130_fd_sc_hd__a31o_1)
     1    0.02    0.13    0.18    3.41 ^ _326_/X (sky130_fd_sc_hd__a31o_1)
                                         net22 (net)
                  0.13    0.00    3.41 ^ output22/A (sky130_fd_sc_hd__buf_2)
     1    0.03    0.13    0.17    3.58 ^ output22/X (sky130_fd_sc_hd__buf_2)
                                         out[2] (net)
                  0.13    0.00    3.58 ^ out[2] (out)
                                  3.58   data arrival time

                  0.00   10.00   10.00   clock __VIRTUAL_CLK__ (rise edge)
                          0.00   10.00   clock network delay (ideal)
                         -0.25    9.75   clock uncertainty
                          0.00    9.75   clock reconvergence pessimism
                         -2.00    7.75   output external delay
                                  7.75   data required time
-----------------------------------------------------------------------------
                                  7.75   data required time
                                 -3.58   data arrival time
-----------------------------------------------------------------------------
                                  4.17   slack (MET)


Startpoint: opcode[1] (input port clocked by __VIRTUAL_CLK__)
Endpoint: out[0] (output port clocked by __VIRTUAL_CLK__)
Path Group: __VIRTUAL_CLK__
Path Type: max
Corner: Fastest

Fanout     Cap    Slew   Delay    Time   Description
-----------------------------------------------------------------------------
                  0.00    0.00    0.00   clock __VIRTUAL_CLK__ (rise edge)
                          0.00    0.00   clock network delay (ideal)
                          2.00    2.00 v input external delay
     1    0.00    0.00    0.00    2.00 v opcode[1] (in)
                                         opcode[1] (net)
                  0.00    0.00    2.00 v input18/A (sky130_fd_sc_hd__clkbuf_4)
     6    0.05    0.08    0.14    2.14 v input18/X (sky130_fd_sc_hd__clkbuf_4)
                                         net18 (net)
                  0.08    0.00    2.14 v _171_/B (sky130_fd_sc_hd__or2_2)
     4    0.04    0.10    0.26    2.40 v _171_/X (sky130_fd_sc_hd__or2_2)
                                         _099_ (net)
                  0.10    0.00    2.40 v _224_/B (sky130_fd_sc_hd__or2_1)
     1    0.01    0.06    0.19    2.59 v _224_/X (sky130_fd_sc_hd__or2_1)
                                         _152_ (net)
                  0.06    0.00    2.59 v _225_/A (sky130_fd_sc_hd__buf_2)
     8    0.04    0.08    0.15    2.74 v _225_/X (sky130_fd_sc_hd__buf_2)
                                         _153_ (net)
                  0.08    0.00    2.74 v _306_/A2 (sky130_fd_sc_hd__o21ai_1)
     1    0.01    0.15    0.16    2.90 ^ _306_/Y (sky130_fd_sc_hd__o21ai_1)
                                         _061_ (net)
                  0.15    0.00    2.90 ^ _307_/B1 (sky130_fd_sc_hd__a31o_1)
     2    0.02    0.15    0.15    3.05 ^ _307_/X (sky130_fd_sc_hd__a31o_1)
                                         net20 (net)
                  0.15    0.00    3.05 ^ output20/A (sky130_fd_sc_hd__buf_2)
     1    0.04    0.13    0.17    3.23 ^ output20/X (sky130_fd_sc_hd__buf_2)
                                         out[0] (net)
                  0.13    0.00    3.23 ^ out[0] (out)
                                  3.23   data arrival time

                  0.00   10.00   10.00   clock __VIRTUAL_CLK__ (rise edge)
                          0.00   10.00   clock network delay (ideal)
                         -0.25    9.75   clock uncertainty
                          0.00    9.75   clock reconvergence pessimism
                         -2.00    7.75   output external delay
                                  7.75   data required time
-----------------------------------------------------------------------------
                                  7.75   data required time
                                 -3.23   data arrival time
-----------------------------------------------------------------------------
                                  4.52   slack (MET)



worst slack corner Fastest: 3.5890
======================= Slowest Corner ===================================

Startpoint: opcode[0] (input port clocked by __VIRTUAL_CLK__)
Endpoint: out[4] (output port clocked by __VIRTUAL_CLK__)
Path Group: __VIRTUAL_CLK__
Path Type: max
Corner: Slowest

Fanout     Cap    Slew   Delay    Time   Description
-----------------------------------------------------------------------------
                  0.00    0.00    0.00   clock __VIRTUAL_CLK__ (rise edge)
                          0.00    0.00   clock network delay (ideal)
                          2.00    2.00 v input external delay
     1    0.00    0.02    0.01    2.01 v opcode[0] (in)
                                         opcode[0] (net)
                  0.02    0.00    2.01 v input17/A (sky130_fd_sc_hd__buf_2)
     5    0.04    0.19    0.36    2.37 v input17/X (sky130_fd_sc_hd__buf_2)
                                         net17 (net)
                  0.19    0.00    2.37 v _235_/A_N (sky130_fd_sc_hd__nand3b_4)
     8    0.05    0.34    0.55    2.92 v _235_/Y (sky130_fd_sc_hd__nand3b_4)
                                         _163_ (net)
                  0.34    0.00    2.92 v rebuffer5/A (sky130_fd_sc_hd__buf_2)
     1    0.01    0.07    0.40    3.32 v rebuffer5/X (sky130_fd_sc_hd__buf_2)
                                         net33 (net)
                  0.07    0.00    3.32 v _243_/A2 (sky130_fd_sc_hd__a21oi_2)
     2    0.03    0.56    0.55    3.87 ^ _243_/Y (sky130_fd_sc_hd__a21oi_2)
                                         _001_ (net)
                  0.56    0.00    3.87 ^ _244_/A2 (sky130_fd_sc_hd__o21a_2)
     4    0.03    0.30    0.61    4.48 ^ _244_/X (sky130_fd_sc_hd__o21a_2)
                                         _002_ (net)
                  0.30    0.00    4.49 ^ _247_/A_N (sky130_fd_sc_hd__and3b_2)
     3    0.02    0.16    0.64    5.13 v _247_/X (sky130_fd_sc_hd__and3b_2)
                                         _005_ (net)
                  0.16    0.00    5.13 v _250_/A1 (sky130_fd_sc_hd__o21ai_4)
     4    0.03    0.44    0.51    5.64 ^ _250_/Y (sky130_fd_sc_hd__o21ai_4)
                                         _008_ (net)
                  0.44    0.00    5.64 ^ _336_/A2 (sky130_fd_sc_hd__a31o_1)
     1    0.01    0.13    0.48    6.12 ^ _336_/X (sky130_fd_sc_hd__a31o_1)
                                         _087_ (net)
                  0.13    0.00    6.12 ^ _337_/B (sky130_fd_sc_hd__nand2_1)
     1    0.02    0.29    0.31    6.43 v _337_/Y (sky130_fd_sc_hd__nand2_1)
                                         _088_ (net)
                  0.29    0.00    6.43 v _338_/C (sky130_fd_sc_hd__and3_1)
     1    0.01    0.12    0.55    6.98 v _338_/X (sky130_fd_sc_hd__and3_1)
                                         _089_ (net)
                  0.12    0.00    6.98 v _346_/A (sky130_fd_sc_hd__or3_1)
     1    0.01    0.23    1.04    8.01 v _346_/X (sky130_fd_sc_hd__or3_1)
                                         _097_ (net)
                  0.23    0.00    8.01 v _347_/A (sky130_fd_sc_hd__buf_1)
     1    0.01    0.17    0.35    8.36 v _347_/X (sky130_fd_sc_hd__buf_1)
                                         net24 (net)
                  0.17    0.00    8.37 v output24/A (sky130_fd_sc_hd__buf_2)
     1    0.03    0.16    0.41    8.78 v output24/X (sky130_fd_sc_hd__buf_2)
                                         out[4] (net)
                  0.16    0.00    8.78 v out[4] (out)
                                  8.78   data arrival time

                  0.00   10.00   10.00   clock __VIRTUAL_CLK__ (rise edge)
                          0.00   10.00   clock network delay (ideal)
                         -0.25    9.75   clock uncertainty
                          0.00    9.75   clock reconvergence pessimism
                         -2.00    7.75   output external delay
                                  7.75   data required time
-----------------------------------------------------------------------------
                                  7.75   data required time
                                 -8.78   data arrival time
-----------------------------------------------------------------------------
                                 -1.03   slack (VIOLATED)


Startpoint: opcode[0] (input port clocked by __VIRTUAL_CLK__)
Endpoint: out[5] (output port clocked by __VIRTUAL_CLK__)
Path Group: __VIRTUAL_CLK__
Path Type: max
Corner: Slowest

Fanout     Cap    Slew   Delay    Time   Description
-----------------------------------------------------------------------------
                  0.00    0.00    0.00   clock __VIRTUAL_CLK__ (rise edge)
                          0.00    0.00   clock network delay (ideal)
                          2.00    2.00 v input external delay
     1    0.00    0.02    0.01    2.01 v opcode[0] (in)
                                         opcode[0] (net)
                  0.02    0.00    2.01 v input17/A (sky130_fd_sc_hd__buf_2)
     5    0.04    0.19    0.36    2.37 v input17/X (sky130_fd_sc_hd__buf_2)
                                         net17 (net)
                  0.19    0.00    2.37 v _235_/A_N (sky130_fd_sc_hd__nand3b_4)
     8    0.05    0.34    0.55    2.92 v _235_/Y (sky130_fd_sc_hd__nand3b_4)
                                         _163_ (net)
                  0.34    0.00    2.92 v rebuffer5/A (sky130_fd_sc_hd__buf_2)
     1    0.01    0.07    0.40    3.32 v rebuffer5/X (sky130_fd_sc_hd__buf_2)
                                         net33 (net)
                  0.07    0.00    3.32 v _243_/A2 (sky130_fd_sc_hd__a21oi_2)
     2    0.03    0.56    0.55    3.87 ^ _243_/Y (sky130_fd_sc_hd__a21oi_2)
                                         _001_ (net)
                  0.56    0.00    3.87 ^ _244_/A2 (sky130_fd_sc_hd__o21a_2)
     4    0.03    0.30    0.61    4.48 ^ _244_/X (sky130_fd_sc_hd__o21a_2)
                                         _002_ (net)
                  0.30    0.00    4.49 ^ _247_/A_N (sky130_fd_sc_hd__and3b_2)
     3    0.02    0.16    0.64    5.13 v _247_/X (sky130_fd_sc_hd__and3b_2)
                                         _005_ (net)
                  0.16    0.00    5.13 v _250_/A1 (sky130_fd_sc_hd__o21ai_4)
     4    0.03    0.44    0.51    5.64 ^ _250_/Y (sky130_fd_sc_hd__o21ai_4)
                                         _008_ (net)
                  0.44    0.00    5.64 ^ _257_/A1 (sky130_fd_sc_hd__a311o_4)
     4    0.03    0.21    0.66    6.29 ^ _257_/X (sky130_fd_sc_hd__a311o_4)
                                         _015_ (net)
                  0.21    0.00    6.30 ^ rebuffer2/A (sky130_fd_sc_hd__clkbuf_1)
     2    0.01    0.12    0.25    6.55 ^ rebuffer2/X (sky130_fd_sc_hd__clkbuf_1)
                                         net30 (net)
                  0.12    0.00    6.55 ^ rebuffer1/A (sky130_fd_sc_hd__dlymetal6s4s_1)
     1    0.00    0.10    0.37    6.92 ^ rebuffer1/X (sky130_fd_sc_hd__dlymetal6s4s_1)
                                         net29 (net)
                  0.10    0.00    6.92 ^ _264_/C (sky130_fd_sc_hd__nand3_1)
     1    0.00    0.18    0.23    7.15 v _264_/Y (sky130_fd_sc_hd__nand3_1)
                                         _022_ (net)
                  0.18    0.00    7.15 v _266_/B (sky130_fd_sc_hd__and3_1)
     1    0.01    0.16    0.50    7.65 v _266_/X (sky130_fd_sc_hd__and3_1)
                                         _024_ (net)
                  0.16    0.00    7.65 v _267_/C1 (sky130_fd_sc_hd__a211o_1)
     1    0.02    0.19    0.62    8.27 v _267_/X (sky130_fd_sc_hd__a211o_1)
                                         net25 (net)
                  0.19    0.00    8.27 v output25/A (sky130_fd_sc_hd__buf_4)
     1    0.03    0.10    0.38    8.65 v output25/X (sky130_fd_sc_hd__buf_4)
                                         out[5] (net)
                  0.10    0.00    8.65 v out[5] (out)
                                  8.65   data arrival time

                  0.00   10.00   10.00   clock __VIRTUAL_CLK__ (rise edge)
                          0.00   10.00   clock network delay (ideal)
                         -0.25    9.75   clock uncertainty
                          0.00    9.75   clock reconvergence pessimism
                         -2.00    7.75   output external delay
                                  7.75   data required time
-----------------------------------------------------------------------------
                                  7.75   data required time
                                 -8.65   data arrival time
-----------------------------------------------------------------------------
                                 -0.90   slack (VIOLATED)


Startpoint: opcode[0] (input port clocked by __VIRTUAL_CLK__)
Endpoint: out[7] (output port clocked by __VIRTUAL_CLK__)
Path Group: __VIRTUAL_CLK__
Path Type: max
Corner: Slowest

Fanout     Cap    Slew   Delay    Time   Description
-----------------------------------------------------------------------------
                  0.00    0.00    0.00   clock __VIRTUAL_CLK__ (rise edge)
                          0.00    0.00   clock network delay (ideal)
                          2.00    2.00 v input external delay
     1    0.00    0.02    0.01    2.01 v opcode[0] (in)
                                         opcode[0] (net)
                  0.02    0.00    2.01 v input17/A (sky130_fd_sc_hd__buf_2)
     5    0.04    0.19    0.36    2.37 v input17/X (sky130_fd_sc_hd__buf_2)
                                         net17 (net)
                  0.19    0.00    2.37 v _235_/A_N (sky130_fd_sc_hd__nand3b_4)
     8    0.05    0.34    0.55    2.92 v _235_/Y (sky130_fd_sc_hd__nand3b_4)
                                         _163_ (net)
                  0.34    0.00    2.92 v rebuffer5/A (sky130_fd_sc_hd__buf_2)
     1    0.01    0.07    0.40    3.32 v rebuffer5/X (sky130_fd_sc_hd__buf_2)
                                         net33 (net)
                  0.07    0.00    3.32 v _243_/A2 (sky130_fd_sc_hd__a21oi_2)
     2    0.03    0.56    0.55    3.87 ^ _243_/Y (sky130_fd_sc_hd__a21oi_2)
                                         _001_ (net)
                  0.56    0.00    3.87 ^ _244_/A2 (sky130_fd_sc_hd__o21a_2)
     4    0.03    0.30    0.61    4.48 ^ _244_/X (sky130_fd_sc_hd__o21a_2)
                                         _002_ (net)
                  0.30    0.00    4.49 ^ _247_/A_N (sky130_fd_sc_hd__and3b_2)
     3    0.02    0.16    0.64    5.13 v _247_/X (sky130_fd_sc_hd__and3b_2)
                                         _005_ (net)
                  0.16    0.00    5.13 v _250_/A1 (sky130_fd_sc_hd__o21ai_4)
     4    0.03    0.44    0.51    5.64 ^ _250_/Y (sky130_fd_sc_hd__o21ai_4)
                                         _008_ (net)
                  0.44    0.00    5.64 ^ _257_/A1 (sky130_fd_sc_hd__a311o_4)
     4    0.03    0.21    0.66    6.29 ^ _257_/X (sky130_fd_sc_hd__a311o_4)
                                         _015_ (net)
                  0.21    0.00    6.30 ^ _276_/A3 (sky130_fd_sc_hd__a311oi_4)
     3    0.02    0.27    0.36    6.65 v _276_/Y (sky130_fd_sc_hd__a311oi_4)
                                         _033_ (net)
                  0.27    0.00    6.65 v _296_/B (sky130_fd_sc_hd__or3_1)
     1    0.01    0.19    1.00    7.65 v _296_/X (sky130_fd_sc_hd__or3_1)
                                         _052_ (net)
                  0.19    0.00    7.65 v _302_/A3 (sky130_fd_sc_hd__a31o_1)
     1    0.01    0.10    0.50    8.15 v _302_/X (sky130_fd_sc_hd__a31o_1)
                                         net27 (net)
                  0.10    0.00    8.15 v output27/A (sky130_fd_sc_hd__buf_2)
     1    0.03    0.17    0.38    8.53 v output27/X (sky130_fd_sc_hd__buf_2)
                                         out[7] (net)
                  0.17    0.00    8.53 v out[7] (out)
                                  8.53   data arrival time

                  0.00   10.00   10.00   clock __VIRTUAL_CLK__ (rise edge)
                          0.00   10.00   clock network delay (ideal)
                         -0.25    9.75   clock uncertainty
                          0.00    9.75   clock reconvergence pessimism
                         -2.00    7.75   output external delay
                                  7.75   data required time
-----------------------------------------------------------------------------
                                  7.75   data required time
                                 -8.53   data arrival time
-----------------------------------------------------------------------------
                                 -0.78   slack (VIOLATED)


Startpoint: B[0] (input port clocked by __VIRTUAL_CLK__)
Endpoint: out[6] (output port clocked by __VIRTUAL_CLK__)
Path Group: __VIRTUAL_CLK__
Path Type: max
Corner: Slowest

Fanout     Cap    Slew   Delay    Time   Description
-----------------------------------------------------------------------------
                  0.00    0.00    0.00   clock __VIRTUAL_CLK__ (rise edge)
                          0.00    0.00   clock network delay (ideal)
                          2.00    2.00 v input external delay
     1    0.00    0.02    0.01    2.01 v B[0] (in)
                                         B[0] (net)
                  0.02    0.00    2.01 v input9/A (sky130_fd_sc_hd__clkbuf_2)
     4    0.04    0.26    0.34    2.35 v input9/X (sky130_fd_sc_hd__clkbuf_2)
                                         net9 (net)
                  0.26    0.00    2.35 v _234_/A (sky130_fd_sc_hd__or2_4)
     4    0.04    0.16    0.69    3.05 v _234_/X (sky130_fd_sc_hd__or2_4)
                                         _162_ (net)
                  0.16    0.00    3.05 v _236_/A3 (sky130_fd_sc_hd__o31a_2)
     3    0.03    0.20    0.77    3.82 v _236_/X (sky130_fd_sc_hd__o31a_2)
                                         _164_ (net)
                  0.20    0.00    3.82 v _268_/A3 (sky130_fd_sc_hd__o31a_1)
     2    0.02    0.24    0.70    4.52 v _268_/X (sky130_fd_sc_hd__o31a_1)
                                         _025_ (net)
                  0.24    0.00    4.52 v _269_/B (sky130_fd_sc_hd__xnor2_1)
     2    0.01    0.23    0.41    4.93 v _269_/Y (sky130_fd_sc_hd__xnor2_1)
                                         _026_ (net)
                  0.23    0.00    4.93 v _270_/B (sky130_fd_sc_hd__and2_1)
     3    0.02    0.24    0.58    5.51 v _270_/X (sky130_fd_sc_hd__and2_1)
                                         _027_ (net)
                  0.24    0.00    5.51 v _272_/A (sky130_fd_sc_hd__or2_4)
     2    0.05    0.17    0.70    6.21 v _272_/X (sky130_fd_sc_hd__or2_4)
                                         _029_ (net)
                  0.17    0.00    6.21 v _276_/B1 (sky130_fd_sc_hd__a311oi_4)
     3    0.02    0.61    0.73    6.94 ^ _276_/Y (sky130_fd_sc_hd__a311oi_4)
                                         _033_ (net)
                  0.61    0.00    6.94 ^ _277_/A_N (sky130_fd_sc_hd__and2b_1)
     1    0.01    0.11    0.62    7.56 v _277_/X (sky130_fd_sc_hd__and2b_1)
                                         _034_ (net)
                  0.11    0.00    7.56 v _291_/A2 (sky130_fd_sc_hd__a21o_1)
     1    0.01    0.14    0.44    8.00 v _291_/X (sky130_fd_sc_hd__a21o_1)
                                         net26 (net)
                  0.14    0.00    8.00 v output26/A (sky130_fd_sc_hd__buf_2)
     1    0.03    0.17    0.40    8.40 v output26/X (sky130_fd_sc_hd__buf_2)
                                         out[6] (net)
                  0.17    0.00    8.40 v out[6] (out)
                                  8.40   data arrival time

                  0.00   10.00   10.00   clock __VIRTUAL_CLK__ (rise edge)
                          0.00   10.00   clock network delay (ideal)
                         -0.25    9.75   clock uncertainty
                          0.00    9.75   clock reconvergence pessimism
                         -2.00    7.75   output external delay
                                  7.75   data required time
-----------------------------------------------------------------------------
                                  7.75   data required time
                                 -8.40   data arrival time
-----------------------------------------------------------------------------
                                 -0.65   slack (VIOLATED)


Startpoint: opcode[0] (input port clocked by __VIRTUAL_CLK__)
Endpoint: out[3] (output port clocked by __VIRTUAL_CLK__)
Path Group: __VIRTUAL_CLK__
Path Type: max
Corner: Slowest

Fanout     Cap    Slew   Delay    Time   Description
-----------------------------------------------------------------------------
                  0.00    0.00    0.00   clock __VIRTUAL_CLK__ (rise edge)
                          0.00    0.00   clock network delay (ideal)
                          2.00    2.00 v input external delay
     1    0.00    0.02    0.01    2.01 v opcode[0] (in)
                                         opcode[0] (net)
                  0.02    0.00    2.01 v input17/A (sky130_fd_sc_hd__buf_2)
     5    0.04    0.19    0.36    2.37 v input17/X (sky130_fd_sc_hd__buf_2)
                                         net17 (net)
                  0.19    0.00    2.37 v _235_/A_N (sky130_fd_sc_hd__nand3b_4)
     8    0.05    0.34    0.55    2.92 v _235_/Y (sky130_fd_sc_hd__nand3b_4)
                                         _163_ (net)
                  0.34    0.00    2.92 v rebuffer5/A (sky130_fd_sc_hd__buf_2)
     1    0.01    0.07    0.40    3.32 v rebuffer5/X (sky130_fd_sc_hd__buf_2)
                                         net33 (net)
                  0.07    0.00    3.32 v _243_/A2 (sky130_fd_sc_hd__a21oi_2)
     2    0.03    0.56    0.55    3.87 ^ _243_/Y (sky130_fd_sc_hd__a21oi_2)
                                         _001_ (net)
                  0.56    0.00    3.87 ^ _244_/A2 (sky130_fd_sc_hd__o21a_2)
     4    0.03    0.30    0.61    4.48 ^ _244_/X (sky130_fd_sc_hd__o21a_2)
                                         _002_ (net)
                  0.30    0.00    4.49 ^ _247_/A_N (sky130_fd_sc_hd__and3b_2)
     3    0.02    0.16    0.64    5.13 v _247_/X (sky130_fd_sc_hd__and3b_2)
                                         _005_ (net)
                  0.16    0.00    5.13 v _250_/A1 (sky130_fd_sc_hd__o21ai_4)
     4    0.03    0.44    0.51    5.64 ^ _250_/Y (sky130_fd_sc_hd__o21ai_4)
                                         _008_ (net)
                  0.44    0.00    5.64 ^ _328_/B (sky130_fd_sc_hd__nand2_1)
     1    0.02    0.40    0.50    6.13 v _328_/Y (sky130_fd_sc_hd__nand2_1)
                                         _080_ (net)
                  0.40    0.00    6.14 v _329_/B (sky130_fd_sc_hd__xnor2_1)
     1    0.01    0.21    0.45    6.58 v _329_/Y (sky130_fd_sc_hd__xnor2_1)
                                         _081_ (net)
                  0.21    0.00    6.59 v _335_/A2 (sky130_fd_sc_hd__a221o_1)
     1    0.02    0.22    0.89    7.47 v _335_/X (sky130_fd_sc_hd__a221o_1)
                                         net23 (net)
                  0.22    0.00    7.47 v output23/A (sky130_fd_sc_hd__buf_2)
     1    0.03    0.16    0.44    7.91 v output23/X (sky130_fd_sc_hd__buf_2)
                                         out[3] (net)
                  0.16    0.00    7.91 v out[3] (out)
                                  7.91   data arrival time

                  0.00   10.00   10.00   clock __VIRTUAL_CLK__ (rise edge)
                          0.00   10.00   clock network delay (ideal)
                         -0.25    9.75   clock uncertainty
                          0.00    9.75   clock reconvergence pessimism
                         -2.00    7.75   output external delay
                                  7.75   data required time
-----------------------------------------------------------------------------
                                  7.75   data required time
                                 -7.91   data arrival time
-----------------------------------------------------------------------------
                                 -0.16   slack (VIOLATED)


Startpoint: opcode[0] (input port clocked by __VIRTUAL_CLK__)
Endpoint: out[1] (output port clocked by __VIRTUAL_CLK__)
Path Group: __VIRTUAL_CLK__
Path Type: max
Corner: Slowest

Fanout     Cap    Slew   Delay    Time   Description
-----------------------------------------------------------------------------
                  0.00    0.00    0.00   clock __VIRTUAL_CLK__ (rise edge)
                          0.00    0.00   clock network delay (ideal)
                          2.00    2.00 v input external delay
     1    0.00    0.02    0.01    2.01 v opcode[0] (in)
                                         opcode[0] (net)
                  0.02    0.00    2.01 v input17/A (sky130_fd_sc_hd__buf_2)
     5    0.04    0.19    0.36    2.37 v input17/X (sky130_fd_sc_hd__buf_2)
                                         net17 (net)
                  0.19    0.00    2.37 v _235_/A_N (sky130_fd_sc_hd__nand3b_4)
     8    0.05    0.34    0.55    2.92 v _235_/Y (sky130_fd_sc_hd__nand3b_4)
                                         _163_ (net)
                  0.34    0.00    2.92 v rebuffer5/A (sky130_fd_sc_hd__buf_2)
     1    0.01    0.07    0.40    3.32 v rebuffer5/X (sky130_fd_sc_hd__buf_2)
                                         net33 (net)
                  0.07    0.00    3.32 v _243_/A2 (sky130_fd_sc_hd__a21oi_2)
     2    0.03    0.56    0.55    3.87 ^ _243_/Y (sky130_fd_sc_hd__a21oi_2)
                                         _001_ (net)
                  0.56    0.00    3.87 ^ _244_/A2 (sky130_fd_sc_hd__o21a_2)
     4    0.03    0.30    0.61    4.48 ^ _244_/X (sky130_fd_sc_hd__o21a_2)
                                         _002_ (net)
                  0.30    0.00    4.49 ^ _314_/A_N (sky130_fd_sc_hd__and2b_1)
     1    0.02    0.18    0.59    5.07 v _314_/X (sky130_fd_sc_hd__and2b_1)
                                         _068_ (net)
                  0.18    0.00    5.07 v _315_/A (sky130_fd_sc_hd__nor2_1)
     1    0.00    0.19    0.27    5.34 ^ _315_/Y (sky130_fd_sc_hd__nor2_1)
                                         _069_ (net)
                  0.19    0.00    5.34 ^ _316_/B (sky130_fd_sc_hd__or3b_1)
     1    0.01    0.11    0.27    5.61 ^ _316_/X (sky130_fd_sc_hd__or3b_1)
                                         _070_ (net)
                  0.11    0.00    5.62 ^ _317_/D_N (sky130_fd_sc_hd__or4b_1)
     1    0.02    0.34    1.35    6.96 v _317_/X (sky130_fd_sc_hd__or4b_1)
                                         _071_ (net)
                  0.34    0.00    6.96 v _318_/A (sky130_fd_sc_hd__clkbuf_1)
     1    0.01    0.10    0.33    7.29 v _318_/X (sky130_fd_sc_hd__clkbuf_1)
                                         net21 (net)
                  0.10    0.00    7.29 v output21/A (sky130_fd_sc_hd__buf_2)
     1    0.03    0.16    0.38    7.66 v output21/X (sky130_fd_sc_hd__buf_2)
                                         out[1] (net)
                  0.16    0.00    7.67 v out[1] (out)
                                  7.67   data arrival time

                  0.00   10.00   10.00   clock __VIRTUAL_CLK__ (rise edge)
                          0.00   10.00   clock network delay (ideal)
                         -0.25    9.75   clock uncertainty
                          0.00    9.75   clock reconvergence pessimism
                         -2.00    7.75   output external delay
                                  7.75   data required time
-----------------------------------------------------------------------------
                                  7.75   data required time
                                 -7.67   data arrival time
-----------------------------------------------------------------------------
                                  0.08   slack (MET)


Startpoint: opcode[0] (input port clocked by __VIRTUAL_CLK__)
Endpoint: out[2] (output port clocked by __VIRTUAL_CLK__)
Path Group: __VIRTUAL_CLK__
Path Type: max
Corner: Slowest

Fanout     Cap    Slew   Delay    Time   Description
-----------------------------------------------------------------------------
                  0.00    0.00    0.00   clock __VIRTUAL_CLK__ (rise edge)
                          0.00    0.00   clock network delay (ideal)
                          2.00    2.00 ^ input external delay
     1    0.00    0.03    0.02    2.02 ^ opcode[0] (in)
                                         opcode[0] (net)
                  0.03    0.00    2.02 ^ input17/A (sky130_fd_sc_hd__buf_2)
     5    0.04    0.33    0.38    2.40 ^ input17/X (sky130_fd_sc_hd__buf_2)
                                         net17 (net)
                  0.33    0.00    2.40 ^ _235_/A_N (sky130_fd_sc_hd__nand3b_4)
     8    0.05    0.25    0.50    2.90 ^ _235_/Y (sky130_fd_sc_hd__nand3b_4)
                                         _163_ (net)
                  0.25    0.00    2.90 ^ rebuffer4/A (sky130_fd_sc_hd__dlygate4sd1_1)
     2    0.02    0.24    0.60    3.50 ^ rebuffer4/X (sky130_fd_sc_hd__dlygate4sd1_1)
                                         net32 (net)
                  0.24    0.00    3.50 ^ _239_/A1 (sky130_fd_sc_hd__a21oi_2)
     2    0.02    0.17    0.26    3.76 v _239_/Y (sky130_fd_sc_hd__a21oi_2)
                                         _167_ (net)
                  0.17    0.00    3.76 v _248_/B (sky130_fd_sc_hd__or3_1)
     1    0.01    0.20    0.96    4.73 v _248_/X (sky130_fd_sc_hd__or3_1)
                                         _006_ (net)
                  0.20    0.00    4.73 v _249_/B (sky130_fd_sc_hd__and2_4)
     2    0.02    0.09    0.41    5.14 v _249_/X (sky130_fd_sc_hd__and2_4)
                                         _007_ (net)
                  0.09    0.00    5.14 v _319_/A (sky130_fd_sc_hd__or3_1)
     1    0.00    0.14    0.88    6.02 v _319_/X (sky130_fd_sc_hd__or3_1)
                                         _072_ (net)
                  0.14    0.00    6.02 v _326_/A3 (sky130_fd_sc_hd__a31o_1)
     1    0.02    0.18    0.56    6.58 v _326_/X (sky130_fd_sc_hd__a31o_1)
                                         net22 (net)
                  0.18    0.00    6.58 v output22/A (sky130_fd_sc_hd__buf_2)
     1    0.03    0.17    0.42    7.00 v output22/X (sky130_fd_sc_hd__buf_2)
                                         out[2] (net)
                  0.17    0.00    7.00 v out[2] (out)
                                  7.00   data arrival time

                  0.00   10.00   10.00   clock __VIRTUAL_CLK__ (rise edge)
                          0.00   10.00   clock network delay (ideal)
                         -0.25    9.75   clock uncertainty
                          0.00    9.75   clock reconvergence pessimism
                         -2.00    7.75   output external delay
                                  7.75   data required time
-----------------------------------------------------------------------------
                                  7.75   data required time
                                 -7.00   data arrival time
-----------------------------------------------------------------------------
                                  0.75   slack (MET)


Startpoint: opcode[0] (input port clocked by __VIRTUAL_CLK__)
Endpoint: out[0] (output port clocked by __VIRTUAL_CLK__)
Path Group: __VIRTUAL_CLK__
Path Type: max
Corner: Slowest

Fanout     Cap    Slew   Delay    Time   Description
-----------------------------------------------------------------------------
                  0.00    0.00    0.00   clock __VIRTUAL_CLK__ (rise edge)
                          0.00    0.00   clock network delay (ideal)
                          2.00    2.00 v input external delay
     1    0.00    0.02    0.01    2.01 v opcode[0] (in)
                                         opcode[0] (net)
                  0.02    0.00    2.01 v input17/A (sky130_fd_sc_hd__buf_2)
     5    0.04    0.19    0.36    2.37 v input17/X (sky130_fd_sc_hd__buf_2)
                                         net17 (net)
                  0.19    0.00    2.37 v _171_/A (sky130_fd_sc_hd__or2_2)
     4    0.04    0.26    0.96    3.33 v _171_/X (sky130_fd_sc_hd__or2_2)
                                         _099_ (net)
                  0.26    0.00    3.33 v _224_/B (sky130_fd_sc_hd__or2_1)
     1    0.01    0.18    0.67    4.00 v _224_/X (sky130_fd_sc_hd__or2_1)
                                         _152_ (net)
                  0.18    0.00    4.00 v _225_/A (sky130_fd_sc_hd__buf_2)
     8    0.04    0.21    0.45    4.45 v _225_/X (sky130_fd_sc_hd__buf_2)
                                         _153_ (net)
                  0.21    0.00    4.45 v _306_/A2 (sky130_fd_sc_hd__o21ai_1)
     1    0.01    0.36    0.42    4.87 ^ _306_/Y (sky130_fd_sc_hd__o21ai_1)
                                         _061_ (net)
                  0.36    0.00    4.87 ^ _307_/B1 (sky130_fd_sc_hd__a31o_1)
     2    0.02    0.33    0.48    5.36 ^ _307_/X (sky130_fd_sc_hd__a31o_1)
                                         net20 (net)
                  0.33    0.00    5.36 ^ output20/A (sky130_fd_sc_hd__buf_2)
     1    0.04    0.28    0.48    5.84 ^ output20/X (sky130_fd_sc_hd__buf_2)
                                         out[0] (net)
                  0.28    0.00    5.84 ^ out[0] (out)
                                  5.84   data arrival time

                  0.00   10.00   10.00   clock __VIRTUAL_CLK__ (rise edge)
                          0.00   10.00   clock network delay (ideal)
                         -0.25    9.75   clock uncertainty
                          0.00    9.75   clock reconvergence pessimism
                         -2.00    7.75   output external delay
                                  7.75   data required time
-----------------------------------------------------------------------------
                                  7.75   data required time
                                 -5.84   data arrival time
-----------------------------------------------------------------------------
                                  1.91   slack (MET)



worst slack corner Slowest: -1.0283
======================= Typical Corner ===================================

Startpoint: opcode[0] (input port clocked by __VIRTUAL_CLK__)
Endpoint: out[5] (output port clocked by __VIRTUAL_CLK__)
Path Group: __VIRTUAL_CLK__
Path Type: max
Corner: Typical

Fanout     Cap    Slew   Delay    Time   Description
-----------------------------------------------------------------------------
                  0.00    0.00    0.00   clock __VIRTUAL_CLK__ (rise edge)
                          0.00    0.00   clock network delay (ideal)
                          2.00    2.00 v input external delay
     1    0.00    0.01    0.00    2.00 v opcode[0] (in)
                                         opcode[0] (net)
                  0.01    0.00    2.00 v input17/A (sky130_fd_sc_hd__buf_2)
     5    0.04    0.10    0.18    2.19 v input17/X (sky130_fd_sc_hd__buf_2)
                                         net17 (net)
                  0.10    0.00    2.19 v _235_/A_N (sky130_fd_sc_hd__nand3b_4)
     8    0.05    0.17    0.28    2.47 v _235_/Y (sky130_fd_sc_hd__nand3b_4)
                                         _163_ (net)
                  0.17    0.00    2.47 v rebuffer5/A (sky130_fd_sc_hd__buf_2)
     1    0.01    0.04    0.19    2.66 v rebuffer5/X (sky130_fd_sc_hd__buf_2)
                                         net33 (net)
                  0.04    0.00    2.66 v _243_/A2 (sky130_fd_sc_hd__a21oi_2)
     2    0.03    0.35    0.32    2.99 ^ _243_/Y (sky130_fd_sc_hd__a21oi_2)
                                         _001_ (net)
                  0.35    0.00    2.99 ^ _244_/A2 (sky130_fd_sc_hd__o21a_2)
     4    0.03    0.19    0.30    3.29 ^ _244_/X (sky130_fd_sc_hd__o21a_2)
                                         _002_ (net)
                  0.19    0.00    3.29 ^ _247_/A_N (sky130_fd_sc_hd__and3b_2)
     3    0.02    0.08    0.30    3.59 v _247_/X (sky130_fd_sc_hd__and3b_2)
                                         _005_ (net)
                  0.08    0.00    3.59 v _250_/A1 (sky130_fd_sc_hd__o21ai_4)
     4    0.03    0.28    0.30    3.89 ^ _250_/Y (sky130_fd_sc_hd__o21ai_4)
                                         _008_ (net)
                  0.28    0.00    3.89 ^ _257_/A1 (sky130_fd_sc_hd__a311o_4)
     4    0.03    0.13    0.33    4.22 ^ _257_/X (sky130_fd_sc_hd__a311o_4)
                                         _015_ (net)
                  0.13    0.00    4.22 ^ rebuffer2/A (sky130_fd_sc_hd__clkbuf_1)
     2    0.01    0.08    0.13    4.35 ^ rebuffer2/X (sky130_fd_sc_hd__clkbuf_1)
                                         net30 (net)
                  0.08    0.00    4.35 ^ rebuffer1/A (sky130_fd_sc_hd__dlymetal6s4s_1)
     1    0.00    0.07    0.20    4.56 ^ rebuffer1/X (sky130_fd_sc_hd__dlymetal6s4s_1)
                                         net29 (net)
                  0.07    0.00    4.56 ^ _264_/C (sky130_fd_sc_hd__nand3_1)
     1    0.00    0.08    0.10    4.66 v _264_/Y (sky130_fd_sc_hd__nand3_1)
                                         _022_ (net)
                  0.08    0.00    4.66 v _266_/B (sky130_fd_sc_hd__and3_1)
     1    0.01    0.08    0.24    4.89 v _266_/X (sky130_fd_sc_hd__and3_1)
                                         _024_ (net)
                  0.08    0.00    4.89 v _267_/C1 (sky130_fd_sc_hd__a211o_1)
     1    0.02    0.10    0.32    5.21 v _267_/X (sky130_fd_sc_hd__a211o_1)
                                         net25 (net)
                  0.10    0.00    5.21 v output25/A (sky130_fd_sc_hd__buf_4)
     1    0.03    0.06    0.20    5.41 v output25/X (sky130_fd_sc_hd__buf_4)
                                         out[5] (net)
                  0.06    0.00    5.42 v out[5] (out)
                                  5.42   data arrival time

                  0.00   10.00   10.00   clock __VIRTUAL_CLK__ (rise edge)
                          0.00   10.00   clock network delay (ideal)
                         -0.25    9.75   clock uncertainty
                          0.00    9.75   clock reconvergence pessimism
                         -2.00    7.75   output external delay
                                  7.75   data required time
-----------------------------------------------------------------------------
                                  7.75   data required time
                                 -5.42   data arrival time
-----------------------------------------------------------------------------
                                  2.33   slack (MET)


Startpoint: B[0] (input port clocked by __VIRTUAL_CLK__)
Endpoint: out[6] (output port clocked by __VIRTUAL_CLK__)
Path Group: __VIRTUAL_CLK__
Path Type: max
Corner: Typical

Fanout     Cap    Slew   Delay    Time   Description
-----------------------------------------------------------------------------
                  0.00    0.00    0.00   clock __VIRTUAL_CLK__ (rise edge)
                          0.00    0.00   clock network delay (ideal)
                          2.00    2.00 v input external delay
     1    0.00    0.01    0.00    2.00 v B[0] (in)
                                         B[0] (net)
                  0.01    0.00    2.00 v input9/A (sky130_fd_sc_hd__clkbuf_2)
     4    0.04    0.14    0.19    2.19 v input9/X (sky130_fd_sc_hd__clkbuf_2)
                                         net9 (net)
                  0.14    0.00    2.20 v _234_/A (sky130_fd_sc_hd__or2_4)
     4    0.04    0.09    0.36    2.56 v _234_/X (sky130_fd_sc_hd__or2_4)
                                         _162_ (net)
                  0.09    0.00    2.56 v _236_/A3 (sky130_fd_sc_hd__o31a_2)
     3    0.03    0.12    0.40    2.96 v _236_/X (sky130_fd_sc_hd__o31a_2)
                                         _164_ (net)
                  0.12    0.00    2.96 v _268_/A3 (sky130_fd_sc_hd__o31a_1)
     2    0.02    0.13    0.37    3.33 v _268_/X (sky130_fd_sc_hd__o31a_1)
                                         _025_ (net)
                  0.13    0.00    3.33 v _269_/B (sky130_fd_sc_hd__xnor2_1)
     2    0.01    0.11    0.21    3.55 v _269_/Y (sky130_fd_sc_hd__xnor2_1)
                                         _026_ (net)
                  0.11    0.00    3.55 v _270_/B (sky130_fd_sc_hd__and2_1)
     3    0.02    0.13    0.28    3.83 v _270_/X (sky130_fd_sc_hd__and2_1)
                                         _027_ (net)
                  0.13    0.00    3.83 v _272_/A (sky130_fd_sc_hd__or2_4)
     2    0.05    0.10    0.36    4.19 v _272_/X (sky130_fd_sc_hd__or2_4)
                                         _029_ (net)
                  0.10    0.00    4.19 v _276_/B1 (sky130_fd_sc_hd__a311oi_4)
     3    0.02    0.40    0.45    4.64 ^ _276_/Y (sky130_fd_sc_hd__a311oi_4)
                                         _033_ (net)
                  0.40    0.00    4.64 ^ _277_/A_N (sky130_fd_sc_hd__and2b_1)
     1    0.01    0.06    0.27    4.91 v _277_/X (sky130_fd_sc_hd__and2b_1)
                                         _034_ (net)
                  0.06    0.00    4.91 v _291_/A2 (sky130_fd_sc_hd__a21o_1)
     1    0.01    0.08    0.23    5.14 v _291_/X (sky130_fd_sc_hd__a21o_1)
                                         net26 (net)
                  0.08    0.00    5.14 v output26/A (sky130_fd_sc_hd__buf_2)
     1    0.03    0.09    0.20    5.35 v output26/X (sky130_fd_sc_hd__buf_2)
                                         out[6] (net)
                  0.09    0.00    5.35 v out[6] (out)
                                  5.35   data arrival time

                  0.00   10.00   10.00   clock __VIRTUAL_CLK__ (rise edge)
                          0.00   10.00   clock network delay (ideal)
                         -0.25    9.75   clock uncertainty
                          0.00    9.75   clock reconvergence pessimism
                         -2.00    7.75   output external delay
                                  7.75   data required time
-----------------------------------------------------------------------------
                                  7.75   data required time
                                 -5.35   data arrival time
-----------------------------------------------------------------------------
                                  2.40   slack (MET)


Startpoint: opcode[0] (input port clocked by __VIRTUAL_CLK__)
Endpoint: out[4] (output port clocked by __VIRTUAL_CLK__)
Path Group: __VIRTUAL_CLK__
Path Type: max
Corner: Typical

Fanout     Cap    Slew   Delay    Time   Description
-----------------------------------------------------------------------------
                  0.00    0.00    0.00   clock __VIRTUAL_CLK__ (rise edge)
                          0.00    0.00   clock network delay (ideal)
                          2.00    2.00 v input external delay
     1    0.00    0.01    0.00    2.00 v opcode[0] (in)
                                         opcode[0] (net)
                  0.01    0.00    2.00 v input17/A (sky130_fd_sc_hd__buf_2)
     5    0.04    0.10    0.18    2.19 v input17/X (sky130_fd_sc_hd__buf_2)
                                         net17 (net)
                  0.10    0.00    2.19 v _235_/A_N (sky130_fd_sc_hd__nand3b_4)
     8    0.05    0.17    0.28    2.47 v _235_/Y (sky130_fd_sc_hd__nand3b_4)
                                         _163_ (net)
                  0.17    0.00    2.47 v rebuffer5/A (sky130_fd_sc_hd__buf_2)
     1    0.01    0.04    0.19    2.66 v rebuffer5/X (sky130_fd_sc_hd__buf_2)
                                         net33 (net)
                  0.04    0.00    2.66 v _243_/A2 (sky130_fd_sc_hd__a21oi_2)
     2    0.03    0.35    0.32    2.99 ^ _243_/Y (sky130_fd_sc_hd__a21oi_2)
                                         _001_ (net)
                  0.35    0.00    2.99 ^ _244_/A2 (sky130_fd_sc_hd__o21a_2)
     4    0.03    0.19    0.30    3.29 ^ _244_/X (sky130_fd_sc_hd__o21a_2)
                                         _002_ (net)
                  0.19    0.00    3.29 ^ _247_/A_N (sky130_fd_sc_hd__and3b_2)
     3    0.02    0.08    0.30    3.59 v _247_/X (sky130_fd_sc_hd__and3b_2)
                                         _005_ (net)
                  0.08    0.00    3.59 v _250_/A1 (sky130_fd_sc_hd__o21ai_4)
     4    0.03    0.28    0.30    3.89 ^ _250_/Y (sky130_fd_sc_hd__o21ai_4)
                                         _008_ (net)
                  0.28    0.00    3.89 ^ _336_/A2 (sky130_fd_sc_hd__a31o_1)
     1    0.01    0.08    0.22    4.11 ^ _336_/X (sky130_fd_sc_hd__a31o_1)
                                         _087_ (net)
                  0.08    0.00    4.11 ^ _337_/B (sky130_fd_sc_hd__nand2_1)
     1    0.02    0.13    0.14    4.25 v _337_/Y (sky130_fd_sc_hd__nand2_1)
                                         _088_ (net)
                  0.13    0.00    4.25 v _338_/C (sky130_fd_sc_hd__and3_1)
     1    0.01    0.06    0.25    4.51 v _338_/X (sky130_fd_sc_hd__and3_1)
                                         _089_ (net)
                  0.06    0.00    4.51 v _346_/A (sky130_fd_sc_hd__or3_1)
     1    0.01    0.11    0.45    4.96 v _346_/X (sky130_fd_sc_hd__or3_1)
                                         _097_ (net)
                  0.11    0.00    4.96 v _347_/A (sky130_fd_sc_hd__buf_1)
     1    0.01    0.09    0.18    5.14 v _347_/X (sky130_fd_sc_hd__buf_1)
                                         net24 (net)
                  0.09    0.00    5.14 v output24/A (sky130_fd_sc_hd__buf_2)
     1    0.03    0.09    0.21    5.35 v output24/X (sky130_fd_sc_hd__buf_2)
                                         out[4] (net)
                  0.09    0.00    5.35 v out[4] (out)
                                  5.35   data arrival time

                  0.00   10.00   10.00   clock __VIRTUAL_CLK__ (rise edge)
                          0.00   10.00   clock network delay (ideal)
                         -0.25    9.75   clock uncertainty
                          0.00    9.75   clock reconvergence pessimism
                         -2.00    7.75   output external delay
                                  7.75   data required time
-----------------------------------------------------------------------------
                                  7.75   data required time
                                 -5.35   data arrival time
-----------------------------------------------------------------------------
                                  2.40   slack (MET)


Startpoint: B[0] (input port clocked by __VIRTUAL_CLK__)
Endpoint: out[7] (output port clocked by __VIRTUAL_CLK__)
Path Group: __VIRTUAL_CLK__
Path Type: max
Corner: Typical

Fanout     Cap    Slew   Delay    Time   Description
-----------------------------------------------------------------------------
                  0.00    0.00    0.00   clock __VIRTUAL_CLK__ (rise edge)
                          0.00    0.00   clock network delay (ideal)
                          2.00    2.00 v input external delay
     1    0.00    0.01    0.00    2.00 v B[0] (in)
                                         B[0] (net)
                  0.01    0.00    2.00 v input9/A (sky130_fd_sc_hd__clkbuf_2)
     4    0.04    0.14    0.19    2.19 v input9/X (sky130_fd_sc_hd__clkbuf_2)
                                         net9 (net)
                  0.14    0.00    2.20 v _234_/A (sky130_fd_sc_hd__or2_4)
     4    0.04    0.09    0.36    2.56 v _234_/X (sky130_fd_sc_hd__or2_4)
                                         _162_ (net)
                  0.09    0.00    2.56 v _236_/A3 (sky130_fd_sc_hd__o31a_2)
     3    0.03    0.12    0.40    2.96 v _236_/X (sky130_fd_sc_hd__o31a_2)
                                         _164_ (net)
                  0.12    0.00    2.96 v _268_/A3 (sky130_fd_sc_hd__o31a_1)
     2    0.02    0.13    0.37    3.33 v _268_/X (sky130_fd_sc_hd__o31a_1)
                                         _025_ (net)
                  0.13    0.00    3.33 v _269_/B (sky130_fd_sc_hd__xnor2_1)
     2    0.01    0.11    0.21    3.55 v _269_/Y (sky130_fd_sc_hd__xnor2_1)
                                         _026_ (net)
                  0.11    0.00    3.55 v _270_/B (sky130_fd_sc_hd__and2_1)
     3    0.02    0.13    0.28    3.83 v _270_/X (sky130_fd_sc_hd__and2_1)
                                         _027_ (net)
                  0.13    0.00    3.83 v _272_/A (sky130_fd_sc_hd__or2_4)
     2    0.05    0.10    0.36    4.19 v _272_/X (sky130_fd_sc_hd__or2_4)
                                         _029_ (net)
                  0.10    0.00    4.19 v _276_/B1 (sky130_fd_sc_hd__a311oi_4)
     3    0.02    0.40    0.45    4.64 ^ _276_/Y (sky130_fd_sc_hd__a311oi_4)
                                         _033_ (net)
                  0.40    0.00    4.64 ^ _295_/A2 (sky130_fd_sc_hd__o21ai_1)
     1    0.01    0.14    0.17    4.81 v _295_/Y (sky130_fd_sc_hd__o21ai_1)
                                         _051_ (net)
                  0.14    0.00    4.81 v _302_/A2 (sky130_fd_sc_hd__a31o_1)
     1    0.01    0.06    0.27    5.09 v _302_/X (sky130_fd_sc_hd__a31o_1)
                                         net27 (net)
                  0.06    0.00    5.09 v output27/A (sky130_fd_sc_hd__buf_2)
     1    0.03    0.09    0.19    5.28 v output27/X (sky130_fd_sc_hd__buf_2)
                                         out[7] (net)
                  0.09    0.00    5.28 v out[7] (out)
                                  5.28   data arrival time

                  0.00   10.00   10.00   clock __VIRTUAL_CLK__ (rise edge)
                          0.00   10.00   clock network delay (ideal)
                         -0.25    9.75   clock uncertainty
                          0.00    9.75   clock reconvergence pessimism
                         -2.00    7.75   output external delay
                                  7.75   data required time
-----------------------------------------------------------------------------
                                  7.75   data required time
                                 -5.28   data arrival time
-----------------------------------------------------------------------------
                                  2.47   slack (MET)


Startpoint: opcode[0] (input port clocked by __VIRTUAL_CLK__)
Endpoint: out[3] (output port clocked by __VIRTUAL_CLK__)
Path Group: __VIRTUAL_CLK__
Path Type: max
Corner: Typical

Fanout     Cap    Slew   Delay    Time   Description
-----------------------------------------------------------------------------
                  0.00    0.00    0.00   clock __VIRTUAL_CLK__ (rise edge)
                          0.00    0.00   clock network delay (ideal)
                          2.00    2.00 v input external delay
     1    0.00    0.01    0.00    2.00 v opcode[0] (in)
                                         opcode[0] (net)
                  0.01    0.00    2.00 v input17/A (sky130_fd_sc_hd__buf_2)
     5    0.04    0.10    0.18    2.19 v input17/X (sky130_fd_sc_hd__buf_2)
                                         net17 (net)
                  0.10    0.00    2.19 v _235_/A_N (sky130_fd_sc_hd__nand3b_4)
     8    0.05    0.17    0.28    2.47 v _235_/Y (sky130_fd_sc_hd__nand3b_4)
                                         _163_ (net)
                  0.17    0.00    2.47 v rebuffer5/A (sky130_fd_sc_hd__buf_2)
     1    0.01    0.04    0.19    2.66 v rebuffer5/X (sky130_fd_sc_hd__buf_2)
                                         net33 (net)
                  0.04    0.00    2.66 v _243_/A2 (sky130_fd_sc_hd__a21oi_2)
     2    0.03    0.35    0.32    2.99 ^ _243_/Y (sky130_fd_sc_hd__a21oi_2)
                                         _001_ (net)
                  0.35    0.00    2.99 ^ _244_/A2 (sky130_fd_sc_hd__o21a_2)
     4    0.03    0.19    0.30    3.29 ^ _244_/X (sky130_fd_sc_hd__o21a_2)
                                         _002_ (net)
                  0.19    0.00    3.29 ^ _247_/A_N (sky130_fd_sc_hd__and3b_2)
     3    0.02    0.08    0.30    3.59 v _247_/X (sky130_fd_sc_hd__and3b_2)
                                         _005_ (net)
                  0.08    0.00    3.59 v _250_/A1 (sky130_fd_sc_hd__o21ai_4)
     4    0.03    0.28    0.30    3.89 ^ _250_/Y (sky130_fd_sc_hd__o21ai_4)
                                         _008_ (net)
                  0.28    0.00    3.89 ^ _328_/B (sky130_fd_sc_hd__nand2_1)
     1    0.02    0.20    0.23    4.12 v _328_/Y (sky130_fd_sc_hd__nand2_1)
                                         _080_ (net)
                  0.20    0.00    4.12 v _329_/B (sky130_fd_sc_hd__xnor2_1)
     1    0.01    0.10    0.23    4.35 v _329_/Y (sky130_fd_sc_hd__xnor2_1)
                                         _081_ (net)
                  0.10    0.00    4.36 v _335_/A2 (sky130_fd_sc_hd__a221o_1)
     1    0.02    0.12    0.47    4.82 v _335_/X (sky130_fd_sc_hd__a221o_1)
                                         net23 (net)
                  0.12    0.00    4.82 v output23/A (sky130_fd_sc_hd__buf_2)
     1    0.03    0.09    0.23    5.05 v output23/X (sky130_fd_sc_hd__buf_2)
                                         out[3] (net)
                  0.09    0.00    5.05 v out[3] (out)
                                  5.05   data arrival time

                  0.00   10.00   10.00   clock __VIRTUAL_CLK__ (rise edge)
                          0.00   10.00   clock network delay (ideal)
                         -0.25    9.75   clock uncertainty
                          0.00    9.75   clock reconvergence pessimism
                         -2.00    7.75   output external delay
                                  7.75   data required time
-----------------------------------------------------------------------------
                                  7.75   data required time
                                 -5.05   data arrival time
-----------------------------------------------------------------------------
                                  2.70   slack (MET)


Startpoint: opcode[0] (input port clocked by __VIRTUAL_CLK__)
Endpoint: out[1] (output port clocked by __VIRTUAL_CLK__)
Path Group: __VIRTUAL_CLK__
Path Type: max
Corner: Typical

Fanout     Cap    Slew   Delay    Time   Description
-----------------------------------------------------------------------------
                  0.00    0.00    0.00   clock __VIRTUAL_CLK__ (rise edge)
                          0.00    0.00   clock network delay (ideal)
                          2.00    2.00 v input external delay
     1    0.00    0.01    0.00    2.00 v opcode[0] (in)
                                         opcode[0] (net)
                  0.01    0.00    2.00 v input17/A (sky130_fd_sc_hd__buf_2)
     5    0.04    0.10    0.18    2.19 v input17/X (sky130_fd_sc_hd__buf_2)
                                         net17 (net)
                  0.10    0.00    2.19 v _235_/A_N (sky130_fd_sc_hd__nand3b_4)
     8    0.05    0.17    0.28    2.47 v _235_/Y (sky130_fd_sc_hd__nand3b_4)
                                         _163_ (net)
                  0.17    0.00    2.47 v rebuffer5/A (sky130_fd_sc_hd__buf_2)
     1    0.01    0.04    0.19    2.66 v rebuffer5/X (sky130_fd_sc_hd__buf_2)
                                         net33 (net)
                  0.04    0.00    2.66 v _243_/A2 (sky130_fd_sc_hd__a21oi_2)
     2    0.03    0.35    0.32    2.99 ^ _243_/Y (sky130_fd_sc_hd__a21oi_2)
                                         _001_ (net)
                  0.35    0.00    2.99 ^ _244_/A2 (sky130_fd_sc_hd__o21a_2)
     4    0.03    0.19    0.30    3.29 ^ _244_/X (sky130_fd_sc_hd__o21a_2)
                                         _002_ (net)
                  0.19    0.00    3.29 ^ _314_/A_N (sky130_fd_sc_hd__and2b_1)
     1    0.02    0.10    0.28    3.57 v _314_/X (sky130_fd_sc_hd__and2b_1)
                                         _068_ (net)
                  0.10    0.00    3.57 v _315_/A (sky130_fd_sc_hd__nor2_1)
     1    0.00    0.11    0.15    3.72 ^ _315_/Y (sky130_fd_sc_hd__nor2_1)
                                         _069_ (net)
                  0.11    0.00    3.72 ^ _316_/B (sky130_fd_sc_hd__or3b_1)
     1    0.01    0.07    0.15    3.87 ^ _316_/X (sky130_fd_sc_hd__or3b_1)
                                         _070_ (net)
                  0.07    0.00    3.87 ^ _317_/D_N (sky130_fd_sc_hd__or4b_1)
     1    0.02    0.17    0.58    4.45 v _317_/X (sky130_fd_sc_hd__or4b_1)
                                         _071_ (net)
                  0.17    0.00    4.45 v _318_/A (sky130_fd_sc_hd__clkbuf_1)
     1    0.01    0.05    0.17    4.61 v _318_/X (sky130_fd_sc_hd__clkbuf_1)
                                         net21 (net)
                  0.05    0.00    4.61 v output21/A (sky130_fd_sc_hd__buf_2)
     1    0.03    0.09    0.19    4.80 v output21/X (sky130_fd_sc_hd__buf_2)
                                         out[1] (net)
                  0.09    0.00    4.80 v out[1] (out)
                                  4.80   data arrival time

                  0.00   10.00   10.00   clock __VIRTUAL_CLK__ (rise edge)
                          0.00   10.00   clock network delay (ideal)
                         -0.25    9.75   clock uncertainty
                          0.00    9.75   clock reconvergence pessimism
                         -2.00    7.75   output external delay
                                  7.75   data required time
-----------------------------------------------------------------------------
                                  7.75   data required time
                                 -4.80   data arrival time
-----------------------------------------------------------------------------
                                  2.95   slack (MET)


Startpoint: opcode[0] (input port clocked by __VIRTUAL_CLK__)
Endpoint: out[2] (output port clocked by __VIRTUAL_CLK__)
Path Group: __VIRTUAL_CLK__
Path Type: max
Corner: Typical

Fanout     Cap    Slew   Delay    Time   Description
-----------------------------------------------------------------------------
                  0.00    0.00    0.00   clock __VIRTUAL_CLK__ (rise edge)
                          0.00    0.00   clock network delay (ideal)
                          2.00    2.00 ^ input external delay
     1    0.00    0.02    0.01    2.01 ^ opcode[0] (in)
                                         opcode[0] (net)
                  0.02    0.00    2.01 ^ input17/A (sky130_fd_sc_hd__buf_2)
     5    0.04    0.21    0.22    2.23 ^ input17/X (sky130_fd_sc_hd__buf_2)
                                         net17 (net)
                  0.21    0.00    2.24 ^ _235_/A_N (sky130_fd_sc_hd__nand3b_4)
     8    0.05    0.16    0.27    2.51 ^ _235_/Y (sky130_fd_sc_hd__nand3b_4)
                                         _163_ (net)
                  0.16    0.00    2.51 ^ rebuffer4/A (sky130_fd_sc_hd__dlygate4sd1_1)
     2    0.02    0.15    0.31    2.82 ^ rebuffer4/X (sky130_fd_sc_hd__dlygate4sd1_1)
                                         net32 (net)
                  0.15    0.00    2.82 ^ _239_/A1 (sky130_fd_sc_hd__a21oi_2)
     2    0.02    0.09    0.12    2.94 v _239_/Y (sky130_fd_sc_hd__a21oi_2)
                                         _167_ (net)
                  0.09    0.00    2.94 v _248_/B (sky130_fd_sc_hd__or3_1)
     1    0.01    0.10    0.42    3.36 v _248_/X (sky130_fd_sc_hd__or3_1)
                                         _006_ (net)
                  0.10    0.00    3.36 v _249_/B (sky130_fd_sc_hd__and2_4)
     2    0.02    0.05    0.21    3.58 v _249_/X (sky130_fd_sc_hd__and2_4)
                                         _007_ (net)
                  0.05    0.00    3.58 v _319_/A (sky130_fd_sc_hd__or3_1)
     1    0.00    0.07    0.38    3.96 v _319_/X (sky130_fd_sc_hd__or3_1)
                                         _072_ (net)
                  0.07    0.00    3.96 v _326_/A3 (sky130_fd_sc_hd__a31o_1)
     1    0.02    0.10    0.30    4.26 v _326_/X (sky130_fd_sc_hd__a31o_1)
                                         net22 (net)
                  0.10    0.00    4.26 v output22/A (sky130_fd_sc_hd__buf_2)
     1    0.03    0.09    0.22    4.47 v output22/X (sky130_fd_sc_hd__buf_2)
                                         out[2] (net)
                  0.09    0.00    4.47 v out[2] (out)
                                  4.47   data arrival time

                  0.00   10.00   10.00   clock __VIRTUAL_CLK__ (rise edge)
                          0.00   10.00   clock network delay (ideal)
                         -0.25    9.75   clock uncertainty
                          0.00    9.75   clock reconvergence pessimism
                         -2.00    7.75   output external delay
                                  7.75   data required time
-----------------------------------------------------------------------------
                                  7.75   data required time
                                 -4.47   data arrival time
-----------------------------------------------------------------------------
                                  3.28   slack (MET)


Startpoint: opcode[1] (input port clocked by __VIRTUAL_CLK__)
Endpoint: out[0] (output port clocked by __VIRTUAL_CLK__)
Path Group: __VIRTUAL_CLK__
Path Type: max
Corner: Typical

Fanout     Cap    Slew   Delay    Time   Description
-----------------------------------------------------------------------------
                  0.00    0.00    0.00   clock __VIRTUAL_CLK__ (rise edge)
                          0.00    0.00   clock network delay (ideal)
                          2.00    2.00 v input external delay
     1    0.00    0.01    0.00    2.00 v opcode[1] (in)
                                         opcode[1] (net)
                  0.01    0.00    2.00 v input18/A (sky130_fd_sc_hd__clkbuf_4)
     6    0.05    0.11    0.20    2.21 v input18/X (sky130_fd_sc_hd__clkbuf_4)
                                         net18 (net)
                  0.11    0.00    2.21 v _171_/B (sky130_fd_sc_hd__or2_2)
     4    0.04    0.13    0.42    2.63 v _171_/X (sky130_fd_sc_hd__or2_2)
                                         _099_ (net)
                  0.13    0.00    2.63 v _224_/B (sky130_fd_sc_hd__or2_1)
     1    0.01    0.09    0.30    2.93 v _224_/X (sky130_fd_sc_hd__or2_1)
                                         _152_ (net)
                  0.09    0.00    2.93 v _225_/A (sky130_fd_sc_hd__buf_2)
     8    0.04    0.11    0.23    3.16 v _225_/X (sky130_fd_sc_hd__buf_2)
                                         _153_ (net)
                  0.11    0.00    3.16 v _306_/A2 (sky130_fd_sc_hd__o21ai_1)
     1    0.01    0.21    0.24    3.40 ^ _306_/Y (sky130_fd_sc_hd__o21ai_1)
                                         _061_ (net)
                  0.21    0.00    3.40 ^ _307_/B1 (sky130_fd_sc_hd__a31o_1)
     2    0.02    0.20    0.26    3.66 ^ _307_/X (sky130_fd_sc_hd__a31o_1)
                                         net20 (net)
                  0.20    0.00    3.66 ^ output20/A (sky130_fd_sc_hd__buf_2)
     1    0.04    0.17    0.26    3.92 ^ output20/X (sky130_fd_sc_hd__buf_2)
                                         out[0] (net)
                  0.17    0.00    3.92 ^ out[0] (out)
                                  3.92   data arrival time

                  0.00   10.00   10.00   clock __VIRTUAL_CLK__ (rise edge)
                          0.00   10.00   clock network delay (ideal)
                         -0.25    9.75   clock uncertainty
                          0.00    9.75   clock reconvergence pessimism
                         -2.00    7.75   output external delay
                                  7.75   data required time
-----------------------------------------------------------------------------
                                  7.75   data required time
                                 -3.92   data arrival time
-----------------------------------------------------------------------------
                                  3.83   slack (MET)



worst slack corner Typical: 2.3349
