
===========================================================================
 report_power
============================================================================
======================= Fastest Corner ===================================

Group                  Internal  Switching    Leakage      Total
                          Power      Power      Power      Power (Watts)
----------------------------------------------------------------
Sequential             0.00e+00   0.00e+00   0.00e+00   0.00e+00   0.0%
Combinational          5.31e-05   1.36e-04   1.83e-09   1.89e-04 100.0%
Clock                 -8.33e-11   0.00e+00   7.66e-10   6.83e-10   0.0%
Macro                  0.00e+00   0.00e+00   0.00e+00   0.00e+00   0.0%
Pad                    0.00e+00   0.00e+00   0.00e+00   0.00e+00   0.0%
----------------------------------------------------------------
Total                  5.31e-05   1.36e-04   2.59e-09   1.89e-04 100.0%
                          28.1%      71.9%       0.0%

======================= Slowest Corner ===================================

Group                  Internal  Switching    Leakage      Total
                          Power      Power      Power      Power (Watts)
----------------------------------------------------------------
Sequential             0.00e+00   0.00e+00   0.00e+00   0.00e+00   0.0%
Combinational          3.87e-05   9.11e-05   1.03e-06   1.31e-04 100.0%
Clock                 -3.52e-11   0.00e+00   7.69e-10   7.33e-10   0.0%
Macro                  0.00e+00   0.00e+00   0.00e+00   0.00e+00   0.0%
Pad                    0.00e+00   0.00e+00   0.00e+00   0.00e+00   0.0%
----------------------------------------------------------------
Total                  3.87e-05   9.11e-05   1.03e-06   1.31e-04 100.0%
                          29.6%      69.6%       0.8%

======================= Typical Corner ===================================

Group                  Internal  Switching    Leakage      Total
                          Power      Power      Power      Power (Watts)
----------------------------------------------------------------
Sequential             0.00e+00   0.00e+00   0.00e+00   0.00e+00   0.0%
Combinational          4.84e-05   1.16e-04   7.87e-10   1.64e-04 100.0%
Clock                  1.64e-11   0.00e+00   7.66e-10   7.82e-10   0.0%
Macro                  0.00e+00   0.00e+00   0.00e+00   0.00e+00   0.0%
Pad                    0.00e+00   0.00e+00   0.00e+00   0.00e+00   0.0%
----------------------------------------------------------------
Total                  4.84e-05   1.16e-04   1.55e-09   1.64e-04 100.0%
                          29.5%      70.5%       0.0%

