OpenSTA 2.5.0 GITDIR-NOT Copyright (c) 2024, Parallax Software, Inc.
License GPLv3: GNU GPL version 3 <http://gnu.org/licenses/gpl.html>

This is free software, and you are free to change and redistribute it
under certain conditions; type `show_copying' for details. 
This program comes with ABSOLUTELY NO WARRANTY; for details type `show_warranty'.
define_corners Typical
read_liberty -corner Typical /home/kagan/.volare/sky130A/libs.ref/sky130_fd_sc_hd/lib/sky130_fd_sc_hd__tt_025C_1v80.lib
Using 1e-12 for capacitance...
Using 1e+03 for resistance...
Using 1e-09 for time...
Using 1e+00 for voltage...
Using 1e-03 for current...
Using 1e-09 for power...
Using 1e-06 for distance...
Reading netlist '/openlane/designs/alu/runs/RUN_2025.05.04_08.56.33/results/synthesis/alu.v'…
Reading design constraints file at '/openlane/scripts/base.sdc'…
[INFO]: Setting output delay to: 2.0
[INFO]: Setting input delay to: 2.0
Warning: base.sdc line 18, port '__VIRTUAL_CLK__' not found.
[INFO]: Setting load to: 0.033442
[INFO]: Setting clock uncertainty to: 0.25
[INFO]: Setting clock transition to: 0.15
Warning: base.sdc line 52, transition time can not be specified for virtual clocks.
[INFO]: Setting timing derate to: 5.0 %
min_report

===========================================================================
report_checks -path_delay min (Hold)
============================================================================
======================= Typical Corner ===================================

Startpoint: A[5] (input port clocked by __VIRTUAL_CLK__)
Endpoint: out[5] (output port clocked by __VIRTUAL_CLK__)
Path Group: __VIRTUAL_CLK__
Path Type: min

Fanout     Cap    Slew   Delay    Time   Description
-----------------------------------------------------------------------------
                  0.00    0.00    0.00   clock __VIRTUAL_CLK__ (rise edge)
                          0.00    0.00   clock network delay (ideal)
                          2.00    2.00 v input external delay
     6    0.02    0.04    0.03    2.03 v A[5] (in)
                                         A[5] (net)
                  0.04    0.00    2.03 v _226_/A (sky130_fd_sc_hd__nor2_2)
     1    0.00    0.06    0.08    2.11 ^ _226_/Y (sky130_fd_sc_hd__nor2_2)
                                         _154_ (net)
                  0.06    0.00    2.11 ^ _233_/B1 (sky130_fd_sc_hd__a311o_2)
     1    0.00    0.03    0.09    2.21 ^ _233_/X (sky130_fd_sc_hd__a311o_2)
                                         _161_ (net)
                  0.03    0.00    2.21 ^ _267_/B1 (sky130_fd_sc_hd__a211o_2)
     1    0.03    0.16    0.18    2.38 ^ _267_/X (sky130_fd_sc_hd__a211o_2)
                                         out[5] (net)
                  0.16    0.00    2.38 ^ out[5] (out)
                                  2.38   data arrival time

                  0.00    0.00    0.00   clock __VIRTUAL_CLK__ (rise edge)
                          0.00    0.00   clock network delay (ideal)
                          0.25    0.25   clock uncertainty
                          0.00    0.25   clock reconvergence pessimism
                         -2.00   -1.75   output external delay
                                 -1.75   data required time
-----------------------------------------------------------------------------
                                 -1.75   data required time
                                 -2.38   data arrival time
-----------------------------------------------------------------------------
                                  4.13   slack (MET)


Startpoint: A[6] (input port clocked by __VIRTUAL_CLK__)
Endpoint: out[6] (output port clocked by __VIRTUAL_CLK__)
Path Group: __VIRTUAL_CLK__
Path Type: min

Fanout     Cap    Slew   Delay    Time   Description
-----------------------------------------------------------------------------
                  0.00    0.00    0.00   clock __VIRTUAL_CLK__ (rise edge)
                          0.00    0.00   clock network delay (ideal)
                          2.00    2.00 v input external delay
     5    0.02    0.04    0.03    2.03 v A[6] (in)
                                         A[6] (net)
                  0.04    0.00    2.03 v _289_/A1 (sky130_fd_sc_hd__o211ai_2)
     1    0.00    0.04    0.13    2.16 ^ _289_/Y (sky130_fd_sc_hd__o211ai_2)
                                         _046_ (net)
                  0.04    0.00    2.16 ^ _290_/B1 (sky130_fd_sc_hd__a31o_2)
     1    0.00    0.03    0.08    2.24 ^ _290_/X (sky130_fd_sc_hd__a31o_2)
                                         _047_ (net)
                  0.03    0.00    2.24 ^ _291_/B1 (sky130_fd_sc_hd__a21o_2)
     1    0.03    0.17    0.17    2.42 ^ _291_/X (sky130_fd_sc_hd__a21o_2)
                                         out[6] (net)
                  0.17    0.00    2.42 ^ out[6] (out)
                                  2.42   data arrival time

                  0.00    0.00    0.00   clock __VIRTUAL_CLK__ (rise edge)
                          0.00    0.00   clock network delay (ideal)
                          0.25    0.25   clock uncertainty
                          0.00    0.25   clock reconvergence pessimism
                         -2.00   -1.75   output external delay
                                 -1.75   data required time
-----------------------------------------------------------------------------
                                 -1.75   data required time
                                 -2.42   data arrival time
-----------------------------------------------------------------------------
                                  4.17   slack (MET)


Startpoint: B[0] (input port clocked by __VIRTUAL_CLK__)
Endpoint: out[0] (output port clocked by __VIRTUAL_CLK__)
Path Group: __VIRTUAL_CLK__
Path Type: min

Fanout     Cap    Slew   Delay    Time   Description
-----------------------------------------------------------------------------
                  0.00    0.00    0.00   clock __VIRTUAL_CLK__ (rise edge)
                          0.00    0.00   clock network delay (ideal)
                          2.00    2.00 v input external delay
     4    0.01    0.02    0.01    2.01 v B[0] (in)
                                         B[0] (net)
                  0.02    0.00    2.01 v _184_/A (sky130_fd_sc_hd__buf_1)
    10    0.03    0.15    0.17    2.18 v _184_/X (sky130_fd_sc_hd__buf_1)
                                         _112_ (net)
                  0.15    0.00    2.18 v _307_/A1 (sky130_fd_sc_hd__a31o_2)
     1    0.03    0.10    0.30    2.48 v _307_/X (sky130_fd_sc_hd__a31o_2)
                                         out[0] (net)
                  0.10    0.00    2.48 v out[0] (out)
                                  2.48   data arrival time

                  0.00    0.00    0.00   clock __VIRTUAL_CLK__ (rise edge)
                          0.00    0.00   clock network delay (ideal)
                          0.25    0.25   clock uncertainty
                          0.00    0.25   clock reconvergence pessimism
                         -2.00   -1.75   output external delay
                                 -1.75   data required time
-----------------------------------------------------------------------------
                                 -1.75   data required time
                                 -2.48   data arrival time
-----------------------------------------------------------------------------
                                  4.23   slack (MET)


Startpoint: opcode[2] (input port clocked by __VIRTUAL_CLK__)
Endpoint: out[7] (output port clocked by __VIRTUAL_CLK__)
Path Group: __VIRTUAL_CLK__
Path Type: min

Fanout     Cap    Slew   Delay    Time   Description
-----------------------------------------------------------------------------
                  0.00    0.00    0.00   clock __VIRTUAL_CLK__ (rise edge)
                          0.00    0.00   clock network delay (ideal)
                          2.00    2.00 v input external delay
     6    0.02    0.04    0.03    2.03 v opcode[2] (in)
                                         opcode[2] (net)
                  0.04    0.00    2.03 v _265_/A (sky130_fd_sc_hd__and3_2)
     7    0.01    0.06    0.19    2.21 v _265_/X (sky130_fd_sc_hd__and3_2)
                                         _023_ (net)
                  0.06    0.00    2.21 v _302_/A1 (sky130_fd_sc_hd__a31o_2)
     1    0.03    0.10    0.27    2.48 v _302_/X (sky130_fd_sc_hd__a31o_2)
                                         out[7] (net)
                  0.10    0.00    2.48 v out[7] (out)
                                  2.48   data arrival time

                  0.00    0.00    0.00   clock __VIRTUAL_CLK__ (rise edge)
                          0.00    0.00   clock network delay (ideal)
                          0.25    0.25   clock uncertainty
                          0.00    0.25   clock reconvergence pessimism
                         -2.00   -1.75   output external delay
                                 -1.75   data required time
-----------------------------------------------------------------------------
                                 -1.75   data required time
                                 -2.48   data arrival time
-----------------------------------------------------------------------------
                                  4.23   slack (MET)


Startpoint: opcode[2] (input port clocked by __VIRTUAL_CLK__)
Endpoint: out[2] (output port clocked by __VIRTUAL_CLK__)
Path Group: __VIRTUAL_CLK__
Path Type: min

Fanout     Cap    Slew   Delay    Time   Description
-----------------------------------------------------------------------------
                  0.00    0.00    0.00   clock __VIRTUAL_CLK__ (rise edge)
                          0.00    0.00   clock network delay (ideal)
                          2.00    2.00 v input external delay
     6    0.02    0.04    0.03    2.03 v opcode[2] (in)
                                         opcode[2] (net)
                  0.04    0.00    2.03 v _265_/A (sky130_fd_sc_hd__and3_2)
     7    0.01    0.06    0.19    2.21 v _265_/X (sky130_fd_sc_hd__and3_2)
                                         _023_ (net)
                  0.06    0.00    2.21 v _326_/A2 (sky130_fd_sc_hd__a31o_2)
     1    0.03    0.10    0.30    2.51 v _326_/X (sky130_fd_sc_hd__a31o_2)
                                         out[2] (net)
                  0.10    0.00    2.51 v out[2] (out)
                                  2.51   data arrival time

                  0.00    0.00    0.00   clock __VIRTUAL_CLK__ (rise edge)
                          0.00    0.00   clock network delay (ideal)
                          0.25    0.25   clock uncertainty
                          0.00    0.25   clock reconvergence pessimism
                         -2.00   -1.75   output external delay
                                 -1.75   data required time
-----------------------------------------------------------------------------
                                 -1.75   data required time
                                 -2.51   data arrival time
-----------------------------------------------------------------------------
                                  4.26   slack (MET)


Startpoint: opcode[2] (input port clocked by __VIRTUAL_CLK__)
Endpoint: out[3] (output port clocked by __VIRTUAL_CLK__)
Path Group: __VIRTUAL_CLK__
Path Type: min

Fanout     Cap    Slew   Delay    Time   Description
-----------------------------------------------------------------------------
                  0.00    0.00    0.00   clock __VIRTUAL_CLK__ (rise edge)
                          0.00    0.00   clock network delay (ideal)
                          2.00    2.00 ^ input external delay
     6    0.02    0.09    0.06    2.06 ^ opcode[2] (in)
                                         opcode[2] (net)
                  0.09    0.00    2.06 ^ _265_/A (sky130_fd_sc_hd__and3_2)
     7    0.01    0.09    0.21    2.27 ^ _265_/X (sky130_fd_sc_hd__and3_2)
                                         _023_ (net)
                  0.09    0.00    2.27 ^ _335_/A1 (sky130_fd_sc_hd__a221o_2)
     1    0.03    0.18    0.25    2.52 ^ _335_/X (sky130_fd_sc_hd__a221o_2)
                                         out[3] (net)
                  0.18    0.00    2.52 ^ out[3] (out)
                                  2.52   data arrival time

                  0.00    0.00    0.00   clock __VIRTUAL_CLK__ (rise edge)
                          0.00    0.00   clock network delay (ideal)
                          0.25    0.25   clock uncertainty
                          0.00    0.25   clock reconvergence pessimism
                         -2.00   -1.75   output external delay
                                 -1.75   data required time
-----------------------------------------------------------------------------
                                 -1.75   data required time
                                 -2.52   data arrival time
-----------------------------------------------------------------------------
                                  4.27   slack (MET)


Startpoint: A[4] (input port clocked by __VIRTUAL_CLK__)
Endpoint: out[4] (output port clocked by __VIRTUAL_CLK__)
Path Group: __VIRTUAL_CLK__
Path Type: min

Fanout     Cap    Slew   Delay    Time   Description
-----------------------------------------------------------------------------
                  0.00    0.00    0.00   clock __VIRTUAL_CLK__ (rise edge)
                          0.00    0.00   clock network delay (ideal)
                          2.00    2.00 ^ input external delay
     6    0.02    0.10    0.06    2.06 ^ A[4] (in)
                                         A[4] (net)
                  0.10    0.00    2.06 ^ _341_/A2 (sky130_fd_sc_hd__a31o_2)
     1    0.00    0.03    0.14    2.21 ^ _341_/X (sky130_fd_sc_hd__a31o_2)
                                         _092_ (net)
                  0.03    0.00    2.21 ^ _346_/B (sky130_fd_sc_hd__or3_2)
     1    0.00    0.03    0.08    2.29 ^ _346_/X (sky130_fd_sc_hd__or3_2)
                                         _097_ (net)
                  0.03    0.00    2.29 ^ _347_/A (sky130_fd_sc_hd__buf_1)
     1    0.03    0.40    0.30    2.59 ^ _347_/X (sky130_fd_sc_hd__buf_1)
                                         out[4] (net)
                  0.40    0.00    2.59 ^ out[4] (out)
                                  2.59   data arrival time

                  0.00    0.00    0.00   clock __VIRTUAL_CLK__ (rise edge)
                          0.00    0.00   clock network delay (ideal)
                          0.25    0.25   clock uncertainty
                          0.00    0.25   clock reconvergence pessimism
                         -2.00   -1.75   output external delay
                                 -1.75   data required time
-----------------------------------------------------------------------------
                                 -1.75   data required time
                                 -2.59   data arrival time
-----------------------------------------------------------------------------
                                  4.34   slack (MET)


Startpoint: A[1] (input port clocked by __VIRTUAL_CLK__)
Endpoint: out[1] (output port clocked by __VIRTUAL_CLK__)
Path Group: __VIRTUAL_CLK__
Path Type: min

Fanout     Cap    Slew   Delay    Time   Description
-----------------------------------------------------------------------------
                  0.00    0.00    0.00   clock __VIRTUAL_CLK__ (rise edge)
                          0.00    0.00   clock network delay (ideal)
                          2.00    2.00 v input external delay
     4    0.01    0.03    0.02    2.02 v A[1] (in)
                                         A[1] (net)
                  0.03    0.00    2.02 v _173_/A (sky130_fd_sc_hd__buf_1)
    10    0.03    0.15    0.17    2.19 v _173_/X (sky130_fd_sc_hd__buf_1)
                                         _101_ (net)
                  0.15    0.00    2.19 v _313_/A (sky130_fd_sc_hd__nor2_2)
     1    0.00    0.06    0.12    2.30 ^ _313_/Y (sky130_fd_sc_hd__nor2_2)
                                         _067_ (net)
                  0.06    0.00    2.30 ^ _317_/C (sky130_fd_sc_hd__or4b_2)
     1    0.00    0.03    0.10    2.40 ^ _317_/X (sky130_fd_sc_hd__or4b_2)
                                         _071_ (net)
                  0.03    0.00    2.40 ^ _318_/A (sky130_fd_sc_hd__buf_1)
     1    0.03    0.40    0.30    2.70 ^ _318_/X (sky130_fd_sc_hd__buf_1)
                                         out[1] (net)
                  0.40    0.00    2.70 ^ out[1] (out)
                                  2.70   data arrival time

                  0.00    0.00    0.00   clock __VIRTUAL_CLK__ (rise edge)
                          0.00    0.00   clock network delay (ideal)
                          0.25    0.25   clock uncertainty
                          0.00    0.25   clock reconvergence pessimism
                         -2.00   -1.75   output external delay
                                 -1.75   data required time
-----------------------------------------------------------------------------
                                 -1.75   data required time
                                 -2.70   data arrival time
-----------------------------------------------------------------------------
                                  4.45   slack (MET)



worst slack corner Typical: 4.1325
min_report_end
max_report

===========================================================================
report_checks -path_delay max (Setup)
============================================================================
======================= Typical Corner ===================================

Startpoint: B[1] (input port clocked by __VIRTUAL_CLK__)
Endpoint: out[4] (output port clocked by __VIRTUAL_CLK__)
Path Group: __VIRTUAL_CLK__
Path Type: max

Fanout     Cap    Slew   Delay    Time   Description
-----------------------------------------------------------------------------
                  0.00    0.00    0.00   clock __VIRTUAL_CLK__ (rise edge)
                          0.00    0.00   clock network delay (ideal)
                          2.00    2.00 ^ input external delay
     5    0.01    0.05    0.03    2.03 ^ B[1] (in)
                                         B[1] (net)
                  0.05    0.00    2.03 ^ _175_/A (sky130_fd_sc_hd__buf_1)
    10    0.03    0.38    0.33    2.36 ^ _175_/X (sky130_fd_sc_hd__buf_1)
                                         _103_ (net)
                  0.38    0.00    2.36 ^ _185_/A1 (sky130_fd_sc_hd__a22oi_2)
     3    0.01    0.12    0.17    2.53 v _185_/Y (sky130_fd_sc_hd__a22oi_2)
                                         _113_ (net)
                  0.12    0.00    2.53 v _192_/C (sky130_fd_sc_hd__or3_2)
     2    0.00    0.08    0.45    2.99 v _192_/X (sky130_fd_sc_hd__or3_2)
                                         _120_ (net)
                  0.08    0.00    2.99 v _197_/A1 (sky130_fd_sc_hd__a21o_2)
     2    0.00    0.04    0.21    3.20 v _197_/X (sky130_fd_sc_hd__a21o_2)
                                         _125_ (net)
                  0.04    0.00    3.20 v _199_/A3 (sky130_fd_sc_hd__a31o_2)
     2    0.01    0.06    0.28    3.48 v _199_/X (sky130_fd_sc_hd__a31o_2)
                                         _127_ (net)
                  0.06    0.00    3.48 v _201_/B (sky130_fd_sc_hd__xor2_2)
     2    0.01    0.07    0.16    3.63 v _201_/X (sky130_fd_sc_hd__xor2_2)
                                         _129_ (net)
                  0.07    0.00    3.63 v _342_/B1 (sky130_fd_sc_hd__a21o_2)
     1    0.00    0.03    0.19    3.83 v _342_/X (sky130_fd_sc_hd__a21o_2)
                                         _093_ (net)
                  0.03    0.00    3.83 v _345_/A3 (sky130_fd_sc_hd__a31o_2)
     1    0.00    0.03    0.23    4.06 v _345_/X (sky130_fd_sc_hd__a31o_2)
                                         _096_ (net)
                  0.03    0.00    4.06 v _346_/C (sky130_fd_sc_hd__or3_2)
     1    0.00    0.07    0.41    4.47 v _346_/X (sky130_fd_sc_hd__or3_2)
                                         _097_ (net)
                  0.07    0.00    4.47 v _347_/A (sky130_fd_sc_hd__buf_1)
     1    0.03    0.19    0.24    4.72 v _347_/X (sky130_fd_sc_hd__buf_1)
                                         out[4] (net)
                  0.19    0.00    4.72 v out[4] (out)
                                  4.72   data arrival time

                  0.00   10.00   10.00   clock __VIRTUAL_CLK__ (rise edge)
                          0.00   10.00   clock network delay (ideal)
                         -0.25    9.75   clock uncertainty
                          0.00    9.75   clock reconvergence pessimism
                         -2.00    7.75   output external delay
                                  7.75   data required time
-----------------------------------------------------------------------------
                                  7.75   data required time
                                 -4.72   data arrival time
-----------------------------------------------------------------------------
                                  3.03   slack (MET)


Startpoint: opcode[0] (input port clocked by __VIRTUAL_CLK__)
Endpoint: out[7] (output port clocked by __VIRTUAL_CLK__)
Path Group: __VIRTUAL_CLK__
Path Type: max

Fanout     Cap    Slew   Delay    Time   Description
-----------------------------------------------------------------------------
                  0.00    0.00    0.00   clock __VIRTUAL_CLK__ (rise edge)
                          0.00    0.00   clock network delay (ideal)
                          2.00    2.00 v input external delay
     5    0.01    0.03    0.02    2.02 v opcode[0] (in)
                                         opcode[0] (net)
                  0.03    0.00    2.02 v _235_/A_N (sky130_fd_sc_hd__nand3b_2)
     9    0.02    0.16    0.29    2.31 v _235_/Y (sky130_fd_sc_hd__nand3b_2)
                                         _163_ (net)
                  0.16    0.00    2.31 v _242_/C (sky130_fd_sc_hd__and3_2)
     2    0.00    0.04    0.27    2.59 v _242_/X (sky130_fd_sc_hd__and3_2)
                                         _000_ (net)
                  0.04    0.00    2.59 v _245_/B (sky130_fd_sc_hd__or3_2)
     2    0.00    0.08    0.46    3.05 v _245_/X (sky130_fd_sc_hd__or3_2)
                                         _003_ (net)
                  0.08    0.00    3.05 v _247_/B (sky130_fd_sc_hd__and3b_2)
     3    0.01    0.05    0.23    3.28 v _247_/X (sky130_fd_sc_hd__and3b_2)
                                         _005_ (net)
                  0.05    0.00    3.28 v _250_/A2 (sky130_fd_sc_hd__o21ai_2)
     4    0.01    0.18    0.18    3.45 ^ _250_/Y (sky130_fd_sc_hd__o21ai_2)
                                         _008_ (net)
                  0.18    0.00    3.45 ^ _257_/A2 (sky130_fd_sc_hd__a311o_2)
     5    0.02    0.10    0.26    3.71 ^ _257_/X (sky130_fd_sc_hd__a311o_2)
                                         _015_ (net)
                  0.10    0.00    3.71 ^ _276_/A3 (sky130_fd_sc_hd__a311oi_2)
     3    0.01    0.10    0.13    3.84 v _276_/Y (sky130_fd_sc_hd__a311oi_2)
                                         _033_ (net)
                  0.10    0.00    3.84 v _296_/B (sky130_fd_sc_hd__or3_2)
     1    0.00    0.07    0.47    4.32 v _296_/X (sky130_fd_sc_hd__or3_2)
                                         _052_ (net)
                  0.07    0.00    4.32 v _302_/A3 (sky130_fd_sc_hd__a31o_2)
     1    0.03    0.11    0.35    4.66 v _302_/X (sky130_fd_sc_hd__a31o_2)
                                         out[7] (net)
                  0.11    0.00    4.66 v out[7] (out)
                                  4.66   data arrival time

                  0.00   10.00   10.00   clock __VIRTUAL_CLK__ (rise edge)
                          0.00   10.00   clock network delay (ideal)
                         -0.25    9.75   clock uncertainty
                          0.00    9.75   clock reconvergence pessimism
                         -2.00    7.75   output external delay
                                  7.75   data required time
-----------------------------------------------------------------------------
                                  7.75   data required time
                                 -4.66   data arrival time
-----------------------------------------------------------------------------
                                  3.09   slack (MET)


Startpoint: B[0] (input port clocked by __VIRTUAL_CLK__)
Endpoint: out[6] (output port clocked by __VIRTUAL_CLK__)
Path Group: __VIRTUAL_CLK__
Path Type: max

Fanout     Cap    Slew   Delay    Time   Description
-----------------------------------------------------------------------------
                  0.00    0.00    0.00   clock __VIRTUAL_CLK__ (rise edge)
                          0.00    0.00   clock network delay (ideal)
                          2.00    2.00 v input external delay
     4    0.01    0.02    0.01    2.01 v B[0] (in)
                                         B[0] (net)
                  0.02    0.00    2.01 v _234_/A (sky130_fd_sc_hd__or2_2)
     4    0.01    0.08    0.33    2.34 v _234_/X (sky130_fd_sc_hd__or2_2)
                                         _162_ (net)
                  0.08    0.00    2.34 v _236_/A3 (sky130_fd_sc_hd__o31a_2)
     3    0.01    0.08    0.34    2.68 v _236_/X (sky130_fd_sc_hd__o31a_2)
                                         _164_ (net)
                  0.08    0.00    2.68 v _268_/A3 (sky130_fd_sc_hd__o31a_2)
     2    0.01    0.07    0.34    3.02 v _268_/X (sky130_fd_sc_hd__o31a_2)
                                         _025_ (net)
                  0.07    0.00    3.02 v _269_/B (sky130_fd_sc_hd__xnor2_2)
     2    0.01    0.05    0.15    3.17 v _269_/Y (sky130_fd_sc_hd__xnor2_2)
                                         _026_ (net)
                  0.05    0.00    3.17 v _270_/B (sky130_fd_sc_hd__and2_2)
     3    0.01    0.05    0.21    3.38 v _270_/X (sky130_fd_sc_hd__and2_2)
                                         _027_ (net)
                  0.05    0.00    3.38 v _272_/A (sky130_fd_sc_hd__or2_2)
     2    0.01    0.07    0.33    3.71 v _272_/X (sky130_fd_sc_hd__or2_2)
                                         _029_ (net)
                  0.07    0.00    3.71 v _276_/B1 (sky130_fd_sc_hd__a311oi_2)
     3    0.01    0.27    0.31    4.02 ^ _276_/Y (sky130_fd_sc_hd__a311oi_2)
                                         _033_ (net)
                  0.27    0.00    4.02 ^ _277_/A_N (sky130_fd_sc_hd__and2b_2)
     1    0.00    0.03    0.26    4.28 v _277_/X (sky130_fd_sc_hd__and2b_2)
                                         _034_ (net)
                  0.03    0.00    4.28 v _291_/A2 (sky130_fd_sc_hd__a21o_2)
     1    0.03    0.10    0.29    4.58 v _291_/X (sky130_fd_sc_hd__a21o_2)
                                         out[6] (net)
                  0.10    0.00    4.58 v out[6] (out)
                                  4.58   data arrival time

                  0.00   10.00   10.00   clock __VIRTUAL_CLK__ (rise edge)
                          0.00   10.00   clock network delay (ideal)
                         -0.25    9.75   clock uncertainty
                          0.00    9.75   clock reconvergence pessimism
                         -2.00    7.75   output external delay
                                  7.75   data required time
-----------------------------------------------------------------------------
                                  7.75   data required time
                                 -4.58   data arrival time
-----------------------------------------------------------------------------
                                  3.17   slack (MET)


Startpoint: B[1] (input port clocked by __VIRTUAL_CLK__)
Endpoint: out[5] (output port clocked by __VIRTUAL_CLK__)
Path Group: __VIRTUAL_CLK__
Path Type: max

Fanout     Cap    Slew   Delay    Time   Description
-----------------------------------------------------------------------------
                  0.00    0.00    0.00   clock __VIRTUAL_CLK__ (rise edge)
                          0.00    0.00   clock network delay (ideal)
                          2.00    2.00 ^ input external delay
     5    0.01    0.05    0.03    2.03 ^ B[1] (in)
                                         B[1] (net)
                  0.05    0.00    2.03 ^ _175_/A (sky130_fd_sc_hd__buf_1)
    10    0.03    0.38    0.33    2.36 ^ _175_/X (sky130_fd_sc_hd__buf_1)
                                         _103_ (net)
                  0.38    0.00    2.36 ^ _185_/A1 (sky130_fd_sc_hd__a22oi_2)
     3    0.01    0.12    0.17    2.53 v _185_/Y (sky130_fd_sc_hd__a22oi_2)
                                         _113_ (net)
                  0.12    0.00    2.53 v _192_/C (sky130_fd_sc_hd__or3_2)
     2    0.00    0.08    0.45    2.99 v _192_/X (sky130_fd_sc_hd__or3_2)
                                         _120_ (net)
                  0.08    0.00    2.99 v _197_/A1 (sky130_fd_sc_hd__a21o_2)
     2    0.00    0.04    0.21    3.20 v _197_/X (sky130_fd_sc_hd__a21o_2)
                                         _125_ (net)
                  0.04    0.00    3.20 v _208_/B (sky130_fd_sc_hd__and2b_2)
     1    0.01    0.05    0.21    3.41 v _208_/X (sky130_fd_sc_hd__and2b_2)
                                         _136_ (net)
                  0.05    0.00    3.41 v _209_/B (sky130_fd_sc_hd__xnor2_2)
     3    0.02    0.25    0.23    3.64 ^ _209_/Y (sky130_fd_sc_hd__xnor2_2)
                                         _137_ (net)
                  0.25    0.00    3.64 ^ _210_/C (sky130_fd_sc_hd__nand3_2)
     3    0.01    0.08    0.13    3.76 v _210_/Y (sky130_fd_sc_hd__nand3_2)
                                         _138_ (net)
                  0.08    0.00    3.76 v _219_/A2 (sky130_fd_sc_hd__a21oi_2)
     1    0.00    0.10    0.16    3.92 ^ _219_/Y (sky130_fd_sc_hd__a21oi_2)
                                         _147_ (net)
                  0.10    0.00    3.92 ^ _221_/A (sky130_fd_sc_hd__nor2_2)
     1    0.00    0.03    0.05    3.97 v _221_/Y (sky130_fd_sc_hd__nor2_2)
                                         _149_ (net)
                  0.03    0.00    3.97 v _267_/A2 (sky130_fd_sc_hd__a211o_2)
     1    0.03    0.12    0.43    4.41 v _267_/X (sky130_fd_sc_hd__a211o_2)
                                         out[5] (net)
                  0.12    0.00    4.41 v out[5] (out)
                                  4.41   data arrival time

                  0.00   10.00   10.00   clock __VIRTUAL_CLK__ (rise edge)
                          0.00   10.00   clock network delay (ideal)
                         -0.25    9.75   clock uncertainty
                          0.00    9.75   clock reconvergence pessimism
                         -2.00    7.75   output external delay
                                  7.75   data required time
-----------------------------------------------------------------------------
                                  7.75   data required time
                                 -4.41   data arrival time
-----------------------------------------------------------------------------
                                  3.34   slack (MET)


Startpoint: opcode[0] (input port clocked by __VIRTUAL_CLK__)
Endpoint: out[1] (output port clocked by __VIRTUAL_CLK__)
Path Group: __VIRTUAL_CLK__
Path Type: max

Fanout     Cap    Slew   Delay    Time   Description
-----------------------------------------------------------------------------
                  0.00    0.00    0.00   clock __VIRTUAL_CLK__ (rise edge)
                          0.00    0.00   clock network delay (ideal)
                          2.00    2.00 v input external delay
     5    0.01    0.03    0.02    2.02 v opcode[0] (in)
                                         opcode[0] (net)
                  0.03    0.00    2.02 v _235_/A_N (sky130_fd_sc_hd__nand3b_2)
     9    0.02    0.16    0.29    2.31 v _235_/Y (sky130_fd_sc_hd__nand3b_2)
                                         _163_ (net)
                  0.16    0.00    2.31 v _242_/C (sky130_fd_sc_hd__and3_2)
     2    0.00    0.04    0.27    2.59 v _242_/X (sky130_fd_sc_hd__and3_2)
                                         _000_ (net)
                  0.04    0.00    2.59 v _245_/B (sky130_fd_sc_hd__or3_2)
     2    0.00    0.08    0.46    3.05 v _245_/X (sky130_fd_sc_hd__or3_2)
                                         _003_ (net)
                  0.08    0.00    3.05 v _314_/B (sky130_fd_sc_hd__and2b_2)
     1    0.00    0.04    0.22    3.26 v _314_/X (sky130_fd_sc_hd__and2b_2)
                                         _068_ (net)
                  0.04    0.00    3.26 v _315_/A (sky130_fd_sc_hd__nor2_2)
     1    0.00    0.05    0.08    3.35 ^ _315_/Y (sky130_fd_sc_hd__nor2_2)
                                         _069_ (net)
                  0.05    0.00    3.35 ^ _316_/B (sky130_fd_sc_hd__or3b_2)
     1    0.00    0.03    0.10    3.45 ^ _316_/X (sky130_fd_sc_hd__or3b_2)
                                         _070_ (net)
                  0.03    0.00    3.45 ^ _317_/D_N (sky130_fd_sc_hd__or4b_2)
     1    0.00    0.09    0.59    4.04 v _317_/X (sky130_fd_sc_hd__or4b_2)
                                         _071_ (net)
                  0.09    0.00    4.04 v _318_/A (sky130_fd_sc_hd__buf_1)
     1    0.03    0.19    0.25    4.29 v _318_/X (sky130_fd_sc_hd__buf_1)
                                         out[1] (net)
                  0.19    0.00    4.29 v out[1] (out)
                                  4.29   data arrival time

                  0.00   10.00   10.00   clock __VIRTUAL_CLK__ (rise edge)
                          0.00   10.00   clock network delay (ideal)
                         -0.25    9.75   clock uncertainty
                          0.00    9.75   clock reconvergence pessimism
                         -2.00    7.75   output external delay
                                  7.75   data required time
-----------------------------------------------------------------------------
                                  7.75   data required time
                                 -4.29   data arrival time
-----------------------------------------------------------------------------
                                  3.46   slack (MET)


Startpoint: B[1] (input port clocked by __VIRTUAL_CLK__)
Endpoint: out[3] (output port clocked by __VIRTUAL_CLK__)
Path Group: __VIRTUAL_CLK__
Path Type: max

Fanout     Cap    Slew   Delay    Time   Description
-----------------------------------------------------------------------------
                  0.00    0.00    0.00   clock __VIRTUAL_CLK__ (rise edge)
                          0.00    0.00   clock network delay (ideal)
                          2.00    2.00 ^ input external delay
     5    0.01    0.05    0.03    2.03 ^ B[1] (in)
                                         B[1] (net)
                  0.05    0.00    2.03 ^ _175_/A (sky130_fd_sc_hd__buf_1)
    10    0.03    0.38    0.33    2.36 ^ _175_/X (sky130_fd_sc_hd__buf_1)
                                         _103_ (net)
                  0.38    0.00    2.36 ^ _185_/A1 (sky130_fd_sc_hd__a22oi_2)
     3    0.01    0.12    0.17    2.53 v _185_/Y (sky130_fd_sc_hd__a22oi_2)
                                         _113_ (net)
                  0.12    0.00    2.53 v _192_/C (sky130_fd_sc_hd__or3_2)
     2    0.00    0.08    0.45    2.99 v _192_/X (sky130_fd_sc_hd__or3_2)
                                         _120_ (net)
                  0.08    0.00    2.99 v _197_/A1 (sky130_fd_sc_hd__a21o_2)
     2    0.00    0.04    0.21    3.20 v _197_/X (sky130_fd_sc_hd__a21o_2)
                                         _125_ (net)
                  0.04    0.00    3.20 v _208_/B (sky130_fd_sc_hd__and2b_2)
     1    0.01    0.05    0.21    3.41 v _208_/X (sky130_fd_sc_hd__and2b_2)
                                         _136_ (net)
                  0.05    0.00    3.41 v _209_/B (sky130_fd_sc_hd__xnor2_2)
     3    0.01    0.09    0.17    3.57 v _209_/Y (sky130_fd_sc_hd__xnor2_2)
                                         _137_ (net)
                  0.09    0.00    3.57 v _330_/B (sky130_fd_sc_hd__xor2_2)
     1    0.00    0.06    0.16    3.73 v _330_/X (sky130_fd_sc_hd__xor2_2)
                                         _082_ (net)
                  0.06    0.00    3.73 v _335_/B1 (sky130_fd_sc_hd__a221o_2)
     1    0.03    0.13    0.46    4.19 v _335_/X (sky130_fd_sc_hd__a221o_2)
                                         out[3] (net)
                  0.13    0.00    4.19 v out[3] (out)
                                  4.19   data arrival time

                  0.00   10.00   10.00   clock __VIRTUAL_CLK__ (rise edge)
                          0.00   10.00   clock network delay (ideal)
                         -0.25    9.75   clock uncertainty
                          0.00    9.75   clock reconvergence pessimism
                         -2.00    7.75   output external delay
                                  7.75   data required time
-----------------------------------------------------------------------------
                                  7.75   data required time
                                 -4.19   data arrival time
-----------------------------------------------------------------------------
                                  3.56   slack (MET)


Startpoint: opcode[0] (input port clocked by __VIRTUAL_CLK__)
Endpoint: out[2] (output port clocked by __VIRTUAL_CLK__)
Path Group: __VIRTUAL_CLK__
Path Type: max

Fanout     Cap    Slew   Delay    Time   Description
-----------------------------------------------------------------------------
                  0.00    0.00    0.00   clock __VIRTUAL_CLK__ (rise edge)
                          0.00    0.00   clock network delay (ideal)
                          2.00    2.00 v input external delay
     5    0.01    0.03    0.02    2.02 v opcode[0] (in)
                                         opcode[0] (net)
                  0.03    0.00    2.02 v _235_/A_N (sky130_fd_sc_hd__nand3b_2)
     9    0.02    0.16    0.29    2.31 v _235_/Y (sky130_fd_sc_hd__nand3b_2)
                                         _163_ (net)
                  0.16    0.00    2.31 v _242_/C (sky130_fd_sc_hd__and3_2)
     2    0.00    0.04    0.27    2.59 v _242_/X (sky130_fd_sc_hd__and3_2)
                                         _000_ (net)
                  0.04    0.00    2.59 v _245_/B (sky130_fd_sc_hd__or3_2)
     2    0.00    0.08    0.46    3.05 v _245_/X (sky130_fd_sc_hd__or3_2)
                                         _003_ (net)
                  0.08    0.00    3.05 v _247_/B (sky130_fd_sc_hd__and3b_2)
     3    0.01    0.05    0.23    3.28 v _247_/X (sky130_fd_sc_hd__and3b_2)
                                         _005_ (net)
                  0.05    0.00    3.28 v _319_/C (sky130_fd_sc_hd__or3_2)
     1    0.00    0.07    0.42    3.69 v _319_/X (sky130_fd_sc_hd__or3_2)
                                         _072_ (net)
                  0.07    0.00    3.69 v _326_/A3 (sky130_fd_sc_hd__a31o_2)
     1    0.03    0.11    0.35    4.04 v _326_/X (sky130_fd_sc_hd__a31o_2)
                                         out[2] (net)
                  0.11    0.00    4.04 v out[2] (out)
                                  4.04   data arrival time

                  0.00   10.00   10.00   clock __VIRTUAL_CLK__ (rise edge)
                          0.00   10.00   clock network delay (ideal)
                         -0.25    9.75   clock uncertainty
                          0.00    9.75   clock reconvergence pessimism
                         -2.00    7.75   output external delay
                                  7.75   data required time
-----------------------------------------------------------------------------
                                  7.75   data required time
                                 -4.04   data arrival time
-----------------------------------------------------------------------------
                                  3.71   slack (MET)


Startpoint: opcode[0] (input port clocked by __VIRTUAL_CLK__)
Endpoint: out[0] (output port clocked by __VIRTUAL_CLK__)
Path Group: __VIRTUAL_CLK__
Path Type: max

Fanout     Cap    Slew   Delay    Time   Description
-----------------------------------------------------------------------------
                  0.00    0.00    0.00   clock __VIRTUAL_CLK__ (rise edge)
                          0.00    0.00   clock network delay (ideal)
                          2.00    2.00 v input external delay
     5    0.01    0.03    0.02    2.02 v opcode[0] (in)
                                         opcode[0] (net)
                  0.03    0.00    2.02 v _171_/A (sky130_fd_sc_hd__or2_2)
     4    0.01    0.08    0.34    2.36 v _171_/X (sky130_fd_sc_hd__or2_2)
                                         _099_ (net)
                  0.08    0.00    2.36 v _224_/B (sky130_fd_sc_hd__or2_2)
     1    0.00    0.05    0.29    2.65 v _224_/X (sky130_fd_sc_hd__or2_2)
                                         _152_ (net)
                  0.05    0.00    2.65 v _225_/A (sky130_fd_sc_hd__buf_1)
     8    0.03    0.17    0.21    2.86 v _225_/X (sky130_fd_sc_hd__buf_1)
                                         _153_ (net)
                  0.17    0.00    2.86 v _306_/A2 (sky130_fd_sc_hd__o21ai_2)
     1    0.00    0.09    0.15    3.01 ^ _306_/Y (sky130_fd_sc_hd__o21ai_2)
                                         _061_ (net)
                  0.09    0.00    3.01 ^ _307_/B1 (sky130_fd_sc_hd__a31o_2)
     1    0.03    0.20    0.24    3.25 ^ _307_/X (sky130_fd_sc_hd__a31o_2)
                                         out[0] (net)
                  0.20    0.00    3.25 ^ out[0] (out)
                                  3.25   data arrival time

                  0.00   10.00   10.00   clock __VIRTUAL_CLK__ (rise edge)
                          0.00   10.00   clock network delay (ideal)
                         -0.25    9.75   clock uncertainty
                          0.00    9.75   clock reconvergence pessimism
                         -2.00    7.75   output external delay
                                  7.75   data required time
-----------------------------------------------------------------------------
                                  7.75   data required time
                                 -3.25   data arrival time
-----------------------------------------------------------------------------
                                  4.50   slack (MET)



worst slack corner Typical: 3.0340
max_report_end
checks_report

===========================================================================
report_checks -unconstrained
===========================================================================
======================= Typical Corner ===================================

Startpoint: B[1] (input port clocked by __VIRTUAL_CLK__)
Endpoint: out[4] (output port clocked by __VIRTUAL_CLK__)
Path Group: __VIRTUAL_CLK__
Path Type: max

Fanout     Cap    Slew   Delay    Time   Description
-----------------------------------------------------------------------------
                  0.00    0.00    0.00   clock __VIRTUAL_CLK__ (rise edge)
                          0.00    0.00   clock network delay (ideal)
                          2.00    2.00 ^ input external delay
     5    0.01    0.05    0.03    2.03 ^ B[1] (in)
                                         B[1] (net)
                  0.05    0.00    2.03 ^ _175_/A (sky130_fd_sc_hd__buf_1)
    10    0.03    0.38    0.33    2.36 ^ _175_/X (sky130_fd_sc_hd__buf_1)
                                         _103_ (net)
                  0.38    0.00    2.36 ^ _185_/A1 (sky130_fd_sc_hd__a22oi_2)
     3    0.01    0.12    0.17    2.53 v _185_/Y (sky130_fd_sc_hd__a22oi_2)
                                         _113_ (net)
                  0.12    0.00    2.53 v _192_/C (sky130_fd_sc_hd__or3_2)
     2    0.00    0.08    0.45    2.99 v _192_/X (sky130_fd_sc_hd__or3_2)
                                         _120_ (net)
                  0.08    0.00    2.99 v _197_/A1 (sky130_fd_sc_hd__a21o_2)
     2    0.00    0.04    0.21    3.20 v _197_/X (sky130_fd_sc_hd__a21o_2)
                                         _125_ (net)
                  0.04    0.00    3.20 v _199_/A3 (sky130_fd_sc_hd__a31o_2)
     2    0.01    0.06    0.28    3.48 v _199_/X (sky130_fd_sc_hd__a31o_2)
                                         _127_ (net)
                  0.06    0.00    3.48 v _201_/B (sky130_fd_sc_hd__xor2_2)
     2    0.01    0.07    0.16    3.63 v _201_/X (sky130_fd_sc_hd__xor2_2)
                                         _129_ (net)
                  0.07    0.00    3.63 v _342_/B1 (sky130_fd_sc_hd__a21o_2)
     1    0.00    0.03    0.19    3.83 v _342_/X (sky130_fd_sc_hd__a21o_2)
                                         _093_ (net)
                  0.03    0.00    3.83 v _345_/A3 (sky130_fd_sc_hd__a31o_2)
     1    0.00    0.03    0.23    4.06 v _345_/X (sky130_fd_sc_hd__a31o_2)
                                         _096_ (net)
                  0.03    0.00    4.06 v _346_/C (sky130_fd_sc_hd__or3_2)
     1    0.00    0.07    0.41    4.47 v _346_/X (sky130_fd_sc_hd__or3_2)
                                         _097_ (net)
                  0.07    0.00    4.47 v _347_/A (sky130_fd_sc_hd__buf_1)
     1    0.03    0.19    0.24    4.72 v _347_/X (sky130_fd_sc_hd__buf_1)
                                         out[4] (net)
                  0.19    0.00    4.72 v out[4] (out)
                                  4.72   data arrival time

                  0.00   10.00   10.00   clock __VIRTUAL_CLK__ (rise edge)
                          0.00   10.00   clock network delay (ideal)
                         -0.25    9.75   clock uncertainty
                          0.00    9.75   clock reconvergence pessimism
                         -2.00    7.75   output external delay
                                  7.75   data required time
-----------------------------------------------------------------------------
                                  7.75   data required time
                                 -4.72   data arrival time
-----------------------------------------------------------------------------
                                  3.03   slack (MET)




===========================================================================
report_checks --slack_max -0.01
============================================================================
======================= Typical Corner ===================================

No paths found.


===========================================================================
 report_check_types -max_slew -max_cap -max_fanout -violators
============================================================================
======================= Typical Corner ===================================


max slew violations count Typical: 0
max fanout violations count Typical: 0
max cap violations count Typical: 0

===========================================================================
report_parasitic_annotation -report_unannotated
============================================================================
Found 197 unannotated drivers.
 A[0]
 A[1]
 A[2]
 A[3]
 A[4]
 A[5]
 A[6]
 A[7]
 B[0]
 B[1]
 B[2]
 B[3]
 B[4]
 B[5]
 B[6]
 B[7]
 opcode[0]
 opcode[1]
 opcode[2]
 _170_/Y
 _171_/X
 _172_/Y
 _173_/X
 _174_/Y
 _175_/X
 _176_/X
 _177_/Y
 _178_/X
 _179_/X
 _180_/Y
 _181_/X
 _182_/Y
 _183_/Y
 _184_/X
 _185_/Y
 _186_/X
 _187_/Y
 _188_/Y
 _189_/Y
 _190_/X
 _191_/X
 _192_/X
 _193_/Y
 _194_/X
 _195_/X
 _196_/X
 _197_/X
 _198_/X
 _199_/X
 _200_/Y
 _201_/X
 _202_/Y
 _203_/X
 _204_/Y
 _205_/X
 _206_/X
 _207_/Y
 _208_/X
 _209_/Y
 _210_/Y
 _211_/X
 _212_/X
 _213_/X
 _214_/Y
 _215_/Y
 _216_/Y
 _217_/Y
 _218_/X
 _219_/Y
 _220_/X
 _221_/Y
 _222_/Y
 _223_/Y
 _224_/X
 _225_/X
 _226_/Y
 _227_/Y
 _228_/Y
 _229_/X
 _230_/X
 _231_/Y
 _232_/X
 _233_/X
 _234_/X
 _235_/Y
 _236_/X
 _237_/Y
 _238_/Y
 _239_/Y
 _240_/X
 _241_/Y
 _242_/X
 _243_/Y
 _244_/X
 _245_/X
 _246_/X
 _247_/X
 _248_/X
 _249_/X
 _250_/Y
 _251_/X
 _252_/Y
 _253_/Y
 _254_/Y
 _255_/X
 _256_/Y
 _257_/X
 _258_/X
 _259_/Y
 _260_/X
 _261_/Y
 _262_/Y
 _263_/X
 _264_/Y
 _265_/X
 _266_/X
 _267_/X
 _268_/X
 _269_/Y
 _270_/X
 _271_/Y
 _272_/X
 _273_/Y
 _274_/X
 _275_/Y
 _276_/Y
 _277_/X
 _278_/Y
 _279_/Y
 _280_/X
 _281_/Y
 _282_/X
 _283_/X
 _284_/Y
 _285_/Y
 _286_/Y
 _287_/X
 _288_/X
 _289_/Y
 _290_/X
 _291_/X
 _292_/Y
 _293_/X
 _294_/X
 _295_/Y
 _296_/X
 _297_/Y
 _298_/X
 _299_/Y
 _300_/X
 _301_/X
 _302_/X
 _303_/X
 _304_/Y
 _305_/X
 _306_/Y
 _307_/X
 _308_/Y
 _309_/X
 _310_/X
 _311_/X
 _312_/X
 _313_/Y
 _314_/X
 _315_/Y
 _316_/X
 _317_/X
 _318_/X
 _319_/X
 _320_/Y
 _321_/Y
 _322_/X
 _323_/Y
 _324_/X
 _325_/Y
 _326_/X
 _327_/X
 _328_/Y
 _329_/Y
 _330_/X
 _331_/Y
 _332_/X
 _333_/Y
 _334_/X
 _335_/X
 _336_/X
 _337_/Y
 _338_/X
 _339_/Y
 _340_/X
 _341_/X
 _342_/X
 _343_/X
 _344_/Y
 _345_/X
 _346_/X
 _347_/X
Found 0 partially unannotated drivers.

===========================================================================
max slew violation count 0
max fanout violation count 0
max cap violation count 0
============================================================================

===========================================================================
check_setup -verbose -unconstrained_endpoints -multiple_clock -no_clock -no_input_delay -loops -generated_clocks
===========================================================================
checks_report_end
power_report

===========================================================================
 report_power
============================================================================
======================= Typical Corner ===================================

Group                  Internal  Switching    Leakage      Total
                          Power      Power      Power      Power (Watts)
----------------------------------------------------------------
Sequential             0.00e+00   0.00e+00   0.00e+00   0.00e+00   0.0%
Combinational          4.17e-05   4.17e-05   6.17e-10   8.34e-05 100.0%
Clock                  0.00e+00   0.00e+00   0.00e+00   0.00e+00   0.0%
Macro                  0.00e+00   0.00e+00   0.00e+00   0.00e+00   0.0%
Pad                    0.00e+00   0.00e+00   0.00e+00   0.00e+00   0.0%
----------------------------------------------------------------
Total                  4.17e-05   4.17e-05   6.17e-10   8.34e-05 100.0%
                          50.0%      50.0%       0.0%

power_report_end
summary_report

===========================================================================
report_tns
============================================================================
tns 0.00

===========================================================================
report_wns
============================================================================
wns 0.00

===========================================================================
report_worst_slack -max (Setup)
============================================================================
worst slack 3.03

===========================================================================
report_worst_slack -min (Hold)
============================================================================
worst slack 4.13
summary_report_end
check_nonpropagated_clocks
__VIRTUAL_CLK__
check_nonpropagated_clocks_end
[WARNING] Did not save OpenROAD database!
Writing SDF to '/openlane/designs/alu/runs/RUN_2025.05.04_08.56.33/results/synthesis/alu.sdf'…
