
===========================================================================
 report_power
============================================================================
======================= Fastest Corner ===================================

Group                  Internal  Switching    Leakage      Total
                          Power      Power      Power      Power (Watts)
----------------------------------------------------------------
Sequential             0.00e+00   0.00e+00   0.00e+00   0.00e+00   0.0%
Combinational          4.64e-06   1.10e-05   1.49e-10   1.56e-05 100.0%
Clock                  0.00e+00   0.00e+00   1.58e-10   1.58e-10   0.0%
Macro                  0.00e+00   0.00e+00   0.00e+00   0.00e+00   0.0%
Pad                    0.00e+00   0.00e+00   0.00e+00   0.00e+00   0.0%
----------------------------------------------------------------
Total                  4.64e-06   1.10e-05   3.08e-10   1.56e-05 100.0%
                          29.7%      70.3%       0.0%

======================= Slowest Corner ===================================

Group                  Internal  Switching    Leakage      Total
                          Power      Power      Power      Power (Watts)
----------------------------------------------------------------
Sequential             0.00e+00   0.00e+00   0.00e+00   0.00e+00   0.0%
Combinational          3.46e-06   7.33e-06   1.41e-07   1.09e-05 100.0%
Clock                  0.00e+00   0.00e+00   1.58e-10   1.58e-10   0.0%
Macro                  0.00e+00   0.00e+00   0.00e+00   0.00e+00   0.0%
Pad                    0.00e+00   0.00e+00   0.00e+00   0.00e+00   0.0%
----------------------------------------------------------------
Total                  3.46e-06   7.33e-06   1.41e-07   1.09e-05 100.0%
                          31.6%      67.1%       1.3%

======================= Typical Corner ===================================

Group                  Internal  Switching    Leakage      Total
                          Power      Power      Power      Power (Watts)
----------------------------------------------------------------
Sequential             0.00e+00   0.00e+00   0.00e+00   0.00e+00   0.0%
Combinational          4.18e-06   9.31e-06   7.67e-11   1.35e-05 100.0%
Clock                  0.00e+00   0.00e+00   1.58e-10   1.58e-10   0.0%
Macro                  0.00e+00   0.00e+00   0.00e+00   0.00e+00   0.0%
Pad                    0.00e+00   0.00e+00   0.00e+00   0.00e+00   0.0%
----------------------------------------------------------------
Total                  4.18e-06   9.31e-06   2.35e-10   1.35e-05 100.0%
                          31.0%      69.0%       0.0%

