
===========================================================================
 report_power
============================================================================
======================= Fastest Corner ===================================

Group                  Internal  Switching    Leakage      Total
                          Power      Power      Power      Power (Watts)
----------------------------------------------------------------
Sequential             0.00e+00   0.00e+00   0.00e+00   0.00e+00   0.0%
Combinational          2.93e-07   8.47e-07   1.66e-11   1.14e-06 100.0%
Clock                  0.00e+00   0.00e+00   1.29e-10   1.29e-10   0.0%
Macro                  0.00e+00   0.00e+00   0.00e+00   0.00e+00   0.0%
Pad                    0.00e+00   0.00e+00   0.00e+00   0.00e+00   0.0%
----------------------------------------------------------------
Total                  2.93e-07   8.47e-07   1.46e-10   1.14e-06 100.0%
                          25.7%      74.3%       0.0%

======================= Slowest Corner ===================================

Group                  Internal  Switching    Leakage      Total
                          Power      Power      Power      Power (Watts)
----------------------------------------------------------------
Sequential             0.00e+00   0.00e+00   0.00e+00   0.00e+00   0.0%
Combinational          2.21e-07   5.68e-07   1.46e-08   8.04e-07 100.0%
Clock                  0.00e+00   0.00e+00   1.29e-10   1.29e-10   0.0%
Macro                  0.00e+00   0.00e+00   0.00e+00   0.00e+00   0.0%
Pad                    0.00e+00   0.00e+00   0.00e+00   0.00e+00   0.0%
----------------------------------------------------------------
Total                  2.21e-07   5.68e-07   1.47e-08   8.04e-07 100.0%
                          27.5%      70.7%       1.8%

======================= Typical Corner ===================================

Group                  Internal  Switching    Leakage      Total
                          Power      Power      Power      Power (Watts)
----------------------------------------------------------------
Sequential             0.00e+00   0.00e+00   0.00e+00   0.00e+00   0.0%
Combinational          2.66e-07   7.21e-07   9.36e-12   9.87e-07 100.0%
Clock                  0.00e+00   0.00e+00   1.29e-10   1.29e-10   0.0%
Macro                  0.00e+00   0.00e+00   0.00e+00   0.00e+00   0.0%
Pad                    0.00e+00   0.00e+00   0.00e+00   0.00e+00   0.0%
----------------------------------------------------------------
Total                  2.66e-07   7.21e-07   1.38e-10   9.87e-07 100.0%
                          27.0%      73.0%       0.0%

