OpenROAD b16bda7e82721d10566ff7e2b68f1ff0be9f9e38 
Features included (+) or not (-): +Charts +GPU +GUI +Python
This program is licensed under the BSD-3 license. See the LICENSE file for details.
Components of this program may be licensed under more restrictive licenses which must be honored.
define_corners Typical
read_liberty -corner Typical /home/kagan/.volare/sky130A/libs.ref/sky130_fd_sc_hd/lib/sky130_fd_sc_hd__tt_025C_1v80.lib
Using 1e-12 for capacitance...
Using 1e+03 for resistance...
Using 1e-09 for time...
Using 1e+00 for voltage...
Using 1e-03 for current...
Using 1e-09 for power...
Using 1e-06 for distance...
[INFO]: Reading ODB at '/openlane/designs/alu/runs/RUN_2025.05.04_08.56.33/tmp/16-alu.odb'…
Reading design constraints file at '/openlane/scripts/base.sdc'…
[INFO]: Setting output delay to: 2.0
[INFO]: Setting input delay to: 2.0
[WARNING STA-0366] port '__VIRTUAL_CLK__' not found.
[INFO]: Setting load to: 0.033442
[INFO]: Setting clock uncertainty to: 0.25
[INFO]: Setting clock transition to: 0.15
[WARNING STA-0419] transition time can not be specified for virtual clocks.
[INFO]: Setting timing derate to: 5.0 %
[INFO]: Propagating all clocks
[WARNING STA-0450] virtual clock __VIRTUAL_CLK__ can not be propagated.
[INFO]: Setting RC values...
[WARNING GRT-0026] Missing route to pin _245_/B.
[WARNING GRT-0026] Missing route to pin _290_/A2.
[WARNING GRT-0026] Missing route to pin _290_/A3.
[WARNING GRT-0026] Missing route to pin _290_/B1.
[WARNING GRT-0026] Missing route to pin _290_/X.
[WARNING GRT-0026] Missing route to pin _242_/B.
[WARNING GRT-0026] Missing route to pin _242_/C.
[WARNING GRT-0026] Missing route to pin _240_/C.
[WARNING GRT-0026] Missing route to pin _249_/A.
[WARNING GRT-0026] Missing route to pin _240_/A.
min_report

===========================================================================
report_checks -path_delay min (Hold)
============================================================================
======================= Typical Corner ===================================

Startpoint: B[5] (input port clocked by __VIRTUAL_CLK__)
Endpoint: out[5] (output port clocked by __VIRTUAL_CLK__)
Path Group: __VIRTUAL_CLK__
Path Type: min

Fanout     Cap    Slew   Delay    Time   Description
-----------------------------------------------------------------------------
                  0.00    0.00    0.00   clock __VIRTUAL_CLK__ (rise edge)
                          0.00    0.00   clock network delay (ideal)
                          2.00    2.00 ^ input external delay
     1    0.00    0.02    0.01    2.01 ^ B[5] (in)
                                         B[5] (net)
                  0.02    0.00    2.01 ^ input14/A (sky130_fd_sc_hd__buf_2)
     5    0.01    0.08    0.12    2.12 ^ input14/X (sky130_fd_sc_hd__buf_2)
                                         net14 (net)
                  0.08    0.00    2.12 ^ _233_/A1 (sky130_fd_sc_hd__a311o_1)
     1    0.00    0.06    0.15    2.28 ^ _233_/X (sky130_fd_sc_hd__a311o_1)
                                         _161_ (net)
                  0.06    0.00    2.28 ^ _267_/B1 (sky130_fd_sc_hd__a211o_1)
     1    0.01    0.09    0.13    2.40 ^ _267_/X (sky130_fd_sc_hd__a211o_1)
                                         net25 (net)
                  0.09    0.00    2.41 ^ output25/A (sky130_fd_sc_hd__buf_4)
     1    0.03    0.10    0.16    2.57 ^ output25/X (sky130_fd_sc_hd__buf_4)
                                         out[5] (net)
                  0.10    0.00    2.57 ^ out[5] (out)
                                  2.57   data arrival time

                  0.00    0.00    0.00   clock __VIRTUAL_CLK__ (rise edge)
                          0.00    0.00   clock network delay (ideal)
                          0.25    0.25   clock uncertainty
                          0.00    0.25   clock reconvergence pessimism
                         -2.00   -1.75   output external delay
                                 -1.75   data required time
-----------------------------------------------------------------------------
                                 -1.75   data required time
                                 -2.57   data arrival time
-----------------------------------------------------------------------------
                                  4.32   slack (MET)


Startpoint: A[6] (input port clocked by __VIRTUAL_CLK__)
Endpoint: out[6] (output port clocked by __VIRTUAL_CLK__)
Path Group: __VIRTUAL_CLK__
Path Type: min

Fanout     Cap    Slew   Delay    Time   Description
-----------------------------------------------------------------------------
                  0.00    0.00    0.00   clock __VIRTUAL_CLK__ (rise edge)
                          0.00    0.00   clock network delay (ideal)
                          2.00    2.00 v input external delay
     1    0.00    0.01    0.01    2.01 v A[6] (in)
                                         A[6] (net)
                  0.01    0.00    2.01 v input7/A (sky130_fd_sc_hd__clkbuf_2)
     5    0.01    0.05    0.10    2.11 v input7/X (sky130_fd_sc_hd__clkbuf_2)
                                         net7 (net)
                  0.05    0.00    2.11 v _289_/A1 (sky130_fd_sc_hd__o211ai_1)
     1    0.00    0.07    0.16    2.26 ^ _289_/Y (sky130_fd_sc_hd__o211ai_1)
                                         _046_ (net)
                  0.07    0.00    2.26 ^ _290_/B1 (sky130_fd_sc_hd__a31o_1)
     1    0.00    0.04    0.09    2.35 ^ _290_/X (sky130_fd_sc_hd__a31o_1)
                                         _047_ (net)
                  0.04    0.00    2.35 ^ _291_/B1 (sky130_fd_sc_hd__a21o_1)
     1    0.00    0.03    0.06    2.42 ^ _291_/X (sky130_fd_sc_hd__a21o_1)
                                         net26 (net)
                  0.03    0.00    2.42 ^ output26/A (sky130_fd_sc_hd__buf_2)
     1    0.03    0.17    0.18    2.60 ^ output26/X (sky130_fd_sc_hd__buf_2)
                                         out[6] (net)
                  0.17    0.00    2.60 ^ out[6] (out)
                                  2.60   data arrival time

                  0.00    0.00    0.00   clock __VIRTUAL_CLK__ (rise edge)
                          0.00    0.00   clock network delay (ideal)
                          0.25    0.25   clock uncertainty
                          0.00    0.25   clock reconvergence pessimism
                         -2.00   -1.75   output external delay
                                 -1.75   data required time
-----------------------------------------------------------------------------
                                 -1.75   data required time
                                 -2.60   data arrival time
-----------------------------------------------------------------------------
                                  4.35   slack (MET)


Startpoint: B[0] (input port clocked by __VIRTUAL_CLK__)
Endpoint: out[0] (output port clocked by __VIRTUAL_CLK__)
Path Group: __VIRTUAL_CLK__
Path Type: min

Fanout     Cap    Slew   Delay    Time   Description
-----------------------------------------------------------------------------
                  0.00    0.00    0.00   clock __VIRTUAL_CLK__ (rise edge)
                          0.00    0.00   clock network delay (ideal)
                          2.00    2.00 v input external delay
     1    0.00    0.01    0.01    2.01 v B[0] (in)
                                         B[0] (net)
                  0.01    0.00    2.01 v input9/A (sky130_fd_sc_hd__clkbuf_2)
     4    0.01    0.04    0.09    2.10 v input9/X (sky130_fd_sc_hd__clkbuf_2)
                                         net9 (net)
                  0.04    0.00    2.10 v _184_/A (sky130_fd_sc_hd__buf_4)
    10    0.03    0.06    0.16    2.25 v _184_/X (sky130_fd_sc_hd__buf_4)
                                         _112_ (net)
                  0.06    0.00    2.25 v _307_/A1 (sky130_fd_sc_hd__a31o_1)
     1    0.01    0.06    0.19    2.45 v _307_/X (sky130_fd_sc_hd__a31o_1)
                                         net20 (net)
                  0.06    0.00    2.45 v output20/A (sky130_fd_sc_hd__buf_2)
     1    0.04    0.09    0.18    2.63 v output20/X (sky130_fd_sc_hd__buf_2)
                                         out[0] (net)
                  0.09    0.00    2.63 v out[0] (out)
                                  2.63   data arrival time

                  0.00    0.00    0.00   clock __VIRTUAL_CLK__ (rise edge)
                          0.00    0.00   clock network delay (ideal)
                          0.25    0.25   clock uncertainty
                          0.00    0.25   clock reconvergence pessimism
                         -2.00   -1.75   output external delay
                                 -1.75   data required time
-----------------------------------------------------------------------------
                                 -1.75   data required time
                                 -2.63   data arrival time
-----------------------------------------------------------------------------
                                  4.38   slack (MET)


Startpoint: opcode[2] (input port clocked by __VIRTUAL_CLK__)
Endpoint: out[7] (output port clocked by __VIRTUAL_CLK__)
Path Group: __VIRTUAL_CLK__
Path Type: min

Fanout     Cap    Slew   Delay    Time   Description
-----------------------------------------------------------------------------
                  0.00    0.00    0.00   clock __VIRTUAL_CLK__ (rise edge)
                          0.00    0.00   clock network delay (ideal)
                          2.00    2.00 v input external delay
     1    0.00    0.01    0.01    2.01 v opcode[2] (in)
                                         opcode[2] (net)
                  0.01    0.00    2.01 v input19/A (sky130_fd_sc_hd__clkbuf_4)
     6    0.02    0.06    0.14    2.15 v input19/X (sky130_fd_sc_hd__clkbuf_4)
                                         net19 (net)
                  0.06    0.00    2.15 v _265_/A (sky130_fd_sc_hd__and3_2)
     7    0.01    0.06    0.20    2.34 v _265_/X (sky130_fd_sc_hd__and3_2)
                                         _023_ (net)
                  0.06    0.00    2.34 v _302_/A1 (sky130_fd_sc_hd__a31o_1)
     1    0.01    0.04    0.18    2.52 v _302_/X (sky130_fd_sc_hd__a31o_1)
                                         net27 (net)
                  0.04    0.00    2.52 v output27/A (sky130_fd_sc_hd__buf_2)
     1    0.03    0.09    0.17    2.69 v output27/X (sky130_fd_sc_hd__buf_2)
                                         out[7] (net)
                  0.09    0.00    2.69 v out[7] (out)
                                  2.69   data arrival time

                  0.00    0.00    0.00   clock __VIRTUAL_CLK__ (rise edge)
                          0.00    0.00   clock network delay (ideal)
                          0.25    0.25   clock uncertainty
                          0.00    0.25   clock reconvergence pessimism
                         -2.00   -1.75   output external delay
                                 -1.75   data required time
-----------------------------------------------------------------------------
                                 -1.75   data required time
                                 -2.69   data arrival time
-----------------------------------------------------------------------------
                                  4.44   slack (MET)


Startpoint: B[4] (input port clocked by __VIRTUAL_CLK__)
Endpoint: out[4] (output port clocked by __VIRTUAL_CLK__)
Path Group: __VIRTUAL_CLK__
Path Type: min

Fanout     Cap    Slew   Delay    Time   Description
-----------------------------------------------------------------------------
                  0.00    0.00    0.00   clock __VIRTUAL_CLK__ (rise edge)
                          0.00    0.00   clock network delay (ideal)
                          2.00    2.00 ^ input external delay
     1    0.00    0.02    0.01    2.01 ^ B[4] (in)
                                         B[4] (net)
                  0.02    0.00    2.01 ^ input13/A (sky130_fd_sc_hd__clkbuf_4)
     6    0.02    0.08    0.14    2.15 ^ input13/X (sky130_fd_sc_hd__clkbuf_4)
                                         net13 (net)
                  0.08    0.00    2.15 ^ _341_/A1 (sky130_fd_sc_hd__a31o_1)
     1    0.00    0.03    0.12    2.27 ^ _341_/X (sky130_fd_sc_hd__a31o_1)
                                         _092_ (net)
                  0.03    0.00    2.27 ^ _346_/B (sky130_fd_sc_hd__or3_1)
     1    0.00    0.03    0.08    2.36 ^ _346_/X (sky130_fd_sc_hd__or3_1)
                                         _097_ (net)
                  0.03    0.00    2.36 ^ _347_/A (sky130_fd_sc_hd__buf_1)
     1    0.01    0.12    0.12    2.48 ^ _347_/X (sky130_fd_sc_hd__buf_1)
                                         net24 (net)
                  0.12    0.00    2.48 ^ output24/A (sky130_fd_sc_hd__buf_2)
     1    0.03    0.17    0.21    2.69 ^ output24/X (sky130_fd_sc_hd__buf_2)
                                         out[4] (net)
                  0.17    0.00    2.69 ^ out[4] (out)
                                  2.69   data arrival time

                  0.00    0.00    0.00   clock __VIRTUAL_CLK__ (rise edge)
                          0.00    0.00   clock network delay (ideal)
                          0.25    0.25   clock uncertainty
                          0.00    0.25   clock reconvergence pessimism
                         -2.00   -1.75   output external delay
                                 -1.75   data required time
-----------------------------------------------------------------------------
                                 -1.75   data required time
                                 -2.69   data arrival time
-----------------------------------------------------------------------------
                                  4.44   slack (MET)


Startpoint: opcode[2] (input port clocked by __VIRTUAL_CLK__)
Endpoint: out[3] (output port clocked by __VIRTUAL_CLK__)
Path Group: __VIRTUAL_CLK__
Path Type: min

Fanout     Cap    Slew   Delay    Time   Description
-----------------------------------------------------------------------------
                  0.00    0.00    0.00   clock __VIRTUAL_CLK__ (rise edge)
                          0.00    0.00   clock network delay (ideal)
                          2.00    2.00 ^ input external delay
     1    0.00    0.02    0.01    2.01 ^ opcode[2] (in)
                                         opcode[2] (net)
                  0.02    0.00    2.01 ^ input19/A (sky130_fd_sc_hd__clkbuf_4)
     6    0.02    0.08    0.15    2.16 ^ input19/X (sky130_fd_sc_hd__clkbuf_4)
                                         net19 (net)
                  0.08    0.00    2.16 ^ _170_/A (sky130_fd_sc_hd__inv_2)
     2    0.01    0.04    0.05    2.21 v _170_/Y (sky130_fd_sc_hd__inv_2)
                                         _098_ (net)
                  0.04    0.00    2.21 v _172_/A (sky130_fd_sc_hd__nor2_4)
     8    0.02    0.14    0.14    2.35 ^ _172_/Y (sky130_fd_sc_hd__nor2_4)
                                         _100_ (net)
                  0.14    0.00    2.35 ^ _335_/B2 (sky130_fd_sc_hd__a221o_1)
     1    0.01    0.09    0.18    2.54 ^ _335_/X (sky130_fd_sc_hd__a221o_1)
                                         net23 (net)
                  0.09    0.00    2.54 ^ output23/A (sky130_fd_sc_hd__buf_2)
     1    0.03    0.17    0.20    2.74 ^ output23/X (sky130_fd_sc_hd__buf_2)
                                         out[3] (net)
                  0.17    0.00    2.74 ^ out[3] (out)
                                  2.74   data arrival time

                  0.00    0.00    0.00   clock __VIRTUAL_CLK__ (rise edge)
                          0.00    0.00   clock network delay (ideal)
                          0.25    0.25   clock uncertainty
                          0.00    0.25   clock reconvergence pessimism
                         -2.00   -1.75   output external delay
                                 -1.75   data required time
-----------------------------------------------------------------------------
                                 -1.75   data required time
                                 -2.74   data arrival time
-----------------------------------------------------------------------------
                                  4.49   slack (MET)


Startpoint: opcode[2] (input port clocked by __VIRTUAL_CLK__)
Endpoint: out[2] (output port clocked by __VIRTUAL_CLK__)
Path Group: __VIRTUAL_CLK__
Path Type: min

Fanout     Cap    Slew   Delay    Time   Description
-----------------------------------------------------------------------------
                  0.00    0.00    0.00   clock __VIRTUAL_CLK__ (rise edge)
                          0.00    0.00   clock network delay (ideal)
                          2.00    2.00 v input external delay
     1    0.00    0.01    0.01    2.01 v opcode[2] (in)
                                         opcode[2] (net)
                  0.01    0.00    2.01 v input19/A (sky130_fd_sc_hd__clkbuf_4)
     6    0.02    0.06    0.14    2.15 v input19/X (sky130_fd_sc_hd__clkbuf_4)
                                         net19 (net)
                  0.06    0.00    2.15 v _265_/A (sky130_fd_sc_hd__and3_2)
     7    0.01    0.06    0.20    2.34 v _265_/X (sky130_fd_sc_hd__and3_2)
                                         _023_ (net)
                  0.06    0.00    2.34 v _326_/A2 (sky130_fd_sc_hd__a31o_1)
     1    0.01    0.06    0.22    2.56 v _326_/X (sky130_fd_sc_hd__a31o_1)
                                         net22 (net)
                  0.06    0.00    2.56 v output22/A (sky130_fd_sc_hd__buf_2)
     1    0.04    0.09    0.18    2.75 v output22/X (sky130_fd_sc_hd__buf_2)
                                         out[2] (net)
                  0.09    0.00    2.75 v out[2] (out)
                                  2.75   data arrival time

                  0.00    0.00    0.00   clock __VIRTUAL_CLK__ (rise edge)
                          0.00    0.00   clock network delay (ideal)
                          0.25    0.25   clock uncertainty
                          0.00    0.25   clock reconvergence pessimism
                         -2.00   -1.75   output external delay
                                 -1.75   data required time
-----------------------------------------------------------------------------
                                 -1.75   data required time
                                 -2.75   data arrival time
-----------------------------------------------------------------------------
                                  4.50   slack (MET)


Startpoint: B[1] (input port clocked by __VIRTUAL_CLK__)
Endpoint: out[1] (output port clocked by __VIRTUAL_CLK__)
Path Group: __VIRTUAL_CLK__
Path Type: min

Fanout     Cap    Slew   Delay    Time   Description
-----------------------------------------------------------------------------
                  0.00    0.00    0.00   clock __VIRTUAL_CLK__ (rise edge)
                          0.00    0.00   clock network delay (ideal)
                          2.00    2.00 ^ input external delay
     1    0.00    0.02    0.01    2.01 ^ B[1] (in)
                                         B[1] (net)
                  0.02    0.00    2.01 ^ input10/A (sky130_fd_sc_hd__clkbuf_2)
     5    0.01    0.07    0.11    2.12 ^ input10/X (sky130_fd_sc_hd__clkbuf_2)
                                         net10 (net)
                  0.07    0.00    2.12 ^ _175_/A (sky130_fd_sc_hd__buf_4)
    10    0.03    0.11    0.16    2.28 ^ _175_/X (sky130_fd_sc_hd__buf_4)
                                         _103_ (net)
                  0.11    0.00    2.28 ^ _309_/A2 (sky130_fd_sc_hd__o22a_1)
     1    0.00    0.03    0.12    2.40 ^ _309_/X (sky130_fd_sc_hd__o22a_1)
                                         _063_ (net)
                  0.03    0.00    2.40 ^ _317_/A (sky130_fd_sc_hd__or4b_1)
     1    0.01    0.10    0.13    2.53 ^ _317_/X (sky130_fd_sc_hd__or4b_1)
                                         _071_ (net)
                  0.10    0.00    2.53 ^ _318_/A (sky130_fd_sc_hd__clkbuf_1)
     1    0.01    0.08    0.11    2.65 ^ _318_/X (sky130_fd_sc_hd__clkbuf_1)
                                         net21 (net)
                  0.08    0.00    2.65 ^ output21/A (sky130_fd_sc_hd__buf_2)
     1    0.03    0.17    0.20    2.84 ^ output21/X (sky130_fd_sc_hd__buf_2)
                                         out[1] (net)
                  0.17    0.00    2.85 ^ out[1] (out)
                                  2.85   data arrival time

                  0.00    0.00    0.00   clock __VIRTUAL_CLK__ (rise edge)
                          0.00    0.00   clock network delay (ideal)
                          0.25    0.25   clock uncertainty
                          0.00    0.25   clock reconvergence pessimism
                         -2.00   -1.75   output external delay
                                 -1.75   data required time
-----------------------------------------------------------------------------
                                 -1.75   data required time
                                 -2.85   data arrival time
-----------------------------------------------------------------------------
                                  4.60   slack (MET)



worst slack corner Typical: 4.3196
min_report_end
max_report

===========================================================================
report_checks -path_delay max (Setup)
============================================================================
======================= Typical Corner ===================================

Startpoint: B[0] (input port clocked by __VIRTUAL_CLK__)
Endpoint: out[6] (output port clocked by __VIRTUAL_CLK__)
Path Group: __VIRTUAL_CLK__
Path Type: max

Fanout     Cap    Slew   Delay    Time   Description
-----------------------------------------------------------------------------
                  0.00    0.00    0.00   clock __VIRTUAL_CLK__ (rise edge)
                          0.00    0.00   clock network delay (ideal)
                          2.00    2.00 v input external delay
     1    0.00    0.01    0.01    2.01 v B[0] (in)
                                         B[0] (net)
                  0.01    0.00    2.01 v input9/A (sky130_fd_sc_hd__clkbuf_2)
     4    0.01    0.04    0.10    2.11 v input9/X (sky130_fd_sc_hd__clkbuf_2)
                                         net9 (net)
                  0.04    0.00    2.11 v _234_/A (sky130_fd_sc_hd__or2_4)
     4    0.01    0.06    0.27    2.38 v _234_/X (sky130_fd_sc_hd__or2_4)
                                         _162_ (net)
                  0.06    0.00    2.38 v _236_/A3 (sky130_fd_sc_hd__o31a_2)
     3    0.02    0.10    0.36    2.74 v _236_/X (sky130_fd_sc_hd__o31a_2)
                                         _164_ (net)
                  0.10    0.00    2.74 v _268_/A3 (sky130_fd_sc_hd__o31a_1)
     2    0.01    0.10    0.32    3.07 v _268_/X (sky130_fd_sc_hd__o31a_1)
                                         _025_ (net)
                  0.10    0.00    3.07 v _269_/B (sky130_fd_sc_hd__xnor2_1)
     2    0.00    0.06    0.16    3.23 v _269_/Y (sky130_fd_sc_hd__xnor2_1)
                                         _026_ (net)
                  0.06    0.00    3.23 v _270_/B (sky130_fd_sc_hd__and2_1)
     3    0.01    0.06    0.19    3.41 v _270_/X (sky130_fd_sc_hd__and2_1)
                                         _027_ (net)
                  0.06    0.00    3.41 v _272_/A (sky130_fd_sc_hd__or2_4)
     2    0.01    0.06    0.27    3.69 v _272_/X (sky130_fd_sc_hd__or2_4)
                                         _029_ (net)
                  0.06    0.00    3.69 v _276_/B1 (sky130_fd_sc_hd__a311oi_4)
     3    0.02    0.33    0.37    4.06 ^ _276_/Y (sky130_fd_sc_hd__a311oi_4)
                                         _033_ (net)
                  0.33    0.00    4.06 ^ _277_/A_N (sky130_fd_sc_hd__and2b_1)
     1    0.01    0.05    0.25    4.32 v _277_/X (sky130_fd_sc_hd__and2b_1)
                                         _034_ (net)
                  0.05    0.00    4.32 v _291_/A2 (sky130_fd_sc_hd__a21o_1)
     1    0.00    0.03    0.17    4.49 v _291_/X (sky130_fd_sc_hd__a21o_1)
                                         net26 (net)
                  0.03    0.00    4.49 v output26/A (sky130_fd_sc_hd__buf_2)
     1    0.03    0.09    0.18    4.67 v output26/X (sky130_fd_sc_hd__buf_2)
                                         out[6] (net)
                  0.09    0.00    4.67 v out[6] (out)
                                  4.67   data arrival time

                  0.00   10.00   10.00   clock __VIRTUAL_CLK__ (rise edge)
                          0.00   10.00   clock network delay (ideal)
                         -0.25    9.75   clock uncertainty
                          0.00    9.75   clock reconvergence pessimism
                         -2.00    7.75   output external delay
                                  7.75   data required time
-----------------------------------------------------------------------------
                                  7.75   data required time
                                 -4.67   data arrival time
-----------------------------------------------------------------------------
                                  3.08   slack (MET)


Startpoint: B[0] (input port clocked by __VIRTUAL_CLK__)
Endpoint: out[7] (output port clocked by __VIRTUAL_CLK__)
Path Group: __VIRTUAL_CLK__
Path Type: max

Fanout     Cap    Slew   Delay    Time   Description
-----------------------------------------------------------------------------
                  0.00    0.00    0.00   clock __VIRTUAL_CLK__ (rise edge)
                          0.00    0.00   clock network delay (ideal)
                          2.00    2.00 v input external delay
     1    0.00    0.01    0.01    2.01 v B[0] (in)
                                         B[0] (net)
                  0.01    0.00    2.01 v input9/A (sky130_fd_sc_hd__clkbuf_2)
     4    0.01    0.04    0.10    2.11 v input9/X (sky130_fd_sc_hd__clkbuf_2)
                                         net9 (net)
                  0.04    0.00    2.11 v _234_/A (sky130_fd_sc_hd__or2_4)
     4    0.01    0.06    0.27    2.38 v _234_/X (sky130_fd_sc_hd__or2_4)
                                         _162_ (net)
                  0.06    0.00    2.38 v _236_/A3 (sky130_fd_sc_hd__o31a_2)
     3    0.02    0.10    0.36    2.74 v _236_/X (sky130_fd_sc_hd__o31a_2)
                                         _164_ (net)
                  0.10    0.00    2.74 v _268_/A3 (sky130_fd_sc_hd__o31a_1)
     2    0.01    0.10    0.32    3.07 v _268_/X (sky130_fd_sc_hd__o31a_1)
                                         _025_ (net)
                  0.10    0.00    3.07 v _269_/B (sky130_fd_sc_hd__xnor2_1)
     2    0.00    0.06    0.16    3.23 v _269_/Y (sky130_fd_sc_hd__xnor2_1)
                                         _026_ (net)
                  0.06    0.00    3.23 v _270_/B (sky130_fd_sc_hd__and2_1)
     3    0.01    0.06    0.19    3.41 v _270_/X (sky130_fd_sc_hd__and2_1)
                                         _027_ (net)
                  0.06    0.00    3.41 v _272_/A (sky130_fd_sc_hd__or2_4)
     2    0.01    0.06    0.27    3.69 v _272_/X (sky130_fd_sc_hd__or2_4)
                                         _029_ (net)
                  0.06    0.00    3.69 v _276_/B1 (sky130_fd_sc_hd__a311oi_4)
     3    0.02    0.33    0.37    4.06 ^ _276_/Y (sky130_fd_sc_hd__a311oi_4)
                                         _033_ (net)
                  0.33    0.00    4.06 ^ _296_/B (sky130_fd_sc_hd__or3_1)
     1    0.01    0.07    0.19    4.26 ^ _296_/X (sky130_fd_sc_hd__or3_1)
                                         _052_ (net)
                  0.07    0.00    4.26 ^ _302_/A3 (sky130_fd_sc_hd__a31o_1)
     1    0.01    0.06    0.16    4.42 ^ _302_/X (sky130_fd_sc_hd__a31o_1)
                                         net27 (net)
                  0.06    0.00    4.42 ^ output27/A (sky130_fd_sc_hd__buf_2)
     1    0.03    0.17    0.21    4.64 ^ output27/X (sky130_fd_sc_hd__buf_2)
                                         out[7] (net)
                  0.17    0.00    4.64 ^ out[7] (out)
                                  4.64   data arrival time

                  0.00   10.00   10.00   clock __VIRTUAL_CLK__ (rise edge)
                          0.00   10.00   clock network delay (ideal)
                         -0.25    9.75   clock uncertainty
                          0.00    9.75   clock reconvergence pessimism
                         -2.00    7.75   output external delay
                                  7.75   data required time
-----------------------------------------------------------------------------
                                  7.75   data required time
                                 -4.64   data arrival time
-----------------------------------------------------------------------------
                                  3.11   slack (MET)


Startpoint: B[0] (input port clocked by __VIRTUAL_CLK__)
Endpoint: out[5] (output port clocked by __VIRTUAL_CLK__)
Path Group: __VIRTUAL_CLK__
Path Type: max

Fanout     Cap    Slew   Delay    Time   Description
-----------------------------------------------------------------------------
                  0.00    0.00    0.00   clock __VIRTUAL_CLK__ (rise edge)
                          0.00    0.00   clock network delay (ideal)
                          2.00    2.00 v input external delay
     1    0.00    0.01    0.01    2.01 v B[0] (in)
                                         B[0] (net)
                  0.01    0.00    2.01 v input9/A (sky130_fd_sc_hd__clkbuf_2)
     4    0.01    0.04    0.10    2.11 v input9/X (sky130_fd_sc_hd__clkbuf_2)
                                         net9 (net)
                  0.04    0.00    2.11 v _234_/A (sky130_fd_sc_hd__or2_4)
     4    0.01    0.06    0.27    2.38 v _234_/X (sky130_fd_sc_hd__or2_4)
                                         _162_ (net)
                  0.06    0.00    2.38 v _236_/A3 (sky130_fd_sc_hd__o31a_2)
     3    0.02    0.10    0.36    2.74 v _236_/X (sky130_fd_sc_hd__o31a_2)
                                         _164_ (net)
                  0.10    0.00    2.74 v _237_/B (sky130_fd_sc_hd__xnor2_2)
     2    0.02    0.24    0.25    2.99 ^ _237_/Y (sky130_fd_sc_hd__xnor2_2)
                                         _165_ (net)
                  0.24    0.00    2.99 ^ _255_/B (sky130_fd_sc_hd__or2_1)
     1    0.01    0.08    0.17    3.16 ^ _255_/X (sky130_fd_sc_hd__or2_1)
                                         _013_ (net)
                  0.08    0.00    3.16 ^ _256_/B (sky130_fd_sc_hd__nand2_2)
     2    0.01    0.05    0.06    3.23 v _256_/Y (sky130_fd_sc_hd__nand2_2)
                                         _014_ (net)
                  0.05    0.00    3.23 v _257_/C1 (sky130_fd_sc_hd__a311o_4)
     4    0.01    0.07    0.35    3.58 v _257_/X (sky130_fd_sc_hd__a311o_4)
                                         _015_ (net)
                  0.07    0.00    3.58 v rebuffer2/A (sky130_fd_sc_hd__clkbuf_1)
     2    0.00    0.03    0.11    3.69 v rebuffer2/X (sky130_fd_sc_hd__clkbuf_1)
                                         net30 (net)
                  0.03    0.00    3.69 v rebuffer3/A (sky130_fd_sc_hd__dlymetal6s2s_1)
     1    0.00    0.04    0.13    3.82 v rebuffer3/X (sky130_fd_sc_hd__dlymetal6s2s_1)
                                         net31 (net)
                  0.04    0.00    3.82 v _263_/A2 (sky130_fd_sc_hd__a21o_1)
     1    0.01    0.04    0.19    4.01 v _263_/X (sky130_fd_sc_hd__a21o_1)
                                         _021_ (net)
                  0.04    0.00    4.01 v _266_/A (sky130_fd_sc_hd__and3_1)
     1    0.00    0.03    0.14    4.15 v _266_/X (sky130_fd_sc_hd__and3_1)
                                         _024_ (net)
                  0.03    0.00    4.15 v _267_/C1 (sky130_fd_sc_hd__a211o_1)
     1    0.01    0.08    0.27    4.42 v _267_/X (sky130_fd_sc_hd__a211o_1)
                                         net25 (net)
                  0.08    0.00    4.42 v output25/A (sky130_fd_sc_hd__buf_4)
     1    0.03    0.06    0.19    4.61 v output25/X (sky130_fd_sc_hd__buf_4)
                                         out[5] (net)
                  0.06    0.00    4.61 v out[5] (out)
                                  4.61   data arrival time

                  0.00   10.00   10.00   clock __VIRTUAL_CLK__ (rise edge)
                          0.00   10.00   clock network delay (ideal)
                         -0.25    9.75   clock uncertainty
                          0.00    9.75   clock reconvergence pessimism
                         -2.00    7.75   output external delay
                                  7.75   data required time
-----------------------------------------------------------------------------
                                  7.75   data required time
                                 -4.61   data arrival time
-----------------------------------------------------------------------------
                                  3.14   slack (MET)


Startpoint: A[2] (input port clocked by __VIRTUAL_CLK__)
Endpoint: out[4] (output port clocked by __VIRTUAL_CLK__)
Path Group: __VIRTUAL_CLK__
Path Type: max

Fanout     Cap    Slew   Delay    Time   Description
-----------------------------------------------------------------------------
                  0.00    0.00    0.00   clock __VIRTUAL_CLK__ (rise edge)
                          0.00    0.00   clock network delay (ideal)
                          2.00    2.00 v input external delay
     1    0.00    0.01    0.01    2.01 v A[2] (in)
                                         A[2] (net)
                  0.01    0.00    2.01 v input3/A (sky130_fd_sc_hd__buf_2)
     4    0.03    0.07    0.16    2.16 v input3/X (sky130_fd_sc_hd__buf_2)
                                         net3 (net)
                  0.07    0.00    2.17 v _186_/C (sky130_fd_sc_hd__and4_2)
     3    0.01    0.05    0.25    2.42 v _186_/X (sky130_fd_sc_hd__and4_2)
                                         _114_ (net)
                  0.05    0.00    2.42 v _192_/A (sky130_fd_sc_hd__or3_1)
     2    0.01    0.10    0.43    2.85 v _192_/X (sky130_fd_sc_hd__or3_1)
                                         _120_ (net)
                  0.10    0.00    2.85 v _197_/A1 (sky130_fd_sc_hd__a21o_1)
     2    0.01    0.06    0.21    3.06 v _197_/X (sky130_fd_sc_hd__a21o_1)
                                         _125_ (net)
                  0.06    0.00    3.06 v _199_/A3 (sky130_fd_sc_hd__a31o_2)
     2    0.02    0.07    0.31    3.37 v _199_/X (sky130_fd_sc_hd__a31o_2)
                                         _127_ (net)
                  0.07    0.00    3.37 v _201_/B (sky130_fd_sc_hd__xor2_2)
     2    0.01    0.07    0.16    3.53 v _201_/X (sky130_fd_sc_hd__xor2_2)
                                         _129_ (net)
                  0.07    0.00    3.53 v _342_/B1 (sky130_fd_sc_hd__a21o_1)
     1    0.00    0.03    0.16    3.69 v _342_/X (sky130_fd_sc_hd__a21o_1)
                                         _093_ (net)
                  0.03    0.00    3.69 v _345_/A3 (sky130_fd_sc_hd__a31o_1)
     1    0.00    0.03    0.20    3.90 v _345_/X (sky130_fd_sc_hd__a31o_1)
                                         _096_ (net)
                  0.03    0.00    3.90 v _346_/C (sky130_fd_sc_hd__or3_1)
     1    0.00    0.06    0.30    4.20 v _346_/X (sky130_fd_sc_hd__or3_1)
                                         _097_ (net)
                  0.06    0.00    4.20 v _347_/A (sky130_fd_sc_hd__buf_1)
     1    0.01    0.06    0.13    4.33 v _347_/X (sky130_fd_sc_hd__buf_1)
                                         net24 (net)
                  0.06    0.00    4.33 v output24/A (sky130_fd_sc_hd__buf_2)
     1    0.03    0.09    0.20    4.53 v output24/X (sky130_fd_sc_hd__buf_2)
                                         out[4] (net)
                  0.09    0.00    4.53 v out[4] (out)
                                  4.53   data arrival time

                  0.00   10.00   10.00   clock __VIRTUAL_CLK__ (rise edge)
                          0.00   10.00   clock network delay (ideal)
                         -0.25    9.75   clock uncertainty
                          0.00    9.75   clock reconvergence pessimism
                         -2.00    7.75   output external delay
                                  7.75   data required time
-----------------------------------------------------------------------------
                                  7.75   data required time
                                 -4.53   data arrival time
-----------------------------------------------------------------------------
                                  3.22   slack (MET)


Startpoint: opcode[0] (input port clocked by __VIRTUAL_CLK__)
Endpoint: out[3] (output port clocked by __VIRTUAL_CLK__)
Path Group: __VIRTUAL_CLK__
Path Type: max

Fanout     Cap    Slew   Delay    Time   Description
-----------------------------------------------------------------------------
                  0.00    0.00    0.00   clock __VIRTUAL_CLK__ (rise edge)
                          0.00    0.00   clock network delay (ideal)
                          2.00    2.00 v input external delay
     1    0.00    0.01    0.00    2.00 v opcode[0] (in)
                                         opcode[0] (net)
                  0.01    0.00    2.00 v input17/A (sky130_fd_sc_hd__buf_2)
     5    0.01    0.05    0.13    2.14 v input17/X (sky130_fd_sc_hd__buf_2)
                                         net17 (net)
                  0.05    0.00    2.14 v _235_/A_N (sky130_fd_sc_hd__nand3b_4)
     8    0.02    0.08    0.19    2.32 v _235_/Y (sky130_fd_sc_hd__nand3b_4)
                                         _163_ (net)
                  0.08    0.00    2.32 v _242_/A (sky130_fd_sc_hd__and3_4)
     2    0.01    0.04    0.17    2.50 v _242_/X (sky130_fd_sc_hd__and3_4)
                                         _000_ (net)
                  0.04    0.00    2.50 v _245_/B (sky130_fd_sc_hd__or3_4)
     2    0.00    0.06    0.37    2.86 v _245_/X (sky130_fd_sc_hd__or3_4)
                                         _003_ (net)
                  0.06    0.00    2.86 v _247_/B (sky130_fd_sc_hd__and3b_2)
     3    0.02    0.07    0.25    3.12 v _247_/X (sky130_fd_sc_hd__and3b_2)
                                         _005_ (net)
                  0.07    0.00    3.12 v _250_/A1 (sky130_fd_sc_hd__o21ai_4)
     4    0.01    0.15    0.20    3.32 ^ _250_/Y (sky130_fd_sc_hd__o21ai_4)
                                         _008_ (net)
                  0.15    0.00    3.32 ^ _328_/B (sky130_fd_sc_hd__nand2_1)
     1    0.01    0.11    0.14    3.45 v _328_/Y (sky130_fd_sc_hd__nand2_1)
                                         _080_ (net)
                  0.11    0.00    3.46 v _329_/B (sky130_fd_sc_hd__xnor2_1)
     1    0.01    0.07    0.18    3.63 v _329_/Y (sky130_fd_sc_hd__xnor2_1)
                                         _081_ (net)
                  0.07    0.00    3.63 v _335_/A2 (sky130_fd_sc_hd__a221o_1)
     1    0.01    0.08    0.40    4.03 v _335_/X (sky130_fd_sc_hd__a221o_1)
                                         net23 (net)
                  0.08    0.00    4.03 v output23/A (sky130_fd_sc_hd__buf_2)
     1    0.03    0.09    0.20    4.24 v output23/X (sky130_fd_sc_hd__buf_2)
                                         out[3] (net)
                  0.09    0.00    4.24 v out[3] (out)
                                  4.24   data arrival time

                  0.00   10.00   10.00   clock __VIRTUAL_CLK__ (rise edge)
                          0.00   10.00   clock network delay (ideal)
                         -0.25    9.75   clock uncertainty
                          0.00    9.75   clock reconvergence pessimism
                         -2.00    7.75   output external delay
                                  7.75   data required time
-----------------------------------------------------------------------------
                                  7.75   data required time
                                 -4.24   data arrival time
-----------------------------------------------------------------------------
                                  3.51   slack (MET)


Startpoint: opcode[0] (input port clocked by __VIRTUAL_CLK__)
Endpoint: out[1] (output port clocked by __VIRTUAL_CLK__)
Path Group: __VIRTUAL_CLK__
Path Type: max

Fanout     Cap    Slew   Delay    Time   Description
-----------------------------------------------------------------------------
                  0.00    0.00    0.00   clock __VIRTUAL_CLK__ (rise edge)
                          0.00    0.00   clock network delay (ideal)
                          2.00    2.00 v input external delay
     1    0.00    0.01    0.00    2.00 v opcode[0] (in)
                                         opcode[0] (net)
                  0.01    0.00    2.00 v input17/A (sky130_fd_sc_hd__buf_2)
     5    0.01    0.05    0.13    2.14 v input17/X (sky130_fd_sc_hd__buf_2)
                                         net17 (net)
                  0.05    0.00    2.14 v _235_/A_N (sky130_fd_sc_hd__nand3b_4)
     8    0.02    0.08    0.19    2.32 v _235_/Y (sky130_fd_sc_hd__nand3b_4)
                                         _163_ (net)
                  0.08    0.00    2.32 v rebuffer5/A (sky130_fd_sc_hd__buf_2)
     1    0.00    0.03    0.14    2.47 v rebuffer5/X (sky130_fd_sc_hd__buf_2)
                                         net33 (net)
                  0.03    0.00    2.47 v _243_/A2 (sky130_fd_sc_hd__a21oi_2)
     2    0.01    0.17    0.20    2.66 ^ _243_/Y (sky130_fd_sc_hd__a21oi_2)
                                         _001_ (net)
                  0.17    0.00    2.66 ^ _244_/A2 (sky130_fd_sc_hd__o21a_2)
     4    0.01    0.09    0.19    2.85 ^ _244_/X (sky130_fd_sc_hd__o21a_2)
                                         _002_ (net)
                  0.09    0.00    2.85 ^ _314_/A_N (sky130_fd_sc_hd__and2b_1)
     1    0.01    0.05    0.21    3.06 v _314_/X (sky130_fd_sc_hd__and2b_1)
                                         _068_ (net)
                  0.05    0.00    3.06 v _315_/A (sky130_fd_sc_hd__nor2_1)
     1    0.00    0.07    0.09    3.16 ^ _315_/Y (sky130_fd_sc_hd__nor2_1)
                                         _069_ (net)
                  0.07    0.00    3.16 ^ _316_/B (sky130_fd_sc_hd__or3b_1)
     1    0.00    0.05    0.12    3.27 ^ _316_/X (sky130_fd_sc_hd__or3b_1)
                                         _070_ (net)
                  0.05    0.00    3.28 ^ _317_/D_N (sky130_fd_sc_hd__or4b_1)
     1    0.01    0.13    0.52    3.80 v _317_/X (sky130_fd_sc_hd__or4b_1)
                                         _071_ (net)
                  0.13    0.00    3.80 v _318_/A (sky130_fd_sc_hd__clkbuf_1)
     1    0.01    0.04    0.14    3.94 v _318_/X (sky130_fd_sc_hd__clkbuf_1)
                                         net21 (net)
                  0.04    0.00    3.94 v output21/A (sky130_fd_sc_hd__buf_2)
     1    0.03    0.09    0.19    4.13 v output21/X (sky130_fd_sc_hd__buf_2)
                                         out[1] (net)
                  0.09    0.00    4.13 v out[1] (out)
                                  4.13   data arrival time

                  0.00   10.00   10.00   clock __VIRTUAL_CLK__ (rise edge)
                          0.00   10.00   clock network delay (ideal)
                         -0.25    9.75   clock uncertainty
                          0.00    9.75   clock reconvergence pessimism
                         -2.00    7.75   output external delay
                                  7.75   data required time
-----------------------------------------------------------------------------
                                  7.75   data required time
                                 -4.13   data arrival time
-----------------------------------------------------------------------------
                                  3.62   slack (MET)


Startpoint: opcode[0] (input port clocked by __VIRTUAL_CLK__)
Endpoint: out[2] (output port clocked by __VIRTUAL_CLK__)
Path Group: __VIRTUAL_CLK__
Path Type: max

Fanout     Cap    Slew   Delay    Time   Description
-----------------------------------------------------------------------------
                  0.00    0.00    0.00   clock __VIRTUAL_CLK__ (rise edge)
                          0.00    0.00   clock network delay (ideal)
                          2.00    2.00 ^ input external delay
     1    0.00    0.02    0.01    2.01 ^ opcode[0] (in)
                                         opcode[0] (net)
                  0.02    0.00    2.01 ^ input17/A (sky130_fd_sc_hd__buf_2)
     5    0.01    0.08    0.13    2.14 ^ input17/X (sky130_fd_sc_hd__buf_2)
                                         net17 (net)
                  0.08    0.00    2.14 ^ _235_/A_N (sky130_fd_sc_hd__nand3b_4)
     8    0.02    0.09    0.16    2.31 ^ _235_/Y (sky130_fd_sc_hd__nand3b_4)
                                         _163_ (net)
                  0.09    0.00    2.31 ^ rebuffer4/A (sky130_fd_sc_hd__dlygate4sd1_1)
     2    0.01    0.08    0.24    2.55 ^ rebuffer4/X (sky130_fd_sc_hd__dlygate4sd1_1)
                                         net32 (net)
                  0.08    0.00    2.55 ^ _239_/A1 (sky130_fd_sc_hd__a21oi_2)
     2    0.01    0.04    0.06    2.61 v _239_/Y (sky130_fd_sc_hd__a21oi_2)
                                         _167_ (net)
                  0.04    0.00    2.61 v _248_/B (sky130_fd_sc_hd__or3_1)
     1    0.01    0.08    0.38    2.99 v _248_/X (sky130_fd_sc_hd__or3_1)
                                         _006_ (net)
                  0.08    0.00    2.99 v _249_/B (sky130_fd_sc_hd__and2_4)
     2    0.01    0.04    0.19    3.18 v _249_/X (sky130_fd_sc_hd__and2_4)
                                         _007_ (net)
                  0.04    0.00    3.18 v _319_/A (sky130_fd_sc_hd__or3_1)
     1    0.00    0.07    0.39    3.57 v _319_/X (sky130_fd_sc_hd__or3_1)
                                         _072_ (net)
                  0.07    0.00    3.57 v _326_/A3 (sky130_fd_sc_hd__a31o_1)
     1    0.01    0.06    0.26    3.83 v _326_/X (sky130_fd_sc_hd__a31o_1)
                                         net22 (net)
                  0.06    0.00    3.83 v output22/A (sky130_fd_sc_hd__buf_2)
     1    0.04    0.09    0.20    4.03 v output22/X (sky130_fd_sc_hd__buf_2)
                                         out[2] (net)
                  0.09    0.00    4.03 v out[2] (out)
                                  4.03   data arrival time

                  0.00   10.00   10.00   clock __VIRTUAL_CLK__ (rise edge)
                          0.00   10.00   clock network delay (ideal)
                         -0.25    9.75   clock uncertainty
                          0.00    9.75   clock reconvergence pessimism
                         -2.00    7.75   output external delay
                                  7.75   data required time
-----------------------------------------------------------------------------
                                  7.75   data required time
                                 -4.03   data arrival time
-----------------------------------------------------------------------------
                                  3.72   slack (MET)


Startpoint: opcode[1] (input port clocked by __VIRTUAL_CLK__)
Endpoint: out[0] (output port clocked by __VIRTUAL_CLK__)
Path Group: __VIRTUAL_CLK__
Path Type: max

Fanout     Cap    Slew   Delay    Time   Description
-----------------------------------------------------------------------------
                  0.00    0.00    0.00   clock __VIRTUAL_CLK__ (rise edge)
                          0.00    0.00   clock network delay (ideal)
                          2.00    2.00 v input external delay
     1    0.00    0.01    0.00    2.00 v opcode[1] (in)
                                         opcode[1] (net)
                  0.01    0.00    2.00 v input18/A (sky130_fd_sc_hd__clkbuf_4)
     6    0.02    0.06    0.15    2.16 v input18/X (sky130_fd_sc_hd__clkbuf_4)
                                         net18 (net)
                  0.06    0.00    2.16 v _171_/B (sky130_fd_sc_hd__or2_2)
     4    0.02    0.09    0.35    2.50 v _171_/X (sky130_fd_sc_hd__or2_2)
                                         _099_ (net)
                  0.09    0.00    2.51 v _224_/B (sky130_fd_sc_hd__or2_1)
     1    0.01    0.07    0.26    2.77 v _224_/X (sky130_fd_sc_hd__or2_1)
                                         _152_ (net)
                  0.07    0.00    2.77 v _225_/A (sky130_fd_sc_hd__buf_2)
     8    0.03    0.09    0.20    2.97 v _225_/X (sky130_fd_sc_hd__buf_2)
                                         _153_ (net)
                  0.09    0.00    2.97 v _306_/A2 (sky130_fd_sc_hd__o21ai_1)
     1    0.00    0.10    0.13    3.10 ^ _306_/Y (sky130_fd_sc_hd__o21ai_1)
                                         _061_ (net)
                  0.10    0.00    3.10 ^ _307_/B1 (sky130_fd_sc_hd__a31o_1)
     1    0.01    0.09    0.15    3.25 ^ _307_/X (sky130_fd_sc_hd__a31o_1)
                                         net20 (net)
                  0.09    0.00    3.25 ^ output20/A (sky130_fd_sc_hd__buf_2)
     1    0.04    0.18    0.23    3.48 ^ output20/X (sky130_fd_sc_hd__buf_2)
                                         out[0] (net)
                  0.18    0.00    3.48 ^ out[0] (out)
                                  3.48   data arrival time

                  0.00   10.00   10.00   clock __VIRTUAL_CLK__ (rise edge)
                          0.00   10.00   clock network delay (ideal)
                         -0.25    9.75   clock uncertainty
                          0.00    9.75   clock reconvergence pessimism
                         -2.00    7.75   output external delay
                                  7.75   data required time
-----------------------------------------------------------------------------
                                  7.75   data required time
                                 -3.48   data arrival time
-----------------------------------------------------------------------------
                                  4.27   slack (MET)



worst slack corner Typical: 3.0763
max_report_end
checks_report

===========================================================================
report_checks -unconstrained
===========================================================================
======================= Typical Corner ===================================

Startpoint: B[0] (input port clocked by __VIRTUAL_CLK__)
Endpoint: out[6] (output port clocked by __VIRTUAL_CLK__)
Path Group: __VIRTUAL_CLK__
Path Type: max

Fanout     Cap    Slew   Delay    Time   Description
-----------------------------------------------------------------------------
                  0.00    0.00    0.00   clock __VIRTUAL_CLK__ (rise edge)
                          0.00    0.00   clock network delay (ideal)
                          2.00    2.00 v input external delay
     1    0.00    0.01    0.01    2.01 v B[0] (in)
                                         B[0] (net)
                  0.01    0.00    2.01 v input9/A (sky130_fd_sc_hd__clkbuf_2)
     4    0.01    0.04    0.10    2.11 v input9/X (sky130_fd_sc_hd__clkbuf_2)
                                         net9 (net)
                  0.04    0.00    2.11 v _234_/A (sky130_fd_sc_hd__or2_4)
     4    0.01    0.06    0.27    2.38 v _234_/X (sky130_fd_sc_hd__or2_4)
                                         _162_ (net)
                  0.06    0.00    2.38 v _236_/A3 (sky130_fd_sc_hd__o31a_2)
     3    0.02    0.10    0.36    2.74 v _236_/X (sky130_fd_sc_hd__o31a_2)
                                         _164_ (net)
                  0.10    0.00    2.74 v _268_/A3 (sky130_fd_sc_hd__o31a_1)
     2    0.01    0.10    0.32    3.07 v _268_/X (sky130_fd_sc_hd__o31a_1)
                                         _025_ (net)
                  0.10    0.00    3.07 v _269_/B (sky130_fd_sc_hd__xnor2_1)
     2    0.00    0.06    0.16    3.23 v _269_/Y (sky130_fd_sc_hd__xnor2_1)
                                         _026_ (net)
                  0.06    0.00    3.23 v _270_/B (sky130_fd_sc_hd__and2_1)
     3    0.01    0.06    0.19    3.41 v _270_/X (sky130_fd_sc_hd__and2_1)
                                         _027_ (net)
                  0.06    0.00    3.41 v _272_/A (sky130_fd_sc_hd__or2_4)
     2    0.01    0.06    0.27    3.69 v _272_/X (sky130_fd_sc_hd__or2_4)
                                         _029_ (net)
                  0.06    0.00    3.69 v _276_/B1 (sky130_fd_sc_hd__a311oi_4)
     3    0.02    0.33    0.37    4.06 ^ _276_/Y (sky130_fd_sc_hd__a311oi_4)
                                         _033_ (net)
                  0.33    0.00    4.06 ^ _277_/A_N (sky130_fd_sc_hd__and2b_1)
     1    0.01    0.05    0.25    4.32 v _277_/X (sky130_fd_sc_hd__and2b_1)
                                         _034_ (net)
                  0.05    0.00    4.32 v _291_/A2 (sky130_fd_sc_hd__a21o_1)
     1    0.00    0.03    0.17    4.49 v _291_/X (sky130_fd_sc_hd__a21o_1)
                                         net26 (net)
                  0.03    0.00    4.49 v output26/A (sky130_fd_sc_hd__buf_2)
     1    0.03    0.09    0.18    4.67 v output26/X (sky130_fd_sc_hd__buf_2)
                                         out[6] (net)
                  0.09    0.00    4.67 v out[6] (out)
                                  4.67   data arrival time

                  0.00   10.00   10.00   clock __VIRTUAL_CLK__ (rise edge)
                          0.00   10.00   clock network delay (ideal)
                         -0.25    9.75   clock uncertainty
                          0.00    9.75   clock reconvergence pessimism
                         -2.00    7.75   output external delay
                                  7.75   data required time
-----------------------------------------------------------------------------
                                  7.75   data required time
                                 -4.67   data arrival time
-----------------------------------------------------------------------------
                                  3.08   slack (MET)




===========================================================================
report_checks --slack_max -0.01
============================================================================
======================= Typical Corner ===================================

No paths found.


===========================================================================
 report_check_types -max_slew -max_cap -max_fanout -violators
============================================================================
======================= Typical Corner ===================================


max slew violations count Typical: 0
max fanout violations count Typical: 0
max cap violations count Typical: 0

===========================================================================
report_parasitic_annotation -report_unannotated
============================================================================
Found 5 unannotated drivers.
 rebuffer1/X
 rebuffer2/X
 rebuffer3/X
 rebuffer4/X
 rebuffer5/X
Found 135 partially unannotated drivers.
 A[7]
 B[3]
 B[5]
 opcode[1]
 _170_/Y
 _171_/X
 _172_/Y
 _173_/X
 _174_/Y
 _175_/X
 _176_/X
 _177_/Y
 _178_/X
 _179_/X
 _181_/X
 _182_/Y
 _183_/Y
 _184_/X
 _185_/Y
 _186_/X
 _187_/Y
 _188_/Y
 _190_/X
 _191_/X
 _193_/Y
 _195_/X
 _196_/X
 _197_/X
 _200_/Y
 _201_/X
 _204_/Y
 _205_/X
 _206_/X
 _207_/Y
 _208_/X
 _209_/Y
 _210_/Y
 _211_/X
 _213_/X
 _215_/Y
 _217_/Y
 _218_/X
 _219_/Y
 _221_/Y
 _222_/Y
 _223_/Y
 _227_/Y
 _228_/Y
 _229_/X
 _232_/X
 _234_/X
 _235_/Y
 _239_/Y
 _240_/X
 _241_/Y
 _242_/X
 _243_/Y
 _244_/X
 _245_/X
 _249_/X
 _250_/Y
 _251_/X
 _253_/Y
 _254_/Y
 _256_/Y
 _257_/X
 _259_/Y
 _261_/Y
 _265_/X
 _266_/X
 _269_/Y
 _270_/X
 _272_/X
 _274_/X
 _278_/Y
 _280_/X
 _281_/Y
 _282_/X
 _283_/X
 _284_/Y
 _286_/Y
 _289_/Y
 _290_/X
 _291_/X
 _294_/X
 _295_/Y
 _298_/X
 _299_/Y
 _300_/X
 _301_/X
 _303_/X
 _304_/Y
 _306_/Y
 _307_/X
 _309_/X
 _310_/X
 _311_/X
 _315_/Y
 _320_/Y
 _321_/Y
 _325_/Y
 _326_/X
 _327_/X
 _330_/X
 _331_/Y
 _332_/X
 _333_/Y
 _334_/X
 _335_/X
 _336_/X
 _337_/Y
 _338_/X
 _340_/X
 _341_/X
 _342_/X
 _344_/Y
 _345_/X
 _346_/X
 input10/X
 input11/X
 input12/X
 input13/X
 input14/X
 input15/X
 input16/X
 input17/X
 input18/X
 input19/X
 input2/X
 input4/X
 input5/X
 input7/X
 input8/X
 input9/X
 wire28/X

===========================================================================
max slew violation count 0
max fanout violation count 0
max cap violation count 0
============================================================================

===========================================================================
check_setup -verbose -unconstrained_endpoints -multiple_clock -no_clock -no_input_delay -loops -generated_clocks
===========================================================================
checks_report_end
power_report

===========================================================================
 report_power
============================================================================
======================= Typical Corner ===================================

Group                  Internal  Switching    Leakage      Total
                          Power      Power      Power      Power (Watts)
----------------------------------------------------------------
Sequential             0.00e+00   0.00e+00   0.00e+00   0.00e+00   0.0%
Combinational          4.79e-05   5.96e-05   7.87e-10   1.07e-04 100.0%
Clock                  0.00e+00   0.00e+00   1.81e-10   1.81e-10   0.0%
Macro                  0.00e+00   0.00e+00   0.00e+00   0.00e+00   0.0%
Pad                    0.00e+00   0.00e+00   0.00e+00   0.00e+00   0.0%
----------------------------------------------------------------
Total                  4.79e-05   5.96e-05   9.68e-10   1.07e-04 100.0%
                          44.6%      55.4%       0.0%

power_report_end
summary_report

===========================================================================
report_tns
============================================================================
tns 0.00

===========================================================================
report_wns
============================================================================
wns 0.00

===========================================================================
report_worst_slack -max (Setup)
============================================================================
worst slack 3.08

===========================================================================
report_worst_slack -min (Hold)
============================================================================
worst slack 4.32
summary_report_end
area_report

===========================================================================
report_design_area
============================================================================
Design area 1757 u^2 26% utilization.
area_report_end
check_nonpropagated_clocks
__VIRTUAL_CLK__
check_nonpropagated_clocks_end
[WARNING] Did not save OpenROAD database!
Writing SDF to '/openlane/designs/alu/runs/RUN_2025.05.04_08.56.33/results/signoff/alu.sdf'…
Writing timing model to '/openlane/designs/alu/runs/RUN_2025.05.04_08.56.33/results/signoff/alu.lib'…
