OpenROAD b16bda7e82721d10566ff7e2b68f1ff0be9f9e38 
Features included (+) or not (-): +Charts +GPU +GUI +Python
This program is licensed under the BSD-3 license. See the LICENSE file for details.
Components of this program may be licensed under more restrictive licenses which must be honored.
define_corners Typical
read_liberty -corner Typical /home/kagan/.volare/sky130A/libs.ref/sky130_fd_sc_hd/lib/sky130_fd_sc_hd__tt_025C_1v80.lib
Using 1e-12 for capacitance...
Using 1e+03 for resistance...
Using 1e-09 for time...
Using 1e+00 for voltage...
Using 1e-03 for current...
Using 1e-09 for power...
Using 1e-06 for distance...
[INFO]: Reading ODB at '/openlane/designs/alu/runs/RUN_2025.05.04_08.56.33/tmp/routing/18-global.odb'…
Reading design constraints file at '/openlane/scripts/base.sdc'…
[INFO]: Setting output delay to: 2.0
[INFO]: Setting input delay to: 2.0
[WARNING STA-0366] port '__VIRTUAL_CLK__' not found.
[INFO]: Setting load to: 0.033442
[INFO]: Setting clock uncertainty to: 0.25
[INFO]: Setting clock transition to: 0.15
[WARNING STA-0419] transition time can not be specified for virtual clocks.
[INFO]: Setting timing derate to: 5.0 %
[INFO]: Propagating all clocks
[WARNING STA-0450] virtual clock __VIRTUAL_CLK__ can not be propagated.
min_report

===========================================================================
report_checks -path_delay min (Hold)
============================================================================
======================= Typical Corner ===================================

Startpoint: B[5] (input port clocked by __VIRTUAL_CLK__)
Endpoint: out[5] (output port clocked by __VIRTUAL_CLK__)
Path Group: __VIRTUAL_CLK__
Path Type: min

Fanout     Cap    Slew   Delay    Time   Description
-----------------------------------------------------------------------------
                  0.00    0.00    0.00   clock __VIRTUAL_CLK__ (rise edge)
                          0.00    0.00   clock network delay (ideal)
                          2.00    2.00 ^ input external delay
     1    0.00    0.02    0.01    2.01 ^ B[5] (in)
                                         B[5] (net)
                  0.02    0.00    2.01 ^ input14/A (sky130_fd_sc_hd__buf_2)
     5    0.01    0.08    0.12    2.12 ^ input14/X (sky130_fd_sc_hd__buf_2)
                                         net14 (net)
                  0.08    0.00    2.12 ^ _233_/A1 (sky130_fd_sc_hd__a311o_1)
     1    0.00    0.05    0.14    2.26 ^ _233_/X (sky130_fd_sc_hd__a311o_1)
                                         _161_ (net)
                  0.05    0.00    2.26 ^ _267_/B1 (sky130_fd_sc_hd__a211o_1)
     1    0.00    0.04    0.08    2.35 ^ _267_/X (sky130_fd_sc_hd__a211o_1)
                                         net25 (net)
                  0.04    0.00    2.35 ^ output25/A (sky130_fd_sc_hd__buf_4)
     1    0.03    0.10    0.14    2.49 ^ output25/X (sky130_fd_sc_hd__buf_4)
                                         out[5] (net)
                  0.10    0.00    2.49 ^ out[5] (out)
                                  2.49   data arrival time

                  0.00    0.00    0.00   clock __VIRTUAL_CLK__ (rise edge)
                          0.00    0.00   clock network delay (ideal)
                          0.25    0.25   clock uncertainty
                          0.00    0.25   clock reconvergence pessimism
                         -2.00   -1.75   output external delay
                                 -1.75   data required time
-----------------------------------------------------------------------------
                                 -1.75   data required time
                                 -2.49   data arrival time
-----------------------------------------------------------------------------
                                  4.24   slack (MET)


Startpoint: B[0] (input port clocked by __VIRTUAL_CLK__)
Endpoint: out[0] (output port clocked by __VIRTUAL_CLK__)
Path Group: __VIRTUAL_CLK__
Path Type: min

Fanout     Cap    Slew   Delay    Time   Description
-----------------------------------------------------------------------------
                  0.00    0.00    0.00   clock __VIRTUAL_CLK__ (rise edge)
                          0.00    0.00   clock network delay (ideal)
                          2.00    2.00 ^ input external delay
     1    0.00    0.02    0.01    2.01 ^ B[0] (in)
                                         B[0] (net)
                  0.02    0.00    2.01 ^ input9/A (sky130_fd_sc_hd__clkbuf_2)
     4    0.01    0.06    0.10    2.11 ^ input9/X (sky130_fd_sc_hd__clkbuf_2)
                                         net9 (net)
                  0.06    0.00    2.11 ^ _184_/A (sky130_fd_sc_hd__buf_4)
    10    0.03    0.10    0.15    2.26 ^ _184_/X (sky130_fd_sc_hd__buf_4)
                                         _112_ (net)
                  0.10    0.00    2.26 ^ _307_/A1 (sky130_fd_sc_hd__a31o_1)
     2    0.00    0.04    0.13    2.39 ^ _307_/X (sky130_fd_sc_hd__a31o_1)
                                         net20 (net)
                  0.04    0.00    2.39 ^ output20/A (sky130_fd_sc_hd__buf_2)
     1    0.03    0.17    0.18    2.57 ^ output20/X (sky130_fd_sc_hd__buf_2)
                                         out[0] (net)
                  0.17    0.00    2.57 ^ out[0] (out)
                                  2.57   data arrival time

                  0.00    0.00    0.00   clock __VIRTUAL_CLK__ (rise edge)
                          0.00    0.00   clock network delay (ideal)
                          0.25    0.25   clock uncertainty
                          0.00    0.25   clock reconvergence pessimism
                         -2.00   -1.75   output external delay
                                 -1.75   data required time
-----------------------------------------------------------------------------
                                 -1.75   data required time
                                 -2.57   data arrival time
-----------------------------------------------------------------------------
                                  4.32   slack (MET)


Startpoint: A[6] (input port clocked by __VIRTUAL_CLK__)
Endpoint: out[6] (output port clocked by __VIRTUAL_CLK__)
Path Group: __VIRTUAL_CLK__
Path Type: min

Fanout     Cap    Slew   Delay    Time   Description
-----------------------------------------------------------------------------
                  0.00    0.00    0.00   clock __VIRTUAL_CLK__ (rise edge)
                          0.00    0.00   clock network delay (ideal)
                          2.00    2.00 v input external delay
     1    0.00    0.01    0.00    2.00 v A[6] (in)
                                         A[6] (net)
                  0.01    0.00    2.00 v input7/A (sky130_fd_sc_hd__clkbuf_2)
     5    0.01    0.05    0.10    2.10 v input7/X (sky130_fd_sc_hd__clkbuf_2)
                                         net7 (net)
                  0.05    0.00    2.10 v _289_/A1 (sky130_fd_sc_hd__o211ai_1)
     1    0.00    0.07    0.16    2.26 ^ _289_/Y (sky130_fd_sc_hd__o211ai_1)
                                         _046_ (net)
                  0.07    0.00    2.26 ^ _290_/B1 (sky130_fd_sc_hd__a31o_1)
     1    0.00    0.04    0.09    2.35 ^ _290_/X (sky130_fd_sc_hd__a31o_1)
                                         _047_ (net)
                  0.04    0.00    2.35 ^ _291_/B1 (sky130_fd_sc_hd__a21o_1)
     1    0.00    0.03    0.06    2.41 ^ _291_/X (sky130_fd_sc_hd__a21o_1)
                                         net26 (net)
                  0.03    0.00    2.41 ^ output26/A (sky130_fd_sc_hd__buf_2)
     1    0.03    0.17    0.18    2.59 ^ output26/X (sky130_fd_sc_hd__buf_2)
                                         out[6] (net)
                  0.17    0.00    2.59 ^ out[6] (out)
                                  2.59   data arrival time

                  0.00    0.00    0.00   clock __VIRTUAL_CLK__ (rise edge)
                          0.00    0.00   clock network delay (ideal)
                          0.25    0.25   clock uncertainty
                          0.00    0.25   clock reconvergence pessimism
                         -2.00   -1.75   output external delay
                                 -1.75   data required time
-----------------------------------------------------------------------------
                                 -1.75   data required time
                                 -2.59   data arrival time
-----------------------------------------------------------------------------
                                  4.34   slack (MET)


Startpoint: B[4] (input port clocked by __VIRTUAL_CLK__)
Endpoint: out[4] (output port clocked by __VIRTUAL_CLK__)
Path Group: __VIRTUAL_CLK__
Path Type: min

Fanout     Cap    Slew   Delay    Time   Description
-----------------------------------------------------------------------------
                  0.00    0.00    0.00   clock __VIRTUAL_CLK__ (rise edge)
                          0.00    0.00   clock network delay (ideal)
                          2.00    2.00 ^ input external delay
     1    0.00    0.02    0.01    2.01 ^ B[4] (in)
                                         B[4] (net)
                  0.02    0.00    2.01 ^ input13/A (sky130_fd_sc_hd__clkbuf_4)
     6    0.02    0.08    0.14    2.15 ^ input13/X (sky130_fd_sc_hd__clkbuf_4)
                                         net13 (net)
                  0.08    0.00    2.15 ^ _341_/A1 (sky130_fd_sc_hd__a31o_1)
     1    0.00    0.03    0.12    2.27 ^ _341_/X (sky130_fd_sc_hd__a31o_1)
                                         _092_ (net)
                  0.03    0.00    2.27 ^ _346_/B (sky130_fd_sc_hd__or3_1)
     1    0.00    0.03    0.08    2.35 ^ _346_/X (sky130_fd_sc_hd__or3_1)
                                         _097_ (net)
                  0.03    0.00    2.35 ^ _347_/A (sky130_fd_sc_hd__buf_1)
     1    0.00    0.03    0.07    2.41 ^ _347_/X (sky130_fd_sc_hd__buf_1)
                                         net24 (net)
                  0.03    0.00    2.41 ^ output24/A (sky130_fd_sc_hd__buf_2)
     1    0.03    0.17    0.18    2.59 ^ output24/X (sky130_fd_sc_hd__buf_2)
                                         out[4] (net)
                  0.17    0.00    2.59 ^ out[4] (out)
                                  2.59   data arrival time

                  0.00    0.00    0.00   clock __VIRTUAL_CLK__ (rise edge)
                          0.00    0.00   clock network delay (ideal)
                          0.25    0.25   clock uncertainty
                          0.00    0.25   clock reconvergence pessimism
                         -2.00   -1.75   output external delay
                                 -1.75   data required time
-----------------------------------------------------------------------------
                                 -1.75   data required time
                                 -2.59   data arrival time
-----------------------------------------------------------------------------
                                  4.34   slack (MET)


Startpoint: A[6] (input port clocked by __VIRTUAL_CLK__)
Endpoint: out[7] (output port clocked by __VIRTUAL_CLK__)
Path Group: __VIRTUAL_CLK__
Path Type: min

Fanout     Cap    Slew   Delay    Time   Description
-----------------------------------------------------------------------------
                  0.00    0.00    0.00   clock __VIRTUAL_CLK__ (rise edge)
                          0.00    0.00   clock network delay (ideal)
                          2.00    2.00 ^ input external delay
     1    0.00    0.02    0.01    2.01 ^ A[6] (in)
                                         A[6] (net)
                  0.02    0.00    2.01 ^ input7/A (sky130_fd_sc_hd__clkbuf_2)
     5    0.01    0.07    0.11    2.12 ^ input7/X (sky130_fd_sc_hd__clkbuf_2)
                                         net7 (net)
                  0.07    0.00    2.12 ^ _270_/A (sky130_fd_sc_hd__and2_1)
     3    0.01    0.08    0.14    2.26 ^ _270_/X (sky130_fd_sc_hd__and2_1)
                                         _027_ (net)
                  0.08    0.00    2.26 ^ _296_/A (sky130_fd_sc_hd__or3_1)
     1    0.00    0.04    0.10    2.36 ^ _296_/X (sky130_fd_sc_hd__or3_1)
                                         _052_ (net)
                  0.04    0.00    2.36 ^ _302_/A3 (sky130_fd_sc_hd__a31o_1)
     1    0.00    0.03    0.12    2.47 ^ _302_/X (sky130_fd_sc_hd__a31o_1)
                                         net27 (net)
                  0.03    0.00    2.47 ^ output27/A (sky130_fd_sc_hd__buf_2)
     1    0.03    0.17    0.18    2.66 ^ output27/X (sky130_fd_sc_hd__buf_2)
                                         out[7] (net)
                  0.17    0.00    2.66 ^ out[7] (out)
                                  2.66   data arrival time

                  0.00    0.00    0.00   clock __VIRTUAL_CLK__ (rise edge)
                          0.00    0.00   clock network delay (ideal)
                          0.25    0.25   clock uncertainty
                          0.00    0.25   clock reconvergence pessimism
                         -2.00   -1.75   output external delay
                                 -1.75   data required time
-----------------------------------------------------------------------------
                                 -1.75   data required time
                                 -2.66   data arrival time
-----------------------------------------------------------------------------
                                  4.41   slack (MET)


Startpoint: opcode[2] (input port clocked by __VIRTUAL_CLK__)
Endpoint: out[3] (output port clocked by __VIRTUAL_CLK__)
Path Group: __VIRTUAL_CLK__
Path Type: min

Fanout     Cap    Slew   Delay    Time   Description
-----------------------------------------------------------------------------
                  0.00    0.00    0.00   clock __VIRTUAL_CLK__ (rise edge)
                          0.00    0.00   clock network delay (ideal)
                          2.00    2.00 ^ input external delay
     1    0.00    0.02    0.01    2.01 ^ opcode[2] (in)
                                         opcode[2] (net)
                  0.02    0.00    2.01 ^ input19/A (sky130_fd_sc_hd__clkbuf_4)
     6    0.02    0.08    0.14    2.15 ^ input19/X (sky130_fd_sc_hd__clkbuf_4)
                                         net19 (net)
                  0.08    0.00    2.15 ^ _170_/A (sky130_fd_sc_hd__inv_2)
     2    0.01    0.04    0.05    2.21 v _170_/Y (sky130_fd_sc_hd__inv_2)
                                         _098_ (net)
                  0.04    0.00    2.21 v _172_/A (sky130_fd_sc_hd__nor2_4)
     8    0.02    0.14    0.14    2.35 ^ _172_/Y (sky130_fd_sc_hd__nor2_4)
                                         _100_ (net)
                  0.14    0.00    2.35 ^ _335_/B2 (sky130_fd_sc_hd__a221o_1)
     1    0.00    0.03    0.14    2.49 ^ _335_/X (sky130_fd_sc_hd__a221o_1)
                                         net23 (net)
                  0.03    0.00    2.49 ^ output23/A (sky130_fd_sc_hd__buf_2)
     1    0.03    0.17    0.18    2.67 ^ output23/X (sky130_fd_sc_hd__buf_2)
                                         out[3] (net)
                  0.17    0.00    2.67 ^ out[3] (out)
                                  2.67   data arrival time

                  0.00    0.00    0.00   clock __VIRTUAL_CLK__ (rise edge)
                          0.00    0.00   clock network delay (ideal)
                          0.25    0.25   clock uncertainty
                          0.00    0.25   clock reconvergence pessimism
                         -2.00   -1.75   output external delay
                                 -1.75   data required time
-----------------------------------------------------------------------------
                                 -1.75   data required time
                                 -2.67   data arrival time
-----------------------------------------------------------------------------
                                  4.42   slack (MET)


Startpoint: opcode[2] (input port clocked by __VIRTUAL_CLK__)
Endpoint: out[2] (output port clocked by __VIRTUAL_CLK__)
Path Group: __VIRTUAL_CLK__
Path Type: min

Fanout     Cap    Slew   Delay    Time   Description
-----------------------------------------------------------------------------
                  0.00    0.00    0.00   clock __VIRTUAL_CLK__ (rise edge)
                          0.00    0.00   clock network delay (ideal)
                          2.00    2.00 ^ input external delay
     1    0.00    0.02    0.01    2.01 ^ opcode[2] (in)
                                         opcode[2] (net)
                  0.02    0.00    2.01 ^ input19/A (sky130_fd_sc_hd__clkbuf_4)
     6    0.02    0.08    0.14    2.15 ^ input19/X (sky130_fd_sc_hd__clkbuf_4)
                                         net19 (net)
                  0.08    0.00    2.15 ^ _265_/A (sky130_fd_sc_hd__and3_2)
     7    0.01    0.09    0.21    2.36 ^ _265_/X (sky130_fd_sc_hd__and3_2)
                                         _023_ (net)
                  0.09    0.00    2.36 ^ _326_/A2 (sky130_fd_sc_hd__a31o_1)
     1    0.00    0.03    0.13    2.49 ^ _326_/X (sky130_fd_sc_hd__a31o_1)
                                         net22 (net)
                  0.03    0.00    2.49 ^ output22/A (sky130_fd_sc_hd__buf_2)
     1    0.03    0.17    0.18    2.67 ^ output22/X (sky130_fd_sc_hd__buf_2)
                                         out[2] (net)
                  0.17    0.00    2.67 ^ out[2] (out)
                                  2.67   data arrival time

                  0.00    0.00    0.00   clock __VIRTUAL_CLK__ (rise edge)
                          0.00    0.00   clock network delay (ideal)
                          0.25    0.25   clock uncertainty
                          0.00    0.25   clock reconvergence pessimism
                         -2.00   -1.75   output external delay
                                 -1.75   data required time
-----------------------------------------------------------------------------
                                 -1.75   data required time
                                 -2.67   data arrival time
-----------------------------------------------------------------------------
                                  4.42   slack (MET)


Startpoint: A[1] (input port clocked by __VIRTUAL_CLK__)
Endpoint: out[1] (output port clocked by __VIRTUAL_CLK__)
Path Group: __VIRTUAL_CLK__
Path Type: min

Fanout     Cap    Slew   Delay    Time   Description
-----------------------------------------------------------------------------
                  0.00    0.00    0.00   clock __VIRTUAL_CLK__ (rise edge)
                          0.00    0.00   clock network delay (ideal)
                          2.00    2.00 v input external delay
     1    0.00    0.01    0.00    2.00 v A[1] (in)
                                         A[1] (net)
                  0.01    0.00    2.00 v input2/A (sky130_fd_sc_hd__clkbuf_2)
     4    0.01    0.05    0.10    2.10 v input2/X (sky130_fd_sc_hd__clkbuf_2)
                                         net2 (net)
                  0.05    0.00    2.10 v _173_/A (sky130_fd_sc_hd__clkbuf_4)
    10    0.02    0.06    0.16    2.26 v _173_/X (sky130_fd_sc_hd__clkbuf_4)
                                         _101_ (net)
                  0.06    0.00    2.26 v _313_/A (sky130_fd_sc_hd__nor2_1)
     1    0.00    0.06    0.08    2.35 ^ _313_/Y (sky130_fd_sc_hd__nor2_1)
                                         _067_ (net)
                  0.06    0.00    2.35 ^ _317_/C (sky130_fd_sc_hd__or4b_1)
     1    0.00    0.03    0.09    2.44 ^ _317_/X (sky130_fd_sc_hd__or4b_1)
                                         _071_ (net)
                  0.03    0.00    2.44 ^ _318_/A (sky130_fd_sc_hd__clkbuf_1)
     1    0.00    0.03    0.07    2.50 ^ _318_/X (sky130_fd_sc_hd__clkbuf_1)
                                         net21 (net)
                  0.03    0.00    2.50 ^ output21/A (sky130_fd_sc_hd__buf_2)
     1    0.03    0.17    0.18    2.68 ^ output21/X (sky130_fd_sc_hd__buf_2)
                                         out[1] (net)
                  0.17    0.00    2.68 ^ out[1] (out)
                                  2.68   data arrival time

                  0.00    0.00    0.00   clock __VIRTUAL_CLK__ (rise edge)
                          0.00    0.00   clock network delay (ideal)
                          0.25    0.25   clock uncertainty
                          0.00    0.25   clock reconvergence pessimism
                         -2.00   -1.75   output external delay
                                 -1.75   data required time
-----------------------------------------------------------------------------
                                 -1.75   data required time
                                 -2.68   data arrival time
-----------------------------------------------------------------------------
                                  4.43   slack (MET)



worst slack corner Typical: 4.2408
min_report_end
max_report

===========================================================================
report_checks -path_delay max (Setup)
============================================================================
======================= Typical Corner ===================================

Startpoint: opcode[0] (input port clocked by __VIRTUAL_CLK__)
Endpoint: out[5] (output port clocked by __VIRTUAL_CLK__)
Path Group: __VIRTUAL_CLK__
Path Type: max

Fanout     Cap    Slew   Delay    Time   Description
-----------------------------------------------------------------------------
                  0.00    0.00    0.00   clock __VIRTUAL_CLK__ (rise edge)
                          0.00    0.00   clock network delay (ideal)
                          2.00    2.00 v input external delay
     1    0.00    0.01    0.00    2.00 v opcode[0] (in)
                                         opcode[0] (net)
                  0.01    0.00    2.00 v input17/A (sky130_fd_sc_hd__buf_2)
     5    0.01    0.05    0.13    2.13 v input17/X (sky130_fd_sc_hd__buf_2)
                                         net17 (net)
                  0.05    0.00    2.13 v _235_/A_N (sky130_fd_sc_hd__nand3b_4)
     8    0.02    0.08    0.19    2.32 v _235_/Y (sky130_fd_sc_hd__nand3b_4)
                                         _163_ (net)
                  0.08    0.00    2.32 v _242_/A (sky130_fd_sc_hd__and3_4)
     2    0.00    0.03    0.17    2.49 v _242_/X (sky130_fd_sc_hd__and3_4)
                                         _000_ (net)
                  0.03    0.00    2.49 v _245_/B (sky130_fd_sc_hd__or3_4)
     2    0.00    0.06    0.37    2.85 v _245_/X (sky130_fd_sc_hd__or3_4)
                                         _003_ (net)
                  0.06    0.00    2.85 v _247_/B (sky130_fd_sc_hd__and3b_2)
     3    0.01    0.06    0.24    3.09 v _247_/X (sky130_fd_sc_hd__and3b_2)
                                         _005_ (net)
                  0.06    0.00    3.09 v _250_/A1 (sky130_fd_sc_hd__o21ai_4)
     4    0.01    0.14    0.18    3.27 ^ _250_/Y (sky130_fd_sc_hd__o21ai_4)
                                         _008_ (net)
                  0.14    0.00    3.27 ^ _257_/A1 (sky130_fd_sc_hd__a311o_4)
     4    0.02    0.08    0.24    3.52 ^ _257_/X (sky130_fd_sc_hd__a311o_4)
                                         _015_ (net)
                  0.08    0.00    3.52 ^ rebuffer2/A (sky130_fd_sc_hd__clkbuf_1)
     2    0.00    0.05    0.10    3.62 ^ rebuffer2/X (sky130_fd_sc_hd__clkbuf_1)
                                         net30 (net)
                  0.05    0.00    3.62 ^ rebuffer1/A (sky130_fd_sc_hd__dlymetal6s4s_1)
     1    0.00    0.06    0.18    3.80 ^ rebuffer1/X (sky130_fd_sc_hd__dlymetal6s4s_1)
                                         net29 (net)
                  0.06    0.00    3.80 ^ _264_/C (sky130_fd_sc_hd__nand3_1)
     1    0.00    0.04    0.07    3.87 v _264_/Y (sky130_fd_sc_hd__nand3_1)
                                         _022_ (net)
                  0.04    0.00    3.87 v _266_/B (sky130_fd_sc_hd__and3_1)
     1    0.00    0.03    0.16    4.03 v _266_/X (sky130_fd_sc_hd__and3_1)
                                         _024_ (net)
                  0.03    0.00    4.03 v _267_/C1 (sky130_fd_sc_hd__a211o_1)
     1    0.00    0.05    0.22    4.25 v _267_/X (sky130_fd_sc_hd__a211o_1)
                                         net25 (net)
                  0.05    0.00    4.25 v output25/A (sky130_fd_sc_hd__buf_4)
     1    0.03    0.06    0.18    4.43 v output25/X (sky130_fd_sc_hd__buf_4)
                                         out[5] (net)
                  0.06    0.00    4.43 v out[5] (out)
                                  4.43   data arrival time

                  0.00   10.00   10.00   clock __VIRTUAL_CLK__ (rise edge)
                          0.00   10.00   clock network delay (ideal)
                         -0.25    9.75   clock uncertainty
                          0.00    9.75   clock reconvergence pessimism
                         -2.00    7.75   output external delay
                                  7.75   data required time
-----------------------------------------------------------------------------
                                  7.75   data required time
                                 -4.43   data arrival time
-----------------------------------------------------------------------------
                                  3.32   slack (MET)


Startpoint: B[0] (input port clocked by __VIRTUAL_CLK__)
Endpoint: out[6] (output port clocked by __VIRTUAL_CLK__)
Path Group: __VIRTUAL_CLK__
Path Type: max

Fanout     Cap    Slew   Delay    Time   Description
-----------------------------------------------------------------------------
                  0.00    0.00    0.00   clock __VIRTUAL_CLK__ (rise edge)
                          0.00    0.00   clock network delay (ideal)
                          2.00    2.00 v input external delay
     1    0.00    0.01    0.00    2.00 v B[0] (in)
                                         B[0] (net)
                  0.01    0.00    2.00 v input9/A (sky130_fd_sc_hd__clkbuf_2)
     4    0.01    0.04    0.10    2.11 v input9/X (sky130_fd_sc_hd__clkbuf_2)
                                         net9 (net)
                  0.04    0.00    2.11 v _234_/A (sky130_fd_sc_hd__or2_4)
     4    0.01    0.06    0.27    2.37 v _234_/X (sky130_fd_sc_hd__or2_4)
                                         _162_ (net)
                  0.06    0.00    2.37 v _236_/A3 (sky130_fd_sc_hd__o31a_2)
     3    0.01    0.08    0.34    2.71 v _236_/X (sky130_fd_sc_hd__o31a_2)
                                         _164_ (net)
                  0.08    0.00    2.71 v _268_/A3 (sky130_fd_sc_hd__o31a_1)
     2    0.01    0.07    0.28    2.99 v _268_/X (sky130_fd_sc_hd__o31a_1)
                                         _025_ (net)
                  0.07    0.00    2.99 v _269_/B (sky130_fd_sc_hd__xnor2_1)
     2    0.00    0.05    0.14    3.13 v _269_/Y (sky130_fd_sc_hd__xnor2_1)
                                         _026_ (net)
                  0.05    0.00    3.13 v _270_/B (sky130_fd_sc_hd__and2_1)
     3    0.01    0.05    0.18    3.30 v _270_/X (sky130_fd_sc_hd__and2_1)
                                         _027_ (net)
                  0.05    0.00    3.30 v _272_/A (sky130_fd_sc_hd__or2_4)
     2    0.01    0.06    0.27    3.58 v _272_/X (sky130_fd_sc_hd__or2_4)
                                         _029_ (net)
                  0.06    0.00    3.58 v _276_/B1 (sky130_fd_sc_hd__a311oi_4)
     3    0.01    0.22    0.28    3.86 ^ _276_/Y (sky130_fd_sc_hd__a311oi_4)
                                         _033_ (net)
                  0.22    0.00    3.86 ^ _277_/A_N (sky130_fd_sc_hd__and2b_1)
     1    0.00    0.03    0.22    4.07 v _277_/X (sky130_fd_sc_hd__and2b_1)
                                         _034_ (net)
                  0.03    0.00    4.07 v _291_/A2 (sky130_fd_sc_hd__a21o_1)
     1    0.00    0.03    0.17    4.24 v _291_/X (sky130_fd_sc_hd__a21o_1)
                                         net26 (net)
                  0.03    0.00    4.24 v output26/A (sky130_fd_sc_hd__buf_2)
     1    0.03    0.09    0.18    4.42 v output26/X (sky130_fd_sc_hd__buf_2)
                                         out[6] (net)
                  0.09    0.00    4.42 v out[6] (out)
                                  4.42   data arrival time

                  0.00   10.00   10.00   clock __VIRTUAL_CLK__ (rise edge)
                          0.00   10.00   clock network delay (ideal)
                         -0.25    9.75   clock uncertainty
                          0.00    9.75   clock reconvergence pessimism
                         -2.00    7.75   output external delay
                                  7.75   data required time
-----------------------------------------------------------------------------
                                  7.75   data required time
                                 -4.42   data arrival time
-----------------------------------------------------------------------------
                                  3.33   slack (MET)


Startpoint: opcode[0] (input port clocked by __VIRTUAL_CLK__)
Endpoint: out[7] (output port clocked by __VIRTUAL_CLK__)
Path Group: __VIRTUAL_CLK__
Path Type: max

Fanout     Cap    Slew   Delay    Time   Description
-----------------------------------------------------------------------------
                  0.00    0.00    0.00   clock __VIRTUAL_CLK__ (rise edge)
                          0.00    0.00   clock network delay (ideal)
                          2.00    2.00 v input external delay
     1    0.00    0.01    0.00    2.00 v opcode[0] (in)
                                         opcode[0] (net)
                  0.01    0.00    2.00 v input17/A (sky130_fd_sc_hd__buf_2)
     5    0.01    0.05    0.13    2.13 v input17/X (sky130_fd_sc_hd__buf_2)
                                         net17 (net)
                  0.05    0.00    2.13 v _235_/A_N (sky130_fd_sc_hd__nand3b_4)
     8    0.02    0.08    0.19    2.32 v _235_/Y (sky130_fd_sc_hd__nand3b_4)
                                         _163_ (net)
                  0.08    0.00    2.32 v _242_/A (sky130_fd_sc_hd__and3_4)
     2    0.00    0.03    0.17    2.49 v _242_/X (sky130_fd_sc_hd__and3_4)
                                         _000_ (net)
                  0.03    0.00    2.49 v _245_/B (sky130_fd_sc_hd__or3_4)
     2    0.00    0.06    0.37    2.85 v _245_/X (sky130_fd_sc_hd__or3_4)
                                         _003_ (net)
                  0.06    0.00    2.85 v _247_/B (sky130_fd_sc_hd__and3b_2)
     3    0.01    0.06    0.24    3.09 v _247_/X (sky130_fd_sc_hd__and3b_2)
                                         _005_ (net)
                  0.06    0.00    3.09 v _250_/A1 (sky130_fd_sc_hd__o21ai_4)
     4    0.01    0.14    0.18    3.27 ^ _250_/Y (sky130_fd_sc_hd__o21ai_4)
                                         _008_ (net)
                  0.14    0.00    3.27 ^ _257_/A1 (sky130_fd_sc_hd__a311o_4)
     4    0.02    0.08    0.24    3.52 ^ _257_/X (sky130_fd_sc_hd__a311o_4)
                                         _015_ (net)
                  0.08    0.00    3.52 ^ _276_/A3 (sky130_fd_sc_hd__a311oi_4)
     3    0.01    0.08    0.10    3.62 v _276_/Y (sky130_fd_sc_hd__a311oi_4)
                                         _033_ (net)
                  0.08    0.00    3.62 v _296_/B (sky130_fd_sc_hd__or3_1)
     1    0.00    0.06    0.36    3.98 v _296_/X (sky130_fd_sc_hd__or3_1)
                                         _052_ (net)
                  0.06    0.00    3.98 v _302_/A3 (sky130_fd_sc_hd__a31o_1)
     1    0.00    0.03    0.22    4.20 v _302_/X (sky130_fd_sc_hd__a31o_1)
                                         net27 (net)
                  0.03    0.00    4.20 v output27/A (sky130_fd_sc_hd__buf_2)
     1    0.03    0.09    0.18    4.38 v output27/X (sky130_fd_sc_hd__buf_2)
                                         out[7] (net)
                  0.09    0.00    4.38 v out[7] (out)
                                  4.38   data arrival time

                  0.00   10.00   10.00   clock __VIRTUAL_CLK__ (rise edge)
                          0.00   10.00   clock network delay (ideal)
                         -0.25    9.75   clock uncertainty
                          0.00    9.75   clock reconvergence pessimism
                         -2.00    7.75   output external delay
                                  7.75   data required time
-----------------------------------------------------------------------------
                                  7.75   data required time
                                 -4.38   data arrival time
-----------------------------------------------------------------------------
                                  3.37   slack (MET)


Startpoint: A[3] (input port clocked by __VIRTUAL_CLK__)
Endpoint: out[4] (output port clocked by __VIRTUAL_CLK__)
Path Group: __VIRTUAL_CLK__
Path Type: max

Fanout     Cap    Slew   Delay    Time   Description
-----------------------------------------------------------------------------
                  0.00    0.00    0.00   clock __VIRTUAL_CLK__ (rise edge)
                          0.00    0.00   clock network delay (ideal)
                          2.00    2.00 v input external delay
     1    0.00    0.01    0.00    2.00 v A[3] (in)
                                         A[3] (net)
                  0.01    0.00    2.00 v input4/A (sky130_fd_sc_hd__buf_2)
     4    0.01    0.05    0.13    2.14 v input4/X (sky130_fd_sc_hd__buf_2)
                                         net4 (net)
                  0.05    0.00    2.14 v _186_/D (sky130_fd_sc_hd__and4_2)
     3    0.01    0.05    0.25    2.39 v _186_/X (sky130_fd_sc_hd__and4_2)
                                         _114_ (net)
                  0.05    0.00    2.39 v _192_/A (sky130_fd_sc_hd__or3_1)
     2    0.00    0.07    0.39    2.78 v _192_/X (sky130_fd_sc_hd__or3_1)
                                         _120_ (net)
                  0.07    0.00    2.78 v _197_/A1 (sky130_fd_sc_hd__a21o_1)
     2    0.00    0.04    0.18    2.95 v _197_/X (sky130_fd_sc_hd__a21o_1)
                                         _125_ (net)
                  0.04    0.00    2.95 v _199_/A3 (sky130_fd_sc_hd__a31o_2)
     2    0.01    0.06    0.28    3.23 v _199_/X (sky130_fd_sc_hd__a31o_2)
                                         _127_ (net)
                  0.06    0.00    3.23 v _201_/B (sky130_fd_sc_hd__xor2_2)
     2    0.01    0.06    0.16    3.39 v _201_/X (sky130_fd_sc_hd__xor2_2)
                                         _129_ (net)
                  0.06    0.00    3.39 v _342_/B1 (sky130_fd_sc_hd__a21o_1)
     1    0.00    0.03    0.16    3.55 v _342_/X (sky130_fd_sc_hd__a21o_1)
                                         _093_ (net)
                  0.03    0.00    3.55 v _345_/A3 (sky130_fd_sc_hd__a31o_1)
     1    0.00    0.03    0.20    3.75 v _345_/X (sky130_fd_sc_hd__a31o_1)
                                         _096_ (net)
                  0.03    0.00    3.75 v _346_/C (sky130_fd_sc_hd__or3_1)
     1    0.00    0.06    0.30    4.05 v _346_/X (sky130_fd_sc_hd__or3_1)
                                         _097_ (net)
                  0.06    0.00    4.05 v _347_/A (sky130_fd_sc_hd__buf_1)
     1    0.00    0.02    0.09    4.15 v _347_/X (sky130_fd_sc_hd__buf_1)
                                         net24 (net)
                  0.02    0.00    4.15 v output24/A (sky130_fd_sc_hd__buf_2)
     1    0.03    0.09    0.18    4.32 v output24/X (sky130_fd_sc_hd__buf_2)
                                         out[4] (net)
                  0.09    0.00    4.32 v out[4] (out)
                                  4.32   data arrival time

                  0.00   10.00   10.00   clock __VIRTUAL_CLK__ (rise edge)
                          0.00   10.00   clock network delay (ideal)
                         -0.25    9.75   clock uncertainty
                          0.00    9.75   clock reconvergence pessimism
                         -2.00    7.75   output external delay
                                  7.75   data required time
-----------------------------------------------------------------------------
                                  7.75   data required time
                                 -4.32   data arrival time
-----------------------------------------------------------------------------
                                  3.43   slack (MET)


Startpoint: opcode[0] (input port clocked by __VIRTUAL_CLK__)
Endpoint: out[3] (output port clocked by __VIRTUAL_CLK__)
Path Group: __VIRTUAL_CLK__
Path Type: max

Fanout     Cap    Slew   Delay    Time   Description
-----------------------------------------------------------------------------
                  0.00    0.00    0.00   clock __VIRTUAL_CLK__ (rise edge)
                          0.00    0.00   clock network delay (ideal)
                          2.00    2.00 v input external delay
     1    0.00    0.01    0.00    2.00 v opcode[0] (in)
                                         opcode[0] (net)
                  0.01    0.00    2.00 v input17/A (sky130_fd_sc_hd__buf_2)
     5    0.01    0.05    0.13    2.13 v input17/X (sky130_fd_sc_hd__buf_2)
                                         net17 (net)
                  0.05    0.00    2.13 v _235_/A_N (sky130_fd_sc_hd__nand3b_4)
     8    0.02    0.08    0.19    2.32 v _235_/Y (sky130_fd_sc_hd__nand3b_4)
                                         _163_ (net)
                  0.08    0.00    2.32 v _242_/A (sky130_fd_sc_hd__and3_4)
     2    0.00    0.03    0.17    2.49 v _242_/X (sky130_fd_sc_hd__and3_4)
                                         _000_ (net)
                  0.03    0.00    2.49 v _245_/B (sky130_fd_sc_hd__or3_4)
     2    0.00    0.06    0.37    2.85 v _245_/X (sky130_fd_sc_hd__or3_4)
                                         _003_ (net)
                  0.06    0.00    2.85 v _247_/B (sky130_fd_sc_hd__and3b_2)
     3    0.01    0.06    0.24    3.09 v _247_/X (sky130_fd_sc_hd__and3b_2)
                                         _005_ (net)
                  0.06    0.00    3.09 v _250_/A1 (sky130_fd_sc_hd__o21ai_4)
     4    0.01    0.14    0.18    3.27 ^ _250_/Y (sky130_fd_sc_hd__o21ai_4)
                                         _008_ (net)
                  0.14    0.00    3.27 ^ _328_/B (sky130_fd_sc_hd__nand2_1)
     1    0.00    0.07    0.09    3.36 v _328_/Y (sky130_fd_sc_hd__nand2_1)
                                         _080_ (net)
                  0.07    0.00    3.36 v _329_/B (sky130_fd_sc_hd__xnor2_1)
     1    0.00    0.04    0.13    3.49 v _329_/Y (sky130_fd_sc_hd__xnor2_1)
                                         _081_ (net)
                  0.04    0.00    3.49 v _335_/A2 (sky130_fd_sc_hd__a221o_1)
     1    0.00    0.05    0.34    3.83 v _335_/X (sky130_fd_sc_hd__a221o_1)
                                         net23 (net)
                  0.05    0.00    3.83 v output23/A (sky130_fd_sc_hd__buf_2)
     1    0.03    0.09    0.19    4.02 v output23/X (sky130_fd_sc_hd__buf_2)
                                         out[3] (net)
                  0.09    0.00    4.02 v out[3] (out)
                                  4.02   data arrival time

                  0.00   10.00   10.00   clock __VIRTUAL_CLK__ (rise edge)
                          0.00   10.00   clock network delay (ideal)
                         -0.25    9.75   clock uncertainty
                          0.00    9.75   clock reconvergence pessimism
                         -2.00    7.75   output external delay
                                  7.75   data required time
-----------------------------------------------------------------------------
                                  7.75   data required time
                                 -4.02   data arrival time
-----------------------------------------------------------------------------
                                  3.73   slack (MET)


Startpoint: opcode[0] (input port clocked by __VIRTUAL_CLK__)
Endpoint: out[2] (output port clocked by __VIRTUAL_CLK__)
Path Group: __VIRTUAL_CLK__
Path Type: max

Fanout     Cap    Slew   Delay    Time   Description
-----------------------------------------------------------------------------
                  0.00    0.00    0.00   clock __VIRTUAL_CLK__ (rise edge)
                          0.00    0.00   clock network delay (ideal)
                          2.00    2.00 ^ input external delay
     1    0.00    0.02    0.01    2.01 ^ opcode[0] (in)
                                         opcode[0] (net)
                  0.02    0.00    2.01 ^ input17/A (sky130_fd_sc_hd__buf_2)
     5    0.01    0.08    0.13    2.14 ^ input17/X (sky130_fd_sc_hd__buf_2)
                                         net17 (net)
                  0.08    0.00    2.14 ^ _235_/A_N (sky130_fd_sc_hd__nand3b_4)
     8    0.02    0.09    0.16    2.30 ^ _235_/Y (sky130_fd_sc_hd__nand3b_4)
                                         _163_ (net)
                  0.09    0.00    2.30 ^ rebuffer4/A (sky130_fd_sc_hd__dlygate4sd1_1)
     2    0.01    0.08    0.24    2.54 ^ rebuffer4/X (sky130_fd_sc_hd__dlygate4sd1_1)
                                         net32 (net)
                  0.08    0.00    2.54 ^ _239_/A1 (sky130_fd_sc_hd__a21oi_2)
     2    0.01    0.04    0.06    2.61 v _239_/Y (sky130_fd_sc_hd__a21oi_2)
                                         _167_ (net)
                  0.04    0.00    2.61 v _248_/B (sky130_fd_sc_hd__or3_1)
     1    0.00    0.06    0.35    2.96 v _248_/X (sky130_fd_sc_hd__or3_1)
                                         _006_ (net)
                  0.06    0.00    2.96 v _249_/B (sky130_fd_sc_hd__and2_4)
     2    0.01    0.04    0.18    3.14 v _249_/X (sky130_fd_sc_hd__and2_4)
                                         _007_ (net)
                  0.04    0.00    3.14 v _319_/A (sky130_fd_sc_hd__or3_1)
     1    0.00    0.06    0.37    3.51 v _319_/X (sky130_fd_sc_hd__or3_1)
                                         _072_ (net)
                  0.06    0.00    3.51 v _326_/A3 (sky130_fd_sc_hd__a31o_1)
     1    0.00    0.03    0.22    3.73 v _326_/X (sky130_fd_sc_hd__a31o_1)
                                         net22 (net)
                  0.03    0.00    3.73 v output22/A (sky130_fd_sc_hd__buf_2)
     1    0.03    0.09    0.18    3.91 v output22/X (sky130_fd_sc_hd__buf_2)
                                         out[2] (net)
                  0.09    0.00    3.91 v out[2] (out)
                                  3.91   data arrival time

                  0.00   10.00   10.00   clock __VIRTUAL_CLK__ (rise edge)
                          0.00   10.00   clock network delay (ideal)
                         -0.25    9.75   clock uncertainty
                          0.00    9.75   clock reconvergence pessimism
                         -2.00    7.75   output external delay
                                  7.75   data required time
-----------------------------------------------------------------------------
                                  7.75   data required time
                                 -3.91   data arrival time
-----------------------------------------------------------------------------
                                  3.84   slack (MET)


Startpoint: opcode[0] (input port clocked by __VIRTUAL_CLK__)
Endpoint: out[1] (output port clocked by __VIRTUAL_CLK__)
Path Group: __VIRTUAL_CLK__
Path Type: max

Fanout     Cap    Slew   Delay    Time   Description
-----------------------------------------------------------------------------
                  0.00    0.00    0.00   clock __VIRTUAL_CLK__ (rise edge)
                          0.00    0.00   clock network delay (ideal)
                          2.00    2.00 v input external delay
     1    0.00    0.01    0.00    2.00 v opcode[0] (in)
                                         opcode[0] (net)
                  0.01    0.00    2.00 v input17/A (sky130_fd_sc_hd__buf_2)
     5    0.01    0.05    0.13    2.13 v input17/X (sky130_fd_sc_hd__buf_2)
                                         net17 (net)
                  0.05    0.00    2.13 v _235_/A_N (sky130_fd_sc_hd__nand3b_4)
     8    0.02    0.08    0.19    2.32 v _235_/Y (sky130_fd_sc_hd__nand3b_4)
                                         _163_ (net)
                  0.08    0.00    2.32 v _242_/A (sky130_fd_sc_hd__and3_4)
     2    0.00    0.03    0.17    2.49 v _242_/X (sky130_fd_sc_hd__and3_4)
                                         _000_ (net)
                  0.03    0.00    2.49 v _245_/B (sky130_fd_sc_hd__or3_4)
     2    0.00    0.06    0.37    2.85 v _245_/X (sky130_fd_sc_hd__or3_4)
                                         _003_ (net)
                  0.06    0.00    2.85 v _314_/B (sky130_fd_sc_hd__and2b_1)
     1    0.00    0.03    0.16    3.02 v _314_/X (sky130_fd_sc_hd__and2b_1)
                                         _068_ (net)
                  0.03    0.00    3.02 v _315_/A (sky130_fd_sc_hd__nor2_1)
     1    0.00    0.06    0.08    3.10 ^ _315_/Y (sky130_fd_sc_hd__nor2_1)
                                         _069_ (net)
                  0.06    0.00    3.10 ^ _316_/B (sky130_fd_sc_hd__or3b_1)
     1    0.00    0.03    0.09    3.20 ^ _316_/X (sky130_fd_sc_hd__or3b_1)
                                         _070_ (net)
                  0.03    0.00    3.20 ^ _317_/D_N (sky130_fd_sc_hd__or4b_1)
     1    0.00    0.08    0.43    3.63 v _317_/X (sky130_fd_sc_hd__or4b_1)
                                         _071_ (net)
                  0.08    0.00    3.63 v _318_/A (sky130_fd_sc_hd__clkbuf_1)
     1    0.00    0.02    0.10    3.73 v _318_/X (sky130_fd_sc_hd__clkbuf_1)
                                         net21 (net)
                  0.02    0.00    3.73 v output21/A (sky130_fd_sc_hd__buf_2)
     1    0.03    0.09    0.18    3.90 v output21/X (sky130_fd_sc_hd__buf_2)
                                         out[1] (net)
                  0.09    0.00    3.90 v out[1] (out)
                                  3.90   data arrival time

                  0.00   10.00   10.00   clock __VIRTUAL_CLK__ (rise edge)
                          0.00   10.00   clock network delay (ideal)
                         -0.25    9.75   clock uncertainty
                          0.00    9.75   clock reconvergence pessimism
                         -2.00    7.75   output external delay
                                  7.75   data required time
-----------------------------------------------------------------------------
                                  7.75   data required time
                                 -3.90   data arrival time
-----------------------------------------------------------------------------
                                  3.85   slack (MET)


Startpoint: opcode[1] (input port clocked by __VIRTUAL_CLK__)
Endpoint: out[0] (output port clocked by __VIRTUAL_CLK__)
Path Group: __VIRTUAL_CLK__
Path Type: max

Fanout     Cap    Slew   Delay    Time   Description
-----------------------------------------------------------------------------
                  0.00    0.00    0.00   clock __VIRTUAL_CLK__ (rise edge)
                          0.00    0.00   clock network delay (ideal)
                          2.00    2.00 v input external delay
     1    0.00    0.01    0.00    2.00 v opcode[1] (in)
                                         opcode[1] (net)
                  0.01    0.00    2.00 v input18/A (sky130_fd_sc_hd__clkbuf_4)
     6    0.02    0.06    0.15    2.16 v input18/X (sky130_fd_sc_hd__clkbuf_4)
                                         net18 (net)
                  0.06    0.00    2.16 v _171_/B (sky130_fd_sc_hd__or2_2)
     4    0.02    0.09    0.34    2.50 v _171_/X (sky130_fd_sc_hd__or2_2)
                                         _099_ (net)
                  0.09    0.00    2.50 v _224_/B (sky130_fd_sc_hd__or2_1)
     1    0.00    0.04    0.22    2.72 v _224_/X (sky130_fd_sc_hd__or2_1)
                                         _152_ (net)
                  0.04    0.00    2.72 v _225_/A (sky130_fd_sc_hd__buf_2)
     8    0.02    0.06    0.16    2.87 v _225_/X (sky130_fd_sc_hd__buf_2)
                                         _153_ (net)
                  0.06    0.00    2.87 v _306_/A2 (sky130_fd_sc_hd__o21ai_1)
     1    0.00    0.10    0.12    2.99 ^ _306_/Y (sky130_fd_sc_hd__o21ai_1)
                                         _061_ (net)
                  0.10    0.00    2.99 ^ _307_/B1 (sky130_fd_sc_hd__a31o_1)
     2    0.00    0.05    0.11    3.10 ^ _307_/X (sky130_fd_sc_hd__a31o_1)
                                         net20 (net)
                  0.05    0.00    3.10 ^ output20/A (sky130_fd_sc_hd__buf_2)
     1    0.03    0.17    0.21    3.30 ^ output20/X (sky130_fd_sc_hd__buf_2)
                                         out[0] (net)
                  0.17    0.00    3.30 ^ out[0] (out)
                                  3.30   data arrival time

                  0.00   10.00   10.00   clock __VIRTUAL_CLK__ (rise edge)
                          0.00   10.00   clock network delay (ideal)
                         -0.25    9.75   clock uncertainty
                          0.00    9.75   clock reconvergence pessimism
                         -2.00    7.75   output external delay
                                  7.75   data required time
-----------------------------------------------------------------------------
                                  7.75   data required time
                                 -3.30   data arrival time
-----------------------------------------------------------------------------
                                  4.45   slack (MET)



worst slack corner Typical: 3.3200
max_report_end
checks_report

===========================================================================
report_checks -unconstrained
===========================================================================
======================= Typical Corner ===================================

Startpoint: opcode[0] (input port clocked by __VIRTUAL_CLK__)
Endpoint: out[5] (output port clocked by __VIRTUAL_CLK__)
Path Group: __VIRTUAL_CLK__
Path Type: max

Fanout     Cap    Slew   Delay    Time   Description
-----------------------------------------------------------------------------
                  0.00    0.00    0.00   clock __VIRTUAL_CLK__ (rise edge)
                          0.00    0.00   clock network delay (ideal)
                          2.00    2.00 v input external delay
     1    0.00    0.01    0.00    2.00 v opcode[0] (in)
                                         opcode[0] (net)
                  0.01    0.00    2.00 v input17/A (sky130_fd_sc_hd__buf_2)
     5    0.01    0.05    0.13    2.13 v input17/X (sky130_fd_sc_hd__buf_2)
                                         net17 (net)
                  0.05    0.00    2.13 v _235_/A_N (sky130_fd_sc_hd__nand3b_4)
     8    0.02    0.08    0.19    2.32 v _235_/Y (sky130_fd_sc_hd__nand3b_4)
                                         _163_ (net)
                  0.08    0.00    2.32 v _242_/A (sky130_fd_sc_hd__and3_4)
     2    0.00    0.03    0.17    2.49 v _242_/X (sky130_fd_sc_hd__and3_4)
                                         _000_ (net)
                  0.03    0.00    2.49 v _245_/B (sky130_fd_sc_hd__or3_4)
     2    0.00    0.06    0.37    2.85 v _245_/X (sky130_fd_sc_hd__or3_4)
                                         _003_ (net)
                  0.06    0.00    2.85 v _247_/B (sky130_fd_sc_hd__and3b_2)
     3    0.01    0.06    0.24    3.09 v _247_/X (sky130_fd_sc_hd__and3b_2)
                                         _005_ (net)
                  0.06    0.00    3.09 v _250_/A1 (sky130_fd_sc_hd__o21ai_4)
     4    0.01    0.14    0.18    3.27 ^ _250_/Y (sky130_fd_sc_hd__o21ai_4)
                                         _008_ (net)
                  0.14    0.00    3.27 ^ _257_/A1 (sky130_fd_sc_hd__a311o_4)
     4    0.02    0.08    0.24    3.52 ^ _257_/X (sky130_fd_sc_hd__a311o_4)
                                         _015_ (net)
                  0.08    0.00    3.52 ^ rebuffer2/A (sky130_fd_sc_hd__clkbuf_1)
     2    0.00    0.05    0.10    3.62 ^ rebuffer2/X (sky130_fd_sc_hd__clkbuf_1)
                                         net30 (net)
                  0.05    0.00    3.62 ^ rebuffer1/A (sky130_fd_sc_hd__dlymetal6s4s_1)
     1    0.00    0.06    0.18    3.80 ^ rebuffer1/X (sky130_fd_sc_hd__dlymetal6s4s_1)
                                         net29 (net)
                  0.06    0.00    3.80 ^ _264_/C (sky130_fd_sc_hd__nand3_1)
     1    0.00    0.04    0.07    3.87 v _264_/Y (sky130_fd_sc_hd__nand3_1)
                                         _022_ (net)
                  0.04    0.00    3.87 v _266_/B (sky130_fd_sc_hd__and3_1)
     1    0.00    0.03    0.16    4.03 v _266_/X (sky130_fd_sc_hd__and3_1)
                                         _024_ (net)
                  0.03    0.00    4.03 v _267_/C1 (sky130_fd_sc_hd__a211o_1)
     1    0.00    0.05    0.22    4.25 v _267_/X (sky130_fd_sc_hd__a211o_1)
                                         net25 (net)
                  0.05    0.00    4.25 v output25/A (sky130_fd_sc_hd__buf_4)
     1    0.03    0.06    0.18    4.43 v output25/X (sky130_fd_sc_hd__buf_4)
                                         out[5] (net)
                  0.06    0.00    4.43 v out[5] (out)
                                  4.43   data arrival time

                  0.00   10.00   10.00   clock __VIRTUAL_CLK__ (rise edge)
                          0.00   10.00   clock network delay (ideal)
                         -0.25    9.75   clock uncertainty
                          0.00    9.75   clock reconvergence pessimism
                         -2.00    7.75   output external delay
                                  7.75   data required time
-----------------------------------------------------------------------------
                                  7.75   data required time
                                 -4.43   data arrival time
-----------------------------------------------------------------------------
                                  3.32   slack (MET)




===========================================================================
report_checks --slack_max -0.01
============================================================================
======================= Typical Corner ===================================

No paths found.


===========================================================================
 report_check_types -max_slew -max_cap -max_fanout -violators
============================================================================
======================= Typical Corner ===================================


max slew violations count Typical: 0
max fanout violations count Typical: 0
max cap violations count Typical: 0

===========================================================================
report_parasitic_annotation -report_unannotated
============================================================================
Found 230 unannotated drivers.
 A[0]
 A[1]
 A[2]
 A[3]
 A[4]
 A[5]
 A[6]
 A[7]
 B[0]
 B[1]
 B[2]
 B[3]
 B[4]
 B[5]
 B[6]
 B[7]
 opcode[0]
 opcode[1]
 opcode[2]
 _170_/Y
 _171_/X
 _172_/Y
 _173_/X
 _174_/Y
 _175_/X
 _176_/X
 _177_/Y
 _178_/X
 _179_/X
 _180_/Y
 _181_/X
 _182_/Y
 _183_/Y
 _184_/X
 _185_/Y
 _186_/X
 _187_/Y
 _188_/Y
 _189_/Y
 _190_/X
 _191_/X
 _192_/X
 _193_/Y
 _194_/X
 _195_/X
 _196_/X
 _197_/X
 _198_/X
 _199_/X
 _200_/Y
 _201_/X
 _202_/Y
 _203_/X
 _204_/Y
 _205_/X
 _206_/X
 _207_/Y
 _208_/X
 _209_/Y
 _210_/Y
 _211_/X
 _212_/X
 _213_/X
 _214_/Y
 _215_/Y
 _216_/Y
 _217_/Y
 _218_/X
 _219_/Y
 _220_/X
 _221_/Y
 _222_/Y
 _223_/Y
 _224_/X
 _225_/X
 _226_/Y
 _227_/Y
 _228_/Y
 _229_/X
 _230_/X
 _231_/Y
 _232_/X
 _233_/X
 _234_/X
 _235_/Y
 _236_/X
 _237_/Y
 _238_/Y
 _239_/Y
 _240_/X
 _241_/Y
 _242_/X
 _243_/Y
 _244_/X
 _245_/X
 _246_/X
 _247_/X
 _248_/X
 _249_/X
 _250_/Y
 _251_/X
 _252_/Y
 _253_/Y
 _254_/Y
 _255_/X
 _256_/Y
 _257_/X
 _258_/X
 _259_/Y
 _260_/X
 _261_/Y
 _262_/Y
 _263_/X
 _264_/Y
 _265_/X
 _266_/X
 _267_/X
 _268_/X
 _269_/Y
 _270_/X
 _271_/Y
 _272_/X
 _273_/Y
 _274_/X
 _275_/Y
 _276_/Y
 _277_/X
 _278_/Y
 _279_/Y
 _280_/X
 _281_/Y
 _282_/X
 _283_/X
 _284_/Y
 _285_/Y
 _286_/Y
 _287_/X
 _288_/X
 _289_/Y
 _290_/X
 _291_/X
 _292_/Y
 _293_/X
 _294_/X
 _295_/Y
 _296_/X
 _297_/Y
 _298_/X
 _299_/Y
 _300_/X
 _301_/X
 _302_/X
 _303_/X
 _304_/Y
 _305_/X
 _306_/Y
 _307_/X
 _308_/Y
 _309_/X
 _310_/X
 _311_/X
 _312_/X
 _313_/Y
 _314_/X
 _315_/Y
 _316_/X
 _317_/X
 _318_/X
 _319_/X
 _320_/Y
 _321_/Y
 _322_/X
 _323_/Y
 _324_/X
 _325_/Y
 _326_/X
 _327_/X
 _328_/Y
 _329_/Y
 _330_/X
 _331_/Y
 _332_/X
 _333_/Y
 _334_/X
 _335_/X
 _336_/X
 _337_/Y
 _338_/X
 _339_/Y
 _340_/X
 _341_/X
 _342_/X
 _343_/X
 _344_/Y
 _345_/X
 _346_/X
 _347_/X
 input1/X
 input10/X
 input11/X
 input12/X
 input13/X
 input14/X
 input15/X
 input16/X
 input17/X
 input18/X
 input19/X
 input2/X
 input3/X
 input4/X
 input5/X
 input6/X
 input7/X
 input8/X
 input9/X
 output20/X
 output21/X
 output22/X
 output23/X
 output24/X
 output25/X
 output26/X
 output27/X
 rebuffer1/X
 rebuffer2/X
 rebuffer3/X
 rebuffer4/X
 rebuffer5/X
 wire28/X
Found 0 partially unannotated drivers.

===========================================================================
max slew violation count 0
max fanout violation count 0
max cap violation count 0
============================================================================

===========================================================================
check_setup -verbose -unconstrained_endpoints -multiple_clock -no_clock -no_input_delay -loops -generated_clocks
===========================================================================
checks_report_end
power_report

===========================================================================
 report_power
============================================================================
======================= Typical Corner ===================================

Group                  Internal  Switching    Leakage      Total
                          Power      Power      Power      Power (Watts)
----------------------------------------------------------------
Sequential             0.00e+00   0.00e+00   0.00e+00   0.00e+00   0.0%
Combinational          4.76e-05   4.61e-05   7.87e-10   9.37e-05 100.0%
Clock                  3.10e-11   0.00e+00   1.81e-10   2.12e-10   0.0%
Macro                  0.00e+00   0.00e+00   0.00e+00   0.00e+00   0.0%
Pad                    0.00e+00   0.00e+00   0.00e+00   0.00e+00   0.0%
----------------------------------------------------------------
Total                  4.76e-05   4.61e-05   9.68e-10   9.37e-05 100.0%
                          50.8%      49.2%       0.0%

power_report_end
summary_report

===========================================================================
report_tns
============================================================================
tns 0.00

===========================================================================
report_wns
============================================================================
wns 0.00

===========================================================================
report_worst_slack -max (Setup)
============================================================================
worst slack 3.32

===========================================================================
report_worst_slack -min (Hold)
============================================================================
worst slack 4.24
summary_report_end
area_report

===========================================================================
report_design_area
============================================================================
Design area 1764 u^2 26% utilization.
area_report_end
check_nonpropagated_clocks
__VIRTUAL_CLK__
check_nonpropagated_clocks_end
[WARNING] Did not save OpenROAD database!
