Instance,Terminal,Layer,X location,Y location,Voltage
FILLER_0_27_184,VPWR,li1,90.6200,84.3200,1.799993
FILLER_0_27_179,VPWR,li1,88.5500,84.3200,1.799994
FILLER_0_27_169,VPWR,li1,84.1800,84.3200,1.799995
FILLER_0_27_165,VPWR,li1,82.1100,84.3200,1.799995
FILLER_0_27_153,VPWR,li1,78.6600,84.3200,1.799995
FILLER_0_27_141,VPWR,li1,73.1400,84.3200,1.799995
FILLER_0_27_137,VPWR,li1,69.2300,84.3200,1.799996
FILLER_0_27_129,VPWR,li1,66.7000,84.3200,1.799996
FILLER_0_27_117,VPWR,li1,62.1000,84.3200,1.799996
FILLER_0_27_109,VPWR,li1,56.3500,84.3200,1.799994
FILLER_0_27_97,VPWR,li1,52.9000,84.3200,1.799994
FILLER_0_27_85,VPWR,li1,47.3800,84.3200,1.799994
FILLER_0_27_81,VPWR,li1,43.4700,84.3200,1.799995
FILLER_0_27_69,VPWR,li1,40.0200,84.3200,1.799996
FILLER_0_27_57,VPWR,li1,34.5000,84.3200,1.799996
FILLER_0_27_53,VPWR,li1,30.5900,84.3200,1.799996
FILLER_0_27_41,VPWR,li1,27.1400,84.3200,1.799995
FILLER_0_27_33,VPWR,li1,20.9300,84.3200,1.799995
FILLER_0_27_29,VPWR,li1,19.7800,84.3200,1.799995
FILLER_0_27_22,VPWR,li1,17.0200,84.3200,1.799995
FILLER_0_27_13,VPWR,li1,12.1900,84.3200,1.799995
FILLER_0_26_185,VPWR,li1,90.8500,84.3200,1.799993
FILLER_0_26_177,VPWR,li1,88.7800,84.3200,1.799994
FILLER_0_26_165,VPWR,li1,84.1800,84.3200,1.799995
FILLER_0_26_153,VPWR,li1,78.6600,84.3200,1.799995
FILLER_0_26_141,VPWR,li1,73.1400,84.3200,1.799995
FILLER_0_26_132,VPWR,li1,68.0800,84.3200,1.799996
FILLER_0_26_120,VPWR,li1,63.4800,84.3200,1.799996
FILLER_0_26_100,VPWR,li1,51.7500,84.3200,1.799994
FILLER_0_26_85,VPWR,li1,46.0000,84.3200,1.799994
FILLER_0_26_83,VPWR,li1,43.9300,84.3200,1.799995
FILLER_0_26_79,VPWR,li1,42.7800,84.3200,1.799995
FILLER_0_26_67,VPWR,li1,39.1000,84.3200,1.799996
FILLER_0_26_55,VPWR,li1,33.5800,84.3200,1.799996
FILLER_0_26_43,VPWR,li1,28.0600,84.3200,1.799995
FILLER_0_26_29,VPWR,li1,19.3200,84.3200,1.799995
FILLER_0_26_27,VPWR,li1,18.1700,84.3200,1.799995
FILLER_0_26_15,VPWR,li1,15.1800,84.3200,1.799995
FILLER_0_25_189,VPWR,li1,92.6900,78.8800,1.799998
FILLER_0_25_181,VPWR,li1,90.6200,78.8800,1.799998
FILLER_0_25_169,VPWR,li1,86.0200,78.8800,1.799998
FILLER_0_25_156,VPWR,li1,80.0400,78.8800,1.799997
FILLER_0_25_144,VPWR,li1,74.5200,78.8800,1.799996
FILLER_0_25_132,VPWR,li1,69.0000,78.8800,1.799996
FILLER_0_25_120,VPWR,li1,63.4800,78.8800,1.799995
FILLER_0_25_111,VPWR,li1,56.8100,78.8800,1.799992
FILLER_0_25_86,VPWR,li1,45.7700,78.8800,1.799991
FILLER_0_25_74,VPWR,li1,42.3200,78.8800,1.799992
FILLER_0_25_70,VPWR,li1,37.9500,78.8800,1.799992
FILLER_0_25_66,VPWR,li1,36.8000,78.8800,1.799992
FILLER_0_25_57,VPWR,li1,32.2000,78.8800,1.799992
FILLER_0_25_55,VPWR,li1,31.0500,78.8800,1.799992
FILLER_0_25_43,VPWR,li1,28.0600,78.8800,1.799991
FILLER_0_25_35,VPWR,li1,21.8500,78.8800,1.799990
FILLER_0_25_31,VPWR,li1,20.7000,78.8800,1.799990
FILLER_0_25_3,VPWR,li1,7.5900,78.8800,1.799992
FILLER_0_24_188,VPWR,li1,92.4600,78.8800,1.799998
FILLER_0_24_183,VPWR,li1,89.9300,78.8800,1.799998
FILLER_0_24_177,VPWR,li1,88.3200,78.8800,1.799998
FILLER_0_24_165,VPWR,li1,84.1800,78.8800,1.799998
FILLER_0_24_153,VPWR,li1,78.6600,78.8800,1.799997
FILLER_0_24_141,VPWR,li1,73.1400,78.8800,1.799996
FILLER_0_24_132,VPWR,li1,68.0800,78.8800,1.799996
FILLER_0_24_120,VPWR,li1,63.4800,78.8800,1.799995
FILLER_0_24_107,VPWR,li1,56.1200,78.8800,1.799992
FILLER_0_24_93,VPWR,li1,48.5300,78.8800,1.799990
FILLER_0_24_85,VPWR,li1,46.4600,78.8800,1.799991
FILLER_0_24_81,VPWR,li1,43.4700,78.8800,1.799991
FILLER_0_24_73,VPWR,li1,40.9400,78.8800,1.799992
FILLER_0_24_61,VPWR,li1,36.3400,78.8800,1.799992
FILLER_0_24_49,VPWR,li1,30.8200,78.8800,1.799992
FILLER_0_24_29,VPWR,li1,21.6200,78.8800,1.799990
FILLER_0_23_189,VPWR,li1,92.6900,73.4400,1.799992
FILLER_0_23_181,VPWR,li1,90.6200,73.4400,1.799992
FILLER_0_23_169,VPWR,li1,86.0200,73.4400,1.799994
FILLER_0_23_165,VPWR,li1,82.1100,73.4400,1.799995
FILLER_0_23_153,VPWR,li1,78.6600,73.4400,1.799995
FILLER_0_23_144,VPWR,li1,72.2200,73.4400,1.799994
FILLER_0_23_136,VPWR,li1,69.9200,73.4400,1.799995
FILLER_0_23_124,VPWR,li1,65.3200,73.4400,1.799995
FILLER_0_23_108,VPWR,li1,56.1200,73.4400,1.799994
FILLER_0_23_96,VPWR,li1,52.4400,73.4400,1.799993
FILLER_0_23_85,VPWR,li1,44.8500,73.4400,1.799992
FILLER_0_23_66,VPWR,li1,38.6400,73.4400,1.799993
FILLER_0_23_52,VPWR,li1,30.3600,73.4400,1.799991
FILLER_0_23_40,VPWR,li1,26.6800,73.4400,1.799990
FILLER_0_23_28,VPWR,li1,21.1600,73.4400,1.799989
FILLER_0_23_16,VPWR,li1,15.6400,73.4400,1.799990
FILLER_0_22_177,VPWR,li1,88.3200,73.4400,1.799993
FILLER_0_22_165,VPWR,li1,84.1800,73.4400,1.799995
FILLER_0_22_153,VPWR,li1,78.6600,73.4400,1.799995
FILLER_0_22_141,VPWR,li1,73.1400,73.4400,1.799994
FILLER_0_22_138,VPWR,li1,69.4600,73.4400,1.799995
FILLER_0_22_126,VPWR,li1,66.2400,73.4400,1.799995
FILLER_0_22_114,VPWR,li1,60.7200,73.4400,1.799995
FILLER_0_22_102,VPWR,li1,55.2000,73.4400,1.799994
FILLER_0_22_90,VPWR,li1,49.6800,73.4400,1.799993
FILLER_0_22_83,VPWR,li1,43.9300,73.4400,1.799992
FILLER_0_22_75,VPWR,li1,41.8600,73.4400,1.799992
FILLER_0_22_63,VPWR,li1,37.2600,73.4400,1.799993
FILLER_0_22_53,VPWR,li1,30.5900,73.4400,1.799991
FILLER_0_22_45,VPWR,li1,28.0600,73.4400,1.799990
FILLER_0_22_12,VPWR,li1,11.7300,73.4400,1.799992
FILLER_0_21_185,VPWR,li1,90.8500,68.0000,1.799991
FILLER_0_21_176,VPWR,li1,87.1700,68.0000,1.799992
FILLER_0_21_160,VPWR,li1,80.9600,68.0000,1.799993
FILLER_0_21_149,VPWR,li1,75.4400,68.0000,1.799994
FILLER_0_21_137,VPWR,li1,71.3000,68.0000,1.799995
FILLER_0_21_125,VPWR,li1,65.7800,68.0000,1.799996
FILLER_0_21_113,VPWR,li1,60.2600,68.0000,1.799997
FILLER_0_21_111,VPWR,li1,56.8100,68.0000,1.799996
FILLER_0_21_105,VPWR,li1,55.2000,68.0000,1.799996
FILLER_0_21_93,VPWR,li1,51.0600,68.0000,1.799996
FILLER_0_21_81,VPWR,li1,45.5400,68.0000,1.799996
FILLER_0_21_69,VPWR,li1,40.0200,68.0000,1.799997
FILLER_0_21_57,VPWR,li1,34.5000,68.0000,1.799997
FILLER_0_21_55,VPWR,li1,31.0500,68.0000,1.799997
FILLER_0_21_43,VPWR,li1,28.0600,68.0000,1.799996
FILLER_0_21_37,VPWR,li1,22.7700,68.0000,1.799996
FILLER_0_21_25,VPWR,li1,19.7800,68.0000,1.799996
FILLER_0_21_21,VPWR,li1,15.4100,68.0000,1.799997
FILLER_0_21_15,VPWR,li1,13.8000,68.0000,1.799997
FILLER_0_21_3,VPWR,li1,9.6600,68.0000,1.799997
FILLER_0_20_177,VPWR,li1,87.1700,68.0000,1.799992
FILLER_0_20_165,VPWR,li1,83.2600,68.0000,1.799993
FILLER_0_20_153,VPWR,li1,78.6600,68.0000,1.799994
FILLER_0_20_141,VPWR,li1,73.1400,68.0000,1.799995
FILLER_0_20_132,VPWR,li1,68.0800,68.0000,1.799995
FILLER_0_20_120,VPWR,li1,63.4800,68.0000,1.799996
FILLER_0_20_99,VPWR,li1,53.8200,68.0000,1.799996
FILLER_0_20_85,VPWR,li1,44.8500,68.0000,1.799996
FILLER_0_20_82,VPWR,li1,43.7000,68.0000,1.799996
FILLER_0_20_74,VPWR,li1,41.4000,68.0000,1.799997
FILLER_0_20_67,VPWR,li1,37.2600,68.0000,1.799997
FILLER_0_20_55,VPWR,li1,33.5800,68.0000,1.799997
FILLER_0_20_49,VPWR,li1,28.2900,68.0000,1.799996
FILLER_0_20_41,VPWR,li1,26.2200,68.0000,1.799996
FILLER_0_20_29,VPWR,li1,21.6200,68.0000,1.799996
FILLER_0_20_27,VPWR,li1,18.1700,68.0000,1.799996
FILLER_0_20_19,VPWR,li1,16.1000,68.0000,1.799996
FILLER_0_20_7,VPWR,li1,11.5000,68.0000,1.799997
FILLER_0_19_175,VPWR,li1,86.2500,62.5600,1.799997
FILLER_0_19_169,VPWR,li1,84.6400,62.5600,1.799997
FILLER_0_19_165,VPWR,li1,82.1100,62.5600,1.799996
FILLER_0_19_160,VPWR,li1,79.3500,62.5600,1.799996
FILLER_0_19_154,VPWR,li1,77.7400,62.5600,1.799996
FILLER_0_19_142,VPWR,li1,73.6000,62.5600,1.799995
FILLER_0_19_130,VPWR,li1,68.0800,62.5600,1.799995
FILLER_0_19_113,VPWR,li1,59.3400,62.5600,1.799994
FILLER_0_19_111,VPWR,li1,56.8100,62.5600,1.799994
FILLER_0_19_107,VPWR,li1,54.9700,62.5600,1.799993
FILLER_0_19_103,VPWR,li1,53.8200,62.5600,1.799993
FILLER_0_19_91,VPWR,li1,50.1400,62.5600,1.799993
FILLER_0_19_69,VPWR,li1,38.1800,62.5600,1.799994
FILLER_0_19_57,VPWR,li1,34.5000,62.5600,1.799995
FILLER_0_19_55,VPWR,li1,31.0500,62.5600,1.799994
FILLER_0_19_44,VPWR,li1,26.4500,62.5600,1.799994
FILLER_0_19_36,VPWR,li1,23.9200,62.5600,1.799994
FILLER_0_19_24,VPWR,li1,19.3200,62.5600,1.799995
FILLER_0_19_15,VPWR,li1,12.8800,62.5600,1.799995
FILLER_0_19_7,VPWR,li1,10.5800,62.5600,1.799996
FILLER_0_18_186,VPWR,li1,92.0000,62.5600,1.799996
FILLER_0_18_165,VPWR,li1,83.2600,62.5600,1.799997
FILLER_0_18_153,VPWR,li1,78.6600,62.5600,1.799996
FILLER_0_18_141,VPWR,li1,73.1400,62.5600,1.799995
FILLER_0_18_134,VPWR,li1,68.5400,62.5600,1.799995
FILLER_0_18_125,VPWR,li1,63.2500,62.5600,1.799994
FILLER_0_18_121,VPWR,li1,62.1000,62.5600,1.799994
FILLER_0_18_107,VPWR,li1,55.6600,62.5600,1.799993
FILLER_0_18_97,VPWR,li1,50.8300,62.5600,1.799993
FILLER_0_18_85,VPWR,li1,47.3800,62.5600,1.799993
FILLER_0_18_83,VPWR,li1,43.9300,62.5600,1.799993
FILLER_0_18_79,VPWR,li1,42.7800,62.5600,1.799993
FILLER_0_18_67,VPWR,li1,39.1000,62.5600,1.799994
FILLER_0_18_55,VPWR,li1,33.5800,62.5600,1.799995
FILLER_0_18_40,VPWR,li1,26.6800,62.5600,1.799994
FILLER_0_18_29,VPWR,li1,19.7800,62.5600,1.799995
FILLER_0_18_27,VPWR,li1,18.1700,62.5600,1.799995
FILLER_0_18_15,VPWR,li1,15.1800,62.5600,1.799995
FILLER_0_18_3,VPWR,li1,9.6600,62.5600,1.799996
FILLER_0_17_173,VPWR,li1,85.3300,57.1200,1.799996
FILLER_0_17_169,VPWR,li1,84.1800,57.1200,1.799996
FILLER_0_17_167,VPWR,li1,82.5700,57.1200,1.799996
FILLER_0_17_159,VPWR,li1,80.5000,57.1200,1.799996
FILLER_0_17_155,VPWR,li1,77.0500,57.1200,1.799996
FILLER_0_17_149,VPWR,li1,75.4400,57.1200,1.799996
FILLER_0_17_137,VPWR,li1,71.3000,57.1200,1.799996
FILLER_0_17_125,VPWR,li1,65.7800,57.1200,1.799997
FILLER_0_17_113,VPWR,li1,60.2600,57.1200,1.799997
FILLER_0_17_109,VPWR,li1,56.3500,57.1200,1.799996
FILLER_0_17_101,VPWR,li1,53.8200,57.1200,1.799995
FILLER_0_17_93,VPWR,li1,48.5300,57.1200,1.799994
FILLER_0_17_85,VPWR,li1,46.4600,57.1200,1.799994
FILLER_0_17_73,VPWR,li1,41.8600,57.1200,1.799994
FILLER_0_17_67,VPWR,li1,37.0300,57.1200,1.799995
FILLER_0_17_57,VPWR,li1,32.6600,57.1200,1.799994
FILLER_0_17_55,VPWR,li1,31.0500,57.1200,1.799994
FILLER_0_17_47,VPWR,li1,28.9800,57.1200,1.799994
FILLER_0_17_35,VPWR,li1,24.3800,57.1200,1.799993
FILLER_0_17_28,VPWR,li1,18.6300,57.1200,1.799992
FILLER_0_17_22,VPWR,li1,17.0200,57.1200,1.799992
FILLER_0_17_15,VPWR,li1,12.6500,57.1200,1.799993
FILLER_0_17_9,VPWR,li1,11.0400,57.1200,1.799994
FILLER_0_16_185,VPWR,li1,90.8500,57.1200,1.799993
FILLER_0_16_177,VPWR,li1,88.7800,57.1200,1.799994
FILLER_0_16_165,VPWR,li1,84.1800,57.1200,1.799996
FILLER_0_16_153,VPWR,li1,78.6600,57.1200,1.799996
FILLER_0_16_141,VPWR,li1,73.1400,57.1200,1.799996
FILLER_0_16_132,VPWR,li1,68.0800,57.1200,1.799997
FILLER_0_16_120,VPWR,li1,63.4800,57.1200,1.799997
FILLER_0_16_108,VPWR,li1,57.9600,57.1200,1.799996
FILLER_0_16_96,VPWR,li1,52.4400,57.1200,1.799995
FILLER_0_16_81,VPWR,li1,43.4700,57.1200,1.799994
FILLER_0_16_73,VPWR,li1,40.9400,57.1200,1.799994
FILLER_0_16_63,VPWR,li1,35.1900,57.1200,1.799995
FILLER_0_16_56,VPWR,li1,31.7400,57.1200,1.799994
FILLER_0_16_48,VPWR,li1,29.4400,57.1200,1.799994
FILLER_0_16_36,VPWR,li1,24.8400,57.1200,1.799993
FILLER_0_16_27,VPWR,li1,18.1700,57.1200,1.799992
FILLER_0_16_19,VPWR,li1,16.1000,57.1200,1.799992
FILLER_0_16_7,VPWR,li1,11.5000,57.1200,1.799994
FILLER_0_15_181,VPWR,li1,89.2400,51.6800,1.799999
FILLER_0_15_169,VPWR,li1,86.0200,51.6800,1.799999
FILLER_0_15_167,VPWR,li1,82.5700,51.6800,1.799999
FILLER_0_15_161,VPWR,li1,80.9600,51.6800,1.799999
FILLER_0_15_149,VPWR,li1,76.8200,51.6800,1.799999
FILLER_0_15_137,VPWR,li1,71.3000,51.6800,1.799998
FILLER_0_15_125,VPWR,li1,65.7800,51.6800,1.799998
FILLER_0_15_113,VPWR,li1,60.2600,51.6800,1.799998
FILLER_0_15_111,VPWR,li1,56.8100,51.6800,1.799997
FILLER_0_15_99,VPWR,li1,53.8200,51.6800,1.799996
FILLER_0_15_84,VPWR,li1,44.8500,51.6800,1.799995
FILLER_0_15_76,VPWR,li1,42.3200,51.6800,1.799995
FILLER_0_15_64,VPWR,li1,37.7200,51.6800,1.799996
FILLER_0_15_50,VPWR,li1,29.9000,51.6800,1.799995
FILLER_0_15_36,VPWR,li1,23.9200,51.6800,1.799995
FILLER_0_15_27,VPWR,li1,18.6300,51.6800,1.799995
FILLER_0_15_15,VPWR,li1,15.1800,51.6800,1.799995
FILLER_0_15_3,VPWR,li1,9.6600,51.6800,1.799997
FILLER_0_14_189,VPWR,li1,92.6900,51.6800,1.799999
FILLER_0_14_177,VPWR,li1,89.7000,51.6800,1.799999
FILLER_0_14_165,VPWR,li1,84.1800,51.6800,1.799999
FILLER_0_14_153,VPWR,li1,78.6600,51.6800,1.799999
FILLER_0_14_141,VPWR,li1,73.1400,51.6800,1.799998
FILLER_0_14_139,VPWR,li1,69.6900,51.6800,1.799998
FILLER_0_14_131,VPWR,li1,67.6200,51.6800,1.799998
FILLER_0_14_119,VPWR,li1,63.0200,51.6800,1.799998
FILLER_0_14_107,VPWR,li1,57.5000,51.6800,1.799997
FILLER_0_14_95,VPWR,li1,51.9800,51.6800,1.799995
FILLER_0_14_83,VPWR,li1,43.9300,51.6800,1.799995
FILLER_0_14_77,VPWR,li1,42.3200,51.6800,1.799995
FILLER_0_14_65,VPWR,li1,38.1800,51.6800,1.799996
FILLER_0_14_53,VPWR,li1,32.6600,51.6800,1.799996
FILLER_0_14_41,VPWR,li1,27.1400,51.6800,1.799995
FILLER_0_14_29,VPWR,li1,21.6200,51.6800,1.799995
FILLER_0_14_27,VPWR,li1,18.1700,51.6800,1.799995
FILLER_0_14_23,VPWR,li1,16.3300,51.6800,1.799995
FILLER_0_14_19,VPWR,li1,15.1800,51.6800,1.799995
FILLER_0_14_7,VPWR,li1,11.5000,51.6800,1.799996
FILLER_0_13_189,VPWR,li1,92.6900,46.2400,1.799994
FILLER_0_13_181,VPWR,li1,90.6200,46.2400,1.799994
FILLER_0_13_169,VPWR,li1,86.0200,46.2400,1.799995
FILLER_0_13_160,VPWR,li1,80.9600,46.2400,1.799995
FILLER_0_13_152,VPWR,li1,75.9000,46.2400,1.799994
FILLER_0_13_144,VPWR,li1,73.6000,46.2400,1.799994
FILLER_0_13_123,VPWR,li1,62.7900,46.2400,1.799995
FILLER_0_13_113,VPWR,li1,58.1900,46.2400,1.799996
FILLER_0_13_111,VPWR,li1,56.8100,46.2400,1.799996
FILLER_0_13_105,VPWR,li1,55.2000,46.2400,1.799996
FILLER_0_13_93,VPWR,li1,51.0600,46.2400,1.799996
FILLER_0_13_81,VPWR,li1,45.5400,46.2400,1.799996
FILLER_0_13_69,VPWR,li1,40.0200,46.2400,1.799996
FILLER_0_13_57,VPWR,li1,34.5000,46.2400,1.799996
FILLER_0_13_52,VPWR,li1,30.3600,46.2400,1.799995
FILLER_0_13_40,VPWR,li1,26.6800,46.2400,1.799994
FILLER_0_13_34,VPWR,li1,21.3900,46.2400,1.799993
FILLER_0_13_24,VPWR,li1,17.2500,46.2400,1.799993
FILLER_0_13_15,VPWR,li1,13.1100,46.2400,1.799994
FILLER_0_13_7,VPWR,li1,10.5800,46.2400,1.799995
FILLER_0_12_184,VPWR,li1,90.6200,46.2400,1.799994
FILLER_0_12_172,VPWR,li1,87.4000,46.2400,1.799995
FILLER_0_12_160,VPWR,li1,81.8800,46.2400,1.799995
FILLER_0_12_153,VPWR,li1,76.1300,46.2400,1.799994
FILLER_0_12_141,VPWR,li1,73.1400,46.2400,1.799994
FILLER_0_12_134,VPWR,li1,68.5400,46.2400,1.799994
FILLER_0_12_122,VPWR,li1,64.4000,46.2400,1.799995
FILLER_0_12_109,VPWR,li1,57.5000,46.2400,1.799996
FILLER_0_12_100,VPWR,li1,52.4400,46.2400,1.799996
FILLER_0_12_85,VPWR,li1,46.4600,46.2400,1.799996
FILLER_0_12_83,VPWR,li1,43.9300,46.2400,1.799996
FILLER_0_12_79,VPWR,li1,42.7800,46.2400,1.799996
FILLER_0_12_67,VPWR,li1,39.1000,46.2400,1.799996
FILLER_0_12_55,VPWR,li1,33.5800,46.2400,1.799996
FILLER_0_12_47,VPWR,li1,27.3700,46.2400,1.799994
FILLER_0_12_39,VPWR,li1,25.3000,46.2400,1.799994
FILLER_0_12_29,VPWR,li1,19.7800,46.2400,1.799993
FILLER_0_12_27,VPWR,li1,18.1700,46.2400,1.799993
FILLER_0_12_23,VPWR,li1,17.0200,46.2400,1.799993
FILLER_0_12_19,VPWR,li1,14.4900,46.2400,1.799993
FILLER_0_12_11,VPWR,li1,12.4200,46.2400,1.799994
FILLER_0_11_189,VPWR,li1,92.6900,40.8000,1.799997
FILLER_0_11_181,VPWR,li1,90.6200,40.8000,1.799997
FILLER_0_11_169,VPWR,li1,86.0200,40.8000,1.799997
FILLER_0_11_160,VPWR,li1,80.9600,40.8000,1.799997
FILLER_0_11_153,VPWR,li1,76.1300,40.8000,1.799996
FILLER_0_11_145,VPWR,li1,74.0600,40.8000,1.799996
FILLER_0_11_137,VPWR,li1,68.7700,40.8000,1.799996
FILLER_0_11_125,VPWR,li1,65.7800,40.8000,1.799996
FILLER_0_11_113,VPWR,li1,60.2600,40.8000,1.799997
FILLER_0_11_110,VPWR,li1,56.5800,40.8000,1.799997
FILLER_0_11_102,VPWR,li1,54.2800,40.8000,1.799996
FILLER_0_11_94,VPWR,li1,49.4500,40.8000,1.799996
FILLER_0_11_89,VPWR,li1,46.9200,40.8000,1.799996
FILLER_0_11_81,VPWR,li1,44.6200,40.8000,1.799996
FILLER_0_11_69,VPWR,li1,40.0200,40.8000,1.799997
FILLER_0_11_57,VPWR,li1,34.5000,40.8000,1.799997
FILLER_0_11_44,VPWR,li1,28.5200,40.8000,1.799997
FILLER_0_11_38,VPWR,li1,23.2300,40.8000,1.799997
FILLER_0_11_30,VPWR,li1,21.1600,40.8000,1.799997
FILLER_0_11_18,VPWR,li1,16.5600,40.8000,1.799997
FILLER_0_11_6,VPWR,li1,11.0400,40.8000,1.799998
FILLER_0_10_179,VPWR,li1,89.2400,40.8000,1.799997
FILLER_0_10_170,VPWR,li1,84.4100,40.8000,1.799997
FILLER_0_10_158,VPWR,li1,80.9600,40.8000,1.799997
FILLER_0_10_146,VPWR,li1,75.4400,40.8000,1.799996
FILLER_0_10_134,VPWR,li1,68.5400,40.8000,1.799996
FILLER_0_10_122,VPWR,li1,64.4000,40.8000,1.799996
FILLER_0_10_115,VPWR,li1,58.8800,40.8000,1.799997
FILLER_0_10_107,VPWR,li1,56.5800,40.8000,1.799997
FILLER_0_10_101,VPWR,li1,52.2100,40.8000,1.799996
FILLER_0_10_97,VPWR,li1,51.0600,40.8000,1.799996
FILLER_0_10_85,VPWR,li1,47.3800,40.8000,1.799996
FILLER_0_10_83,VPWR,li1,43.9300,40.8000,1.799997
FILLER_0_10_77,VPWR,li1,42.3200,40.8000,1.799997
FILLER_0_10_65,VPWR,li1,38.1800,40.8000,1.799997
FILLER_0_10_57,VPWR,li1,31.9700,40.8000,1.799997
FILLER_0_10_53,VPWR,li1,30.8200,40.8000,1.799997
FILLER_0_10_41,VPWR,li1,27.1400,40.8000,1.799997
FILLER_0_10_29,VPWR,li1,21.6200,40.8000,1.799997
FILLER_0_10_27,VPWR,li1,18.1700,40.8000,1.799997
FILLER_0_10_19,VPWR,li1,16.1000,40.8000,1.799997
FILLER_0_10_7,VPWR,li1,11.5000,40.8000,1.799998
FILLER_0_9_189,VPWR,li1,92.6900,35.3600,1.799991
FILLER_0_9_185,VPWR,li1,91.5400,35.3600,1.799991
FILLER_0_9_169,VPWR,li1,83.4900,35.3600,1.799994
FILLER_0_9_166,VPWR,li1,82.3400,35.3600,1.799994
FILLER_0_9_150,VPWR,li1,75.2100,35.3600,1.799994
FILLER_0_9_142,VPWR,li1,72.6800,35.3600,1.799995
FILLER_0_9_130,VPWR,li1,68.0800,35.3600,1.799995
FILLER_0_9_118,VPWR,li1,62.5600,35.3600,1.799996
FILLER_0_9_111,VPWR,li1,56.8100,35.3600,1.799996
FILLER_0_9_105,VPWR,li1,55.2000,35.3600,1.799996
FILLER_0_9_93,VPWR,li1,51.0600,35.3600,1.799996
FILLER_0_9_83,VPWR,li1,45.0800,35.3600,1.799996
FILLER_0_9_71,VPWR,li1,40.9400,35.3600,1.799996
FILLER_0_9_65,VPWR,li1,35.6500,35.3600,1.799996
FILLER_0_9_57,VPWR,li1,33.5800,35.3600,1.799996
FILLER_0_9_55,VPWR,li1,31.0500,35.3600,1.799994
FILLER_0_9_51,VPWR,li1,29.9000,35.3600,1.799994
FILLER_0_9_39,VPWR,li1,26.2200,35.3600,1.799994
FILLER_0_9_27,VPWR,li1,20.7000,35.3600,1.799994
FILLER_0_9_15,VPWR,li1,15.1800,35.3600,1.799995
FILLER_0_9_3,VPWR,li1,9.6600,35.3600,1.799997
FILLER_0_8_180,VPWR,li1,89.2400,35.3600,1.799992
FILLER_0_8_173,VPWR,li1,85.5600,35.3600,1.799994
FILLER_0_8_165,VPWR,li1,83.2600,35.3600,1.799994
FILLER_0_8_153,VPWR,li1,78.6600,35.3600,1.799994
FILLER_0_8_141,VPWR,li1,73.1400,35.3600,1.799995
FILLER_0_8_139,VPWR,li1,69.6900,35.3600,1.799995
FILLER_0_8_133,VPWR,li1,68.0800,35.3600,1.799995
FILLER_0_8_121,VPWR,li1,63.9400,35.3600,1.799996
FILLER_0_8_109,VPWR,li1,58.4200,35.3600,1.799996
FILLER_0_8_97,VPWR,li1,52.9000,35.3600,1.799996
FILLER_0_8_85,VPWR,li1,47.3800,35.3600,1.799996
FILLER_0_8_83,VPWR,li1,43.9300,35.3600,1.799996
FILLER_0_8_79,VPWR,li1,42.7800,35.3600,1.799996
FILLER_0_8_67,VPWR,li1,39.1000,35.3600,1.799996
FILLER_0_8_55,VPWR,li1,33.5800,35.3600,1.799996
FILLER_0_8_42,VPWR,li1,25.0700,35.3600,1.799994
FILLER_0_8_36,VPWR,li1,23.4600,35.3600,1.799994
FILLER_0_8_27,VPWR,li1,18.1700,35.3600,1.799995
FILLER_0_8_19,VPWR,li1,16.1000,35.3600,1.799995
FILLER_0_8_7,VPWR,li1,11.5000,35.3600,1.799996
FILLER_0_7_188,VPWR,li1,92.4600,29.9200,1.799995
FILLER_0_7_181,VPWR,li1,89.2400,29.9200,1.799995
FILLER_0_7_169,VPWR,li1,86.0200,29.9200,1.799995
FILLER_0_7_166,VPWR,li1,82.3400,29.9200,1.799994
FILLER_0_7_151,VPWR,li1,75.4400,29.9200,1.799993
FILLER_0_7_139,VPWR,li1,72.2200,29.9200,1.799993
FILLER_0_7_130,VPWR,li1,65.5500,29.9200,1.799993
FILLER_0_7_113,VPWR,li1,58.1900,29.9200,1.799993
FILLER_0_7_100,VPWR,li1,54.2800,29.9200,1.799991
FILLER_0_7_88,VPWR,li1,48.7600,29.9200,1.799991
FILLER_0_7_76,VPWR,li1,43.2400,29.9200,1.799991
FILLER_0_7_65,VPWR,li1,35.8800,29.9200,1.799993
FILLER_0_7_54,VPWR,li1,30.8200,29.9200,1.799993
FILLER_0_7_51,VPWR,li1,29.2100,29.9200,1.799994
FILLER_0_7_43,VPWR,li1,27.1400,29.9200,1.799994
FILLER_0_7_31,VPWR,li1,22.5400,29.9200,1.799995
FILLER_0_7_19,VPWR,li1,17.0200,29.9200,1.799996
FILLER_0_7_7,VPWR,li1,11.5000,29.9200,1.799997
FILLER_0_6_187,VPWR,li1,92.2300,29.9200,1.799995
FILLER_0_6_179,VPWR,li1,89.7000,29.9200,1.799995
FILLER_0_6_173,VPWR,li1,85.3300,29.9200,1.799995
FILLER_0_6_165,VPWR,li1,81.6500,29.9200,1.799994
FILLER_0_6_161,VPWR,li1,80.5000,29.9200,1.799994
FILLER_0_6_153,VPWR,li1,76.1300,29.9200,1.799993
FILLER_0_6_141,VPWR,li1,73.1400,29.9200,1.799993
FILLER_0_6_139,VPWR,li1,69.6900,29.9200,1.799993
FILLER_0_6_135,VPWR,li1,68.5400,29.9200,1.799993
FILLER_0_6_123,VPWR,li1,64.8600,29.9200,1.799993
FILLER_0_6_111,VPWR,li1,59.3400,29.9200,1.799993
FILLER_0_6_76,VPWR,li1,40.7100,29.9200,1.799992
FILLER_0_6_72,VPWR,li1,39.5600,29.9200,1.799992
FILLER_0_6_47,VPWR,li1,27.3700,29.9200,1.799994
FILLER_0_6_41,VPWR,li1,25.7600,29.9200,1.799994
FILLER_0_6_29,VPWR,li1,21.6200,29.9200,1.799995
FILLER_0_6_22,VPWR,li1,17.0200,29.9200,1.799996
FILLER_0_6_10,VPWR,li1,12.8800,29.9200,1.799996
FILLER_0_6_3,VPWR,li1,7.1300,29.9200,1.799996
FILLER_0_5_189,VPWR,li1,92.6900,24.4800,1.799997
FILLER_0_5_181,VPWR,li1,90.6200,24.4800,1.799997
FILLER_0_5_169,VPWR,li1,86.0200,24.4800,1.799997
FILLER_0_5_166,VPWR,li1,82.3400,24.4800,1.799997
FILLER_0_5_154,VPWR,li1,79.1200,24.4800,1.799996
FILLER_0_5_137,VPWR,li1,71.3000,24.4800,1.799996
FILLER_0_5_125,VPWR,li1,65.7800,24.4800,1.799996
FILLER_0_5_113,VPWR,li1,60.2600,24.4800,1.799996
FILLER_0_5_108,VPWR,li1,56.1200,24.4800,1.799995
FILLER_0_5_96,VPWR,li1,52.4400,24.4800,1.799994
FILLER_0_5_91,VPWR,li1,47.6100,24.4800,1.799994
FILLER_0_5_83,VPWR,li1,45.5400,24.4800,1.799994
FILLER_0_5_71,VPWR,li1,40.9400,24.4800,1.799993
FILLER_0_5_57,VPWR,li1,33.1200,24.4800,1.799993
FILLER_0_5_54,VPWR,li1,30.8200,24.4800,1.799992
FILLER_0_5_33,VPWR,li1,22.0800,24.4800,1.799990
FILLER_0_5_21,VPWR,li1,17.9400,24.4800,1.799991
FILLER_0_5_9,VPWR,li1,12.4200,24.4800,1.799993
FILLER_0_4_189,VPWR,li1,92.6900,24.4800,1.799997
FILLER_0_4_185,VPWR,li1,91.5400,24.4800,1.799997
FILLER_0_4_177,VPWR,li1,87.1700,24.4800,1.799997
FILLER_0_4_165,VPWR,li1,84.1800,24.4800,1.799997
FILLER_0_4_153,VPWR,li1,78.6600,24.4800,1.799996
FILLER_0_4_141,VPWR,li1,73.1400,24.4800,1.799996
FILLER_0_4_136,VPWR,li1,69.0000,24.4800,1.799996
FILLER_0_4_124,VPWR,li1,65.3200,24.4800,1.799996
FILLER_0_4_111,VPWR,li1,57.0400,24.4800,1.799995
FILLER_0_4_103,VPWR,li1,54.7400,24.4800,1.799995
FILLER_0_4_93,VPWR,li1,48.9900,24.4800,1.799994
FILLER_0_4_85,VPWR,li1,46.4600,24.4800,1.799994
FILLER_0_4_68,VPWR,li1,37.4900,24.4800,1.799994
FILLER_0_4_56,VPWR,li1,34.0400,24.4800,1.799993
FILLER_0_4_44,VPWR,li1,28.5200,24.4800,1.799991
FILLER_0_4_23,VPWR,li1,16.3300,24.4800,1.799992
FILLER_0_4_19,VPWR,li1,15.1800,24.4800,1.799992
FILLER_0_4_7,VPWR,li1,11.5000,24.4800,1.799993
FILLER_0_3_177,VPWR,li1,87.4000,19.0400,1.799995
FILLER_0_3_169,VPWR,li1,85.1000,19.0400,1.799996
FILLER_0_3_167,VPWR,li1,82.5700,19.0400,1.799996
FILLER_0_3_161,VPWR,li1,80.9600,19.0400,1.799996
FILLER_0_3_149,VPWR,li1,76.8200,19.0400,1.799996
FILLER_0_3_137,VPWR,li1,71.3000,19.0400,1.799996
FILLER_0_3_125,VPWR,li1,65.7800,19.0400,1.799997
FILLER_0_3_113,VPWR,li1,60.2600,19.0400,1.799998
FILLER_0_3_111,VPWR,li1,56.8100,19.0400,1.799998
FILLER_0_3_107,VPWR,li1,55.6600,19.0400,1.799998
FILLER_0_3_95,VPWR,li1,51.9800,19.0400,1.799998
FILLER_0_3_83,VPWR,li1,46.4600,19.0400,1.799997
FILLER_0_3_71,VPWR,li1,40.9400,19.0400,1.799997
FILLER_0_3_61,VPWR,li1,33.8100,19.0400,1.799997
FILLER_0_3_57,VPWR,li1,32.6600,19.0400,1.799997
FILLER_0_3_55,VPWR,li1,31.0500,19.0400,1.799997
FILLER_0_3_47,VPWR,li1,28.9800,19.0400,1.799997
FILLER_0_3_35,VPWR,li1,24.3800,19.0400,1.799997
FILLER_0_3_27,VPWR,li1,18.6300,19.0400,1.799997
FILLER_0_3_15,VPWR,li1,15.1800,19.0400,1.799997
FILLER_0_3_3,VPWR,li1,9.6600,19.0400,1.799997
FILLER_0_2_188,VPWR,li1,92.4600,19.0400,1.799994
FILLER_0_2_183,VPWR,li1,89.9300,19.0400,1.799994
FILLER_0_2_171,VPWR,li1,86.9400,19.0400,1.799995
FILLER_0_2_159,VPWR,li1,81.4200,19.0400,1.799996
FILLER_0_2_147,VPWR,li1,75.9000,19.0400,1.799996
FILLER_0_2_141,VPWR,li1,70.6100,19.0400,1.799996
FILLER_0_2_128,VPWR,li1,67.1600,19.0400,1.799997
FILLER_0_2_109,VPWR,li1,58.4200,19.0400,1.799998
FILLER_0_2_97,VPWR,li1,52.9000,19.0400,1.799998
FILLER_0_2_85,VPWR,li1,47.3800,19.0400,1.799997
FILLER_0_2_83,VPWR,li1,43.9300,19.0400,1.799997
FILLER_0_2_77,VPWR,li1,42.3200,19.0400,1.799997
FILLER_0_2_65,VPWR,li1,38.1800,19.0400,1.799997
FILLER_0_2_53,VPWR,li1,30.8200,19.0400,1.799997
FILLER_0_2_41,VPWR,li1,27.1400,19.0400,1.799997
FILLER_0_2_29,VPWR,li1,21.6200,19.0400,1.799996
FILLER_0_2_25,VPWR,li1,17.7100,19.0400,1.799997
FILLER_0_2_17,VPWR,li1,15.1800,19.0400,1.799997
FILLER_0_2_11,VPWR,li1,10.8100,19.0400,1.799997
FILLER_0_2_7,VPWR,li1,9.6600,19.0400,1.799997
FILLER_0_1_182,VPWR,li1,91.0800,13.6000,1.799993
FILLER_0_1_162,VPWR,li1,81.4200,13.6000,1.799994
FILLER_0_1_149,VPWR,li1,75.4400,13.6000,1.799994
FILLER_0_1_137,VPWR,li1,71.3000,13.6000,1.799994
FILLER_0_1_125,VPWR,li1,65.7800,13.6000,1.799995
FILLER_0_1_113,VPWR,li1,60.2600,13.6000,1.799996
FILLER_0_1_111,VPWR,li1,56.8100,13.6000,1.799995
FILLER_0_1_107,VPWR,li1,55.6600,13.6000,1.799995
FILLER_0_1_95,VPWR,li1,51.9800,13.6000,1.799995
FILLER_0_1_57,VPWR,li1,32.2000,13.6000,1.799995
FILLER_0_1_50,VPWR,li1,28.7500,13.6000,1.799995
FILLER_0_1_42,VPWR,li1,26.6800,13.6000,1.799995
FILLER_0_1_31,VPWR,li1,20.7000,13.6000,1.799995
FILLER_0_1_25,VPWR,li1,17.2500,13.6000,1.799995
FILLER_0_1_19,VPWR,li1,15.6400,13.6000,1.799996
FILLER_0_1_7,VPWR,li1,11.5000,13.6000,1.799996
FILLER_0_0_185,VPWR,li1,90.8500,13.6000,1.799993
FILLER_0_0_181,VPWR,li1,89.7000,13.6000,1.799993
FILLER_0_0_169,VPWR,li1,86.0200,13.6000,1.799994
FILLER_0_0_167,VPWR,li1,82.5700,13.6000,1.799994
FILLER_0_0_163,VPWR,li1,81.4200,13.6000,1.799994
FILLER_0_0_151,VPWR,li1,77.7400,13.6000,1.799994
FILLER_0_0_139,VPWR,li1,69.6900,13.6000,1.799994
FILLER_0_0_133,VPWR,li1,67.3900,13.6000,1.799994
FILLER_0_0_125,VPWR,li1,64.8600,13.6000,1.799995
FILLER_0_0_113,VPWR,li1,60.2600,13.6000,1.799996
FILLER_0_0_109,VPWR,li1,56.3500,13.6000,1.799995
FILLER_0_0_97,VPWR,li1,52.9000,13.6000,1.799995
FILLER_0_0_85,VPWR,li1,47.3800,13.6000,1.799994
FILLER_0_0_81,VPWR,li1,43.4700,13.6000,1.799993
FILLER_0_0_69,VPWR,li1,40.0200,13.6000,1.799994
FILLER_0_0_57,VPWR,li1,34.5000,13.6000,1.799995
FILLER_0_0_53,VPWR,li1,30.5900,13.6000,1.799995
FILLER_0_0_41,VPWR,li1,27.1400,13.6000,1.799995
FILLER_0_0_29,VPWR,li1,21.6200,13.6000,1.799995
FILLER_0_0_27,VPWR,li1,18.1700,13.6000,1.799995
FILLER_0_0_15,VPWR,li1,15.1800,13.6000,1.799996
FILLER_0_0_3,VPWR,li1,9.6600,13.6000,1.799997
ANTENNA_3,VPWR,li1,89.7000,84.3200,1.799994
ANTENNA_2,VPWR,li1,29.9000,29.9200,1.799994
ANTENNA_1,VPWR,li1,36.8000,29.9200,1.799993
rebuffer5,VPWR,li1,60.2600,62.5600,1.799994
rebuffer4,VPWR,li1,88.0900,62.5600,1.799997
rebuffer3,VPWR,li1,47.3800,73.4400,1.799992
rebuffer2,VPWR,li1,38.8700,68.0000,1.799997
rebuffer1,VPWR,li1,47.3800,68.0000,1.799996
wire28,VPWR,li1,21.3900,57.1200,1.799992
output27,VPWR,li1,92.0000,13.6000,1.799992
output26,VPWR,li1,88.7800,19.0400,1.799994
output25,VPWR,li1,91.5400,35.3600,1.799991
output24,VPWR,li1,92.0000,46.2400,1.799994
output23,VPWR,li1,92.0000,57.1200,1.799993
output22,VPWR,li1,92.0000,73.4400,1.799992
output21,VPWR,li1,92.0000,84.3200,1.799993
output20,VPWR,li1,92.0000,84.3200,1.799993
input19,VPWR,li1,8.2800,84.3200,1.799995
input18,VPWR,li1,8.2800,84.3200,1.799995
input17,VPWR,li1,10.5800,84.3200,1.799995
input16,VPWR,li1,7.8200,46.2400,1.799994
input15,VPWR,li1,7.8200,51.6800,1.799996
input14,VPWR,li1,7.8200,57.1200,1.799993
input13,VPWR,li1,8.2800,57.1200,1.799993
input12,VPWR,li1,7.8200,62.5600,1.799996
input11,VPWR,li1,7.8200,68.0000,1.799997
input10,VPWR,li1,10.1200,73.4400,1.799992
input9,VPWR,li1,7.8200,73.4400,1.799991
input8,VPWR,li1,7.8200,13.6000,1.799996
input7,VPWR,li1,7.8200,19.0400,1.799997
input6,VPWR,li1,7.8200,24.4800,1.799992
input5,VPWR,li1,8.2800,24.4800,1.799993
input4,VPWR,li1,7.8200,29.9200,1.799996
input3,VPWR,li1,7.8200,35.3600,1.799996
input2,VPWR,li1,7.8200,40.8000,1.799997
input1,VPWR,li1,7.5900,40.8000,1.799997
TAP_TAPCELL_ROW_27_145,VPWR,li1,83.0300,84.6260,1.799995
TAP_TAPCELL_ROW_27_144,VPWR,li1,70.1500,84.6260,1.799996
TAP_TAPCELL_ROW_27_143,VPWR,li1,57.2700,84.6260,1.799994
TAP_TAPCELL_ROW_27_142,VPWR,li1,44.3900,84.6260,1.799995
TAP_TAPCELL_ROW_27_141,VPWR,li1,31.5100,84.6260,1.799996
TAP_TAPCELL_ROW_27_140,VPWR,li1,18.6300,84.6260,1.799995
TAP_TAPCELL_ROW_26_139,VPWR,li1,70.1500,84.0130,1.799996
TAP_TAPCELL_ROW_26_138,VPWR,li1,44.3900,84.0130,1.799995
TAP_TAPCELL_ROW_26_137,VPWR,li1,18.6300,84.0130,1.799995
TAP_TAPCELL_ROW_25_136,VPWR,li1,83.0300,79.1860,1.799998
TAP_TAPCELL_ROW_25_135,VPWR,li1,57.2700,79.1860,1.799992
TAP_TAPCELL_ROW_25_134,VPWR,li1,31.5100,79.1860,1.799992
TAP_TAPCELL_ROW_24_133,VPWR,li1,70.1500,78.5730,1.799996
TAP_TAPCELL_ROW_24_132,VPWR,li1,44.3900,78.5730,1.799991
TAP_TAPCELL_ROW_24_131,VPWR,li1,18.6300,78.5730,1.799990
TAP_TAPCELL_ROW_23_130,VPWR,li1,83.0300,73.7460,1.799995
TAP_TAPCELL_ROW_23_129,VPWR,li1,57.2700,73.7460,1.799994
TAP_TAPCELL_ROW_23_128,VPWR,li1,31.5100,73.7460,1.799991
TAP_TAPCELL_ROW_22_127,VPWR,li1,70.1500,73.1330,1.799995
TAP_TAPCELL_ROW_22_126,VPWR,li1,44.3900,73.1330,1.799992
TAP_TAPCELL_ROW_22_125,VPWR,li1,18.6300,73.1330,1.799989
TAP_TAPCELL_ROW_21_124,VPWR,li1,83.0300,68.3060,1.799993
TAP_TAPCELL_ROW_21_123,VPWR,li1,57.2700,68.3060,1.799996
TAP_TAPCELL_ROW_21_122,VPWR,li1,31.5100,68.3060,1.799997
TAP_TAPCELL_ROW_20_121,VPWR,li1,70.1500,67.6930,1.799995
TAP_TAPCELL_ROW_20_120,VPWR,li1,44.3900,67.6930,1.799996
TAP_TAPCELL_ROW_20_119,VPWR,li1,18.6300,67.6930,1.799996
TAP_TAPCELL_ROW_19_118,VPWR,li1,83.0300,62.8660,1.799997
TAP_TAPCELL_ROW_19_117,VPWR,li1,57.2700,62.8660,1.799994
TAP_TAPCELL_ROW_19_116,VPWR,li1,31.5100,62.8660,1.799994
TAP_TAPCELL_ROW_18_115,VPWR,li1,70.1500,62.2530,1.799995
TAP_TAPCELL_ROW_18_114,VPWR,li1,44.3900,62.2530,1.799993
TAP_TAPCELL_ROW_18_113,VPWR,li1,18.6300,62.2530,1.799995
TAP_TAPCELL_ROW_17_112,VPWR,li1,83.0300,57.4260,1.799996
TAP_TAPCELL_ROW_17_111,VPWR,li1,57.2700,57.4260,1.799996
TAP_TAPCELL_ROW_17_110,VPWR,li1,31.5100,57.4260,1.799994
TAP_TAPCELL_ROW_16_109,VPWR,li1,70.1500,56.8130,1.799996
TAP_TAPCELL_ROW_16_108,VPWR,li1,44.3900,56.8130,1.799994
TAP_TAPCELL_ROW_16_107,VPWR,li1,18.6300,56.8130,1.799992
TAP_TAPCELL_ROW_15_106,VPWR,li1,83.0300,51.9860,1.799999
TAP_TAPCELL_ROW_15_105,VPWR,li1,57.2700,51.9860,1.799997
TAP_TAPCELL_ROW_15_104,VPWR,li1,31.5100,51.9860,1.799995
TAP_TAPCELL_ROW_14_103,VPWR,li1,70.1500,51.3730,1.799998
TAP_TAPCELL_ROW_14_102,VPWR,li1,44.3900,51.3730,1.799995
TAP_TAPCELL_ROW_14_101,VPWR,li1,18.6300,51.3730,1.799995
TAP_TAPCELL_ROW_13_100,VPWR,li1,83.0300,46.5460,1.799995
TAP_TAPCELL_ROW_13_99,VPWR,li1,57.2700,46.5460,1.799996
TAP_TAPCELL_ROW_13_98,VPWR,li1,31.5100,46.5460,1.799995
TAP_TAPCELL_ROW_12_97,VPWR,li1,70.1500,45.9330,1.799994
TAP_TAPCELL_ROW_12_96,VPWR,li1,44.3900,45.9330,1.799996
TAP_TAPCELL_ROW_12_95,VPWR,li1,18.6300,45.9330,1.799993
TAP_TAPCELL_ROW_11_94,VPWR,li1,83.0300,41.1060,1.799997
TAP_TAPCELL_ROW_11_93,VPWR,li1,57.2700,41.1060,1.799997
TAP_TAPCELL_ROW_11_92,VPWR,li1,31.5100,41.1060,1.799997
TAP_TAPCELL_ROW_10_91,VPWR,li1,70.1500,40.4930,1.799996
TAP_TAPCELL_ROW_10_90,VPWR,li1,44.3900,40.4930,1.799996
TAP_TAPCELL_ROW_10_89,VPWR,li1,18.6300,40.4930,1.799997
TAP_TAPCELL_ROW_9_88,VPWR,li1,83.0300,35.6660,1.799994
TAP_TAPCELL_ROW_9_87,VPWR,li1,57.2700,35.6660,1.799996
TAP_TAPCELL_ROW_9_86,VPWR,li1,31.5100,35.6660,1.799995
TAP_TAPCELL_ROW_8_85,VPWR,li1,70.1500,35.0530,1.799995
TAP_TAPCELL_ROW_8_84,VPWR,li1,44.3900,35.0530,1.799996
TAP_TAPCELL_ROW_8_83,VPWR,li1,18.6300,35.0530,1.799995
TAP_TAPCELL_ROW_7_82,VPWR,li1,83.0300,30.2260,1.799994
TAP_TAPCELL_ROW_7_81,VPWR,li1,57.2700,30.2260,1.799992
TAP_TAPCELL_ROW_7_80,VPWR,li1,31.5100,30.2260,1.799993
TAP_TAPCELL_ROW_6_79,VPWR,li1,70.1500,29.6130,1.799993
TAP_TAPCELL_ROW_6_78,VPWR,li1,44.3900,29.6130,1.799991
TAP_TAPCELL_ROW_6_77,VPWR,li1,18.6300,29.6130,1.799996
TAP_TAPCELL_ROW_5_76,VPWR,li1,83.0300,24.7860,1.799997
TAP_TAPCELL_ROW_5_75,VPWR,li1,57.2700,24.7860,1.799995
TAP_TAPCELL_ROW_5_74,VPWR,li1,31.5100,24.7860,1.799992
TAP_TAPCELL_ROW_4_73,VPWR,li1,70.1500,24.1730,1.799996
TAP_TAPCELL_ROW_4_72,VPWR,li1,44.3900,24.1730,1.799994
TAP_TAPCELL_ROW_4_71,VPWR,li1,18.6300,24.1730,1.799991
TAP_TAPCELL_ROW_3_70,VPWR,li1,83.0300,19.3460,1.799996
TAP_TAPCELL_ROW_3_69,VPWR,li1,57.2700,19.3460,1.799998
TAP_TAPCELL_ROW_3_68,VPWR,li1,31.5100,19.3460,1.799997
TAP_TAPCELL_ROW_2_67,VPWR,li1,70.1500,18.7330,1.799996
TAP_TAPCELL_ROW_2_66,VPWR,li1,44.3900,18.7330,1.799997
TAP_TAPCELL_ROW_2_65,VPWR,li1,18.6300,18.7330,1.799997
TAP_TAPCELL_ROW_1_64,VPWR,li1,83.0300,13.9060,1.799994
TAP_TAPCELL_ROW_1_63,VPWR,li1,57.2700,13.9060,1.799995
TAP_TAPCELL_ROW_1_62,VPWR,li1,31.5100,13.9060,1.799995
TAP_TAPCELL_ROW_0_61,VPWR,li1,83.0300,13.2930,1.799994
TAP_TAPCELL_ROW_0_60,VPWR,li1,70.1500,13.2930,1.799994
TAP_TAPCELL_ROW_0_59,VPWR,li1,57.2700,13.2930,1.799995
TAP_TAPCELL_ROW_0_58,VPWR,li1,44.3900,13.2930,1.799993
TAP_TAPCELL_ROW_0_57,VPWR,li1,31.5100,13.2930,1.799995
TAP_TAPCELL_ROW_0_56,VPWR,li1,18.6300,13.2930,1.799995
PHY_EDGE_ROW_27_Left_55,VPWR,li1,6.2100,84.3200,1.799995
PHY_EDGE_ROW_26_Left_54,VPWR,li1,6.2100,84.3200,1.799995
PHY_EDGE_ROW_25_Left_53,VPWR,li1,6.2100,78.8800,1.799992
PHY_EDGE_ROW_24_Left_52,VPWR,li1,6.2100,78.8800,1.799992
PHY_EDGE_ROW_23_Left_51,VPWR,li1,6.2100,73.4400,1.799991
PHY_EDGE_ROW_22_Left_50,VPWR,li1,6.2100,73.4400,1.799991
PHY_EDGE_ROW_21_Left_49,VPWR,li1,6.2100,68.0000,1.799997
PHY_EDGE_ROW_20_Left_48,VPWR,li1,6.2100,68.0000,1.799997
PHY_EDGE_ROW_19_Left_47,VPWR,li1,6.2100,62.5600,1.799996
PHY_EDGE_ROW_18_Left_46,VPWR,li1,6.2100,62.5600,1.799996
PHY_EDGE_ROW_17_Left_45,VPWR,li1,6.2100,57.1200,1.799993
PHY_EDGE_ROW_16_Left_44,VPWR,li1,6.2100,57.1200,1.799993
PHY_EDGE_ROW_15_Left_43,VPWR,li1,6.2100,51.6800,1.799996
PHY_EDGE_ROW_14_Left_42,VPWR,li1,6.2100,51.6800,1.799996
PHY_EDGE_ROW_13_Left_41,VPWR,li1,6.2100,46.2400,1.799994
PHY_EDGE_ROW_12_Left_40,VPWR,li1,6.2100,46.2400,1.799994
PHY_EDGE_ROW_11_Left_39,VPWR,li1,6.2100,40.8000,1.799997
PHY_EDGE_ROW_10_Left_38,VPWR,li1,6.2100,40.8000,1.799997
PHY_EDGE_ROW_9_Left_37,VPWR,li1,6.2100,35.3600,1.799996
PHY_EDGE_ROW_8_Left_36,VPWR,li1,6.2100,35.3600,1.799996
PHY_EDGE_ROW_7_Left_35,VPWR,li1,6.2100,29.9200,1.799996
PHY_EDGE_ROW_6_Left_34,VPWR,li1,6.2100,29.9200,1.799996
PHY_EDGE_ROW_5_Left_33,VPWR,li1,6.2100,24.4800,1.799992
PHY_EDGE_ROW_4_Left_32,VPWR,li1,6.2100,24.4800,1.799992
PHY_EDGE_ROW_3_Left_31,VPWR,li1,6.2100,19.0400,1.799997
PHY_EDGE_ROW_2_Left_30,VPWR,li1,6.2100,19.0400,1.799997
PHY_EDGE_ROW_1_Left_29,VPWR,li1,6.2100,13.6000,1.799996
PHY_EDGE_ROW_0_Left_28,VPWR,li1,6.2100,13.6000,1.799996
PHY_EDGE_ROW_27_Right_27,VPWR,li1,93.6100,84.3200,1.799993
PHY_EDGE_ROW_26_Right_26,VPWR,li1,93.6100,84.3200,1.799993
PHY_EDGE_ROW_25_Right_25,VPWR,li1,93.6100,78.8800,1.799998
PHY_EDGE_ROW_24_Right_24,VPWR,li1,93.6100,78.8800,1.799998
PHY_EDGE_ROW_23_Right_23,VPWR,li1,93.6100,73.4400,1.799992
PHY_EDGE_ROW_22_Right_22,VPWR,li1,93.6100,73.4400,1.799992
PHY_EDGE_ROW_21_Right_21,VPWR,li1,93.6100,68.0000,1.799990
PHY_EDGE_ROW_20_Right_20,VPWR,li1,93.6100,68.0000,1.799990
PHY_EDGE_ROW_19_Right_19,VPWR,li1,93.6100,62.5600,1.799996
PHY_EDGE_ROW_18_Right_18,VPWR,li1,93.6100,62.5600,1.799996
PHY_EDGE_ROW_17_Right_17,VPWR,li1,93.6100,57.1200,1.799993
PHY_EDGE_ROW_16_Right_16,VPWR,li1,93.6100,57.1200,1.799993
PHY_EDGE_ROW_15_Right_15,VPWR,li1,93.6100,51.6800,1.799999
PHY_EDGE_ROW_14_Right_14,VPWR,li1,93.6100,51.6800,1.799999
PHY_EDGE_ROW_13_Right_13,VPWR,li1,93.6100,46.2400,1.799994
PHY_EDGE_ROW_12_Right_12,VPWR,li1,93.6100,46.2400,1.799994
PHY_EDGE_ROW_11_Right_11,VPWR,li1,93.6100,40.8000,1.799997
PHY_EDGE_ROW_10_Right_10,VPWR,li1,93.6100,40.8000,1.799997
PHY_EDGE_ROW_9_Right_9,VPWR,li1,93.6100,35.3600,1.799991
PHY_EDGE_ROW_8_Right_8,VPWR,li1,93.6100,35.3600,1.799991
PHY_EDGE_ROW_7_Right_7,VPWR,li1,93.6100,29.9200,1.799995
PHY_EDGE_ROW_6_Right_6,VPWR,li1,93.6100,29.9200,1.799995
PHY_EDGE_ROW_5_Right_5,VPWR,li1,93.6100,24.4800,1.799997
PHY_EDGE_ROW_4_Right_4,VPWR,li1,93.6100,24.4800,1.799997
PHY_EDGE_ROW_3_Right_3,VPWR,li1,93.6100,19.0400,1.799994
PHY_EDGE_ROW_2_Right_2,VPWR,li1,93.6100,19.0400,1.799994
PHY_EDGE_ROW_1_Right_1,VPWR,li1,93.6100,13.6000,1.799992
PHY_EDGE_ROW_0_Right_0,VPWR,li1,93.6100,13.6000,1.799992
_347_,VPWR,li1,17.2500,51.6800,1.799995
_346_,VPWR,li1,58.6500,35.3600,1.799996
_345_,VPWR,li1,23.6900,78.8800,1.799990
_344_,VPWR,li1,47.3800,35.3600,1.799996
_343_,VPWR,li1,91.3100,51.6800,1.799999
_342_,VPWR,li1,46.9200,51.6800,1.799994
_341_,VPWR,li1,23.6900,84.3200,1.799995
_340_,VPWR,li1,28.9800,29.9200,1.799994
_339_,VPWR,li1,38.4100,57.1200,1.799995
_338_,VPWR,li1,40.2500,62.5600,1.799994
_337_,VPWR,li1,68.7700,13.6000,1.799994
_336_,VPWR,li1,51.2900,24.4800,1.799994
_335_,VPWR,li1,26.2200,78.8800,1.799990
_334_,VPWR,li1,65.3200,62.5600,1.799994
_333_,VPWR,li1,85.7900,40.8000,1.799997
_332_,VPWR,li1,22.7700,84.3200,1.799995
_331_,VPWR,li1,80.5000,62.5600,1.799996
_330_,VPWR,li1,42.5500,29.9200,1.799991
_329_,VPWR,li1,20.4700,35.3600,1.799994
_328_,VPWR,li1,55.8900,62.5600,1.799993
_327_,VPWR,li1,50.1400,78.8800,1.799990
_326_,VPWR,li1,19.5500,46.2400,1.799993
_325_,VPWR,li1,24.3800,24.4800,1.799990
_324_,VPWR,li1,67.6200,29.9200,1.799993
_323_,VPWR,li1,55.8900,29.9200,1.799992
_322_,VPWR,li1,70.6100,40.8000,1.799996
_321_,VPWR,li1,29.9000,62.5600,1.799994
_320_,VPWR,li1,64.4000,62.5600,1.799994
_319_,VPWR,li1,22.7700,46.2400,1.799993
_318_,VPWR,li1,60.0300,78.8800,1.799993
_317_,VPWR,li1,33.5800,29.9200,1.799993
_316_,VPWR,li1,49.9100,46.2400,1.799996
_315_,VPWR,li1,50.3700,68.0000,1.799996
_314_,VPWR,li1,29.4400,35.3600,1.799994
_313_,VPWR,li1,47.6100,29.9200,1.799991
_312_,VPWR,li1,74.2900,73.4400,1.799994
_311_,VPWR,li1,91.3100,19.0400,1.799994
_310_,VPWR,li1,34.2700,78.8800,1.799993
_309_,VPWR,li1,84.8700,68.0000,1.799993
_308_,VPWR,li1,91.0800,78.8800,1.799998
_307_,VPWR,li1,14.9500,62.5600,1.799995
_306_,VPWR,li1,33.1200,40.8000,1.799997
_305_,VPWR,li1,43.0100,73.4400,1.799992
_304_,VPWR,li1,72.6800,13.6000,1.799994
_303_,VPWR,li1,20.9300,84.3200,1.799995
_302_,VPWR,li1,62.7900,19.0400,1.799997
_301_,VPWR,li1,8.7400,78.8800,1.799992
_300_,VPWR,li1,58.6500,68.0000,1.799997
_299_,VPWR,li1,70.6100,46.2400,1.799994
_298_,VPWR,li1,87.8600,13.6000,1.799993
_297_,VPWR,li1,58.4200,78.8800,1.799993
_296_,VPWR,li1,90.8500,29.9200,1.799995
_295_,VPWR,li1,61.6400,73.4400,1.799995
_294_,VPWR,li1,46.2300,51.6800,1.799994
_293_,VPWR,li1,22.0800,46.2400,1.799993
_292_,VPWR,li1,33.3500,29.9200,1.799993
_291_,VPWR,li1,86.4800,84.3200,1.799994
_290_,VPWR,li1,91.3100,62.5600,1.799996
_289_,VPWR,li1,77.7400,40.8000,1.799996
_288_,VPWR,li1,60.4900,46.2400,1.799996
_287_,VPWR,li1,77.9700,29.9200,1.799993
_286_,VPWR,li1,12.1900,73.4400,1.799991
_285_,VPWR,li1,34.7300,40.8000,1.799997
_284_,VPWR,li1,16.3300,68.0000,1.799996
_283_,VPWR,li1,60.4900,40.8000,1.799997
_282_,VPWR,li1,14.2600,84.3200,1.799995
_281_,VPWR,li1,48.0700,40.8000,1.799996
_280_,VPWR,li1,10.1200,73.4400,1.799992
_279_,VPWR,li1,58.4200,84.3200,1.799995
_278_,VPWR,li1,89.0100,24.4800,1.799997
_277_,VPWR,li1,77.7400,46.2400,1.799994
_276_,VPWR,li1,44.3900,13.6000,1.799993
_275_,VPWR,li1,19.0900,78.8800,1.799990
_274_,VPWR,li1,23.2300,13.6000,1.799994
_273_,VPWR,li1,90.3900,73.4400,1.799992
_272_,VPWR,li1,91.3100,68.0000,1.799990
_271_,VPWR,li1,30.1300,62.5600,1.799994
_270_,VPWR,li1,60.4900,46.2400,1.799996
_269_,VPWR,li1,53.1300,62.5600,1.799993
_268_,VPWR,li1,85.3300,35.3600,1.799994
_267_,VPWR,li1,28.7500,24.4800,1.799991
_266_,VPWR,li1,62.3300,62.5600,1.799994
_265_,VPWR,li1,56.1200,84.3200,1.799994
_264_,VPWR,li1,48.7600,57.1200,1.799994
_263_,VPWR,li1,89.2400,68.0000,1.799991
_262_,VPWR,li1,48.5300,51.6800,1.799995
_261_,VPWR,li1,37.4900,29.9200,1.799993
_260_,VPWR,li1,54.5100,46.2400,1.799996
_259_,VPWR,li1,22.3100,62.5600,1.799994
_258_,VPWR,li1,8.7400,29.9200,1.799996
_257_,VPWR,li1,22.5400,73.4400,1.799989
_256_,VPWR,li1,75.2100,24.4800,1.799996
_255_,VPWR,li1,87.1700,35.3600,1.799993
_254_,VPWR,li1,71.5300,40.8000,1.799996
_253_,VPWR,li1,20.4700,19.0400,1.799996
_252_,VPWR,li1,88.0900,62.5600,1.799997
_251_,VPWR,li1,34.9600,57.1200,1.799994
_250_,VPWR,li1,66.4700,46.2400,1.799994
_249_,VPWR,li1,59.1100,73.4400,1.799995
_248_,VPWR,li1,51.2900,40.8000,1.799996
_247_,VPWR,li1,25.3000,24.4800,1.799990
_246_,VPWR,li1,27.1400,51.6800,1.799995
_245_,VPWR,li1,33.8100,73.4400,1.799992
_244_,VPWR,li1,84.8700,13.6000,1.799994
_243_,VPWR,li1,59.1100,84.3200,1.799995
_242_,VPWR,li1,36.1100,19.0400,1.799997
_241_,VPWR,li1,46.2300,57.1200,1.799994
_240_,VPWR,li1,88.5500,68.0000,1.799992
_239_,VPWR,li1,78.4300,13.6000,1.799994
_238_,VPWR,li1,53.1300,29.9200,1.799991
_237_,VPWR,li1,41.1700,24.4800,1.799993
_236_,VPWR,li1,33.5800,19.0400,1.799997
_235_,VPWR,li1,89.2400,57.1200,1.799994
_234_,VPWR,li1,53.1300,78.8800,1.799990
_233_,VPWR,li1,36.3400,24.4800,1.799994
_232_,VPWR,li1,50.3700,57.1200,1.799995
_231_,VPWR,li1,86.0200,68.0000,1.799993
_230_,VPWR,li1,91.0800,19.0400,1.799994
_229_,VPWR,li1,38.8700,29.9200,1.799993
_228_,VPWR,li1,45.7700,29.9200,1.799991
_227_,VPWR,li1,24.6100,40.8000,1.799997
_226_,VPWR,li1,77.9700,57.1200,1.799996
_225_,VPWR,li1,92.0000,68.0000,1.799990
_224_,VPWR,li1,29.6700,68.0000,1.799996
_223_,VPWR,li1,33.3500,57.1200,1.799994
_222_,VPWR,li1,37.0300,35.3600,1.799996
_221_,VPWR,li1,15.4100,46.2400,1.799993
_220_,VPWR,li1,53.5900,40.8000,1.799996
_219_,VPWR,li1,48.7600,24.4800,1.799994
_218_,VPWR,li1,57.9600,62.5600,1.799994
_217_,VPWR,li1,28.0600,62.5600,1.799994
_216_,VPWR,li1,17.4800,24.4800,1.799991
_215_,VPWR,li1,78.8900,29.9200,1.799993
_214_,VPWR,li1,91.7700,40.8000,1.799997
_213_,VPWR,li1,24.1500,68.0000,1.799996
_212_,VPWR,li1,12.1900,19.0400,1.799997
_211_,VPWR,li1,11.0400,84.3200,1.799995
_210_,VPWR,li1,60.7200,29.9200,1.799994
_209_,VPWR,li1,44.3900,62.5600,1.799993
_208_,VPWR,li1,20.2400,24.4800,1.799990
_207_,VPWR,li1,22.3100,24.4800,1.799990
_206_,VPWR,li1,20.2400,57.1200,1.799992
_205_,VPWR,li1,8.7400,46.2400,1.799994
_204_,VPWR,li1,59.1100,78.8800,1.799993
_203_,VPWR,li1,49.6800,51.6800,1.799995
_202_,VPWR,li1,38.8700,78.8800,1.799992
_201_,VPWR,li1,15.4100,73.4400,1.799990
_200_,VPWR,li1,77.9700,68.0000,1.799994
_199_,VPWR,li1,32.8900,73.4400,1.799992
_198_,VPWR,li1,18.6300,13.6000,1.799995
_197_,VPWR,li1,49.6800,29.9200,1.799991
_196_,VPWR,li1,37.4900,57.1200,1.799995
_195_,VPWR,li1,83.4900,29.9200,1.799994
_194_,VPWR,li1,29.2100,46.2400,1.799995
_193_,VPWR,li1,19.7800,57.1200,1.799992
_192_,VPWR,li1,61.4100,24.4800,1.799996
_191_,VPWR,li1,14.2600,57.1200,1.799993
_190_,VPWR,li1,20.7000,51.6800,1.799995
_189_,VPWR,li1,51.5200,78.8800,1.799990
_188_,VPWR,li1,13.3400,78.8800,1.799990
_187_,VPWR,li1,36.1100,13.6000,1.799995
_186_,VPWR,li1,88.7800,35.3600,1.799993
_185_,VPWR,li1,14.4900,78.8800,1.799990
_184_,VPWR,li1,26.6800,35.3600,1.799994
_183_,VPWR,li1,71.9900,19.0400,1.799996
_182_,VPWR,li1,78.8900,35.3600,1.799994
_181_,VPWR,li1,33.3500,51.6800,1.799996
_180_,VPWR,li1,30.1300,13.6000,1.799995
_179_,VPWR,li1,58.8800,24.4800,1.799996
_178_,VPWR,li1,15.1800,46.2400,1.799993
_177_,VPWR,li1,8.0500,73.4400,1.799991
_176_,VPWR,li1,77.7400,46.2400,1.799994
_175_,VPWR,li1,63.9400,29.9200,1.799993
_174_,VPWR,li1,86.7100,29.9200,1.799995
_173_,VPWR,li1,53.3600,84.3200,1.799994
_172_,VPWR,li1,49.4500,84.3200,1.799994
_171_,VPWR,li1,45.7700,73.4400,1.799992
_170_,VPWR,li1,87.1700,40.8000,1.799997
