Instance,Terminal,Layer,X location,Y location,Voltage
FILLER_0_27_184,VGND,li1,90.6200,87.0400,0.000003
FILLER_0_27_179,VGND,li1,88.5500,87.0400,0.000003
FILLER_0_27_169,VGND,li1,84.1800,87.0400,0.000003
FILLER_0_27_165,VGND,li1,82.1100,87.0400,0.000003
FILLER_0_27_153,VGND,li1,78.6600,87.0400,0.000002
FILLER_0_27_141,VGND,li1,73.1400,87.0400,0.000002
FILLER_0_27_137,VGND,li1,69.2300,87.0400,0.000002
FILLER_0_27_129,VGND,li1,66.7000,87.0400,0.000001
FILLER_0_27_117,VGND,li1,62.1000,87.0400,0.000001
FILLER_0_27_109,VGND,li1,56.3500,87.0400,0.000001
FILLER_0_27_97,VGND,li1,52.9000,87.0400,0.000001
FILLER_0_27_85,VGND,li1,47.3800,87.0400,0.000001
FILLER_0_27_81,VGND,li1,43.4700,87.0400,0.000001
FILLER_0_27_69,VGND,li1,40.0200,87.0400,0.000001
FILLER_0_27_57,VGND,li1,34.5000,87.0400,0.000002
FILLER_0_27_53,VGND,li1,30.5900,87.0400,0.000002
FILLER_0_27_41,VGND,li1,27.1400,87.0400,0.000003
FILLER_0_27_33,VGND,li1,20.9300,87.0400,0.000003
FILLER_0_27_29,VGND,li1,19.7800,87.0400,0.000003
FILLER_0_27_22,VGND,li1,17.0200,87.0400,0.000004
FILLER_0_27_13,VGND,li1,12.1900,87.0400,0.000005
FILLER_0_26_185,VGND,li1,90.8500,81.6000,0.000004
FILLER_0_26_177,VGND,li1,88.7800,81.6000,0.000004
FILLER_0_26_165,VGND,li1,84.1800,81.6000,0.000004
FILLER_0_26_153,VGND,li1,78.6600,81.6000,0.000004
FILLER_0_26_141,VGND,li1,73.1400,81.6000,0.000005
FILLER_0_26_132,VGND,li1,68.0800,81.6000,0.000005
FILLER_0_26_120,VGND,li1,63.4800,81.6000,0.000005
FILLER_0_26_100,VGND,li1,51.7500,81.6000,0.000010
FILLER_0_26_85,VGND,li1,46.0000,81.6000,0.000008
FILLER_0_26_83,VGND,li1,43.9300,81.6000,0.000007
FILLER_0_26_79,VGND,li1,42.7800,81.6000,0.000007
FILLER_0_26_67,VGND,li1,39.1000,81.6000,0.000006
FILLER_0_26_55,VGND,li1,33.5800,81.6000,0.000007
FILLER_0_26_43,VGND,li1,28.0600,81.6000,0.000008
FILLER_0_26_29,VGND,li1,19.3200,81.6000,0.000008
FILLER_0_26_27,VGND,li1,18.1700,81.6000,0.000008
FILLER_0_26_15,VGND,li1,15.1800,81.6000,0.000008
FILLER_0_25_189,VGND,li1,92.6900,81.6000,0.000004
FILLER_0_25_181,VGND,li1,90.6200,81.6000,0.000004
FILLER_0_25_169,VGND,li1,86.0200,81.6000,0.000004
FILLER_0_25_156,VGND,li1,80.0400,81.6000,0.000004
FILLER_0_25_144,VGND,li1,74.5200,81.6000,0.000005
FILLER_0_25_132,VGND,li1,69.0000,81.6000,0.000005
FILLER_0_25_120,VGND,li1,63.4800,81.6000,0.000005
FILLER_0_25_111,VGND,li1,56.8100,81.6000,0.000009
FILLER_0_25_86,VGND,li1,45.7700,81.6000,0.000008
FILLER_0_25_74,VGND,li1,42.3200,81.6000,0.000007
FILLER_0_25_70,VGND,li1,37.9500,81.6000,0.000007
FILLER_0_25_66,VGND,li1,36.8000,81.6000,0.000007
FILLER_0_25_57,VGND,li1,32.2000,81.6000,0.000007
FILLER_0_25_55,VGND,li1,31.0500,81.6000,0.000007
FILLER_0_25_43,VGND,li1,28.0600,81.6000,0.000008
FILLER_0_25_35,VGND,li1,21.8500,81.6000,0.000008
FILLER_0_25_31,VGND,li1,20.7000,81.6000,0.000008
FILLER_0_25_3,VGND,li1,7.5900,81.6000,0.000008
FILLER_0_24_188,VGND,li1,92.4600,76.1600,0.000002
FILLER_0_24_183,VGND,li1,89.9300,76.1600,0.000002
FILLER_0_24_177,VGND,li1,88.3200,76.1600,0.000002
FILLER_0_24_165,VGND,li1,84.1800,76.1600,0.000002
FILLER_0_24_153,VGND,li1,78.6600,76.1600,0.000003
FILLER_0_24_141,VGND,li1,73.1400,76.1600,0.000004
FILLER_0_24_132,VGND,li1,68.0800,76.1600,0.000005
FILLER_0_24_120,VGND,li1,63.4800,76.1600,0.000005
FILLER_0_24_107,VGND,li1,56.1200,76.1600,0.000008
FILLER_0_24_93,VGND,li1,48.5300,76.1600,0.000009
FILLER_0_24_85,VGND,li1,46.4600,76.1600,0.000008
FILLER_0_24_81,VGND,li1,43.4700,76.1600,0.000008
FILLER_0_24_73,VGND,li1,40.9400,76.1600,0.000007
FILLER_0_24_61,VGND,li1,36.3400,76.1600,0.000007
FILLER_0_24_49,VGND,li1,30.8200,76.1600,0.000008
FILLER_0_24_29,VGND,li1,21.6200,76.1600,0.000008
FILLER_0_23_189,VGND,li1,92.6900,76.1600,0.000002
FILLER_0_23_181,VGND,li1,90.6200,76.1600,0.000002
FILLER_0_23_169,VGND,li1,86.0200,76.1600,0.000002
FILLER_0_23_165,VGND,li1,82.1100,76.1600,0.000003
FILLER_0_23_153,VGND,li1,78.6600,76.1600,0.000003
FILLER_0_23_144,VGND,li1,72.2200,76.1600,0.000004
FILLER_0_23_136,VGND,li1,69.9200,76.1600,0.000004
FILLER_0_23_124,VGND,li1,65.3200,76.1600,0.000005
FILLER_0_23_108,VGND,li1,56.1200,76.1600,0.000008
FILLER_0_23_96,VGND,li1,52.4400,76.1600,0.000009
FILLER_0_23_85,VGND,li1,44.8500,76.1600,0.000008
FILLER_0_23_66,VGND,li1,38.6400,76.1600,0.000006
FILLER_0_23_52,VGND,li1,30.3600,76.1600,0.000008
FILLER_0_23_40,VGND,li1,26.6800,76.1600,0.000009
FILLER_0_23_28,VGND,li1,21.1600,76.1600,0.000008
FILLER_0_23_16,VGND,li1,15.6400,76.1600,0.000008
FILLER_0_22_177,VGND,li1,88.3200,70.7200,0.000006
FILLER_0_22_165,VGND,li1,84.1800,70.7200,0.000006
FILLER_0_22_153,VGND,li1,78.6600,70.7200,0.000006
FILLER_0_22_141,VGND,li1,73.1400,70.7200,0.000005
FILLER_0_22_138,VGND,li1,69.4600,70.7200,0.000004
FILLER_0_22_126,VGND,li1,66.2400,70.7200,0.000003
FILLER_0_22_114,VGND,li1,60.7200,70.7200,0.000003
FILLER_0_22_102,VGND,li1,55.2000,70.7200,0.000004
FILLER_0_22_90,VGND,li1,49.6800,70.7200,0.000004
FILLER_0_22_83,VGND,li1,43.9300,70.7200,0.000005
FILLER_0_22_75,VGND,li1,41.8600,70.7200,0.000005
FILLER_0_22_63,VGND,li1,37.2600,70.7200,0.000005
FILLER_0_22_53,VGND,li1,30.5900,70.7200,0.000007
FILLER_0_22_45,VGND,li1,28.0600,70.7200,0.000008
FILLER_0_22_12,VGND,li1,11.7300,70.7200,0.000009
FILLER_0_21_185,VGND,li1,90.8500,70.7200,0.000007
FILLER_0_21_176,VGND,li1,87.1700,70.7200,0.000006
FILLER_0_21_160,VGND,li1,80.9600,70.7200,0.000006
FILLER_0_21_149,VGND,li1,75.4400,70.7200,0.000005
FILLER_0_21_137,VGND,li1,71.3000,70.7200,0.000004
FILLER_0_21_125,VGND,li1,65.7800,70.7200,0.000003
FILLER_0_21_113,VGND,li1,60.2600,70.7200,0.000003
FILLER_0_21_111,VGND,li1,56.8100,70.7200,0.000004
FILLER_0_21_105,VGND,li1,55.2000,70.7200,0.000004
FILLER_0_21_93,VGND,li1,51.0600,70.7200,0.000004
FILLER_0_21_81,VGND,li1,45.5400,70.7200,0.000005
FILLER_0_21_69,VGND,li1,40.0200,70.7200,0.000005
FILLER_0_21_57,VGND,li1,34.5000,70.7200,0.000007
FILLER_0_21_55,VGND,li1,31.0500,70.7200,0.000007
FILLER_0_21_43,VGND,li1,28.0600,70.7200,0.000008
FILLER_0_21_37,VGND,li1,22.7700,70.7200,0.000009
FILLER_0_21_25,VGND,li1,19.7800,70.7200,0.000009
FILLER_0_21_21,VGND,li1,15.4100,70.7200,0.000008
FILLER_0_21_15,VGND,li1,13.8000,70.7200,0.000008
FILLER_0_21_3,VGND,li1,9.6600,70.7200,0.000009
FILLER_0_20_177,VGND,li1,87.1700,65.2800,0.000004
FILLER_0_20_165,VGND,li1,83.2600,65.2800,0.000004
FILLER_0_20_153,VGND,li1,78.6600,65.2800,0.000004
FILLER_0_20_141,VGND,li1,73.1400,65.2800,0.000004
FILLER_0_20_132,VGND,li1,68.0800,65.2800,0.000004
FILLER_0_20_120,VGND,li1,63.4800,65.2800,0.000005
FILLER_0_20_99,VGND,li1,53.8200,65.2800,0.000007
FILLER_0_20_85,VGND,li1,44.8500,65.2800,0.000007
FILLER_0_20_82,VGND,li1,43.7000,65.2800,0.000007
FILLER_0_20_74,VGND,li1,41.4000,65.2800,0.000006
FILLER_0_20_67,VGND,li1,37.2600,65.2800,0.000005
FILLER_0_20_55,VGND,li1,33.5800,65.2800,0.000005
FILLER_0_20_49,VGND,li1,28.2900,65.2800,0.000005
FILLER_0_20_41,VGND,li1,26.2200,65.2800,0.000005
FILLER_0_20_29,VGND,li1,21.6200,65.2800,0.000005
FILLER_0_20_27,VGND,li1,18.1700,65.2800,0.000004
FILLER_0_20_19,VGND,li1,16.1000,65.2800,0.000004
FILLER_0_20_7,VGND,li1,11.5000,65.2800,0.000004
FILLER_0_19_175,VGND,li1,86.2500,65.2800,0.000004
FILLER_0_19_169,VGND,li1,84.6400,65.2800,0.000004
FILLER_0_19_165,VGND,li1,82.1100,65.2800,0.000004
FILLER_0_19_160,VGND,li1,79.3500,65.2800,0.000004
FILLER_0_19_154,VGND,li1,77.7400,65.2800,0.000004
FILLER_0_19_142,VGND,li1,73.6000,65.2800,0.000004
FILLER_0_19_130,VGND,li1,68.0800,65.2800,0.000004
FILLER_0_19_113,VGND,li1,59.3400,65.2800,0.000006
FILLER_0_19_111,VGND,li1,56.8100,65.2800,0.000007
FILLER_0_19_107,VGND,li1,54.9700,65.2800,0.000007
FILLER_0_19_103,VGND,li1,53.8200,65.2800,0.000007
FILLER_0_19_91,VGND,li1,50.1400,65.2800,0.000007
FILLER_0_19_69,VGND,li1,38.1800,65.2800,0.000005
FILLER_0_19_57,VGND,li1,34.5000,65.2800,0.000005
FILLER_0_19_55,VGND,li1,31.0500,65.2800,0.000005
FILLER_0_19_44,VGND,li1,26.4500,65.2800,0.000005
FILLER_0_19_36,VGND,li1,23.9200,65.2800,0.000005
FILLER_0_19_24,VGND,li1,19.3200,65.2800,0.000004
FILLER_0_19_15,VGND,li1,12.8800,65.2800,0.000003
FILLER_0_19_7,VGND,li1,10.5800,65.2800,0.000004
FILLER_0_18_186,VGND,li1,92.0000,59.8400,0.000003
FILLER_0_18_165,VGND,li1,83.2600,59.8400,0.000003
FILLER_0_18_153,VGND,li1,78.6600,59.8400,0.000003
FILLER_0_18_141,VGND,li1,73.1400,59.8400,0.000003
FILLER_0_18_134,VGND,li1,68.5400,59.8400,0.000003
FILLER_0_18_125,VGND,li1,63.2500,59.8400,0.000003
FILLER_0_18_121,VGND,li1,62.1000,59.8400,0.000003
FILLER_0_18_107,VGND,li1,55.6600,59.8400,0.000004
FILLER_0_18_97,VGND,li1,50.8300,59.8400,0.000005
FILLER_0_18_85,VGND,li1,47.3800,59.8400,0.000004
FILLER_0_18_83,VGND,li1,43.9300,59.8400,0.000004
FILLER_0_18_79,VGND,li1,42.7800,59.8400,0.000004
FILLER_0_18_67,VGND,li1,39.1000,59.8400,0.000003
FILLER_0_18_55,VGND,li1,33.5800,59.8400,0.000005
FILLER_0_18_40,VGND,li1,26.6800,59.8400,0.000005
FILLER_0_18_29,VGND,li1,19.7800,59.8400,0.000005
FILLER_0_18_27,VGND,li1,18.1700,59.8400,0.000005
FILLER_0_18_15,VGND,li1,15.1800,59.8400,0.000005
FILLER_0_18_3,VGND,li1,9.6600,59.8400,0.000006
FILLER_0_17_173,VGND,li1,85.3300,59.8400,0.000003
FILLER_0_17_169,VGND,li1,84.1800,59.8400,0.000003
FILLER_0_17_167,VGND,li1,82.5700,59.8400,0.000003
FILLER_0_17_159,VGND,li1,80.5000,59.8400,0.000003
FILLER_0_17_155,VGND,li1,77.0500,59.8400,0.000003
FILLER_0_17_149,VGND,li1,75.4400,59.8400,0.000003
FILLER_0_17_137,VGND,li1,71.3000,59.8400,0.000003
FILLER_0_17_125,VGND,li1,65.7800,59.8400,0.000003
FILLER_0_17_113,VGND,li1,60.2600,59.8400,0.000004
FILLER_0_17_109,VGND,li1,56.3500,59.8400,0.000004
FILLER_0_17_101,VGND,li1,53.8200,59.8400,0.000005
FILLER_0_17_93,VGND,li1,48.5300,59.8400,0.000004
FILLER_0_17_85,VGND,li1,46.4600,59.8400,0.000004
FILLER_0_17_73,VGND,li1,41.8600,59.8400,0.000004
FILLER_0_17_67,VGND,li1,37.0300,59.8400,0.000004
FILLER_0_17_57,VGND,li1,32.6600,59.8400,0.000005
FILLER_0_17_55,VGND,li1,31.0500,59.8400,0.000005
FILLER_0_17_47,VGND,li1,28.9800,59.8400,0.000005
FILLER_0_17_35,VGND,li1,24.3800,59.8400,0.000005
FILLER_0_17_28,VGND,li1,18.6300,59.8400,0.000005
FILLER_0_17_22,VGND,li1,17.0200,59.8400,0.000005
FILLER_0_17_15,VGND,li1,12.6500,59.8400,0.000005
FILLER_0_17_9,VGND,li1,11.0400,59.8400,0.000005
FILLER_0_16_185,VGND,li1,90.8500,54.4000,0.000004
FILLER_0_16_177,VGND,li1,88.7800,54.4000,0.000004
FILLER_0_16_165,VGND,li1,84.1800,54.4000,0.000003
FILLER_0_16_153,VGND,li1,78.6600,54.4000,0.000003
FILLER_0_16_141,VGND,li1,73.1400,54.4000,0.000003
FILLER_0_16_132,VGND,li1,68.0800,54.4000,0.000003
FILLER_0_16_120,VGND,li1,63.4800,54.4000,0.000003
FILLER_0_16_108,VGND,li1,57.9600,54.4000,0.000004
FILLER_0_16_96,VGND,li1,52.4400,54.4000,0.000005
FILLER_0_16_81,VGND,li1,43.4700,54.4000,0.000006
FILLER_0_16_73,VGND,li1,40.9400,54.4000,0.000006
FILLER_0_16_63,VGND,li1,35.1900,54.4000,0.000005
FILLER_0_16_56,VGND,li1,31.7400,54.4000,0.000006
FILLER_0_16_48,VGND,li1,29.4400,54.4000,0.000006
FILLER_0_16_36,VGND,li1,24.8400,54.4000,0.000007
FILLER_0_16_27,VGND,li1,18.1700,54.4000,0.000006
FILLER_0_16_19,VGND,li1,16.1000,54.4000,0.000006
FILLER_0_16_7,VGND,li1,11.5000,54.4000,0.000005
FILLER_0_15_181,VGND,li1,89.2400,54.4000,0.000004
FILLER_0_15_169,VGND,li1,86.0200,54.4000,0.000003
FILLER_0_15_167,VGND,li1,82.5700,54.4000,0.000003
FILLER_0_15_161,VGND,li1,80.9600,54.4000,0.000003
FILLER_0_15_149,VGND,li1,76.8200,54.4000,0.000003
FILLER_0_15_137,VGND,li1,71.3000,54.4000,0.000003
FILLER_0_15_125,VGND,li1,65.7800,54.4000,0.000003
FILLER_0_15_113,VGND,li1,60.2600,54.4000,0.000003
FILLER_0_15_111,VGND,li1,56.8100,54.4000,0.000004
FILLER_0_15_99,VGND,li1,53.8200,54.4000,0.000005
FILLER_0_15_84,VGND,li1,44.8500,54.4000,0.000006
FILLER_0_15_76,VGND,li1,42.3200,54.4000,0.000006
FILLER_0_15_64,VGND,li1,37.7200,54.4000,0.000005
FILLER_0_15_50,VGND,li1,29.9000,54.4000,0.000006
FILLER_0_15_36,VGND,li1,23.9200,54.4000,0.000007
FILLER_0_15_27,VGND,li1,18.6300,54.4000,0.000006
FILLER_0_15_15,VGND,li1,15.1800,54.4000,0.000005
FILLER_0_15_3,VGND,li1,9.6600,54.4000,0.000005
FILLER_0_14_189,VGND,li1,92.6900,48.9600,0.000002
FILLER_0_14_177,VGND,li1,89.7000,48.9600,0.000002
FILLER_0_14_165,VGND,li1,84.1800,48.9600,0.000003
FILLER_0_14_153,VGND,li1,78.6600,48.9600,0.000005
FILLER_0_14_141,VGND,li1,73.1400,48.9600,0.000005
FILLER_0_14_139,VGND,li1,69.6900,48.9600,0.000005
FILLER_0_14_131,VGND,li1,67.6200,48.9600,0.000005
FILLER_0_14_119,VGND,li1,63.0200,48.9600,0.000004
FILLER_0_14_107,VGND,li1,57.5000,48.9600,0.000004
FILLER_0_14_95,VGND,li1,51.9800,48.9600,0.000004
FILLER_0_14_83,VGND,li1,43.9300,48.9600,0.000004
FILLER_0_14_77,VGND,li1,42.3200,48.9600,0.000004
FILLER_0_14_65,VGND,li1,38.1800,48.9600,0.000003
FILLER_0_14_53,VGND,li1,32.6600,48.9600,0.000004
FILLER_0_14_41,VGND,li1,27.1400,48.9600,0.000005
FILLER_0_14_29,VGND,li1,21.6200,48.9600,0.000005
FILLER_0_14_27,VGND,li1,18.1700,48.9600,0.000005
FILLER_0_14_23,VGND,li1,16.3300,48.9600,0.000005
FILLER_0_14_19,VGND,li1,15.1800,48.9600,0.000005
FILLER_0_14_7,VGND,li1,11.5000,48.9600,0.000004
FILLER_0_13_189,VGND,li1,92.6900,48.9600,0.000002
FILLER_0_13_181,VGND,li1,90.6200,48.9600,0.000002
FILLER_0_13_169,VGND,li1,86.0200,48.9600,0.000003
FILLER_0_13_160,VGND,li1,80.9600,48.9600,0.000004
FILLER_0_13_152,VGND,li1,75.9000,48.9600,0.000005
FILLER_0_13_144,VGND,li1,73.6000,48.9600,0.000005
FILLER_0_13_123,VGND,li1,62.7900,48.9600,0.000004
FILLER_0_13_113,VGND,li1,58.1900,48.9600,0.000004
FILLER_0_13_111,VGND,li1,56.8100,48.9600,0.000004
FILLER_0_13_105,VGND,li1,55.2000,48.9600,0.000004
FILLER_0_13_93,VGND,li1,51.0600,48.9600,0.000004
FILLER_0_13_81,VGND,li1,45.5400,48.9600,0.000004
FILLER_0_13_69,VGND,li1,40.0200,48.9600,0.000003
FILLER_0_13_57,VGND,li1,34.5000,48.9600,0.000004
FILLER_0_13_52,VGND,li1,30.3600,48.9600,0.000004
FILLER_0_13_40,VGND,li1,26.6800,48.9600,0.000005
FILLER_0_13_34,VGND,li1,21.3900,48.9600,0.000005
FILLER_0_13_24,VGND,li1,17.2500,48.9600,0.000005
FILLER_0_13_15,VGND,li1,13.1100,48.9600,0.000004
FILLER_0_13_7,VGND,li1,10.5800,48.9600,0.000004
FILLER_0_12_184,VGND,li1,90.6200,43.5200,0.000004
FILLER_0_12_172,VGND,li1,87.4000,43.5200,0.000004
FILLER_0_12_160,VGND,li1,81.8800,43.5200,0.000004
FILLER_0_12_153,VGND,li1,76.1300,43.5200,0.000004
FILLER_0_12_141,VGND,li1,73.1400,43.5200,0.000004
FILLER_0_12_134,VGND,li1,68.5400,43.5200,0.000003
FILLER_0_12_122,VGND,li1,64.4000,43.5200,0.000003
FILLER_0_12_109,VGND,li1,57.5000,43.5200,0.000004
FILLER_0_12_100,VGND,li1,52.4400,43.5200,0.000004
FILLER_0_12_85,VGND,li1,46.4600,43.5200,0.000004
FILLER_0_12_83,VGND,li1,43.9300,43.5200,0.000003
FILLER_0_12_79,VGND,li1,42.7800,43.5200,0.000003
FILLER_0_12_67,VGND,li1,39.1000,43.5200,0.000003
FILLER_0_12_55,VGND,li1,33.5800,43.5200,0.000003
FILLER_0_12_47,VGND,li1,27.3700,43.5200,0.000004
FILLER_0_12_39,VGND,li1,25.3000,43.5200,0.000004
FILLER_0_12_29,VGND,li1,19.7800,43.5200,0.000003
FILLER_0_12_27,VGND,li1,18.1700,43.5200,0.000003
FILLER_0_12_23,VGND,li1,17.0200,43.5200,0.000003
FILLER_0_12_19,VGND,li1,14.4900,43.5200,0.000003
FILLER_0_12_11,VGND,li1,12.4200,43.5200,0.000003
FILLER_0_11_189,VGND,li1,92.6900,43.5200,0.000004
FILLER_0_11_181,VGND,li1,90.6200,43.5200,0.000004
FILLER_0_11_169,VGND,li1,86.0200,43.5200,0.000004
FILLER_0_11_160,VGND,li1,80.9600,43.5200,0.000004
FILLER_0_11_153,VGND,li1,76.1300,43.5200,0.000004
FILLER_0_11_145,VGND,li1,74.0600,43.5200,0.000004
FILLER_0_11_137,VGND,li1,68.7700,43.5200,0.000003
FILLER_0_11_125,VGND,li1,65.7800,43.5200,0.000003
FILLER_0_11_113,VGND,li1,60.2600,43.5200,0.000004
FILLER_0_11_110,VGND,li1,56.5800,43.5200,0.000004
FILLER_0_11_102,VGND,li1,54.2800,43.5200,0.000004
FILLER_0_11_94,VGND,li1,49.4500,43.5200,0.000004
FILLER_0_11_89,VGND,li1,46.9200,43.5200,0.000004
FILLER_0_11_81,VGND,li1,44.6200,43.5200,0.000004
FILLER_0_11_69,VGND,li1,40.0200,43.5200,0.000003
FILLER_0_11_57,VGND,li1,34.5000,43.5200,0.000003
FILLER_0_11_44,VGND,li1,28.5200,43.5200,0.000004
FILLER_0_11_38,VGND,li1,23.2300,43.5200,0.000004
FILLER_0_11_30,VGND,li1,21.1600,43.5200,0.000003
FILLER_0_11_18,VGND,li1,16.5600,43.5200,0.000003
FILLER_0_11_6,VGND,li1,11.0400,43.5200,0.000003
FILLER_0_10_179,VGND,li1,89.2400,38.0800,0.000004
FILLER_0_10_170,VGND,li1,84.4100,38.0800,0.000005
FILLER_0_10_158,VGND,li1,80.9600,38.0800,0.000005
FILLER_0_10_146,VGND,li1,75.4400,38.0800,0.000005
FILLER_0_10_134,VGND,li1,68.5400,38.0800,0.000005
FILLER_0_10_122,VGND,li1,64.4000,38.0800,0.000004
FILLER_0_10_115,VGND,li1,58.8800,38.0800,0.000005
FILLER_0_10_107,VGND,li1,56.5800,38.0800,0.000005
FILLER_0_10_101,VGND,li1,52.2100,38.0800,0.000005
FILLER_0_10_97,VGND,li1,51.0600,38.0800,0.000005
FILLER_0_10_85,VGND,li1,47.3800,38.0800,0.000004
FILLER_0_10_83,VGND,li1,43.9300,38.0800,0.000004
FILLER_0_10_77,VGND,li1,42.3200,38.0800,0.000003
FILLER_0_10_65,VGND,li1,38.1800,38.0800,0.000003
FILLER_0_10_57,VGND,li1,31.9700,38.0800,0.000003
FILLER_0_10_53,VGND,li1,30.8200,38.0800,0.000003
FILLER_0_10_41,VGND,li1,27.1400,38.0800,0.000003
FILLER_0_10_29,VGND,li1,21.6200,38.0800,0.000002
FILLER_0_10_27,VGND,li1,18.1700,38.0800,0.000002
FILLER_0_10_19,VGND,li1,16.1000,38.0800,0.000002
FILLER_0_10_7,VGND,li1,11.5000,38.0800,0.000002
FILLER_0_9_189,VGND,li1,92.6900,38.0800,0.000005
FILLER_0_9_185,VGND,li1,91.5400,38.0800,0.000005
FILLER_0_9_169,VGND,li1,83.4900,38.0800,0.000005
FILLER_0_9_166,VGND,li1,82.3400,38.0800,0.000005
FILLER_0_9_150,VGND,li1,75.2100,38.0800,0.000005
FILLER_0_9_142,VGND,li1,72.6800,38.0800,0.000005
FILLER_0_9_130,VGND,li1,68.0800,38.0800,0.000005
FILLER_0_9_118,VGND,li1,62.5600,38.0800,0.000004
FILLER_0_9_111,VGND,li1,56.8100,38.0800,0.000005
FILLER_0_9_105,VGND,li1,55.2000,38.0800,0.000005
FILLER_0_9_93,VGND,li1,51.0600,38.0800,0.000005
FILLER_0_9_83,VGND,li1,45.0800,38.0800,0.000004
FILLER_0_9_71,VGND,li1,40.9400,38.0800,0.000003
FILLER_0_9_65,VGND,li1,35.6500,38.0800,0.000003
FILLER_0_9_57,VGND,li1,33.5800,38.0800,0.000003
FILLER_0_9_55,VGND,li1,31.0500,38.0800,0.000003
FILLER_0_9_51,VGND,li1,29.9000,38.0800,0.000003
FILLER_0_9_39,VGND,li1,26.2200,38.0800,0.000003
FILLER_0_9_27,VGND,li1,20.7000,38.0800,0.000002
FILLER_0_9_15,VGND,li1,15.1800,38.0800,0.000002
FILLER_0_9_3,VGND,li1,9.6600,38.0800,0.000002
FILLER_0_8_180,VGND,li1,89.2400,32.6400,0.000006
FILLER_0_8_173,VGND,li1,85.5600,32.6400,0.000006
FILLER_0_8_165,VGND,li1,83.2600,32.6400,0.000006
FILLER_0_8_153,VGND,li1,78.6600,32.6400,0.000007
FILLER_0_8_141,VGND,li1,73.1400,32.6400,0.000006
FILLER_0_8_139,VGND,li1,69.6900,32.6400,0.000006
FILLER_0_8_133,VGND,li1,68.0800,32.6400,0.000005
FILLER_0_8_121,VGND,li1,63.9400,32.6400,0.000005
FILLER_0_8_109,VGND,li1,58.4200,32.6400,0.000005
FILLER_0_8_97,VGND,li1,52.9000,32.6400,0.000005
FILLER_0_8_85,VGND,li1,47.3800,32.6400,0.000004
FILLER_0_8_83,VGND,li1,43.9300,32.6400,0.000004
FILLER_0_8_79,VGND,li1,42.7800,32.6400,0.000004
FILLER_0_8_67,VGND,li1,39.1000,32.6400,0.000004
FILLER_0_8_55,VGND,li1,33.5800,32.6400,0.000006
FILLER_0_8_42,VGND,li1,25.0700,32.6400,0.000007
FILLER_0_8_36,VGND,li1,23.4600,32.6400,0.000007
FILLER_0_8_27,VGND,li1,18.1700,32.6400,0.000006
FILLER_0_8_19,VGND,li1,16.1000,32.6400,0.000005
FILLER_0_8_7,VGND,li1,11.5000,32.6400,0.000005
FILLER_0_7_188,VGND,li1,92.4600,32.6400,0.000007
FILLER_0_7_181,VGND,li1,89.2400,32.6400,0.000006
FILLER_0_7_169,VGND,li1,86.0200,32.6400,0.000006
FILLER_0_7_166,VGND,li1,82.3400,32.6400,0.000006
FILLER_0_7_151,VGND,li1,75.4400,32.6400,0.000006
FILLER_0_7_139,VGND,li1,72.2200,32.6400,0.000006
FILLER_0_7_130,VGND,li1,65.5500,32.6400,0.000005
FILLER_0_7_113,VGND,li1,58.1900,32.6400,0.000005
FILLER_0_7_100,VGND,li1,54.2800,32.6400,0.000005
FILLER_0_7_88,VGND,li1,48.7600,32.6400,0.000004
FILLER_0_7_76,VGND,li1,43.2400,32.6400,0.000004
FILLER_0_7_65,VGND,li1,35.8800,32.6400,0.000006
FILLER_0_7_54,VGND,li1,30.8200,32.6400,0.000007
FILLER_0_7_51,VGND,li1,29.2100,32.6400,0.000007
FILLER_0_7_43,VGND,li1,27.1400,32.6400,0.000007
FILLER_0_7_31,VGND,li1,22.5400,32.6400,0.000007
FILLER_0_7_19,VGND,li1,17.0200,32.6400,0.000005
FILLER_0_7_7,VGND,li1,11.5000,32.6400,0.000005
FILLER_0_6_187,VGND,li1,92.2300,27.2000,0.000003
FILLER_0_6_179,VGND,li1,89.7000,27.2000,0.000003
FILLER_0_6_173,VGND,li1,85.3300,27.2000,0.000003
FILLER_0_6_165,VGND,li1,81.6500,27.2000,0.000004
FILLER_0_6_161,VGND,li1,80.5000,27.2000,0.000004
FILLER_0_6_153,VGND,li1,76.1300,27.2000,0.000005
FILLER_0_6_141,VGND,li1,73.1400,27.2000,0.000005
FILLER_0_6_139,VGND,li1,69.6900,27.2000,0.000004
FILLER_0_6_135,VGND,li1,68.5400,27.2000,0.000004
FILLER_0_6_123,VGND,li1,64.8600,27.2000,0.000004
FILLER_0_6_111,VGND,li1,59.3400,27.2000,0.000006
FILLER_0_6_76,VGND,li1,40.7100,27.2000,0.000008
FILLER_0_6_72,VGND,li1,39.5600,27.2000,0.000007
FILLER_0_6_47,VGND,li1,27.3700,27.2000,0.000010
FILLER_0_6_41,VGND,li1,25.7600,27.2000,0.000010
FILLER_0_6_29,VGND,li1,21.6200,27.2000,0.000008
FILLER_0_6_22,VGND,li1,17.0200,27.2000,0.000007
FILLER_0_6_10,VGND,li1,12.8800,27.2000,0.000005
FILLER_0_6_3,VGND,li1,7.1300,27.2000,0.000006
FILLER_0_5_189,VGND,li1,92.6900,27.2000,0.000003
FILLER_0_5_181,VGND,li1,90.6200,27.2000,0.000003
FILLER_0_5_169,VGND,li1,86.0200,27.2000,0.000003
FILLER_0_5_166,VGND,li1,82.3400,27.2000,0.000004
FILLER_0_5_154,VGND,li1,79.1200,27.2000,0.000004
FILLER_0_5_137,VGND,li1,71.3000,27.2000,0.000005
FILLER_0_5_125,VGND,li1,65.7800,27.2000,0.000004
FILLER_0_5_113,VGND,li1,60.2600,27.2000,0.000006
FILLER_0_5_108,VGND,li1,56.1200,27.2000,0.000007
FILLER_0_5_96,VGND,li1,52.4400,27.2000,0.000008
FILLER_0_5_91,VGND,li1,47.6100,27.2000,0.000009
FILLER_0_5_83,VGND,li1,45.5400,27.2000,0.000009
FILLER_0_5_71,VGND,li1,40.9400,27.2000,0.000008
FILLER_0_5_57,VGND,li1,33.1200,27.2000,0.000009
FILLER_0_5_54,VGND,li1,30.8200,27.2000,0.000009
FILLER_0_5_33,VGND,li1,22.0800,27.2000,0.000008
FILLER_0_5_21,VGND,li1,17.9400,27.2000,0.000007
FILLER_0_5_9,VGND,li1,12.4200,27.2000,0.000005
FILLER_0_4_189,VGND,li1,92.6900,21.7600,0.000004
FILLER_0_4_185,VGND,li1,91.5400,21.7600,0.000004
FILLER_0_4_177,VGND,li1,87.1700,21.7600,0.000004
FILLER_0_4_165,VGND,li1,84.1800,21.7600,0.000004
FILLER_0_4_153,VGND,li1,78.6600,21.7600,0.000004
FILLER_0_4_141,VGND,li1,73.1400,21.7600,0.000004
FILLER_0_4_136,VGND,li1,69.0000,21.7600,0.000004
FILLER_0_4_124,VGND,li1,65.3200,21.7600,0.000003
FILLER_0_4_111,VGND,li1,57.0400,21.7600,0.000005
FILLER_0_4_103,VGND,li1,54.7400,21.7600,0.000005
FILLER_0_4_93,VGND,li1,48.9900,21.7600,0.000005
FILLER_0_4_85,VGND,li1,46.4600,21.7600,0.000005
FILLER_0_4_68,VGND,li1,37.4900,21.7600,0.000005
FILLER_0_4_56,VGND,li1,34.0400,21.7600,0.000006
FILLER_0_4_44,VGND,li1,28.5200,21.7600,0.000006
FILLER_0_4_23,VGND,li1,16.3300,21.7600,0.000006
FILLER_0_4_19,VGND,li1,15.1800,21.7600,0.000005
FILLER_0_4_7,VGND,li1,11.5000,21.7600,0.000005
FILLER_0_3_177,VGND,li1,87.4000,21.7600,0.000004
FILLER_0_3_169,VGND,li1,85.1000,21.7600,0.000004
FILLER_0_3_167,VGND,li1,82.5700,21.7600,0.000004
FILLER_0_3_161,VGND,li1,80.9600,21.7600,0.000004
FILLER_0_3_149,VGND,li1,76.8200,21.7600,0.000004
FILLER_0_3_137,VGND,li1,71.3000,21.7600,0.000004
FILLER_0_3_125,VGND,li1,65.7800,21.7600,0.000003
FILLER_0_3_113,VGND,li1,60.2600,21.7600,0.000005
FILLER_0_3_111,VGND,li1,56.8100,21.7600,0.000005
FILLER_0_3_107,VGND,li1,55.6600,21.7600,0.000005
FILLER_0_3_95,VGND,li1,51.9800,21.7600,0.000005
FILLER_0_3_83,VGND,li1,46.4600,21.7600,0.000005
FILLER_0_3_71,VGND,li1,40.9400,21.7600,0.000005
FILLER_0_3_61,VGND,li1,33.8100,21.7600,0.000006
FILLER_0_3_57,VGND,li1,32.6600,21.7600,0.000006
FILLER_0_3_55,VGND,li1,31.0500,21.7600,0.000006
FILLER_0_3_47,VGND,li1,28.9800,21.7600,0.000006
FILLER_0_3_35,VGND,li1,24.3800,21.7600,0.000007
FILLER_0_3_27,VGND,li1,18.6300,21.7600,0.000007
FILLER_0_3_15,VGND,li1,15.1800,21.7600,0.000005
FILLER_0_3_3,VGND,li1,9.6600,21.7600,0.000006
FILLER_0_2_188,VGND,li1,92.4600,16.3200,0.000004
FILLER_0_2_183,VGND,li1,89.9300,16.3200,0.000004
FILLER_0_2_171,VGND,li1,86.9400,16.3200,0.000004
FILLER_0_2_159,VGND,li1,81.4200,16.3200,0.000005
FILLER_0_2_147,VGND,li1,75.9000,16.3200,0.000005
FILLER_0_2_141,VGND,li1,70.6100,16.3200,0.000004
FILLER_0_2_128,VGND,li1,67.1600,16.3200,0.000004
FILLER_0_2_109,VGND,li1,58.4200,16.3200,0.000004
FILLER_0_2_97,VGND,li1,52.9000,16.3200,0.000005
FILLER_0_2_85,VGND,li1,47.3800,16.3200,0.000006
FILLER_0_2_83,VGND,li1,43.9300,16.3200,0.000006
FILLER_0_2_77,VGND,li1,42.3200,16.3200,0.000006
FILLER_0_2_65,VGND,li1,38.1800,16.3200,0.000005
FILLER_0_2_53,VGND,li1,30.8200,16.3200,0.000006
FILLER_0_2_41,VGND,li1,27.1400,16.3200,0.000006
FILLER_0_2_29,VGND,li1,21.6200,16.3200,0.000006
FILLER_0_2_25,VGND,li1,17.7100,16.3200,0.000005
FILLER_0_2_17,VGND,li1,15.1800,16.3200,0.000004
FILLER_0_2_11,VGND,li1,10.8100,16.3200,0.000005
FILLER_0_2_7,VGND,li1,9.6600,16.3200,0.000005
FILLER_0_1_182,VGND,li1,91.0800,16.3200,0.000004
FILLER_0_1_162,VGND,li1,81.4200,16.3200,0.000005
FILLER_0_1_149,VGND,li1,75.4400,16.3200,0.000005
FILLER_0_1_137,VGND,li1,71.3000,16.3200,0.000004
FILLER_0_1_125,VGND,li1,65.7800,16.3200,0.000004
FILLER_0_1_113,VGND,li1,60.2600,16.3200,0.000004
FILLER_0_1_111,VGND,li1,56.8100,16.3200,0.000005
FILLER_0_1_107,VGND,li1,55.6600,16.3200,0.000005
FILLER_0_1_95,VGND,li1,51.9800,16.3200,0.000005
FILLER_0_1_57,VGND,li1,32.2000,16.3200,0.000006
FILLER_0_1_50,VGND,li1,28.7500,16.3200,0.000006
FILLER_0_1_42,VGND,li1,26.6800,16.3200,0.000006
FILLER_0_1_31,VGND,li1,20.7000,16.3200,0.000006
FILLER_0_1_25,VGND,li1,17.2500,16.3200,0.000005
FILLER_0_1_19,VGND,li1,15.6400,16.3200,0.000005
FILLER_0_1_7,VGND,li1,11.5000,16.3200,0.000005
FILLER_0_0_185,VGND,li1,90.8500,10.8800,0.000003
FILLER_0_0_181,VGND,li1,89.7000,10.8800,0.000003
FILLER_0_0_169,VGND,li1,86.0200,10.8800,0.000003
FILLER_0_0_167,VGND,li1,82.5700,10.8800,0.000003
FILLER_0_0_163,VGND,li1,81.4200,10.8800,0.000003
FILLER_0_0_151,VGND,li1,77.7400,10.8800,0.000003
FILLER_0_0_139,VGND,li1,69.6900,10.8800,0.000003
FILLER_0_0_133,VGND,li1,67.3900,10.8800,0.000003
FILLER_0_0_125,VGND,li1,64.8600,10.8800,0.000002
FILLER_0_0_113,VGND,li1,60.2600,10.8800,0.000002
FILLER_0_0_109,VGND,li1,56.3500,10.8800,0.000001
FILLER_0_0_97,VGND,li1,52.9000,10.8800,0.000001
FILLER_0_0_85,VGND,li1,47.3800,10.8800,0.000001
FILLER_0_0_81,VGND,li1,43.4700,10.8800,0.000001
FILLER_0_0_69,VGND,li1,40.0200,10.8800,0.000000
FILLER_0_0_57,VGND,li1,34.5000,10.8800,0.000000
FILLER_0_0_53,VGND,li1,30.5900,10.8800,0.000000
FILLER_0_0_41,VGND,li1,27.1400,10.8800,0.000000
FILLER_0_0_29,VGND,li1,21.6200,10.8800,0.000000
FILLER_0_0_27,VGND,li1,18.1700,10.8800,0.000000
FILLER_0_0_15,VGND,li1,15.1800,10.8800,0.000000
FILLER_0_0_3,VGND,li1,9.6600,10.8800,0.000000
ANTENNA_3,VGND,li1,89.7000,87.0400,0.000003
ANTENNA_2,VGND,li1,29.9000,32.6400,0.000007
ANTENNA_1,VGND,li1,36.8000,32.6400,0.000006
rebuffer5,VGND,li1,60.2600,59.8400,0.000004
rebuffer4,VGND,li1,88.0900,65.2800,0.000003
rebuffer3,VGND,li1,47.3800,76.1600,0.000009
rebuffer2,VGND,li1,38.8700,65.2800,0.000005
rebuffer1,VGND,li1,47.3800,65.2800,0.000008
wire28,VGND,li1,21.3900,54.4000,0.000007
output27,VGND,li1,92.0000,10.8800,0.000003
output26,VGND,li1,88.7800,21.7600,0.000004
output25,VGND,li1,91.5400,32.6400,0.000007
output24,VGND,li1,92.0000,43.5200,0.000004
output23,VGND,li1,92.0000,54.4000,0.000004
output22,VGND,li1,92.0000,70.7200,0.000008
output21,VGND,li1,92.0000,81.6000,0.000004
output20,VGND,li1,92.0000,87.0400,0.000003
input19,VGND,li1,8.2800,81.6000,0.000008
input18,VGND,li1,8.2800,87.0400,0.000005
input17,VGND,li1,10.5800,87.0400,0.000005
input16,VGND,li1,7.8200,48.9600,0.000005
input15,VGND,li1,7.8200,48.9600,0.000005
input14,VGND,li1,7.8200,54.4000,0.000006
input13,VGND,li1,8.2800,59.8400,0.000006
input12,VGND,li1,7.8200,65.2800,0.000004
input11,VGND,li1,7.8200,65.2800,0.000004
input10,VGND,li1,10.1200,70.7200,0.000009
input9,VGND,li1,7.8200,76.1600,0.000008
input8,VGND,li1,7.8200,16.3200,0.000005
input7,VGND,li1,7.8200,16.3200,0.000005
input6,VGND,li1,7.8200,21.7600,0.000006
input5,VGND,li1,8.2800,27.2000,0.000006
input4,VGND,li1,7.8200,32.6400,0.000006
input3,VGND,li1,7.8200,32.6400,0.000006
input2,VGND,li1,7.8200,38.0800,0.000003
input1,VGND,li1,7.5900,43.5200,0.000003
TAP_TAPCELL_ROW_27_145,VGND,li1,83.0300,86.7480,0.000003
TAP_TAPCELL_ROW_27_144,VGND,li1,70.1500,86.7480,0.000002
TAP_TAPCELL_ROW_27_143,VGND,li1,57.2700,86.7480,0.000001
TAP_TAPCELL_ROW_27_142,VGND,li1,44.3900,86.7480,0.000001
TAP_TAPCELL_ROW_27_141,VGND,li1,31.5100,86.7480,0.000002
TAP_TAPCELL_ROW_27_140,VGND,li1,18.6300,86.7480,0.000004
TAP_TAPCELL_ROW_26_139,VGND,li1,70.1500,81.8910,0.000005
TAP_TAPCELL_ROW_26_138,VGND,li1,44.3900,81.8910,0.000008
TAP_TAPCELL_ROW_26_137,VGND,li1,18.6300,81.8910,0.000008
TAP_TAPCELL_ROW_25_136,VGND,li1,83.0300,81.3080,0.000004
TAP_TAPCELL_ROW_25_135,VGND,li1,57.2700,81.3080,0.000009
TAP_TAPCELL_ROW_25_134,VGND,li1,31.5100,81.3080,0.000007
TAP_TAPCELL_ROW_24_133,VGND,li1,70.1500,76.4510,0.000004
TAP_TAPCELL_ROW_24_132,VGND,li1,44.3900,76.4510,0.000008
TAP_TAPCELL_ROW_24_131,VGND,li1,18.6300,76.4510,0.000008
TAP_TAPCELL_ROW_23_130,VGND,li1,83.0300,75.8680,0.000003
TAP_TAPCELL_ROW_23_129,VGND,li1,57.2700,75.8680,0.000008
TAP_TAPCELL_ROW_23_128,VGND,li1,31.5100,75.8680,0.000008
TAP_TAPCELL_ROW_22_127,VGND,li1,70.1500,71.0110,0.000004
TAP_TAPCELL_ROW_22_126,VGND,li1,44.3900,71.0110,0.000005
TAP_TAPCELL_ROW_22_125,VGND,li1,18.6300,71.0110,0.000009
TAP_TAPCELL_ROW_21_124,VGND,li1,83.0300,70.4280,0.000006
TAP_TAPCELL_ROW_21_123,VGND,li1,57.2700,70.4280,0.000004
TAP_TAPCELL_ROW_21_122,VGND,li1,31.5100,70.4280,0.000007
TAP_TAPCELL_ROW_20_121,VGND,li1,70.1500,65.5710,0.000004
TAP_TAPCELL_ROW_20_120,VGND,li1,44.3900,65.5710,0.000007
TAP_TAPCELL_ROW_20_119,VGND,li1,18.6300,65.5710,0.000004
TAP_TAPCELL_ROW_19_118,VGND,li1,83.0300,64.9880,0.000004
TAP_TAPCELL_ROW_19_117,VGND,li1,57.2700,64.9880,0.000007
TAP_TAPCELL_ROW_19_116,VGND,li1,31.5100,64.9880,0.000005
TAP_TAPCELL_ROW_18_115,VGND,li1,70.1500,60.1310,0.000003
TAP_TAPCELL_ROW_18_114,VGND,li1,44.3900,60.1310,0.000004
TAP_TAPCELL_ROW_18_113,VGND,li1,18.6300,60.1310,0.000005
TAP_TAPCELL_ROW_17_112,VGND,li1,83.0300,59.5480,0.000003
TAP_TAPCELL_ROW_17_111,VGND,li1,57.2700,59.5480,0.000004
TAP_TAPCELL_ROW_17_110,VGND,li1,31.5100,59.5480,0.000005
TAP_TAPCELL_ROW_16_109,VGND,li1,70.1500,54.6910,0.000003
TAP_TAPCELL_ROW_16_108,VGND,li1,44.3900,54.6910,0.000006
TAP_TAPCELL_ROW_16_107,VGND,li1,18.6300,54.6910,0.000006
TAP_TAPCELL_ROW_15_106,VGND,li1,83.0300,54.1080,0.000003
TAP_TAPCELL_ROW_15_105,VGND,li1,57.2700,54.1080,0.000004
TAP_TAPCELL_ROW_15_104,VGND,li1,31.5100,54.1080,0.000006
TAP_TAPCELL_ROW_14_103,VGND,li1,70.1500,49.2510,0.000005
TAP_TAPCELL_ROW_14_102,VGND,li1,44.3900,49.2510,0.000004
TAP_TAPCELL_ROW_14_101,VGND,li1,18.6300,49.2510,0.000005
TAP_TAPCELL_ROW_13_100,VGND,li1,83.0300,48.6680,0.000003
TAP_TAPCELL_ROW_13_99,VGND,li1,57.2700,48.6680,0.000004
TAP_TAPCELL_ROW_13_98,VGND,li1,31.5100,48.6680,0.000004
TAP_TAPCELL_ROW_12_97,VGND,li1,70.1500,43.8110,0.000003
TAP_TAPCELL_ROW_12_96,VGND,li1,44.3900,43.8110,0.000003
TAP_TAPCELL_ROW_12_95,VGND,li1,18.6300,43.8110,0.000003
TAP_TAPCELL_ROW_11_94,VGND,li1,83.0300,43.2280,0.000004
TAP_TAPCELL_ROW_11_93,VGND,li1,57.2700,43.2280,0.000004
TAP_TAPCELL_ROW_11_92,VGND,li1,31.5100,43.2280,0.000003
TAP_TAPCELL_ROW_10_91,VGND,li1,70.1500,38.3710,0.000005
TAP_TAPCELL_ROW_10_90,VGND,li1,44.3900,38.3710,0.000004
TAP_TAPCELL_ROW_10_89,VGND,li1,18.6300,38.3710,0.000002
TAP_TAPCELL_ROW_9_88,VGND,li1,83.0300,37.7880,0.000005
TAP_TAPCELL_ROW_9_87,VGND,li1,57.2700,37.7880,0.000005
TAP_TAPCELL_ROW_9_86,VGND,li1,31.5100,37.7880,0.000003
TAP_TAPCELL_ROW_8_85,VGND,li1,70.1500,32.9310,0.000006
TAP_TAPCELL_ROW_8_84,VGND,li1,44.3900,32.9310,0.000004
TAP_TAPCELL_ROW_8_83,VGND,li1,18.6300,32.9310,0.000006
TAP_TAPCELL_ROW_7_82,VGND,li1,83.0300,32.3480,0.000006
TAP_TAPCELL_ROW_7_81,VGND,li1,57.2700,32.3480,0.000005
TAP_TAPCELL_ROW_7_80,VGND,li1,31.5100,32.3480,0.000007
TAP_TAPCELL_ROW_6_79,VGND,li1,70.1500,27.4910,0.000004
TAP_TAPCELL_ROW_6_78,VGND,li1,44.3900,27.4910,0.000009
TAP_TAPCELL_ROW_6_77,VGND,li1,18.6300,27.4910,0.000007
TAP_TAPCELL_ROW_5_76,VGND,li1,83.0300,26.9080,0.000004
TAP_TAPCELL_ROW_5_75,VGND,li1,57.2700,26.9080,0.000007
TAP_TAPCELL_ROW_5_74,VGND,li1,31.5100,26.9080,0.000009
TAP_TAPCELL_ROW_4_73,VGND,li1,70.1500,22.0510,0.000004
TAP_TAPCELL_ROW_4_72,VGND,li1,44.3900,22.0510,0.000005
TAP_TAPCELL_ROW_4_71,VGND,li1,18.6300,22.0510,0.000007
TAP_TAPCELL_ROW_3_70,VGND,li1,83.0300,21.4680,0.000004
TAP_TAPCELL_ROW_3_69,VGND,li1,57.2700,21.4680,0.000005
TAP_TAPCELL_ROW_3_68,VGND,li1,31.5100,21.4680,0.000006
TAP_TAPCELL_ROW_2_67,VGND,li1,70.1500,16.6110,0.000004
TAP_TAPCELL_ROW_2_66,VGND,li1,44.3900,16.6110,0.000006
TAP_TAPCELL_ROW_2_65,VGND,li1,18.6300,16.6110,0.000005
TAP_TAPCELL_ROW_1_64,VGND,li1,83.0300,16.0280,0.000005
TAP_TAPCELL_ROW_1_63,VGND,li1,57.2700,16.0280,0.000005
TAP_TAPCELL_ROW_1_62,VGND,li1,31.5100,16.0280,0.000006
TAP_TAPCELL_ROW_0_61,VGND,li1,83.0300,11.1710,0.000003
TAP_TAPCELL_ROW_0_60,VGND,li1,70.1500,11.1710,0.000003
TAP_TAPCELL_ROW_0_59,VGND,li1,57.2700,11.1710,0.000001
TAP_TAPCELL_ROW_0_58,VGND,li1,44.3900,11.1710,0.000001
TAP_TAPCELL_ROW_0_57,VGND,li1,31.5100,11.1710,0.000000
TAP_TAPCELL_ROW_0_56,VGND,li1,18.6300,11.1710,0.000000
PHY_EDGE_ROW_27_Left_55,VGND,li1,6.2100,87.0400,0.000005
PHY_EDGE_ROW_26_Left_54,VGND,li1,6.2100,81.6000,0.000008
PHY_EDGE_ROW_25_Left_53,VGND,li1,6.2100,81.6000,0.000008
PHY_EDGE_ROW_24_Left_52,VGND,li1,6.2100,76.1600,0.000008
PHY_EDGE_ROW_23_Left_51,VGND,li1,6.2100,76.1600,0.000008
PHY_EDGE_ROW_22_Left_50,VGND,li1,6.2100,70.7200,0.000009
PHY_EDGE_ROW_21_Left_49,VGND,li1,6.2100,70.7200,0.000009
PHY_EDGE_ROW_20_Left_48,VGND,li1,6.2100,65.2800,0.000004
PHY_EDGE_ROW_19_Left_47,VGND,li1,6.2100,65.2800,0.000004
PHY_EDGE_ROW_18_Left_46,VGND,li1,6.2100,59.8400,0.000006
PHY_EDGE_ROW_17_Left_45,VGND,li1,6.2100,59.8400,0.000006
PHY_EDGE_ROW_16_Left_44,VGND,li1,6.2100,54.4000,0.000006
PHY_EDGE_ROW_15_Left_43,VGND,li1,6.2100,54.4000,0.000006
PHY_EDGE_ROW_14_Left_42,VGND,li1,6.2100,48.9600,0.000005
PHY_EDGE_ROW_13_Left_41,VGND,li1,6.2100,48.9600,0.000005
PHY_EDGE_ROW_12_Left_40,VGND,li1,6.2100,43.5200,0.000003
PHY_EDGE_ROW_11_Left_39,VGND,li1,6.2100,43.5200,0.000003
PHY_EDGE_ROW_10_Left_38,VGND,li1,6.2100,38.0800,0.000003
PHY_EDGE_ROW_9_Left_37,VGND,li1,6.2100,38.0800,0.000003
PHY_EDGE_ROW_8_Left_36,VGND,li1,6.2100,32.6400,0.000006
PHY_EDGE_ROW_7_Left_35,VGND,li1,6.2100,32.6400,0.000006
PHY_EDGE_ROW_6_Left_34,VGND,li1,6.2100,27.2000,0.000006
PHY_EDGE_ROW_5_Left_33,VGND,li1,6.2100,27.2000,0.000006
PHY_EDGE_ROW_4_Left_32,VGND,li1,6.2100,21.7600,0.000006
PHY_EDGE_ROW_3_Left_31,VGND,li1,6.2100,21.7600,0.000006
PHY_EDGE_ROW_2_Left_30,VGND,li1,6.2100,16.3200,0.000005
PHY_EDGE_ROW_1_Left_29,VGND,li1,6.2100,16.3200,0.000005
PHY_EDGE_ROW_0_Left_28,VGND,li1,6.2100,10.8800,0.000000
PHY_EDGE_ROW_27_Right_27,VGND,li1,93.6100,87.0400,0.000003
PHY_EDGE_ROW_26_Right_26,VGND,li1,93.6100,81.6000,0.000004
PHY_EDGE_ROW_25_Right_25,VGND,li1,93.6100,81.6000,0.000004
PHY_EDGE_ROW_24_Right_24,VGND,li1,93.6100,76.1600,0.000002
PHY_EDGE_ROW_23_Right_23,VGND,li1,93.6100,76.1600,0.000002
PHY_EDGE_ROW_22_Right_22,VGND,li1,93.6100,70.7200,0.000008
PHY_EDGE_ROW_21_Right_21,VGND,li1,93.6100,70.7200,0.000008
PHY_EDGE_ROW_20_Right_20,VGND,li1,93.6100,65.2800,0.000004
PHY_EDGE_ROW_19_Right_19,VGND,li1,93.6100,65.2800,0.000004
PHY_EDGE_ROW_18_Right_18,VGND,li1,93.6100,59.8400,0.000003
PHY_EDGE_ROW_17_Right_17,VGND,li1,93.6100,59.8400,0.000003
PHY_EDGE_ROW_16_Right_16,VGND,li1,93.6100,54.4000,0.000004
PHY_EDGE_ROW_15_Right_15,VGND,li1,93.6100,54.4000,0.000004
PHY_EDGE_ROW_14_Right_14,VGND,li1,93.6100,48.9600,0.000002
PHY_EDGE_ROW_13_Right_13,VGND,li1,93.6100,48.9600,0.000002
PHY_EDGE_ROW_12_Right_12,VGND,li1,93.6100,43.5200,0.000004
PHY_EDGE_ROW_11_Right_11,VGND,li1,93.6100,43.5200,0.000004
PHY_EDGE_ROW_10_Right_10,VGND,li1,93.6100,38.0800,0.000005
PHY_EDGE_ROW_9_Right_9,VGND,li1,93.6100,38.0800,0.000005
PHY_EDGE_ROW_8_Right_8,VGND,li1,93.6100,32.6400,0.000007
PHY_EDGE_ROW_7_Right_7,VGND,li1,93.6100,32.6400,0.000007
PHY_EDGE_ROW_6_Right_6,VGND,li1,93.6100,27.2000,0.000003
PHY_EDGE_ROW_5_Right_5,VGND,li1,93.6100,27.2000,0.000003
PHY_EDGE_ROW_4_Right_4,VGND,li1,93.6100,21.7600,0.000004
PHY_EDGE_ROW_3_Right_3,VGND,li1,93.6100,21.7600,0.000004
PHY_EDGE_ROW_2_Right_2,VGND,li1,93.6100,16.3200,0.000004
PHY_EDGE_ROW_1_Right_1,VGND,li1,93.6100,16.3200,0.000004
PHY_EDGE_ROW_0_Right_0,VGND,li1,93.6100,10.8800,0.000003
_347_,VGND,li1,17.2500,48.9600,0.000005
_346_,VGND,li1,58.6500,38.0800,0.000005
_345_,VGND,li1,23.6900,81.6000,0.000008
_344_,VGND,li1,47.3800,38.0800,0.000004
_343_,VGND,li1,91.3100,54.4000,0.000004
_342_,VGND,li1,46.9200,54.4000,0.000006
_341_,VGND,li1,23.6900,81.6000,0.000008
_340_,VGND,li1,28.9800,27.2000,0.000010
_339_,VGND,li1,38.4100,59.8400,0.000004
_338_,VGND,li1,40.2500,65.2800,0.000006
_337_,VGND,li1,68.7700,10.8800,0.000003
_336_,VGND,li1,51.2900,21.7600,0.000005
_335_,VGND,li1,26.2200,76.1600,0.000009
_334_,VGND,li1,65.3200,59.8400,0.000003
_333_,VGND,li1,85.7900,38.0800,0.000005
_332_,VGND,li1,22.7700,87.0400,0.000003
_331_,VGND,li1,80.5000,65.2800,0.000004
_330_,VGND,li1,42.5500,27.2000,0.000008
_329_,VGND,li1,20.4700,32.6400,0.000007
_328_,VGND,li1,55.8900,65.2800,0.000007
_327_,VGND,li1,50.1400,76.1600,0.000009
_326_,VGND,li1,19.5500,48.9600,0.000006
_325_,VGND,li1,24.3800,21.7600,0.000007
_324_,VGND,li1,67.6200,32.6400,0.000005
_323_,VGND,li1,55.8900,27.2000,0.000007
_322_,VGND,li1,70.6100,43.5200,0.000004
_321_,VGND,li1,29.9000,65.2800,0.000005
_320_,VGND,li1,64.4000,65.2800,0.000005
_319_,VGND,li1,22.7700,48.9600,0.000005
_318_,VGND,li1,60.0300,76.1600,0.000008
_317_,VGND,li1,33.5800,32.6400,0.000006
_316_,VGND,li1,49.9100,43.5200,0.000004
_315_,VGND,li1,50.3700,65.2800,0.000007
_314_,VGND,li1,29.4400,32.6400,0.000007
_313_,VGND,li1,47.6100,27.2000,0.000009
_312_,VGND,li1,74.2900,76.1600,0.000004
_311_,VGND,li1,91.3100,21.7600,0.000004
_310_,VGND,li1,34.2700,81.6000,0.000007
_309_,VGND,li1,84.8700,70.7200,0.000006
_308_,VGND,li1,91.0800,76.1600,0.000002
_307_,VGND,li1,14.9500,65.2800,0.000004
_306_,VGND,li1,33.1200,38.0800,0.000003
_305_,VGND,li1,43.0100,76.1600,0.000008
_304_,VGND,li1,72.6800,10.8800,0.000003
_303_,VGND,li1,20.9300,81.6000,0.000008
_302_,VGND,li1,62.7900,16.3200,0.000004
_301_,VGND,li1,8.7400,76.1600,0.000008
_300_,VGND,li1,58.6500,65.2800,0.000006
_299_,VGND,li1,70.6100,48.9600,0.000005
_298_,VGND,li1,87.8600,16.3200,0.000004
_297_,VGND,li1,58.4200,76.1600,0.000008
_296_,VGND,li1,90.8500,32.6400,0.000007
_295_,VGND,li1,61.6400,76.1600,0.000006
_294_,VGND,li1,46.2300,48.9600,0.000004
_293_,VGND,li1,22.0800,43.5200,0.000003
_292_,VGND,li1,33.3500,27.2000,0.000009
_291_,VGND,li1,86.4800,87.0400,0.000003
_290_,VGND,li1,91.3100,65.2800,0.000004
_289_,VGND,li1,77.7400,43.5200,0.000004
_288_,VGND,li1,60.4900,48.9600,0.000004
_287_,VGND,li1,77.9700,27.2000,0.000004
_286_,VGND,li1,12.1900,76.1600,0.000007
_285_,VGND,li1,34.7300,38.0800,0.000003
_284_,VGND,li1,16.3300,70.7200,0.000008
_283_,VGND,li1,60.4900,38.0800,0.000004
_282_,VGND,li1,14.2600,87.0400,0.000004
_281_,VGND,li1,48.0700,43.5200,0.000004
_280_,VGND,li1,10.1200,76.1600,0.000008
_279_,VGND,li1,58.4200,87.0400,0.000001
_278_,VGND,li1,89.0100,21.7600,0.000004
_277_,VGND,li1,77.7400,43.5200,0.000004
_276_,VGND,li1,44.3900,16.3200,0.000006
_275_,VGND,li1,19.0900,81.6000,0.000008
_274_,VGND,li1,23.2300,16.3200,0.000006
_273_,VGND,li1,90.3900,70.7200,0.000007
_272_,VGND,li1,91.3100,65.2800,0.000004
_271_,VGND,li1,30.1300,59.8400,0.000005
_270_,VGND,li1,60.4900,43.5200,0.000004
_269_,VGND,li1,53.1300,59.8400,0.000005
_268_,VGND,li1,85.3300,38.0800,0.000005
_267_,VGND,li1,28.7500,27.2000,0.000010
_266_,VGND,li1,62.3300,65.2800,0.000005
_265_,VGND,li1,56.1200,81.6000,0.000009
_264_,VGND,li1,48.7600,54.4000,0.000006
_263_,VGND,li1,89.2400,70.7200,0.000007
_262_,VGND,li1,48.5300,48.9600,0.000005
_261_,VGND,li1,37.4900,27.2000,0.000008
_260_,VGND,li1,54.5100,43.5200,0.000004
_259_,VGND,li1,22.3100,59.8400,0.000005
_258_,VGND,li1,8.7400,27.2000,0.000006
_257_,VGND,li1,22.5400,70.7200,0.000009
_256_,VGND,li1,75.2100,27.2000,0.000005
_255_,VGND,li1,87.1700,32.6400,0.000006
_254_,VGND,li1,71.5300,38.0800,0.000005
_253_,VGND,li1,20.4700,21.7600,0.000007
_252_,VGND,li1,88.0900,59.8400,0.000003
_251_,VGND,li1,34.9600,59.8400,0.000005
_250_,VGND,li1,66.4700,48.9600,0.000005
_249_,VGND,li1,59.1100,76.1600,0.000008
_248_,VGND,li1,51.2900,43.5200,0.000004
_247_,VGND,li1,25.3000,27.2000,0.000010
_246_,VGND,li1,27.1400,54.4000,0.000007
_245_,VGND,li1,33.8100,76.1600,0.000007
_244_,VGND,li1,84.8700,16.3200,0.000004
_243_,VGND,li1,59.1100,81.6000,0.000008
_242_,VGND,li1,36.1100,21.7600,0.000005
_241_,VGND,li1,46.2300,54.4000,0.000006
_240_,VGND,li1,88.5500,65.2800,0.000003
_239_,VGND,li1,78.4300,16.3200,0.000005
_238_,VGND,li1,53.1300,27.2000,0.000008
_237_,VGND,li1,41.1700,21.7600,0.000005
_236_,VGND,li1,33.5800,16.3200,0.000006
_235_,VGND,li1,89.2400,59.8400,0.000003
_234_,VGND,li1,53.1300,76.1600,0.000009
_233_,VGND,li1,36.3400,27.2000,0.000008
_232_,VGND,li1,50.3700,59.8400,0.000005
_231_,VGND,li1,86.0200,65.2800,0.000004
_230_,VGND,li1,91.0800,16.3200,0.000004
_229_,VGND,li1,38.8700,32.6400,0.000004
_228_,VGND,li1,45.7700,27.2000,0.000009
_227_,VGND,li1,24.6100,43.5200,0.000004
_226_,VGND,li1,77.9700,59.8400,0.000003
_225_,VGND,li1,92.0000,70.7200,0.000008
_224_,VGND,li1,29.6700,65.2800,0.000005
_223_,VGND,li1,33.3500,54.4000,0.000006
_222_,VGND,li1,37.0300,38.0800,0.000003
_221_,VGND,li1,15.4100,43.5200,0.000003
_220_,VGND,li1,53.5900,38.0800,0.000005
_219_,VGND,li1,48.7600,27.2000,0.000009
_218_,VGND,li1,57.9600,59.8400,0.000004
_217_,VGND,li1,28.0600,65.2800,0.000005
_216_,VGND,li1,17.4800,21.7600,0.000006
_215_,VGND,li1,78.8900,32.6400,0.000007
_214_,VGND,li1,91.7700,38.0800,0.000005
_213_,VGND,li1,24.1500,70.7200,0.000009
_212_,VGND,li1,12.1900,16.3200,0.000005
_211_,VGND,li1,11.0400,81.6000,0.000008
_210_,VGND,li1,60.7200,32.6400,0.000005
_209_,VGND,li1,44.3900,65.2800,0.000007
_208_,VGND,li1,20.2400,21.7600,0.000007
_207_,VGND,li1,22.3100,21.7600,0.000007
_206_,VGND,li1,20.2400,59.8400,0.000005
_205_,VGND,li1,8.7400,43.5200,0.000003
_204_,VGND,li1,59.1100,81.6000,0.000008
_203_,VGND,li1,49.6800,54.4000,0.000006
_202_,VGND,li1,38.8700,81.6000,0.000006
_201_,VGND,li1,15.4100,70.7200,0.000008
_200_,VGND,li1,77.9700,70.7200,0.000006
_199_,VGND,li1,32.8900,70.7200,0.000007
_198_,VGND,li1,18.6300,16.3200,0.000005
_197_,VGND,li1,49.6800,27.2000,0.000009
_196_,VGND,li1,37.4900,54.4000,0.000005
_195_,VGND,li1,83.4900,27.2000,0.000004
_194_,VGND,li1,29.2100,43.5200,0.000004
_193_,VGND,li1,19.7800,54.4000,0.000006
_192_,VGND,li1,61.4100,21.7600,0.000004
_191_,VGND,li1,14.2600,59.8400,0.000005
_190_,VGND,li1,20.7000,54.4000,0.000007
_189_,VGND,li1,51.5200,81.6000,0.000010
_188_,VGND,li1,13.3400,81.6000,0.000007
_187_,VGND,li1,36.1100,16.3200,0.000006
_186_,VGND,li1,88.7800,38.0800,0.000004
_185_,VGND,li1,14.4900,76.1600,0.000008
_184_,VGND,li1,26.6800,32.6400,0.000007
_183_,VGND,li1,71.9900,16.3200,0.000005
_182_,VGND,li1,78.8900,38.0800,0.000006
_181_,VGND,li1,33.3500,54.4000,0.000006
_180_,VGND,li1,30.1300,16.3200,0.000006
_179_,VGND,li1,58.8800,21.7600,0.000005
_178_,VGND,li1,15.1800,48.9600,0.000005
_177_,VGND,li1,8.0500,70.7200,0.000009
_176_,VGND,li1,77.7400,48.9600,0.000005
_175_,VGND,li1,63.9400,32.6400,0.000005
_174_,VGND,li1,86.7100,27.2000,0.000003
_173_,VGND,li1,53.3600,81.6000,0.000010
_172_,VGND,li1,49.4500,81.6000,0.000010
_171_,VGND,li1,45.7700,70.7200,0.000005
_170_,VGND,li1,87.1700,38.0800,0.000004
