
===========================================================================
 report_power
============================================================================
======================= Fastest Corner ===================================

Group                  Internal  Switching    Leakage      Total
                          Power      Power      Power      Power (Watts)
----------------------------------------------------------------
Sequential             0.00e+00   0.00e+00   0.00e+00   0.00e+00   0.0%
Combinational          5.32e-05   1.56e-04   1.83e-09   2.09e-04 100.0%
Clock                 -9.52e-11   0.00e+00   7.66e-10   6.71e-10   0.0%
Macro                  0.00e+00   0.00e+00   0.00e+00   0.00e+00   0.0%
Pad                    0.00e+00   0.00e+00   0.00e+00   0.00e+00   0.0%
----------------------------------------------------------------
Total                  5.32e-05   1.56e-04   2.59e-09   2.09e-04 100.0%
                          25.4%      74.6%       0.0%

======================= Slowest Corner ===================================

Group                  Internal  Switching    Leakage      Total
                          Power      Power      Power      Power (Watts)
----------------------------------------------------------------
Sequential             0.00e+00   0.00e+00   0.00e+00   0.00e+00   0.0%
Combinational          3.87e-05   1.05e-04   1.03e-06   1.44e-04 100.0%
Clock                 -3.97e-11   0.00e+00   7.69e-10   7.29e-10   0.0%
Macro                  0.00e+00   0.00e+00   0.00e+00   0.00e+00   0.0%
Pad                    0.00e+00   0.00e+00   0.00e+00   0.00e+00   0.0%
----------------------------------------------------------------
Total                  3.87e-05   1.05e-04   1.03e-06   1.44e-04 100.0%
                          26.8%      72.5%       0.7%

======================= Typical Corner ===================================

Group                  Internal  Switching    Leakage      Total
                          Power      Power      Power      Power (Watts)
----------------------------------------------------------------
Sequential             0.00e+00   0.00e+00   0.00e+00   0.00e+00   0.0%
Combinational          4.84e-05   1.33e-04   7.87e-10   1.81e-04 100.0%
Clock                  9.65e-14   0.00e+00   7.66e-10   7.66e-10   0.0%
Macro                  0.00e+00   0.00e+00   0.00e+00   0.00e+00   0.0%
Pad                    0.00e+00   0.00e+00   0.00e+00   0.00e+00   0.0%
----------------------------------------------------------------
Total                  4.84e-05   1.33e-04   1.55e-09   1.81e-04 100.0%
                          26.7%      73.3%       0.0%

