
===========================================================================
report_checks -path_delay min (Hold)
============================================================================
======================= Fastest Corner ===================================

Startpoint: A[5] (input port clocked by __VIRTUAL_CLK__)
Endpoint: out[5] (output port clocked by __VIRTUAL_CLK__)
Path Group: __VIRTUAL_CLK__
Path Type: min
Corner: Fastest

Fanout     Cap    Slew   Delay    Time   Description
-----------------------------------------------------------------------------
                  0.00    0.00    0.00   clock __VIRTUAL_CLK__ (rise edge)
                          0.00    0.00   clock network delay (ideal)
                          2.00    2.00 ^ input external delay
     1    0.00    0.01    0.01    2.01 ^ A[5] (in)
                                         A[5] (net)
                  0.01    0.00    2.01 ^ input6/A (sky130_fd_sc_hd__buf_2)
     6    0.04    0.17    0.15    2.15 ^ input6/X (sky130_fd_sc_hd__buf_2)
                                         net6 (net)
                  0.17    0.00    2.16 ^ _233_/A2 (sky130_fd_sc_hd__a311o_1)
     1    0.00    0.04    0.11    2.27 ^ _233_/X (sky130_fd_sc_hd__a311o_1)
                                         _161_ (net)
                  0.04    0.00    2.27 ^ _267_/B1 (sky130_fd_sc_hd__a211o_1)
     1    0.02    0.13    0.12    2.39 ^ _267_/X (sky130_fd_sc_hd__a211o_1)
                                         net25 (net)
                  0.13    0.00    2.39 ^ output25/A (sky130_fd_sc_hd__buf_4)
     1    0.03    0.08    0.12    2.51 ^ output25/X (sky130_fd_sc_hd__buf_4)
                                         out[5] (net)
                  0.08    0.00    2.51 ^ out[5] (out)
                                  2.51   data arrival time

                  0.00    0.00    0.00   clock __VIRTUAL_CLK__ (rise edge)
                          0.00    0.00   clock network delay (ideal)
                          0.25    0.25   clock uncertainty
                          0.00    0.25   clock reconvergence pessimism
                         -2.00   -1.75   output external delay
                                 -1.75   data required time
-----------------------------------------------------------------------------
                                 -1.75   data required time
                                 -2.51   data arrival time
-----------------------------------------------------------------------------
                                  4.26   slack (MET)


Startpoint: A[0] (input port clocked by __VIRTUAL_CLK__)
Endpoint: out[0] (output port clocked by __VIRTUAL_CLK__)
Path Group: __VIRTUAL_CLK__
Path Type: min
Corner: Fastest

Fanout     Cap    Slew   Delay    Time   Description
-----------------------------------------------------------------------------
                  0.00    0.00    0.00   clock __VIRTUAL_CLK__ (rise edge)
                          0.00    0.00   clock network delay (ideal)
                          2.00    2.00 v input external delay
     1    0.00    0.01    0.00    2.00 v A[0] (in)
                                         A[0] (net)
                  0.01    0.00    2.00 v input1/A (sky130_fd_sc_hd__buf_1)
     2    0.01    0.06    0.08    2.08 v input1/X (sky130_fd_sc_hd__buf_1)
                                         net1 (net)
                  0.06    0.00    2.08 v _190_/A (sky130_fd_sc_hd__clkbuf_4)
    10    0.06    0.09    0.15    2.23 v _190_/X (sky130_fd_sc_hd__clkbuf_4)
                                         _118_ (net)
                  0.09    0.00    2.23 v _307_/A2 (sky130_fd_sc_hd__a31o_1)
     2    0.02    0.08    0.20    2.43 v _307_/X (sky130_fd_sc_hd__a31o_1)
                                         net20 (net)
                  0.08    0.00    2.43 v output20/A (sky130_fd_sc_hd__buf_2)
     1    0.04    0.06    0.13    2.56 v output20/X (sky130_fd_sc_hd__buf_2)
                                         out[0] (net)
                  0.07    0.00    2.56 v out[0] (out)
                                  2.56   data arrival time

                  0.00    0.00    0.00   clock __VIRTUAL_CLK__ (rise edge)
                          0.00    0.00   clock network delay (ideal)
                          0.25    0.25   clock uncertainty
                          0.00    0.25   clock reconvergence pessimism
                         -2.00   -1.75   output external delay
                                 -1.75   data required time
-----------------------------------------------------------------------------
                                 -1.75   data required time
                                 -2.56   data arrival time
-----------------------------------------------------------------------------
                                  4.31   slack (MET)


Startpoint: A[6] (input port clocked by __VIRTUAL_CLK__)
Endpoint: out[6] (output port clocked by __VIRTUAL_CLK__)
Path Group: __VIRTUAL_CLK__
Path Type: min
Corner: Fastest

Fanout     Cap    Slew   Delay    Time   Description
-----------------------------------------------------------------------------
                  0.00    0.00    0.00   clock __VIRTUAL_CLK__ (rise edge)
                          0.00    0.00   clock network delay (ideal)
                          2.00    2.00 ^ input external delay
     1    0.00    0.01    0.01    2.01 ^ A[6] (in)
                                         A[6] (net)
                  0.01    0.00    2.01 ^ input7/A (sky130_fd_sc_hd__clkbuf_2)
     5    0.05    0.19    0.16    2.17 ^ input7/X (sky130_fd_sc_hd__clkbuf_2)
                                         net7 (net)
                  0.19    0.01    2.17 ^ _289_/A1 (sky130_fd_sc_hd__o211ai_1)
     1    0.01    0.05    0.09    2.27 v _289_/Y (sky130_fd_sc_hd__o211ai_1)
                                         _046_ (net)
                  0.05    0.00    2.27 v _290_/B1 (sky130_fd_sc_hd__a31o_1)
     1    0.01    0.03    0.09    2.36 v _290_/X (sky130_fd_sc_hd__a31o_1)
                                         _047_ (net)
                  0.03    0.00    2.36 v _291_/B1 (sky130_fd_sc_hd__a21o_1)
     1    0.02    0.06    0.10    2.45 v _291_/X (sky130_fd_sc_hd__a21o_1)
                                         net26 (net)
                  0.06    0.00    2.45 v output26/A (sky130_fd_sc_hd__buf_2)
     1    0.03    0.06    0.12    2.58 v output26/X (sky130_fd_sc_hd__buf_2)
                                         out[6] (net)
                  0.06    0.00    2.58 v out[6] (out)
                                  2.58   data arrival time

                  0.00    0.00    0.00   clock __VIRTUAL_CLK__ (rise edge)
                          0.00    0.00   clock network delay (ideal)
                          0.25    0.25   clock uncertainty
                          0.00    0.25   clock reconvergence pessimism
                         -2.00   -1.75   output external delay
                                 -1.75   data required time
-----------------------------------------------------------------------------
                                 -1.75   data required time
                                 -2.58   data arrival time
-----------------------------------------------------------------------------
                                  4.33   slack (MET)


Startpoint: opcode[2] (input port clocked by __VIRTUAL_CLK__)
Endpoint: out[7] (output port clocked by __VIRTUAL_CLK__)
Path Group: __VIRTUAL_CLK__
Path Type: min
Corner: Fastest

Fanout     Cap    Slew   Delay    Time   Description
-----------------------------------------------------------------------------
                  0.00    0.00    0.00   clock __VIRTUAL_CLK__ (rise edge)
                          0.00    0.00   clock network delay (ideal)
                          2.00    2.00 v input external delay
     1    0.00    0.01    0.00    2.00 v opcode[2] (in)
                                         opcode[2] (net)
                  0.01    0.00    2.00 v input19/A (sky130_fd_sc_hd__clkbuf_4)
     6    0.06    0.09    0.13    2.13 v input19/X (sky130_fd_sc_hd__clkbuf_4)
                                         net19 (net)
                  0.09    0.01    2.14 v _265_/A (sky130_fd_sc_hd__and3_2)
     7    0.05    0.10    0.19    2.34 v _265_/X (sky130_fd_sc_hd__and3_2)
                                         _023_ (net)
                  0.10    0.01    2.34 v _302_/A1 (sky130_fd_sc_hd__a31o_1)
     1    0.01    0.04    0.14    2.49 v _302_/X (sky130_fd_sc_hd__a31o_1)
                                         net27 (net)
                  0.04    0.00    2.49 v output27/A (sky130_fd_sc_hd__buf_2)
     1    0.03    0.06    0.11    2.60 v output27/X (sky130_fd_sc_hd__buf_2)
                                         out[7] (net)
                  0.06    0.00    2.60 v out[7] (out)
                                  2.60   data arrival time

                  0.00    0.00    0.00   clock __VIRTUAL_CLK__ (rise edge)
                          0.00    0.00   clock network delay (ideal)
                          0.25    0.25   clock uncertainty
                          0.00    0.25   clock reconvergence pessimism
                         -2.00   -1.75   output external delay
                                 -1.75   data required time
-----------------------------------------------------------------------------
                                 -1.75   data required time
                                 -2.60   data arrival time
-----------------------------------------------------------------------------
                                  4.35   slack (MET)


Startpoint: opcode[2] (input port clocked by __VIRTUAL_CLK__)
Endpoint: out[2] (output port clocked by __VIRTUAL_CLK__)
Path Group: __VIRTUAL_CLK__
Path Type: min
Corner: Fastest

Fanout     Cap    Slew   Delay    Time   Description
-----------------------------------------------------------------------------
                  0.00    0.00    0.00   clock __VIRTUAL_CLK__ (rise edge)
                          0.00    0.00   clock network delay (ideal)
                          2.00    2.00 v input external delay
     1    0.00    0.01    0.00    2.00 v opcode[2] (in)
                                         opcode[2] (net)
                  0.01    0.00    2.00 v input19/A (sky130_fd_sc_hd__clkbuf_4)
     6    0.06    0.09    0.13    2.13 v input19/X (sky130_fd_sc_hd__clkbuf_4)
                                         net19 (net)
                  0.09    0.01    2.14 v _265_/A (sky130_fd_sc_hd__and3_2)
     7    0.05    0.10    0.19    2.34 v _265_/X (sky130_fd_sc_hd__and3_2)
                                         _023_ (net)
                  0.10    0.01    2.34 v _326_/A2 (sky130_fd_sc_hd__a31o_1)
     1    0.02    0.08    0.20    2.54 v _326_/X (sky130_fd_sc_hd__a31o_1)
                                         net22 (net)
                  0.08    0.00    2.54 v output22/A (sky130_fd_sc_hd__buf_2)
     1    0.03    0.06    0.13    2.67 v output22/X (sky130_fd_sc_hd__buf_2)
                                         out[2] (net)
                  0.06    0.00    2.67 v out[2] (out)
                                  2.67   data arrival time

                  0.00    0.00    0.00   clock __VIRTUAL_CLK__ (rise edge)
                          0.00    0.00   clock network delay (ideal)
                          0.25    0.25   clock uncertainty
                          0.00    0.25   clock reconvergence pessimism
                         -2.00   -1.75   output external delay
                                 -1.75   data required time
-----------------------------------------------------------------------------
                                 -1.75   data required time
                                 -2.67   data arrival time
-----------------------------------------------------------------------------
                                  4.42   slack (MET)


Startpoint: opcode[2] (input port clocked by __VIRTUAL_CLK__)
Endpoint: out[3] (output port clocked by __VIRTUAL_CLK__)
Path Group: __VIRTUAL_CLK__
Path Type: min
Corner: Fastest

Fanout     Cap    Slew   Delay    Time   Description
-----------------------------------------------------------------------------
                  0.00    0.00    0.00   clock __VIRTUAL_CLK__ (rise edge)
                          0.00    0.00   clock network delay (ideal)
                          2.00    2.00 v input external delay
     1    0.00    0.01    0.00    2.00 v opcode[2] (in)
                                         opcode[2] (net)
                  0.01    0.00    2.00 v input19/A (sky130_fd_sc_hd__clkbuf_4)
     6    0.06    0.09    0.13    2.13 v input19/X (sky130_fd_sc_hd__clkbuf_4)
                                         net19 (net)
                  0.09    0.01    2.14 v _170_/A (sky130_fd_sc_hd__inv_2)
     2    0.04    0.13    0.13    2.27 ^ _170_/Y (sky130_fd_sc_hd__inv_2)
                                         _098_ (net)
                  0.13    0.00    2.27 ^ _172_/A (sky130_fd_sc_hd__nor2_4)
     8    0.06    0.07    0.07    2.34 v _172_/Y (sky130_fd_sc_hd__nor2_4)
                                         _100_ (net)
                  0.08    0.00    2.35 v _335_/B2 (sky130_fd_sc_hd__a221o_1)
     1    0.02    0.09    0.22    2.57 v _335_/X (sky130_fd_sc_hd__a221o_1)
                                         net23 (net)
                  0.09    0.00    2.57 v output23/A (sky130_fd_sc_hd__buf_2)
     1    0.03    0.06    0.13    2.70 v output23/X (sky130_fd_sc_hd__buf_2)
                                         out[3] (net)
                  0.06    0.00    2.70 v out[3] (out)
                                  2.70   data arrival time

                  0.00    0.00    0.00   clock __VIRTUAL_CLK__ (rise edge)
                          0.00    0.00   clock network delay (ideal)
                          0.25    0.25   clock uncertainty
                          0.00    0.25   clock reconvergence pessimism
                         -2.00   -1.75   output external delay
                                 -1.75   data required time
-----------------------------------------------------------------------------
                                 -1.75   data required time
                                 -2.70   data arrival time
-----------------------------------------------------------------------------
                                  4.45   slack (MET)


Startpoint: B[4] (input port clocked by __VIRTUAL_CLK__)
Endpoint: out[4] (output port clocked by __VIRTUAL_CLK__)
Path Group: __VIRTUAL_CLK__
Path Type: min
Corner: Fastest

Fanout     Cap    Slew   Delay    Time   Description
-----------------------------------------------------------------------------
                  0.00    0.00    0.00   clock __VIRTUAL_CLK__ (rise edge)
                          0.00    0.00   clock network delay (ideal)
                          2.00    2.00 ^ input external delay
     1    0.00    0.02    0.01    2.01 ^ B[4] (in)
                                         B[4] (net)
                  0.02    0.00    2.01 ^ input13/A (sky130_fd_sc_hd__clkbuf_4)
     6    0.06    0.14    0.15    2.16 ^ input13/X (sky130_fd_sc_hd__clkbuf_4)
                                         net13 (net)
                  0.14    0.00    2.16 ^ _341_/A1 (sky130_fd_sc_hd__a31o_1)
     1    0.02    0.16    0.18    2.34 ^ _341_/X (sky130_fd_sc_hd__a31o_1)
                                         _092_ (net)
                  0.16    0.00    2.34 ^ _346_/B (sky130_fd_sc_hd__or3_1)
     1    0.01    0.11    0.13    2.47 ^ _346_/X (sky130_fd_sc_hd__or3_1)
                                         _097_ (net)
                  0.11    0.00    2.47 ^ _347_/A (sky130_fd_sc_hd__buf_1)
     1    0.02    0.16    0.14    2.61 ^ _347_/X (sky130_fd_sc_hd__buf_1)
                                         net24 (net)
                  0.16    0.00    2.62 ^ output24/A (sky130_fd_sc_hd__buf_2)
     1    0.03    0.13    0.15    2.77 ^ output24/X (sky130_fd_sc_hd__buf_2)
                                         out[4] (net)
                  0.13    0.00    2.77 ^ out[4] (out)
                                  2.77   data arrival time

                  0.00    0.00    0.00   clock __VIRTUAL_CLK__ (rise edge)
                          0.00    0.00   clock network delay (ideal)
                          0.25    0.25   clock uncertainty
                          0.00    0.25   clock reconvergence pessimism
                         -2.00   -1.75   output external delay
                                 -1.75   data required time
-----------------------------------------------------------------------------
                                 -1.75   data required time
                                 -2.77   data arrival time
-----------------------------------------------------------------------------
                                  4.52   slack (MET)


Startpoint: A[1] (input port clocked by __VIRTUAL_CLK__)
Endpoint: out[1] (output port clocked by __VIRTUAL_CLK__)
Path Group: __VIRTUAL_CLK__
Path Type: min
Corner: Fastest

Fanout     Cap    Slew   Delay    Time   Description
-----------------------------------------------------------------------------
                  0.00    0.00    0.00   clock __VIRTUAL_CLK__ (rise edge)
                          0.00    0.00   clock network delay (ideal)
                          2.00    2.00 v input external delay
     1    0.00    0.01    0.00    2.00 v A[1] (in)
                                         A[1] (net)
                  0.01    0.00    2.00 v input2/A (sky130_fd_sc_hd__clkbuf_2)
     4    0.04    0.11    0.12    2.13 v input2/X (sky130_fd_sc_hd__clkbuf_2)
                                         net2 (net)
                  0.11    0.00    2.13 v _173_/A (sky130_fd_sc_hd__clkbuf_4)
    10    0.07    0.10    0.18    2.32 v _173_/X (sky130_fd_sc_hd__clkbuf_4)
                                         _101_ (net)
                  0.10    0.00    2.32 v _313_/A (sky130_fd_sc_hd__nor2_1)
     1    0.00    0.08    0.10    2.42 ^ _313_/Y (sky130_fd_sc_hd__nor2_1)
                                         _067_ (net)
                  0.08    0.00    2.42 ^ _317_/C (sky130_fd_sc_hd__or4b_1)
     1    0.02    0.16    0.16    2.58 ^ _317_/X (sky130_fd_sc_hd__or4b_1)
                                         _071_ (net)
                  0.16    0.00    2.59 ^ _318_/A (sky130_fd_sc_hd__clkbuf_1)
     1    0.01    0.08    0.09    2.68 ^ _318_/X (sky130_fd_sc_hd__clkbuf_1)
                                         net21 (net)
                  0.08    0.00    2.68 ^ output21/A (sky130_fd_sc_hd__buf_2)
     1    0.03    0.13    0.14    2.82 ^ output21/X (sky130_fd_sc_hd__buf_2)
                                         out[1] (net)
                  0.13    0.00    2.82 ^ out[1] (out)
                                  2.82   data arrival time

                  0.00    0.00    0.00   clock __VIRTUAL_CLK__ (rise edge)
                          0.00    0.00   clock network delay (ideal)
                          0.25    0.25   clock uncertainty
                          0.00    0.25   clock reconvergence pessimism
                         -2.00   -1.75   output external delay
                                 -1.75   data required time
-----------------------------------------------------------------------------
                                 -1.75   data required time
                                 -2.82   data arrival time
-----------------------------------------------------------------------------
                                  4.57   slack (MET)



worst slack corner Fastest: 4.2631
======================= Slowest Corner ===================================

Startpoint: A[5] (input port clocked by __VIRTUAL_CLK__)
Endpoint: out[5] (output port clocked by __VIRTUAL_CLK__)
Path Group: __VIRTUAL_CLK__
Path Type: min
Corner: Slowest

Fanout     Cap    Slew   Delay    Time   Description
-----------------------------------------------------------------------------
                  0.00    0.00    0.00   clock __VIRTUAL_CLK__ (rise edge)
                          0.00    0.00   clock network delay (ideal)
                          2.00    2.00 ^ input external delay
     1    0.00    0.03    0.01    2.01 ^ A[5] (in)
                                         A[5] (net)
                  0.03    0.00    2.01 ^ input6/A (sky130_fd_sc_hd__buf_2)
     6    0.04    0.35    0.36    2.37 ^ input6/X (sky130_fd_sc_hd__buf_2)
                                         net6 (net)
                  0.35    0.00    2.37 ^ _233_/A2 (sky130_fd_sc_hd__a311o_1)
     1    0.00    0.09    0.42    2.79 ^ _233_/X (sky130_fd_sc_hd__a311o_1)
                                         _161_ (net)
                  0.09    0.00    2.79 ^ _267_/B1 (sky130_fd_sc_hd__a211o_1)
     1    0.02    0.26    0.31    3.10 ^ _267_/X (sky130_fd_sc_hd__a211o_1)
                                         net25 (net)
                  0.26    0.00    3.10 ^ output25/A (sky130_fd_sc_hd__buf_4)
     1    0.03    0.17    0.35    3.45 ^ output25/X (sky130_fd_sc_hd__buf_4)
                                         out[5] (net)
                  0.17    0.00    3.45 ^ out[5] (out)
                                  3.45   data arrival time

                  0.00    0.00    0.00   clock __VIRTUAL_CLK__ (rise edge)
                          0.00    0.00   clock network delay (ideal)
                          0.25    0.25   clock uncertainty
                          0.00    0.25   clock reconvergence pessimism
                         -2.00   -1.75   output external delay
                                 -1.75   data required time
-----------------------------------------------------------------------------
                                 -1.75   data required time
                                 -3.45   data arrival time
-----------------------------------------------------------------------------
                                  5.20   slack (MET)


Startpoint: A[0] (input port clocked by __VIRTUAL_CLK__)
Endpoint: out[0] (output port clocked by __VIRTUAL_CLK__)
Path Group: __VIRTUAL_CLK__
Path Type: min
Corner: Slowest

Fanout     Cap    Slew   Delay    Time   Description
-----------------------------------------------------------------------------
                  0.00    0.00    0.00   clock __VIRTUAL_CLK__ (rise edge)
                          0.00    0.00   clock network delay (ideal)
                          2.00    2.00 v input external delay
     1    0.00    0.02    0.01    2.01 v A[0] (in)
                                         A[0] (net)
                  0.02    0.00    2.01 v input1/A (sky130_fd_sc_hd__buf_1)
     2    0.01    0.16    0.22    2.23 v input1/X (sky130_fd_sc_hd__buf_1)
                                         net1 (net)
                  0.16    0.00    2.23 v _190_/A (sky130_fd_sc_hd__clkbuf_4)
    10    0.06    0.22    0.41    2.64 v _190_/X (sky130_fd_sc_hd__clkbuf_4)
                                         _118_ (net)
                  0.22    0.00    2.64 v _307_/A2 (sky130_fd_sc_hd__a31o_1)
     2    0.02    0.22    0.55    3.19 v _307_/X (sky130_fd_sc_hd__a31o_1)
                                         net20 (net)
                  0.22    0.00    3.19 v output20/A (sky130_fd_sc_hd__buf_2)
     1    0.04    0.17    0.40    3.59 v output20/X (sky130_fd_sc_hd__buf_2)
                                         out[0] (net)
                  0.17    0.00    3.59 v out[0] (out)
                                  3.59   data arrival time

                  0.00    0.00    0.00   clock __VIRTUAL_CLK__ (rise edge)
                          0.00    0.00   clock network delay (ideal)
                          0.25    0.25   clock uncertainty
                          0.00    0.25   clock reconvergence pessimism
                         -2.00   -1.75   output external delay
                                 -1.75   data required time
-----------------------------------------------------------------------------
                                 -1.75   data required time
                                 -3.59   data arrival time
-----------------------------------------------------------------------------
                                  5.34   slack (MET)


Startpoint: opcode[2] (input port clocked by __VIRTUAL_CLK__)
Endpoint: out[7] (output port clocked by __VIRTUAL_CLK__)
Path Group: __VIRTUAL_CLK__
Path Type: min
Corner: Slowest

Fanout     Cap    Slew   Delay    Time   Description
-----------------------------------------------------------------------------
                  0.00    0.00    0.00   clock __VIRTUAL_CLK__ (rise edge)
                          0.00    0.00   clock network delay (ideal)
                          2.00    2.00 v input external delay
     1    0.00    0.02    0.01    2.01 v opcode[2] (in)
                                         opcode[2] (net)
                  0.02    0.00    2.01 v input19/A (sky130_fd_sc_hd__clkbuf_4)
     6    0.06    0.23    0.35    2.36 v input19/X (sky130_fd_sc_hd__clkbuf_4)
                                         net19 (net)
                  0.23    0.01    2.36 v _265_/A (sky130_fd_sc_hd__and3_2)
     7    0.05    0.27    0.61    2.97 v _265_/X (sky130_fd_sc_hd__and3_2)
                                         _023_ (net)
                  0.27    0.01    2.98 v _302_/A1 (sky130_fd_sc_hd__a31o_1)
     1    0.01    0.10    0.43    3.41 v _302_/X (sky130_fd_sc_hd__a31o_1)
                                         net27 (net)
                  0.10    0.00    3.41 v output27/A (sky130_fd_sc_hd__buf_2)
     1    0.03    0.17    0.34    3.75 v output27/X (sky130_fd_sc_hd__buf_2)
                                         out[7] (net)
                  0.17    0.00    3.75 v out[7] (out)
                                  3.75   data arrival time

                  0.00    0.00    0.00   clock __VIRTUAL_CLK__ (rise edge)
                          0.00    0.00   clock network delay (ideal)
                          0.25    0.25   clock uncertainty
                          0.00    0.25   clock reconvergence pessimism
                         -2.00   -1.75   output external delay
                                 -1.75   data required time
-----------------------------------------------------------------------------
                                 -1.75   data required time
                                 -3.75   data arrival time
-----------------------------------------------------------------------------
                                  5.50   slack (MET)


Startpoint: A[6] (input port clocked by __VIRTUAL_CLK__)
Endpoint: out[6] (output port clocked by __VIRTUAL_CLK__)
Path Group: __VIRTUAL_CLK__
Path Type: min
Corner: Slowest

Fanout     Cap    Slew   Delay    Time   Description
-----------------------------------------------------------------------------
                  0.00    0.00    0.00   clock __VIRTUAL_CLK__ (rise edge)
                          0.00    0.00   clock network delay (ideal)
                          2.00    2.00 v input external delay
     1    0.00    0.02    0.01    2.01 v A[6] (in)
                                         A[6] (net)
                  0.02    0.00    2.01 v input7/A (sky130_fd_sc_hd__clkbuf_2)
     5    0.04    0.31    0.34    2.35 v input7/X (sky130_fd_sc_hd__clkbuf_2)
                                         net7 (net)
                  0.31    0.01    2.35 v _289_/A1 (sky130_fd_sc_hd__o211ai_1)
     1    0.01    0.23    0.51    2.86 ^ _289_/Y (sky130_fd_sc_hd__o211ai_1)
                                         _046_ (net)
                  0.23    0.00    2.86 ^ _290_/B1 (sky130_fd_sc_hd__a31o_1)
     1    0.01    0.14    0.27    3.13 ^ _290_/X (sky130_fd_sc_hd__a31o_1)
                                         _047_ (net)
                  0.14    0.00    3.13 ^ _291_/B1 (sky130_fd_sc_hd__a21o_1)
     1    0.02    0.23    0.28    3.41 ^ _291_/X (sky130_fd_sc_hd__a21o_1)
                                         net26 (net)
                  0.23    0.00    3.41 ^ output26/A (sky130_fd_sc_hd__buf_2)
     1    0.03    0.28    0.40    3.81 ^ output26/X (sky130_fd_sc_hd__buf_2)
                                         out[6] (net)
                  0.28    0.00    3.81 ^ out[6] (out)
                                  3.81   data arrival time

                  0.00    0.00    0.00   clock __VIRTUAL_CLK__ (rise edge)
                          0.00    0.00   clock network delay (ideal)
                          0.25    0.25   clock uncertainty
                          0.00    0.25   clock reconvergence pessimism
                         -2.00   -1.75   output external delay
                                 -1.75   data required time
-----------------------------------------------------------------------------
                                 -1.75   data required time
                                 -3.81   data arrival time
-----------------------------------------------------------------------------
                                  5.56   slack (MET)


Startpoint: opcode[2] (input port clocked by __VIRTUAL_CLK__)
Endpoint: out[2] (output port clocked by __VIRTUAL_CLK__)
Path Group: __VIRTUAL_CLK__
Path Type: min
Corner: Slowest

Fanout     Cap    Slew   Delay    Time   Description
-----------------------------------------------------------------------------
                  0.00    0.00    0.00   clock __VIRTUAL_CLK__ (rise edge)
                          0.00    0.00   clock network delay (ideal)
                          2.00    2.00 v input external delay
     1    0.00    0.02    0.01    2.01 v opcode[2] (in)
                                         opcode[2] (net)
                  0.02    0.00    2.01 v input19/A (sky130_fd_sc_hd__clkbuf_4)
     6    0.06    0.23    0.35    2.36 v input19/X (sky130_fd_sc_hd__clkbuf_4)
                                         net19 (net)
                  0.23    0.01    2.36 v _265_/A (sky130_fd_sc_hd__and3_2)
     7    0.05    0.27    0.61    2.97 v _265_/X (sky130_fd_sc_hd__and3_2)
                                         _023_ (net)
                  0.27    0.01    2.98 v _326_/A2 (sky130_fd_sc_hd__a31o_1)
     1    0.02    0.21    0.57    3.55 v _326_/X (sky130_fd_sc_hd__a31o_1)
                                         net22 (net)
                  0.21    0.00    3.55 v output22/A (sky130_fd_sc_hd__buf_2)
     1    0.03    0.17    0.39    3.95 v output22/X (sky130_fd_sc_hd__buf_2)
                                         out[2] (net)
                  0.17    0.00    3.95 v out[2] (out)
                                  3.95   data arrival time

                  0.00    0.00    0.00   clock __VIRTUAL_CLK__ (rise edge)
                          0.00    0.00   clock network delay (ideal)
                          0.25    0.25   clock uncertainty
                          0.00    0.25   clock reconvergence pessimism
                         -2.00   -1.75   output external delay
                                 -1.75   data required time
-----------------------------------------------------------------------------
                                 -1.75   data required time
                                 -3.95   data arrival time
-----------------------------------------------------------------------------
                                  5.70   slack (MET)


Startpoint: opcode[2] (input port clocked by __VIRTUAL_CLK__)
Endpoint: out[3] (output port clocked by __VIRTUAL_CLK__)
Path Group: __VIRTUAL_CLK__
Path Type: min
Corner: Slowest

Fanout     Cap    Slew   Delay    Time   Description
-----------------------------------------------------------------------------
                  0.00    0.00    0.00   clock __VIRTUAL_CLK__ (rise edge)
                          0.00    0.00   clock network delay (ideal)
                          2.00    2.00 v input external delay
     1    0.00    0.02    0.01    2.01 v opcode[2] (in)
                                         opcode[2] (net)
                  0.02    0.00    2.01 v input19/A (sky130_fd_sc_hd__clkbuf_4)
     6    0.06    0.23    0.35    2.36 v input19/X (sky130_fd_sc_hd__clkbuf_4)
                                         net19 (net)
                  0.23    0.01    2.37 v _170_/A (sky130_fd_sc_hd__inv_2)
     2    0.04    0.28    0.30    2.66 ^ _170_/Y (sky130_fd_sc_hd__inv_2)
                                         _098_ (net)
                  0.28    0.00    2.67 ^ _172_/A (sky130_fd_sc_hd__nor2_4)
     8    0.06    0.16    0.23    2.90 v _172_/Y (sky130_fd_sc_hd__nor2_4)
                                         _100_ (net)
                  0.16    0.00    2.90 v _335_/B2 (sky130_fd_sc_hd__a221o_1)
     1    0.02    0.25    0.76    3.66 v _335_/X (sky130_fd_sc_hd__a221o_1)
                                         net23 (net)
                  0.25    0.00    3.66 v output23/A (sky130_fd_sc_hd__buf_2)
     1    0.03    0.17    0.41    4.07 v output23/X (sky130_fd_sc_hd__buf_2)
                                         out[3] (net)
                  0.17    0.00    4.07 v out[3] (out)
                                  4.07   data arrival time

                  0.00    0.00    0.00   clock __VIRTUAL_CLK__ (rise edge)
                          0.00    0.00   clock network delay (ideal)
                          0.25    0.25   clock uncertainty
                          0.00    0.25   clock reconvergence pessimism
                         -2.00   -1.75   output external delay
                                 -1.75   data required time
-----------------------------------------------------------------------------
                                 -1.75   data required time
                                 -4.07   data arrival time
-----------------------------------------------------------------------------
                                  5.82   slack (MET)


Startpoint: B[4] (input port clocked by __VIRTUAL_CLK__)
Endpoint: out[4] (output port clocked by __VIRTUAL_CLK__)
Path Group: __VIRTUAL_CLK__
Path Type: min
Corner: Slowest

Fanout     Cap    Slew   Delay    Time   Description
-----------------------------------------------------------------------------
                  0.00    0.00    0.00   clock __VIRTUAL_CLK__ (rise edge)
                          0.00    0.00   clock network delay (ideal)
                          2.00    2.00 ^ input external delay
     1    0.00    0.04    0.02    2.02 ^ B[4] (in)
                                         B[4] (net)
                  0.04    0.00    2.02 ^ input13/A (sky130_fd_sc_hd__clkbuf_4)
     6    0.06    0.29    0.37    2.39 ^ input13/X (sky130_fd_sc_hd__clkbuf_4)
                                         net13 (net)
                  0.29    0.00    2.39 ^ _341_/A1 (sky130_fd_sc_hd__a31o_1)
     1    0.02    0.35    0.54    2.94 ^ _341_/X (sky130_fd_sc_hd__a31o_1)
                                         _092_ (net)
                  0.35    0.00    2.94 ^ _346_/B (sky130_fd_sc_hd__or3_1)
     1    0.01    0.22    0.38    3.32 ^ _346_/X (sky130_fd_sc_hd__or3_1)
                                         _097_ (net)
                  0.22    0.00    3.32 ^ _347_/A (sky130_fd_sc_hd__buf_1)
     1    0.02    0.35    0.39    3.71 ^ _347_/X (sky130_fd_sc_hd__buf_1)
                                         net24 (net)
                  0.35    0.00    3.71 ^ output24/A (sky130_fd_sc_hd__buf_2)
     1    0.03    0.27    0.44    4.15 ^ output24/X (sky130_fd_sc_hd__buf_2)
                                         out[4] (net)
                  0.27    0.00    4.15 ^ out[4] (out)
                                  4.15   data arrival time

                  0.00    0.00    0.00   clock __VIRTUAL_CLK__ (rise edge)
                          0.00    0.00   clock network delay (ideal)
                          0.25    0.25   clock uncertainty
                          0.00    0.25   clock reconvergence pessimism
                         -2.00   -1.75   output external delay
                                 -1.75   data required time
-----------------------------------------------------------------------------
                                 -1.75   data required time
                                 -4.15   data arrival time
-----------------------------------------------------------------------------
                                  5.90   slack (MET)


Startpoint: A[1] (input port clocked by __VIRTUAL_CLK__)
Endpoint: out[1] (output port clocked by __VIRTUAL_CLK__)
Path Group: __VIRTUAL_CLK__
Path Type: min
Corner: Slowest

Fanout     Cap    Slew   Delay    Time   Description
-----------------------------------------------------------------------------
                  0.00    0.00    0.00   clock __VIRTUAL_CLK__ (rise edge)
                          0.00    0.00   clock network delay (ideal)
                          2.00    2.00 v input external delay
     1    0.00    0.02    0.01    2.01 v A[1] (in)
                                         A[1] (net)
                  0.02    0.00    2.01 v input2/A (sky130_fd_sc_hd__clkbuf_2)
     4    0.04    0.30    0.34    2.35 v input2/X (sky130_fd_sc_hd__clkbuf_2)
                                         net2 (net)
                  0.30    0.00    2.35 v _173_/A (sky130_fd_sc_hd__clkbuf_4)
    10    0.07    0.26    0.50    2.85 v _173_/X (sky130_fd_sc_hd__clkbuf_4)
                                         _101_ (net)
                  0.26    0.00    2.85 v _313_/A (sky130_fd_sc_hd__nor2_1)
     1    0.00    0.18    0.26    3.12 ^ _313_/Y (sky130_fd_sc_hd__nor2_1)
                                         _067_ (net)
                  0.18    0.00    3.12 ^ _317_/C (sky130_fd_sc_hd__or4b_1)
     1    0.02    0.34    0.41    3.52 ^ _317_/X (sky130_fd_sc_hd__or4b_1)
                                         _071_ (net)
                  0.34    0.00    3.53 ^ _318_/A (sky130_fd_sc_hd__clkbuf_1)
     1    0.01    0.17    0.30    3.83 ^ _318_/X (sky130_fd_sc_hd__clkbuf_1)
                                         net21 (net)
                  0.17    0.00    3.83 ^ output21/A (sky130_fd_sc_hd__buf_2)
     1    0.03    0.27    0.37    4.20 ^ output21/X (sky130_fd_sc_hd__buf_2)
                                         out[1] (net)
                  0.27    0.00    4.20 ^ out[1] (out)
                                  4.20   data arrival time

                  0.00    0.00    0.00   clock __VIRTUAL_CLK__ (rise edge)
                          0.00    0.00   clock network delay (ideal)
                          0.25    0.25   clock uncertainty
                          0.00    0.25   clock reconvergence pessimism
                         -2.00   -1.75   output external delay
                                 -1.75   data required time
-----------------------------------------------------------------------------
                                 -1.75   data required time
                                 -4.20   data arrival time
-----------------------------------------------------------------------------
                                  5.95   slack (MET)



worst slack corner Slowest: 5.2040
======================= Typical Corner ===================================

Startpoint: A[5] (input port clocked by __VIRTUAL_CLK__)
Endpoint: out[5] (output port clocked by __VIRTUAL_CLK__)
Path Group: __VIRTUAL_CLK__
Path Type: min
Corner: Typical

Fanout     Cap    Slew   Delay    Time   Description
-----------------------------------------------------------------------------
                  0.00    0.00    0.00   clock __VIRTUAL_CLK__ (rise edge)
                          0.00    0.00   clock network delay (ideal)
                          2.00    2.00 ^ input external delay
     1    0.00    0.02    0.01    2.01 ^ A[5] (in)
                                         A[5] (net)
                  0.02    0.00    2.01 ^ input6/A (sky130_fd_sc_hd__buf_2)
     6    0.04    0.22    0.21    2.22 ^ input6/X (sky130_fd_sc_hd__buf_2)
                                         net6 (net)
                  0.22    0.00    2.22 ^ _233_/A2 (sky130_fd_sc_hd__a311o_1)
     1    0.00    0.05    0.19    2.41 ^ _233_/X (sky130_fd_sc_hd__a311o_1)
                                         _161_ (net)
                  0.05    0.00    2.41 ^ _267_/B1 (sky130_fd_sc_hd__a211o_1)
     1    0.02    0.17    0.18    2.59 ^ _267_/X (sky130_fd_sc_hd__a211o_1)
                                         net25 (net)
                  0.17    0.00    2.59 ^ output25/A (sky130_fd_sc_hd__buf_4)
     1    0.03    0.10    0.19    2.78 ^ output25/X (sky130_fd_sc_hd__buf_4)
                                         out[5] (net)
                  0.10    0.00    2.78 ^ out[5] (out)
                                  2.78   data arrival time

                  0.00    0.00    0.00   clock __VIRTUAL_CLK__ (rise edge)
                          0.00    0.00   clock network delay (ideal)
                          0.25    0.25   clock uncertainty
                          0.00    0.25   clock reconvergence pessimism
                         -2.00   -1.75   output external delay
                                 -1.75   data required time
-----------------------------------------------------------------------------
                                 -1.75   data required time
                                 -2.78   data arrival time
-----------------------------------------------------------------------------
                                  4.53   slack (MET)


Startpoint: A[0] (input port clocked by __VIRTUAL_CLK__)
Endpoint: out[0] (output port clocked by __VIRTUAL_CLK__)
Path Group: __VIRTUAL_CLK__
Path Type: min
Corner: Typical

Fanout     Cap    Slew   Delay    Time   Description
-----------------------------------------------------------------------------
                  0.00    0.00    0.00   clock __VIRTUAL_CLK__ (rise edge)
                          0.00    0.00   clock network delay (ideal)
                          2.00    2.00 v input external delay
     1    0.00    0.01    0.00    2.00 v A[0] (in)
                                         A[0] (net)
                  0.01    0.00    2.00 v input1/A (sky130_fd_sc_hd__buf_1)
     2    0.01    0.09    0.11    2.12 v input1/X (sky130_fd_sc_hd__buf_1)
                                         net1 (net)
                  0.09    0.00    2.12 v _190_/A (sky130_fd_sc_hd__clkbuf_4)
    10    0.06    0.12    0.22    2.34 v _190_/X (sky130_fd_sc_hd__clkbuf_4)
                                         _118_ (net)
                  0.12    0.00    2.34 v _307_/A2 (sky130_fd_sc_hd__a31o_1)
     2    0.02    0.12    0.30    2.64 v _307_/X (sky130_fd_sc_hd__a31o_1)
                                         net20 (net)
                  0.12    0.00    2.65 v output20/A (sky130_fd_sc_hd__buf_2)
     1    0.04    0.09    0.20    2.85 v output20/X (sky130_fd_sc_hd__buf_2)
                                         out[0] (net)
                  0.09    0.00    2.85 v out[0] (out)
                                  2.85   data arrival time

                  0.00    0.00    0.00   clock __VIRTUAL_CLK__ (rise edge)
                          0.00    0.00   clock network delay (ideal)
                          0.25    0.25   clock uncertainty
                          0.00    0.25   clock reconvergence pessimism
                         -2.00   -1.75   output external delay
                                 -1.75   data required time
-----------------------------------------------------------------------------
                                 -1.75   data required time
                                 -2.85   data arrival time
-----------------------------------------------------------------------------
                                  4.60   slack (MET)


Startpoint: opcode[2] (input port clocked by __VIRTUAL_CLK__)
Endpoint: out[7] (output port clocked by __VIRTUAL_CLK__)
Path Group: __VIRTUAL_CLK__
Path Type: min
Corner: Typical

Fanout     Cap    Slew   Delay    Time   Description
-----------------------------------------------------------------------------
                  0.00    0.00    0.00   clock __VIRTUAL_CLK__ (rise edge)
                          0.00    0.00   clock network delay (ideal)
                          2.00    2.00 v input external delay
     1    0.00    0.01    0.00    2.00 v opcode[2] (in)
                                         opcode[2] (net)
                  0.01    0.00    2.00 v input19/A (sky130_fd_sc_hd__clkbuf_4)
     6    0.06    0.13    0.19    2.20 v input19/X (sky130_fd_sc_hd__clkbuf_4)
                                         net19 (net)
                  0.13    0.01    2.21 v _265_/A (sky130_fd_sc_hd__and3_2)
     7    0.05    0.14    0.30    2.50 v _265_/X (sky130_fd_sc_hd__and3_2)
                                         _023_ (net)
                  0.14    0.01    2.51 v _302_/A1 (sky130_fd_sc_hd__a31o_1)
     1    0.01    0.06    0.22    2.73 v _302_/X (sky130_fd_sc_hd__a31o_1)
                                         net27 (net)
                  0.06    0.00    2.73 v output27/A (sky130_fd_sc_hd__buf_2)
     1    0.03    0.09    0.18    2.91 v output27/X (sky130_fd_sc_hd__buf_2)
                                         out[7] (net)
                  0.09    0.00    2.91 v out[7] (out)
                                  2.91   data arrival time

                  0.00    0.00    0.00   clock __VIRTUAL_CLK__ (rise edge)
                          0.00    0.00   clock network delay (ideal)
                          0.25    0.25   clock uncertainty
                          0.00    0.25   clock reconvergence pessimism
                         -2.00   -1.75   output external delay
                                 -1.75   data required time
-----------------------------------------------------------------------------
                                 -1.75   data required time
                                 -2.91   data arrival time
-----------------------------------------------------------------------------
                                  4.66   slack (MET)


Startpoint: A[6] (input port clocked by __VIRTUAL_CLK__)
Endpoint: out[6] (output port clocked by __VIRTUAL_CLK__)
Path Group: __VIRTUAL_CLK__
Path Type: min
Corner: Typical

Fanout     Cap    Slew   Delay    Time   Description
-----------------------------------------------------------------------------
                  0.00    0.00    0.00   clock __VIRTUAL_CLK__ (rise edge)
                          0.00    0.00   clock network delay (ideal)
                          2.00    2.00 v input external delay
     1    0.00    0.01    0.00    2.00 v A[6] (in)
                                         A[6] (net)
                  0.01    0.00    2.00 v input7/A (sky130_fd_sc_hd__clkbuf_2)
     5    0.04    0.17    0.19    2.19 v input7/X (sky130_fd_sc_hd__clkbuf_2)
                                         net7 (net)
                  0.17    0.01    2.20 v _289_/A1 (sky130_fd_sc_hd__o211ai_1)
     1    0.01    0.14    0.29    2.48 ^ _289_/Y (sky130_fd_sc_hd__o211ai_1)
                                         _046_ (net)
                  0.14    0.00    2.48 ^ _290_/B1 (sky130_fd_sc_hd__a31o_1)
     1    0.01    0.08    0.14    2.62 ^ _290_/X (sky130_fd_sc_hd__a31o_1)
                                         _047_ (net)
                  0.08    0.00    2.63 ^ _291_/B1 (sky130_fd_sc_hd__a21o_1)
     1    0.02    0.15    0.16    2.78 ^ _291_/X (sky130_fd_sc_hd__a21o_1)
                                         net26 (net)
                  0.15    0.00    2.78 ^ output26/A (sky130_fd_sc_hd__buf_2)
     1    0.03    0.17    0.22    3.01 ^ output26/X (sky130_fd_sc_hd__buf_2)
                                         out[6] (net)
                  0.17    0.00    3.01 ^ out[6] (out)
                                  3.01   data arrival time

                  0.00    0.00    0.00   clock __VIRTUAL_CLK__ (rise edge)
                          0.00    0.00   clock network delay (ideal)
                          0.25    0.25   clock uncertainty
                          0.00    0.25   clock reconvergence pessimism
                         -2.00   -1.75   output external delay
                                 -1.75   data required time
-----------------------------------------------------------------------------
                                 -1.75   data required time
                                 -3.01   data arrival time
-----------------------------------------------------------------------------
                                  4.76   slack (MET)


Startpoint: opcode[2] (input port clocked by __VIRTUAL_CLK__)
Endpoint: out[2] (output port clocked by __VIRTUAL_CLK__)
Path Group: __VIRTUAL_CLK__
Path Type: min
Corner: Typical

Fanout     Cap    Slew   Delay    Time   Description
-----------------------------------------------------------------------------
                  0.00    0.00    0.00   clock __VIRTUAL_CLK__ (rise edge)
                          0.00    0.00   clock network delay (ideal)
                          2.00    2.00 v input external delay
     1    0.00    0.01    0.00    2.00 v opcode[2] (in)
                                         opcode[2] (net)
                  0.01    0.00    2.00 v input19/A (sky130_fd_sc_hd__clkbuf_4)
     6    0.06    0.13    0.19    2.20 v input19/X (sky130_fd_sc_hd__clkbuf_4)
                                         net19 (net)
                  0.13    0.01    2.21 v _265_/A (sky130_fd_sc_hd__and3_2)
     7    0.05    0.14    0.30    2.50 v _265_/X (sky130_fd_sc_hd__and3_2)
                                         _023_ (net)
                  0.14    0.01    2.51 v _326_/A2 (sky130_fd_sc_hd__a31o_1)
     1    0.02    0.12    0.30    2.81 v _326_/X (sky130_fd_sc_hd__a31o_1)
                                         net22 (net)
                  0.12    0.00    2.82 v output22/A (sky130_fd_sc_hd__buf_2)
     1    0.03    0.09    0.20    3.02 v output22/X (sky130_fd_sc_hd__buf_2)
                                         out[2] (net)
                  0.09    0.00    3.02 v out[2] (out)
                                  3.02   data arrival time

                  0.00    0.00    0.00   clock __VIRTUAL_CLK__ (rise edge)
                          0.00    0.00   clock network delay (ideal)
                          0.25    0.25   clock uncertainty
                          0.00    0.25   clock reconvergence pessimism
                         -2.00   -1.75   output external delay
                                 -1.75   data required time
-----------------------------------------------------------------------------
                                 -1.75   data required time
                                 -3.02   data arrival time
-----------------------------------------------------------------------------
                                  4.77   slack (MET)


Startpoint: opcode[2] (input port clocked by __VIRTUAL_CLK__)
Endpoint: out[3] (output port clocked by __VIRTUAL_CLK__)
Path Group: __VIRTUAL_CLK__
Path Type: min
Corner: Typical

Fanout     Cap    Slew   Delay    Time   Description
-----------------------------------------------------------------------------
                  0.00    0.00    0.00   clock __VIRTUAL_CLK__ (rise edge)
                          0.00    0.00   clock network delay (ideal)
                          2.00    2.00 v input external delay
     1    0.00    0.01    0.00    2.00 v opcode[2] (in)
                                         opcode[2] (net)
                  0.01    0.00    2.00 v input19/A (sky130_fd_sc_hd__clkbuf_4)
     6    0.06    0.13    0.19    2.20 v input19/X (sky130_fd_sc_hd__clkbuf_4)
                                         net19 (net)
                  0.13    0.01    2.21 v _170_/A (sky130_fd_sc_hd__inv_2)
     2    0.04    0.17    0.17    2.38 ^ _170_/Y (sky130_fd_sc_hd__inv_2)
                                         _098_ (net)
                  0.17    0.00    2.39 ^ _172_/A (sky130_fd_sc_hd__nor2_4)
     8    0.06    0.10    0.12    2.50 v _172_/Y (sky130_fd_sc_hd__nor2_4)
                                         _100_ (net)
                  0.10    0.00    2.50 v _335_/B2 (sky130_fd_sc_hd__a221o_1)
     1    0.02    0.14    0.41    2.92 v _335_/X (sky130_fd_sc_hd__a221o_1)
                                         net23 (net)
                  0.14    0.00    2.92 v output23/A (sky130_fd_sc_hd__buf_2)
     1    0.03    0.09    0.21    3.13 v output23/X (sky130_fd_sc_hd__buf_2)
                                         out[3] (net)
                  0.09    0.00    3.13 v out[3] (out)
                                  3.13   data arrival time

                  0.00    0.00    0.00   clock __VIRTUAL_CLK__ (rise edge)
                          0.00    0.00   clock network delay (ideal)
                          0.25    0.25   clock uncertainty
                          0.00    0.25   clock reconvergence pessimism
                         -2.00   -1.75   output external delay
                                 -1.75   data required time
-----------------------------------------------------------------------------
                                 -1.75   data required time
                                 -3.13   data arrival time
-----------------------------------------------------------------------------
                                  4.88   slack (MET)


Startpoint: B[4] (input port clocked by __VIRTUAL_CLK__)
Endpoint: out[4] (output port clocked by __VIRTUAL_CLK__)
Path Group: __VIRTUAL_CLK__
Path Type: min
Corner: Typical

Fanout     Cap    Slew   Delay    Time   Description
-----------------------------------------------------------------------------
                  0.00    0.00    0.00   clock __VIRTUAL_CLK__ (rise edge)
                          0.00    0.00   clock network delay (ideal)
                          2.00    2.00 ^ input external delay
     1    0.00    0.02    0.01    2.01 ^ B[4] (in)
                                         B[4] (net)
                  0.02    0.00    2.01 ^ input13/A (sky130_fd_sc_hd__clkbuf_4)
     6    0.06    0.18    0.21    2.23 ^ input13/X (sky130_fd_sc_hd__clkbuf_4)
                                         net13 (net)
                  0.18    0.00    2.23 ^ _341_/A1 (sky130_fd_sc_hd__a31o_1)
     1    0.02    0.22    0.28    2.51 ^ _341_/X (sky130_fd_sc_hd__a31o_1)
                                         _092_ (net)
                  0.22    0.00    2.51 ^ _346_/B (sky130_fd_sc_hd__or3_1)
     1    0.01    0.14    0.21    2.72 ^ _346_/X (sky130_fd_sc_hd__or3_1)
                                         _097_ (net)
                  0.14    0.00    2.72 ^ _347_/A (sky130_fd_sc_hd__buf_1)
     1    0.02    0.22    0.21    2.93 ^ _347_/X (sky130_fd_sc_hd__buf_1)
                                         net24 (net)
                  0.22    0.00    2.93 ^ output24/A (sky130_fd_sc_hd__buf_2)
     1    0.03    0.17    0.24    3.17 ^ output24/X (sky130_fd_sc_hd__buf_2)
                                         out[4] (net)
                  0.17    0.00    3.17 ^ out[4] (out)
                                  3.17   data arrival time

                  0.00    0.00    0.00   clock __VIRTUAL_CLK__ (rise edge)
                          0.00    0.00   clock network delay (ideal)
                          0.25    0.25   clock uncertainty
                          0.00    0.25   clock reconvergence pessimism
                         -2.00   -1.75   output external delay
                                 -1.75   data required time
-----------------------------------------------------------------------------
                                 -1.75   data required time
                                 -3.17   data arrival time
-----------------------------------------------------------------------------
                                  4.92   slack (MET)


Startpoint: A[1] (input port clocked by __VIRTUAL_CLK__)
Endpoint: out[1] (output port clocked by __VIRTUAL_CLK__)
Path Group: __VIRTUAL_CLK__
Path Type: min
Corner: Typical

Fanout     Cap    Slew   Delay    Time   Description
-----------------------------------------------------------------------------
                  0.00    0.00    0.00   clock __VIRTUAL_CLK__ (rise edge)
                          0.00    0.00   clock network delay (ideal)
                          2.00    2.00 v input external delay
     1    0.00    0.01    0.00    2.00 v A[1] (in)
                                         A[1] (net)
                  0.01    0.00    2.00 v input2/A (sky130_fd_sc_hd__clkbuf_2)
     4    0.04    0.16    0.18    2.19 v input2/X (sky130_fd_sc_hd__clkbuf_2)
                                         net2 (net)
                  0.16    0.00    2.19 v _173_/A (sky130_fd_sc_hd__clkbuf_4)
    10    0.07    0.15    0.27    2.47 v _173_/X (sky130_fd_sc_hd__clkbuf_4)
                                         _101_ (net)
                  0.15    0.00    2.47 v _313_/A (sky130_fd_sc_hd__nor2_1)
     1    0.00    0.11    0.15    2.62 ^ _313_/Y (sky130_fd_sc_hd__nor2_1)
                                         _067_ (net)
                  0.11    0.00    2.62 ^ _317_/C (sky130_fd_sc_hd__or4b_1)
     1    0.02    0.22    0.23    2.85 ^ _317_/X (sky130_fd_sc_hd__or4b_1)
                                         _071_ (net)
                  0.22    0.00    2.86 ^ _318_/A (sky130_fd_sc_hd__clkbuf_1)
     1    0.01    0.11    0.15    3.01 ^ _318_/X (sky130_fd_sc_hd__clkbuf_1)
                                         net21 (net)
                  0.11    0.00    3.01 ^ output21/A (sky130_fd_sc_hd__buf_2)
     1    0.03    0.17    0.21    3.22 ^ output21/X (sky130_fd_sc_hd__buf_2)
                                         out[1] (net)
                  0.17    0.00    3.22 ^ out[1] (out)
                                  3.22   data arrival time

                  0.00    0.00    0.00   clock __VIRTUAL_CLK__ (rise edge)
                          0.00    0.00   clock network delay (ideal)
                          0.25    0.25   clock uncertainty
                          0.00    0.25   clock reconvergence pessimism
                         -2.00   -1.75   output external delay
                                 -1.75   data required time
-----------------------------------------------------------------------------
                                 -1.75   data required time
                                 -3.22   data arrival time
-----------------------------------------------------------------------------
                                  4.97   slack (MET)



worst slack corner Typical: 4.5309
