
===========================================================================
report_checks -unconstrained
===========================================================================
======================= Fastest Corner ===================================

Startpoint: opcode[0] (input port clocked by __VIRTUAL_CLK__)
Endpoint: out[5] (output port clocked by __VIRTUAL_CLK__)
Path Group: __VIRTUAL_CLK__
Path Type: max
Corner: Fastest

Fanout     Cap    Slew   Delay    Time   Description
-----------------------------------------------------------------------------
                  0.00    0.00    0.00   clock __VIRTUAL_CLK__ (rise edge)
                          0.00    0.00   clock network delay (ideal)
                          2.00    2.00 v input external delay
     1    0.00    0.00    0.00    2.00 v opcode[0] (in)
                                         opcode[0] (net)
                  0.00    0.00    2.00 v input17/A (sky130_fd_sc_hd__buf_2)
     5    0.05    0.08    0.13    2.13 v input17/X (sky130_fd_sc_hd__buf_2)
                                         net17 (net)
                  0.08    0.01    2.14 v _235_/A_N (sky130_fd_sc_hd__nand3b_4)
     8    0.05    0.13    0.19    2.33 v _235_/Y (sky130_fd_sc_hd__nand3b_4)
                                         _163_ (net)
                  0.13    0.01    2.33 v rebuffer5/A (sky130_fd_sc_hd__buf_2)
     1    0.01    0.03    0.13    2.46 v rebuffer5/X (sky130_fd_sc_hd__buf_2)
                                         net33 (net)
                  0.03    0.00    2.46 v _243_/A2 (sky130_fd_sc_hd__a21oi_2)
     2    0.03    0.29    0.25    2.72 ^ _243_/Y (sky130_fd_sc_hd__a21oi_2)
                                         _001_ (net)
                  0.29    0.00    2.72 ^ _244_/A2 (sky130_fd_sc_hd__o21a_2)
     4    0.04    0.16    0.20    2.92 ^ _244_/X (sky130_fd_sc_hd__o21a_2)
                                         _002_ (net)
                  0.16    0.01    2.92 ^ _247_/A_N (sky130_fd_sc_hd__and3b_2)
     3    0.03    0.07    0.19    3.11 v _247_/X (sky130_fd_sc_hd__and3b_2)
                                         _005_ (net)
                  0.07    0.00    3.11 v _250_/A1 (sky130_fd_sc_hd__o21ai_4)
     4    0.04    0.24    0.23    3.34 ^ _250_/Y (sky130_fd_sc_hd__o21ai_4)
                                         _008_ (net)
                  0.24    0.01    3.35 ^ _257_/A1 (sky130_fd_sc_hd__a311o_4)
     4    0.04    0.11    0.21    3.56 ^ _257_/X (sky130_fd_sc_hd__a311o_4)
                                         _015_ (net)
                  0.11    0.00    3.56 ^ rebuffer2/A (sky130_fd_sc_hd__clkbuf_1)
     2    0.01    0.06    0.09    3.65 ^ rebuffer2/X (sky130_fd_sc_hd__clkbuf_1)
                                         net30 (net)
                  0.06    0.00    3.65 ^ rebuffer1/A (sky130_fd_sc_hd__dlymetal6s4s_1)
     1    0.00    0.06    0.14    3.79 ^ rebuffer1/X (sky130_fd_sc_hd__dlymetal6s4s_1)
                                         net29 (net)
                  0.06    0.00    3.79 ^ _264_/C (sky130_fd_sc_hd__nand3_1)
     1    0.01    0.06    0.06    3.85 v _264_/Y (sky130_fd_sc_hd__nand3_1)
                                         _022_ (net)
                  0.06    0.00    3.85 v _266_/B (sky130_fd_sc_hd__and3_1)
     1    0.02    0.07    0.16    4.01 v _266_/X (sky130_fd_sc_hd__and3_1)
                                         _024_ (net)
                  0.07    0.00    4.01 v _267_/C1 (sky130_fd_sc_hd__a211o_1)
     1    0.02    0.08    0.17    4.19 v _267_/X (sky130_fd_sc_hd__a211o_1)
                                         net25 (net)
                  0.08    0.00    4.19 v output25/A (sky130_fd_sc_hd__buf_4)
     1    0.03    0.04    0.14    4.33 v output25/X (sky130_fd_sc_hd__buf_4)
                                         out[5] (net)
                  0.04    0.00    4.33 v out[5] (out)
                                  4.33   data arrival time

                  0.00   10.00   10.00   clock __VIRTUAL_CLK__ (rise edge)
                          0.00   10.00   clock network delay (ideal)
                         -0.25    9.75   clock uncertainty
                          0.00    9.75   clock reconvergence pessimism
                         -2.00    7.75   output external delay
                                  7.75   data required time
-----------------------------------------------------------------------------
                                  7.75   data required time
                                 -4.33   data arrival time
-----------------------------------------------------------------------------
                                  3.42   slack (MET)



======================= Slowest Corner ===================================

Startpoint: opcode[0] (input port clocked by __VIRTUAL_CLK__)
Endpoint: out[4] (output port clocked by __VIRTUAL_CLK__)
Path Group: __VIRTUAL_CLK__
Path Type: max
Corner: Slowest

Fanout     Cap    Slew   Delay    Time   Description
-----------------------------------------------------------------------------
                  0.00    0.00    0.00   clock __VIRTUAL_CLK__ (rise edge)
                          0.00    0.00   clock network delay (ideal)
                          2.00    2.00 v input external delay
     1    0.00    0.02    0.01    2.01 v opcode[0] (in)
                                         opcode[0] (net)
                  0.02    0.00    2.01 v input17/A (sky130_fd_sc_hd__buf_2)
     5    0.05    0.22    0.38    2.39 v input17/X (sky130_fd_sc_hd__buf_2)
                                         net17 (net)
                  0.22    0.01    2.40 v _235_/A_N (sky130_fd_sc_hd__nand3b_4)
     8    0.05    0.39    0.60    3.00 v _235_/Y (sky130_fd_sc_hd__nand3b_4)
                                         _163_ (net)
                  0.39    0.01    3.00 v rebuffer5/A (sky130_fd_sc_hd__buf_2)
     1    0.01    0.07    0.43    3.43 v rebuffer5/X (sky130_fd_sc_hd__buf_2)
                                         net33 (net)
                  0.07    0.00    3.43 v _243_/A2 (sky130_fd_sc_hd__a21oi_2)
     2    0.03    0.64    0.61    4.04 ^ _243_/Y (sky130_fd_sc_hd__a21oi_2)
                                         _001_ (net)
                  0.64    0.00    4.04 ^ _244_/A2 (sky130_fd_sc_hd__o21a_2)
     4    0.04    0.34    0.67    4.71 ^ _244_/X (sky130_fd_sc_hd__o21a_2)
                                         _002_ (net)
                  0.34    0.01    4.72 ^ _247_/A_N (sky130_fd_sc_hd__and3b_2)
     3    0.03    0.17    0.67    5.38 v _247_/X (sky130_fd_sc_hd__and3b_2)
                                         _005_ (net)
                  0.17    0.00    5.39 v _250_/A1 (sky130_fd_sc_hd__o21ai_4)
     4    0.04    0.50    0.56    5.95 ^ _250_/Y (sky130_fd_sc_hd__o21ai_4)
                                         _008_ (net)
                  0.50    0.00    5.95 ^ _336_/A2 (sky130_fd_sc_hd__a31o_1)
     1    0.01    0.14    0.51    6.47 ^ _336_/X (sky130_fd_sc_hd__a31o_1)
                                         _087_ (net)
                  0.14    0.00    6.47 ^ _337_/B (sky130_fd_sc_hd__nand2_1)
     1    0.02    0.35    0.36    6.82 v _337_/Y (sky130_fd_sc_hd__nand2_1)
                                         _088_ (net)
                  0.35    0.00    6.82 v _338_/C (sky130_fd_sc_hd__and3_1)
     1    0.01    0.13    0.60    7.42 v _338_/X (sky130_fd_sc_hd__and3_1)
                                         _089_ (net)
                  0.13    0.00    7.42 v _346_/A (sky130_fd_sc_hd__or3_1)
     1    0.01    0.25    1.08    8.50 v _346_/X (sky130_fd_sc_hd__or3_1)
                                         _097_ (net)
                  0.25    0.00    8.50 v _347_/A (sky130_fd_sc_hd__buf_1)
     1    0.02    0.21    0.38    8.88 v _347_/X (sky130_fd_sc_hd__buf_1)
                                         net24 (net)
                  0.21    0.00    8.88 v output24/A (sky130_fd_sc_hd__buf_2)
     1    0.03    0.17    0.43    9.31 v output24/X (sky130_fd_sc_hd__buf_2)
                                         out[4] (net)
                  0.17    0.00    9.32 v out[4] (out)
                                  9.32   data arrival time

                  0.00   10.00   10.00   clock __VIRTUAL_CLK__ (rise edge)
                          0.00   10.00   clock network delay (ideal)
                         -0.25    9.75   clock uncertainty
                          0.00    9.75   clock reconvergence pessimism
                         -2.00    7.75   output external delay
                                  7.75   data required time
-----------------------------------------------------------------------------
                                  7.75   data required time
                                 -9.32   data arrival time
-----------------------------------------------------------------------------
                                 -1.57   slack (VIOLATED)



======================= Typical Corner ===================================

Startpoint: opcode[0] (input port clocked by __VIRTUAL_CLK__)
Endpoint: out[5] (output port clocked by __VIRTUAL_CLK__)
Path Group: __VIRTUAL_CLK__
Path Type: max
Corner: Typical

Fanout     Cap    Slew   Delay    Time   Description
-----------------------------------------------------------------------------
                  0.00    0.00    0.00   clock __VIRTUAL_CLK__ (rise edge)
                          0.00    0.00   clock network delay (ideal)
                          2.00    2.00 v input external delay
     1    0.00    0.01    0.00    2.00 v opcode[0] (in)
                                         opcode[0] (net)
                  0.01    0.00    2.00 v input17/A (sky130_fd_sc_hd__buf_2)
     5    0.05    0.12    0.19    2.20 v input17/X (sky130_fd_sc_hd__buf_2)
                                         net17 (net)
                  0.12    0.01    2.20 v _235_/A_N (sky130_fd_sc_hd__nand3b_4)
     8    0.05    0.19    0.30    2.50 v _235_/Y (sky130_fd_sc_hd__nand3b_4)
                                         _163_ (net)
                  0.19    0.01    2.51 v rebuffer5/A (sky130_fd_sc_hd__buf_2)
     1    0.01    0.04    0.20    2.71 v rebuffer5/X (sky130_fd_sc_hd__buf_2)
                                         net33 (net)
                  0.04    0.00    2.71 v _243_/A2 (sky130_fd_sc_hd__a21oi_2)
     2    0.03    0.40    0.36    3.07 ^ _243_/Y (sky130_fd_sc_hd__a21oi_2)
                                         _001_ (net)
                  0.40    0.00    3.08 ^ _244_/A2 (sky130_fd_sc_hd__o21a_2)
     4    0.04    0.21    0.33    3.40 ^ _244_/X (sky130_fd_sc_hd__o21a_2)
                                         _002_ (net)
                  0.21    0.01    3.41 ^ _247_/A_N (sky130_fd_sc_hd__and3b_2)
     3    0.03    0.09    0.31    3.72 v _247_/X (sky130_fd_sc_hd__and3b_2)
                                         _005_ (net)
                  0.09    0.00    3.72 v _250_/A1 (sky130_fd_sc_hd__o21ai_4)
     4    0.04    0.32    0.33    4.05 ^ _250_/Y (sky130_fd_sc_hd__o21ai_4)
                                         _008_ (net)
                  0.32    0.01    4.06 ^ _257_/A1 (sky130_fd_sc_hd__a311o_4)
     4    0.04    0.14    0.35    4.41 ^ _257_/X (sky130_fd_sc_hd__a311o_4)
                                         _015_ (net)
                  0.14    0.00    4.41 ^ rebuffer2/A (sky130_fd_sc_hd__clkbuf_1)
     2    0.01    0.08    0.14    4.55 ^ rebuffer2/X (sky130_fd_sc_hd__clkbuf_1)
                                         net30 (net)
                  0.08    0.00    4.55 ^ rebuffer1/A (sky130_fd_sc_hd__dlymetal6s4s_1)
     1    0.00    0.07    0.21    4.76 ^ rebuffer1/X (sky130_fd_sc_hd__dlymetal6s4s_1)
                                         net29 (net)
                  0.07    0.00    4.76 ^ _264_/C (sky130_fd_sc_hd__nand3_1)
     1    0.01    0.10    0.10    4.87 v _264_/Y (sky130_fd_sc_hd__nand3_1)
                                         _022_ (net)
                  0.10    0.00    4.87 v _266_/B (sky130_fd_sc_hd__and3_1)
     1    0.02    0.10    0.25    5.12 v _266_/X (sky130_fd_sc_hd__and3_1)
                                         _024_ (net)
                  0.10    0.00    5.12 v _267_/C1 (sky130_fd_sc_hd__a211o_1)
     1    0.02    0.12    0.33    5.45 v _267_/X (sky130_fd_sc_hd__a211o_1)
                                         net25 (net)
                  0.12    0.00    5.45 v output25/A (sky130_fd_sc_hd__buf_4)
     1    0.03    0.06    0.21    5.66 v output25/X (sky130_fd_sc_hd__buf_4)
                                         out[5] (net)
                  0.06    0.00    5.67 v out[5] (out)
                                  5.67   data arrival time

                  0.00   10.00   10.00   clock __VIRTUAL_CLK__ (rise edge)
                          0.00   10.00   clock network delay (ideal)
                         -0.25    9.75   clock uncertainty
                          0.00    9.75   clock reconvergence pessimism
                         -2.00    7.75   output external delay
                                  7.75   data required time
-----------------------------------------------------------------------------
                                  7.75   data required time
                                 -5.67   data arrival time
-----------------------------------------------------------------------------
                                  2.08   slack (MET)




===========================================================================
report_checks --slack_max -0.01
============================================================================
======================= Fastest Corner ===================================

No paths found.

======================= Slowest Corner ===================================

Startpoint: opcode[0] (input port clocked by __VIRTUAL_CLK__)
Endpoint: out[4] (output port clocked by __VIRTUAL_CLK__)
Path Group: __VIRTUAL_CLK__
Path Type: max
Corner: Slowest

Fanout     Cap    Slew   Delay    Time   Description
-----------------------------------------------------------------------------
                  0.00    0.00    0.00   clock __VIRTUAL_CLK__ (rise edge)
                          0.00    0.00   clock network delay (ideal)
                          2.00    2.00 v input external delay
     1    0.00    0.02    0.01    2.01 v opcode[0] (in)
                                         opcode[0] (net)
                  0.02    0.00    2.01 v input17/A (sky130_fd_sc_hd__buf_2)
     5    0.05    0.22    0.38    2.39 v input17/X (sky130_fd_sc_hd__buf_2)
                                         net17 (net)
                  0.22    0.01    2.40 v _235_/A_N (sky130_fd_sc_hd__nand3b_4)
     8    0.05    0.39    0.60    3.00 v _235_/Y (sky130_fd_sc_hd__nand3b_4)
                                         _163_ (net)
                  0.39    0.01    3.00 v rebuffer5/A (sky130_fd_sc_hd__buf_2)
     1    0.01    0.07    0.43    3.43 v rebuffer5/X (sky130_fd_sc_hd__buf_2)
                                         net33 (net)
                  0.07    0.00    3.43 v _243_/A2 (sky130_fd_sc_hd__a21oi_2)
     2    0.03    0.64    0.61    4.04 ^ _243_/Y (sky130_fd_sc_hd__a21oi_2)
                                         _001_ (net)
                  0.64    0.00    4.04 ^ _244_/A2 (sky130_fd_sc_hd__o21a_2)
     4    0.04    0.34    0.67    4.71 ^ _244_/X (sky130_fd_sc_hd__o21a_2)
                                         _002_ (net)
                  0.34    0.01    4.72 ^ _247_/A_N (sky130_fd_sc_hd__and3b_2)
     3    0.03    0.17    0.67    5.38 v _247_/X (sky130_fd_sc_hd__and3b_2)
                                         _005_ (net)
                  0.17    0.00    5.39 v _250_/A1 (sky130_fd_sc_hd__o21ai_4)
     4    0.04    0.50    0.56    5.95 ^ _250_/Y (sky130_fd_sc_hd__o21ai_4)
                                         _008_ (net)
                  0.50    0.00    5.95 ^ _336_/A2 (sky130_fd_sc_hd__a31o_1)
     1    0.01    0.14    0.51    6.47 ^ _336_/X (sky130_fd_sc_hd__a31o_1)
                                         _087_ (net)
                  0.14    0.00    6.47 ^ _337_/B (sky130_fd_sc_hd__nand2_1)
     1    0.02    0.35    0.36    6.82 v _337_/Y (sky130_fd_sc_hd__nand2_1)
                                         _088_ (net)
                  0.35    0.00    6.82 v _338_/C (sky130_fd_sc_hd__and3_1)
     1    0.01    0.13    0.60    7.42 v _338_/X (sky130_fd_sc_hd__and3_1)
                                         _089_ (net)
                  0.13    0.00    7.42 v _346_/A (sky130_fd_sc_hd__or3_1)
     1    0.01    0.25    1.08    8.50 v _346_/X (sky130_fd_sc_hd__or3_1)
                                         _097_ (net)
                  0.25    0.00    8.50 v _347_/A (sky130_fd_sc_hd__buf_1)
     1    0.02    0.21    0.38    8.88 v _347_/X (sky130_fd_sc_hd__buf_1)
                                         net24 (net)
                  0.21    0.00    8.88 v output24/A (sky130_fd_sc_hd__buf_2)
     1    0.03    0.17    0.43    9.31 v output24/X (sky130_fd_sc_hd__buf_2)
                                         out[4] (net)
                  0.17    0.00    9.32 v out[4] (out)
                                  9.32   data arrival time

                  0.00   10.00   10.00   clock __VIRTUAL_CLK__ (rise edge)
                          0.00   10.00   clock network delay (ideal)
                         -0.25    9.75   clock uncertainty
                          0.00    9.75   clock reconvergence pessimism
                         -2.00    7.75   output external delay
                                  7.75   data required time
-----------------------------------------------------------------------------
                                  7.75   data required time
                                 -9.32   data arrival time
-----------------------------------------------------------------------------
                                 -1.57   slack (VIOLATED)



======================= Typical Corner ===================================

No paths found.


===========================================================================
 report_check_types -max_slew -max_cap -max_fanout -violators
============================================================================
======================= Fastest Corner ===================================


max slew violations count Fastest: 0
max fanout violations count Fastest: 0
max cap violations count Fastest: 0
======================= Slowest Corner ===================================

max slew

Pin                                    Limit    Slew   Slack
------------------------------------------------------------
_298_/B1                                0.75    1.03   -0.28 (VIOLATED)
_309_/B1                                0.75    1.03   -0.28 (VIOLATED)
_332_/B1                                0.75    1.03   -0.28 (VIOLATED)
_322_/B1                                0.75    1.03   -0.28 (VIOLATED)
_232_/B1                                0.75    1.03   -0.28 (VIOLATED)
_340_/B                                 0.75    1.03   -0.28 (VIOLATED)
_228_/Y                                 0.75    1.03   -0.28 (VIOLATED)
_325_/A2                                0.75    0.90   -0.15 (VIOLATED)
_320_/Y                                 0.75    0.90   -0.15 (VIOLATED)
_233_/A3                                0.75    0.89   -0.14 (VIOLATED)
_324_/A3                                0.75    0.89   -0.14 (VIOLATED)
_312_/A3                                0.75    0.89   -0.14 (VIOLATED)
_334_/A3                                0.75    0.89   -0.14 (VIOLATED)
_299_/A3                                0.75    0.89   -0.14 (VIOLATED)
_303_/B                                 0.75    0.89   -0.14 (VIOLATED)
_341_/A3                                0.75    0.89   -0.14 (VIOLATED)
_223_/Y                                 0.75    0.89   -0.14 (VIOLATED)
_261_/B                                 0.75    0.82   -0.07 (VIOLATED)
_260_/B                                 0.75    0.82   -0.07 (VIOLATED)
_259_/Y                                 0.75    0.82   -0.07 (VIOLATED)
_296_/C                                 0.75    0.75   -0.00 (VIOLATED)
_295_/B1                                0.75    0.75   -0.00 (VIOLATED)
_294_/X                                 0.75    0.75   -0.00 (VIOLATED)


max slew violations count Slowest: 23
max fanout violations count Slowest: 0
max cap violations count Slowest: 0
======================= Typical Corner ===================================


max slew violations count Typical: 0
max fanout violations count Typical: 0
max cap violations count Typical: 0

===========================================================================
report_parasitic_annotation -report_unannotated
============================================================================
Found 0 unannotated drivers.
Found 0 partially unannotated drivers.

===========================================================================
max slew violation count 23
max fanout violation count 0
max cap violation count 0
============================================================================

===========================================================================
check_setup -verbose -unconstrained_endpoints -multiple_clock -no_clock -no_input_delay -loops -generated_clocks
===========================================================================
