
===========================================================================
report_checks -path_delay max (Setup)
============================================================================
======================= Fastest Corner ===================================

Startpoint: opcode[0] (input port clocked by __VIRTUAL_CLK__)
Endpoint: out[5] (output port clocked by __VIRTUAL_CLK__)
Path Group: __VIRTUAL_CLK__
Path Type: max
Corner: Fastest

Fanout     Cap    Slew   Delay    Time   Description
-----------------------------------------------------------------------------
                  0.00    0.00    0.00   clock __VIRTUAL_CLK__ (rise edge)
                          0.00    0.00   clock network delay (ideal)
                          2.00    2.00 v input external delay
     1    0.00    0.00    0.00    2.00 v opcode[0] (in)
                                         opcode[0] (net)
                  0.00    0.00    2.00 v input17/A (sky130_fd_sc_hd__buf_2)
     5    0.05    0.08    0.13    2.13 v input17/X (sky130_fd_sc_hd__buf_2)
                                         net17 (net)
                  0.08    0.01    2.14 v _235_/A_N (sky130_fd_sc_hd__nand3b_4)
     8    0.05    0.13    0.19    2.33 v _235_/Y (sky130_fd_sc_hd__nand3b_4)
                                         _163_ (net)
                  0.13    0.01    2.33 v rebuffer5/A (sky130_fd_sc_hd__buf_2)
     1    0.01    0.03    0.13    2.46 v rebuffer5/X (sky130_fd_sc_hd__buf_2)
                                         net33 (net)
                  0.03    0.00    2.46 v _243_/A2 (sky130_fd_sc_hd__a21oi_2)
     2    0.03    0.29    0.25    2.72 ^ _243_/Y (sky130_fd_sc_hd__a21oi_2)
                                         _001_ (net)
                  0.29    0.00    2.72 ^ _244_/A2 (sky130_fd_sc_hd__o21a_2)
     4    0.04    0.16    0.20    2.92 ^ _244_/X (sky130_fd_sc_hd__o21a_2)
                                         _002_ (net)
                  0.16    0.01    2.92 ^ _247_/A_N (sky130_fd_sc_hd__and3b_2)
     3    0.03    0.07    0.19    3.11 v _247_/X (sky130_fd_sc_hd__and3b_2)
                                         _005_ (net)
                  0.07    0.00    3.11 v _250_/A1 (sky130_fd_sc_hd__o21ai_4)
     4    0.04    0.24    0.23    3.34 ^ _250_/Y (sky130_fd_sc_hd__o21ai_4)
                                         _008_ (net)
                  0.24    0.01    3.35 ^ _257_/A1 (sky130_fd_sc_hd__a311o_4)
     4    0.04    0.11    0.21    3.56 ^ _257_/X (sky130_fd_sc_hd__a311o_4)
                                         _015_ (net)
                  0.11    0.00    3.56 ^ rebuffer2/A (sky130_fd_sc_hd__clkbuf_1)
     2    0.01    0.06    0.09    3.65 ^ rebuffer2/X (sky130_fd_sc_hd__clkbuf_1)
                                         net30 (net)
                  0.06    0.00    3.65 ^ rebuffer1/A (sky130_fd_sc_hd__dlymetal6s4s_1)
     1    0.00    0.06    0.14    3.79 ^ rebuffer1/X (sky130_fd_sc_hd__dlymetal6s4s_1)
                                         net29 (net)
                  0.06    0.00    3.79 ^ _264_/C (sky130_fd_sc_hd__nand3_1)
     1    0.01    0.06    0.06    3.85 v _264_/Y (sky130_fd_sc_hd__nand3_1)
                                         _022_ (net)
                  0.06    0.00    3.85 v _266_/B (sky130_fd_sc_hd__and3_1)
     1    0.02    0.07    0.16    4.01 v _266_/X (sky130_fd_sc_hd__and3_1)
                                         _024_ (net)
                  0.07    0.00    4.01 v _267_/C1 (sky130_fd_sc_hd__a211o_1)
     1    0.02    0.08    0.17    4.19 v _267_/X (sky130_fd_sc_hd__a211o_1)
                                         net25 (net)
                  0.08    0.00    4.19 v output25/A (sky130_fd_sc_hd__buf_4)
     1    0.03    0.04    0.14    4.33 v output25/X (sky130_fd_sc_hd__buf_4)
                                         out[5] (net)
                  0.04    0.00    4.33 v out[5] (out)
                                  4.33   data arrival time

                  0.00   10.00   10.00   clock __VIRTUAL_CLK__ (rise edge)
                          0.00   10.00   clock network delay (ideal)
                         -0.25    9.75   clock uncertainty
                          0.00    9.75   clock reconvergence pessimism
                         -2.00    7.75   output external delay
                                  7.75   data required time
-----------------------------------------------------------------------------
                                  7.75   data required time
                                 -4.33   data arrival time
-----------------------------------------------------------------------------
                                  3.42   slack (MET)


Startpoint: opcode[0] (input port clocked by __VIRTUAL_CLK__)
Endpoint: out[4] (output port clocked by __VIRTUAL_CLK__)
Path Group: __VIRTUAL_CLK__
Path Type: max
Corner: Fastest

Fanout     Cap    Slew   Delay    Time   Description
-----------------------------------------------------------------------------
                  0.00    0.00    0.00   clock __VIRTUAL_CLK__ (rise edge)
                          0.00    0.00   clock network delay (ideal)
                          2.00    2.00 v input external delay
     1    0.00    0.00    0.00    2.00 v opcode[0] (in)
                                         opcode[0] (net)
                  0.00    0.00    2.00 v input17/A (sky130_fd_sc_hd__buf_2)
     5    0.05    0.08    0.13    2.13 v input17/X (sky130_fd_sc_hd__buf_2)
                                         net17 (net)
                  0.08    0.01    2.14 v _235_/A_N (sky130_fd_sc_hd__nand3b_4)
     8    0.05    0.13    0.19    2.33 v _235_/Y (sky130_fd_sc_hd__nand3b_4)
                                         _163_ (net)
                  0.13    0.01    2.33 v rebuffer5/A (sky130_fd_sc_hd__buf_2)
     1    0.01    0.03    0.13    2.46 v rebuffer5/X (sky130_fd_sc_hd__buf_2)
                                         net33 (net)
                  0.03    0.00    2.46 v _243_/A2 (sky130_fd_sc_hd__a21oi_2)
     2    0.03    0.29    0.25    2.72 ^ _243_/Y (sky130_fd_sc_hd__a21oi_2)
                                         _001_ (net)
                  0.29    0.00    2.72 ^ _244_/A2 (sky130_fd_sc_hd__o21a_2)
     4    0.04    0.16    0.20    2.92 ^ _244_/X (sky130_fd_sc_hd__o21a_2)
                                         _002_ (net)
                  0.16    0.01    2.92 ^ _247_/A_N (sky130_fd_sc_hd__and3b_2)
     3    0.03    0.07    0.19    3.11 v _247_/X (sky130_fd_sc_hd__and3b_2)
                                         _005_ (net)
                  0.07    0.00    3.11 v _250_/A1 (sky130_fd_sc_hd__o21ai_4)
     4    0.04    0.24    0.23    3.34 ^ _250_/Y (sky130_fd_sc_hd__o21ai_4)
                                         _008_ (net)
                  0.24    0.00    3.35 ^ _336_/A2 (sky130_fd_sc_hd__a31o_1)
     1    0.01    0.06    0.13    3.48 ^ _336_/X (sky130_fd_sc_hd__a31o_1)
                                         _087_ (net)
                  0.06    0.00    3.48 ^ _337_/B (sky130_fd_sc_hd__nand2_1)
     1    0.02    0.10    0.09    3.57 v _337_/Y (sky130_fd_sc_hd__nand2_1)
                                         _088_ (net)
                  0.10    0.00    3.57 v _338_/C (sky130_fd_sc_hd__and3_1)
     1    0.01    0.05    0.17    3.75 v _338_/X (sky130_fd_sc_hd__and3_1)
                                         _089_ (net)
                  0.05    0.00    3.75 v _346_/A (sky130_fd_sc_hd__or3_1)
     1    0.01    0.08    0.28    4.03 v _346_/X (sky130_fd_sc_hd__or3_1)
                                         _097_ (net)
                  0.08    0.00    4.03 v _347_/A (sky130_fd_sc_hd__buf_1)
     1    0.02    0.07    0.13    4.16 v _347_/X (sky130_fd_sc_hd__buf_1)
                                         net24 (net)
                  0.07    0.00    4.16 v output24/A (sky130_fd_sc_hd__buf_2)
     1    0.03    0.06    0.14    4.30 v output24/X (sky130_fd_sc_hd__buf_2)
                                         out[4] (net)
                  0.06    0.00    4.30 v out[4] (out)
                                  4.30   data arrival time

                  0.00   10.00   10.00   clock __VIRTUAL_CLK__ (rise edge)
                          0.00   10.00   clock network delay (ideal)
                         -0.25    9.75   clock uncertainty
                          0.00    9.75   clock reconvergence pessimism
                         -2.00    7.75   output external delay
                                  7.75   data required time
-----------------------------------------------------------------------------
                                  7.75   data required time
                                 -4.30   data arrival time
-----------------------------------------------------------------------------
                                  3.45   slack (MET)


Startpoint: B[1] (input port clocked by __VIRTUAL_CLK__)
Endpoint: out[6] (output port clocked by __VIRTUAL_CLK__)
Path Group: __VIRTUAL_CLK__
Path Type: max
Corner: Fastest

Fanout     Cap    Slew   Delay    Time   Description
-----------------------------------------------------------------------------
                  0.00    0.00    0.00   clock __VIRTUAL_CLK__ (rise edge)
                          0.00    0.00   clock network delay (ideal)
                          2.00    2.00 ^ input external delay
     1    0.00    0.02    0.01    2.01 ^ B[1] (in)
                                         B[1] (net)
                  0.02    0.00    2.01 ^ input10/A (sky130_fd_sc_hd__clkbuf_2)
     5    0.05    0.19    0.18    2.19 ^ input10/X (sky130_fd_sc_hd__clkbuf_2)
                                         net10 (net)
                  0.19    0.01    2.20 ^ _175_/A (sky130_fd_sc_hd__buf_4)
    10    0.09    0.18    0.20    2.40 ^ _175_/X (sky130_fd_sc_hd__buf_4)
                                         _103_ (net)
                  0.18    0.02    2.42 ^ _177_/A (sky130_fd_sc_hd__nand2_2)
     3    0.04    0.13    0.13    2.55 v _177_/Y (sky130_fd_sc_hd__nand2_2)
                                         _105_ (net)
                  0.13    0.01    2.56 v _182_/A1 (sky130_fd_sc_hd__o21ai_4)
     2    0.05    0.27    0.28    2.84 ^ _182_/Y (sky130_fd_sc_hd__o21ai_4)
                                         _110_ (net)
                  0.27    0.00    2.85 ^ _188_/A (sky130_fd_sc_hd__xnor2_4)
     2    0.04    0.11    0.11    2.96 v _188_/Y (sky130_fd_sc_hd__xnor2_4)
                                         _116_ (net)
                  0.11    0.00    2.96 v _212_/C (sky130_fd_sc_hd__and3_1)
     2    0.02    0.07    0.19    3.16 v _212_/X (sky130_fd_sc_hd__and3_1)
                                         _140_ (net)
                  0.07    0.00    3.16 v _216_/B (sky130_fd_sc_hd__nor3_1)
     1    0.01    0.22    0.22    3.37 ^ _216_/Y (sky130_fd_sc_hd__nor3_1)
                                         _144_ (net)
                  0.22    0.00    3.38 ^ wire28/A (sky130_fd_sc_hd__buf_1)
     2    0.02    0.18    0.17    3.55 ^ wire28/X (sky130_fd_sc_hd__buf_1)
                                         net28 (net)
                  0.18    0.00    3.55 ^ _282_/B1 (sky130_fd_sc_hd__a21o_1)
     3    0.03    0.19    0.17    3.72 ^ _282_/X (sky130_fd_sc_hd__a21o_1)
                                         _039_ (net)
                  0.19    0.00    3.72 ^ _284_/B (sky130_fd_sc_hd__nand2_1)
     1    0.02    0.11    0.12    3.84 v _284_/Y (sky130_fd_sc_hd__nand2_1)
                                         _041_ (net)
                  0.11    0.00    3.84 v _290_/A3 (sky130_fd_sc_hd__a31o_1)
     1    0.01    0.04    0.19    4.03 v _290_/X (sky130_fd_sc_hd__a31o_1)
                                         _047_ (net)
                  0.04    0.00    4.03 v _291_/B1 (sky130_fd_sc_hd__a21o_1)
     1    0.02    0.06    0.11    4.15 v _291_/X (sky130_fd_sc_hd__a21o_1)
                                         net26 (net)
                  0.06    0.00    4.15 v output26/A (sky130_fd_sc_hd__buf_2)
     1    0.03    0.06    0.14    4.28 v output26/X (sky130_fd_sc_hd__buf_2)
                                         out[6] (net)
                  0.06    0.00    4.29 v out[6] (out)
                                  4.29   data arrival time

                  0.00   10.00   10.00   clock __VIRTUAL_CLK__ (rise edge)
                          0.00   10.00   clock network delay (ideal)
                         -0.25    9.75   clock uncertainty
                          0.00    9.75   clock reconvergence pessimism
                         -2.00    7.75   output external delay
                                  7.75   data required time
-----------------------------------------------------------------------------
                                  7.75   data required time
                                 -4.29   data arrival time
-----------------------------------------------------------------------------
                                  3.46   slack (MET)


Startpoint: B[1] (input port clocked by __VIRTUAL_CLK__)
Endpoint: out[7] (output port clocked by __VIRTUAL_CLK__)
Path Group: __VIRTUAL_CLK__
Path Type: max
Corner: Fastest

Fanout     Cap    Slew   Delay    Time   Description
-----------------------------------------------------------------------------
                  0.00    0.00    0.00   clock __VIRTUAL_CLK__ (rise edge)
                          0.00    0.00   clock network delay (ideal)
                          2.00    2.00 ^ input external delay
     1    0.00    0.02    0.01    2.01 ^ B[1] (in)
                                         B[1] (net)
                  0.02    0.00    2.01 ^ input10/A (sky130_fd_sc_hd__clkbuf_2)
     5    0.05    0.19    0.18    2.19 ^ input10/X (sky130_fd_sc_hd__clkbuf_2)
                                         net10 (net)
                  0.19    0.01    2.20 ^ _175_/A (sky130_fd_sc_hd__buf_4)
    10    0.09    0.18    0.20    2.40 ^ _175_/X (sky130_fd_sc_hd__buf_4)
                                         _103_ (net)
                  0.18    0.02    2.42 ^ _177_/A (sky130_fd_sc_hd__nand2_2)
     3    0.04    0.13    0.13    2.55 v _177_/Y (sky130_fd_sc_hd__nand2_2)
                                         _105_ (net)
                  0.13    0.01    2.56 v _182_/A1 (sky130_fd_sc_hd__o21ai_4)
     2    0.05    0.27    0.28    2.84 ^ _182_/Y (sky130_fd_sc_hd__o21ai_4)
                                         _110_ (net)
                  0.27    0.00    2.85 ^ _188_/A (sky130_fd_sc_hd__xnor2_4)
     2    0.04    0.11    0.11    2.96 v _188_/Y (sky130_fd_sc_hd__xnor2_4)
                                         _116_ (net)
                  0.11    0.00    2.96 v _212_/C (sky130_fd_sc_hd__and3_1)
     2    0.02    0.07    0.19    3.16 v _212_/X (sky130_fd_sc_hd__and3_1)
                                         _140_ (net)
                  0.07    0.00    3.16 v _216_/B (sky130_fd_sc_hd__nor3_1)
     1    0.01    0.22    0.22    3.37 ^ _216_/Y (sky130_fd_sc_hd__nor3_1)
                                         _144_ (net)
                  0.22    0.00    3.38 ^ wire28/A (sky130_fd_sc_hd__buf_1)
     2    0.02    0.18    0.17    3.55 ^ wire28/X (sky130_fd_sc_hd__buf_1)
                                         net28 (net)
                  0.18    0.00    3.55 ^ _282_/B1 (sky130_fd_sc_hd__a21o_1)
     3    0.03    0.19    0.17    3.72 ^ _282_/X (sky130_fd_sc_hd__a21o_1)
                                         _039_ (net)
                  0.19    0.00    3.72 ^ _297_/A2 (sky130_fd_sc_hd__o21ai_1)
     1    0.01    0.09    0.09    3.81 v _297_/Y (sky130_fd_sc_hd__o21ai_1)
                                         _053_ (net)
                  0.09    0.00    3.82 v _301_/A2 (sky130_fd_sc_hd__a21bo_1)
     1    0.03    0.09    0.21    4.03 v _301_/X (sky130_fd_sc_hd__a21bo_1)
                                         _057_ (net)
                  0.09    0.00    4.03 v _302_/B1 (sky130_fd_sc_hd__a31o_1)
     1    0.01    0.04    0.11    4.14 v _302_/X (sky130_fd_sc_hd__a31o_1)
                                         net27 (net)
                  0.04    0.00    4.14 v output27/A (sky130_fd_sc_hd__buf_2)
     1    0.03    0.06    0.13    4.27 v output27/X (sky130_fd_sc_hd__buf_2)
                                         out[7] (net)
                  0.06    0.00    4.27 v out[7] (out)
                                  4.27   data arrival time

                  0.00   10.00   10.00   clock __VIRTUAL_CLK__ (rise edge)
                          0.00   10.00   clock network delay (ideal)
                         -0.25    9.75   clock uncertainty
                          0.00    9.75   clock reconvergence pessimism
                         -2.00    7.75   output external delay
                                  7.75   data required time
-----------------------------------------------------------------------------
                                  7.75   data required time
                                 -4.27   data arrival time
-----------------------------------------------------------------------------
                                  3.48   slack (MET)


Startpoint: opcode[0] (input port clocked by __VIRTUAL_CLK__)
Endpoint: out[3] (output port clocked by __VIRTUAL_CLK__)
Path Group: __VIRTUAL_CLK__
Path Type: max
Corner: Fastest

Fanout     Cap    Slew   Delay    Time   Description
-----------------------------------------------------------------------------
                  0.00    0.00    0.00   clock __VIRTUAL_CLK__ (rise edge)
                          0.00    0.00   clock network delay (ideal)
                          2.00    2.00 v input external delay
     1    0.00    0.00    0.00    2.00 v opcode[0] (in)
                                         opcode[0] (net)
                  0.00    0.00    2.00 v input17/A (sky130_fd_sc_hd__buf_2)
     5    0.05    0.08    0.13    2.13 v input17/X (sky130_fd_sc_hd__buf_2)
                                         net17 (net)
                  0.08    0.01    2.14 v _235_/A_N (sky130_fd_sc_hd__nand3b_4)
     8    0.05    0.13    0.19    2.33 v _235_/Y (sky130_fd_sc_hd__nand3b_4)
                                         _163_ (net)
                  0.13    0.01    2.33 v rebuffer5/A (sky130_fd_sc_hd__buf_2)
     1    0.01    0.03    0.13    2.46 v rebuffer5/X (sky130_fd_sc_hd__buf_2)
                                         net33 (net)
                  0.03    0.00    2.46 v _243_/A2 (sky130_fd_sc_hd__a21oi_2)
     2    0.03    0.29    0.25    2.72 ^ _243_/Y (sky130_fd_sc_hd__a21oi_2)
                                         _001_ (net)
                  0.29    0.00    2.72 ^ _244_/A2 (sky130_fd_sc_hd__o21a_2)
     4    0.04    0.16    0.20    2.92 ^ _244_/X (sky130_fd_sc_hd__o21a_2)
                                         _002_ (net)
                  0.16    0.01    2.92 ^ _247_/A_N (sky130_fd_sc_hd__and3b_2)
     3    0.03    0.07    0.19    3.11 v _247_/X (sky130_fd_sc_hd__and3b_2)
                                         _005_ (net)
                  0.07    0.00    3.11 v _250_/A1 (sky130_fd_sc_hd__o21ai_4)
     4    0.04    0.24    0.23    3.34 ^ _250_/Y (sky130_fd_sc_hd__o21ai_4)
                                         _008_ (net)
                  0.24    0.00    3.35 ^ _328_/B (sky130_fd_sc_hd__nand2_1)
     1    0.03    0.16    0.15    3.50 v _328_/Y (sky130_fd_sc_hd__nand2_1)
                                         _080_ (net)
                  0.16    0.00    3.50 v _329_/B (sky130_fd_sc_hd__xnor2_1)
     1    0.01    0.23    0.26    3.76 ^ _329_/Y (sky130_fd_sc_hd__xnor2_1)
                                         _081_ (net)
                  0.23    0.00    3.76 ^ _335_/A2 (sky130_fd_sc_hd__a221o_1)
     1    0.02    0.16    0.21    3.97 ^ _335_/X (sky130_fd_sc_hd__a221o_1)
                                         net23 (net)
                  0.16    0.00    3.97 ^ output23/A (sky130_fd_sc_hd__buf_2)
     1    0.03    0.13    0.17    4.14 ^ output23/X (sky130_fd_sc_hd__buf_2)
                                         out[3] (net)
                  0.13    0.00    4.14 ^ out[3] (out)
                                  4.14   data arrival time

                  0.00   10.00   10.00   clock __VIRTUAL_CLK__ (rise edge)
                          0.00   10.00   clock network delay (ideal)
                         -0.25    9.75   clock uncertainty
                          0.00    9.75   clock reconvergence pessimism
                         -2.00    7.75   output external delay
                                  7.75   data required time
-----------------------------------------------------------------------------
                                  7.75   data required time
                                 -4.14   data arrival time
-----------------------------------------------------------------------------
                                  3.61   slack (MET)


Startpoint: opcode[0] (input port clocked by __VIRTUAL_CLK__)
Endpoint: out[1] (output port clocked by __VIRTUAL_CLK__)
Path Group: __VIRTUAL_CLK__
Path Type: max
Corner: Fastest

Fanout     Cap    Slew   Delay    Time   Description
-----------------------------------------------------------------------------
                  0.00    0.00    0.00   clock __VIRTUAL_CLK__ (rise edge)
                          0.00    0.00   clock network delay (ideal)
                          2.00    2.00 v input external delay
     1    0.00    0.00    0.00    2.00 v opcode[0] (in)
                                         opcode[0] (net)
                  0.00    0.00    2.00 v input17/A (sky130_fd_sc_hd__buf_2)
     5    0.05    0.08    0.13    2.13 v input17/X (sky130_fd_sc_hd__buf_2)
                                         net17 (net)
                  0.08    0.01    2.14 v _235_/A_N (sky130_fd_sc_hd__nand3b_4)
     8    0.05    0.13    0.19    2.33 v _235_/Y (sky130_fd_sc_hd__nand3b_4)
                                         _163_ (net)
                  0.13    0.01    2.33 v rebuffer5/A (sky130_fd_sc_hd__buf_2)
     1    0.01    0.03    0.13    2.46 v rebuffer5/X (sky130_fd_sc_hd__buf_2)
                                         net33 (net)
                  0.03    0.00    2.46 v _243_/A2 (sky130_fd_sc_hd__a21oi_2)
     2    0.03    0.29    0.25    2.72 ^ _243_/Y (sky130_fd_sc_hd__a21oi_2)
                                         _001_ (net)
                  0.29    0.00    2.72 ^ _244_/A2 (sky130_fd_sc_hd__o21a_2)
     4    0.04    0.16    0.20    2.92 ^ _244_/X (sky130_fd_sc_hd__o21a_2)
                                         _002_ (net)
                  0.16    0.01    2.92 ^ _314_/A_N (sky130_fd_sc_hd__and2b_1)
     1    0.02    0.08    0.18    3.10 v _314_/X (sky130_fd_sc_hd__and2b_1)
                                         _068_ (net)
                  0.08    0.00    3.10 v _315_/A (sky130_fd_sc_hd__nor2_1)
     1    0.01    0.09    0.11    3.22 ^ _315_/Y (sky130_fd_sc_hd__nor2_1)
                                         _069_ (net)
                  0.09    0.00    3.22 ^ _316_/B (sky130_fd_sc_hd__or3b_1)
     1    0.01    0.06    0.11    3.32 ^ _316_/X (sky130_fd_sc_hd__or3b_1)
                                         _070_ (net)
                  0.06    0.00    3.32 ^ _317_/D_N (sky130_fd_sc_hd__or4b_1)
     1    0.02    0.13    0.35    3.67 v _317_/X (sky130_fd_sc_hd__or4b_1)
                                         _071_ (net)
                  0.13    0.00    3.68 v _318_/A (sky130_fd_sc_hd__clkbuf_1)
     1    0.01    0.04    0.12    3.79 v _318_/X (sky130_fd_sc_hd__clkbuf_1)
                                         net21 (net)
                  0.04    0.00    3.79 v output21/A (sky130_fd_sc_hd__buf_2)
     1    0.03    0.06    0.13    3.92 v output21/X (sky130_fd_sc_hd__buf_2)
                                         out[1] (net)
                  0.06    0.00    3.92 v out[1] (out)
                                  3.92   data arrival time

                  0.00   10.00   10.00   clock __VIRTUAL_CLK__ (rise edge)
                          0.00   10.00   clock network delay (ideal)
                         -0.25    9.75   clock uncertainty
                          0.00    9.75   clock reconvergence pessimism
                         -2.00    7.75   output external delay
                                  7.75   data required time
-----------------------------------------------------------------------------
                                  7.75   data required time
                                 -3.92   data arrival time
-----------------------------------------------------------------------------
                                  3.83   slack (MET)


Startpoint: opcode[0] (input port clocked by __VIRTUAL_CLK__)
Endpoint: out[2] (output port clocked by __VIRTUAL_CLK__)
Path Group: __VIRTUAL_CLK__
Path Type: max
Corner: Fastest

Fanout     Cap    Slew   Delay    Time   Description
-----------------------------------------------------------------------------
                  0.00    0.00    0.00   clock __VIRTUAL_CLK__ (rise edge)
                          0.00    0.00   clock network delay (ideal)
                          2.00    2.00 v input external delay
     1    0.00    0.00    0.00    2.00 v opcode[0] (in)
                                         opcode[0] (net)
                  0.00    0.00    2.00 v input17/A (sky130_fd_sc_hd__buf_2)
     5    0.05    0.08    0.13    2.13 v input17/X (sky130_fd_sc_hd__buf_2)
                                         net17 (net)
                  0.08    0.01    2.14 v _235_/A_N (sky130_fd_sc_hd__nand3b_4)
     8    0.05    0.13    0.19    2.33 v _235_/Y (sky130_fd_sc_hd__nand3b_4)
                                         _163_ (net)
                  0.13    0.01    2.33 v rebuffer5/A (sky130_fd_sc_hd__buf_2)
     1    0.01    0.03    0.13    2.46 v rebuffer5/X (sky130_fd_sc_hd__buf_2)
                                         net33 (net)
                  0.03    0.00    2.46 v _243_/A2 (sky130_fd_sc_hd__a21oi_2)
     2    0.03    0.29    0.25    2.72 ^ _243_/Y (sky130_fd_sc_hd__a21oi_2)
                                         _001_ (net)
                  0.29    0.00    2.72 ^ _244_/A2 (sky130_fd_sc_hd__o21a_2)
     4    0.04    0.16    0.20    2.92 ^ _244_/X (sky130_fd_sc_hd__o21a_2)
                                         _002_ (net)
                  0.16    0.01    2.92 ^ _247_/A_N (sky130_fd_sc_hd__and3b_2)
     3    0.03    0.07    0.19    3.11 v _247_/X (sky130_fd_sc_hd__and3b_2)
                                         _005_ (net)
                  0.07    0.00    3.11 v _250_/A1 (sky130_fd_sc_hd__o21ai_4)
     4    0.04    0.24    0.23    3.34 ^ _250_/Y (sky130_fd_sc_hd__o21ai_4)
                                         _008_ (net)
                  0.24    0.01    3.35 ^ _326_/A1 (sky130_fd_sc_hd__a31o_1)
     1    0.02    0.16    0.20    3.55 ^ _326_/X (sky130_fd_sc_hd__a31o_1)
                                         net22 (net)
                  0.16    0.00    3.55 ^ output22/A (sky130_fd_sc_hd__buf_2)
     1    0.03    0.13    0.17    3.72 ^ output22/X (sky130_fd_sc_hd__buf_2)
                                         out[2] (net)
                  0.13    0.00    3.72 ^ out[2] (out)
                                  3.72   data arrival time

                  0.00   10.00   10.00   clock __VIRTUAL_CLK__ (rise edge)
                          0.00   10.00   clock network delay (ideal)
                         -0.25    9.75   clock uncertainty
                          0.00    9.75   clock reconvergence pessimism
                         -2.00    7.75   output external delay
                                  7.75   data required time
-----------------------------------------------------------------------------
                                  7.75   data required time
                                 -3.72   data arrival time
-----------------------------------------------------------------------------
                                  4.03   slack (MET)


Startpoint: opcode[1] (input port clocked by __VIRTUAL_CLK__)
Endpoint: out[0] (output port clocked by __VIRTUAL_CLK__)
Path Group: __VIRTUAL_CLK__
Path Type: max
Corner: Fastest

Fanout     Cap    Slew   Delay    Time   Description
-----------------------------------------------------------------------------
                  0.00    0.00    0.00   clock __VIRTUAL_CLK__ (rise edge)
                          0.00    0.00   clock network delay (ideal)
                          2.00    2.00 v input external delay
     1    0.00    0.01    0.00    2.00 v opcode[1] (in)
                                         opcode[1] (net)
                  0.01    0.00    2.00 v input18/A (sky130_fd_sc_hd__clkbuf_4)
     6    0.06    0.09    0.14    2.14 v input18/X (sky130_fd_sc_hd__clkbuf_4)
                                         net18 (net)
                  0.09    0.01    2.15 v _171_/B (sky130_fd_sc_hd__or2_2)
     4    0.04    0.10    0.27    2.42 v _171_/X (sky130_fd_sc_hd__or2_2)
                                         _099_ (net)
                  0.10    0.00    2.42 v _224_/B (sky130_fd_sc_hd__or2_1)
     1    0.01    0.07    0.20    2.62 v _224_/X (sky130_fd_sc_hd__or2_1)
                                         _152_ (net)
                  0.07    0.00    2.62 v _225_/A (sky130_fd_sc_hd__buf_2)
     8    0.05    0.09    0.16    2.78 v _225_/X (sky130_fd_sc_hd__buf_2)
                                         _153_ (net)
                  0.09    0.01    2.78 v _306_/A2 (sky130_fd_sc_hd__o21ai_1)
     1    0.01    0.18    0.19    2.97 ^ _306_/Y (sky130_fd_sc_hd__o21ai_1)
                                         _061_ (net)
                  0.18    0.00    2.97 ^ _307_/B1 (sky130_fd_sc_hd__a31o_1)
     2    0.02    0.17    0.16    3.13 ^ _307_/X (sky130_fd_sc_hd__a31o_1)
                                         net20 (net)
                  0.17    0.00    3.14 ^ output20/A (sky130_fd_sc_hd__buf_2)
     1    0.04    0.13    0.17    3.31 ^ output20/X (sky130_fd_sc_hd__buf_2)
                                         out[0] (net)
                  0.13    0.00    3.31 ^ out[0] (out)
                                  3.31   data arrival time

                  0.00   10.00   10.00   clock __VIRTUAL_CLK__ (rise edge)
                          0.00   10.00   clock network delay (ideal)
                         -0.25    9.75   clock uncertainty
                          0.00    9.75   clock reconvergence pessimism
                         -2.00    7.75   output external delay
                                  7.75   data required time
-----------------------------------------------------------------------------
                                  7.75   data required time
                                 -3.31   data arrival time
-----------------------------------------------------------------------------
                                  4.44   slack (MET)



worst slack corner Fastest: 3.4221
======================= Slowest Corner ===================================

Startpoint: opcode[0] (input port clocked by __VIRTUAL_CLK__)
Endpoint: out[4] (output port clocked by __VIRTUAL_CLK__)
Path Group: __VIRTUAL_CLK__
Path Type: max
Corner: Slowest

Fanout     Cap    Slew   Delay    Time   Description
-----------------------------------------------------------------------------
                  0.00    0.00    0.00   clock __VIRTUAL_CLK__ (rise edge)
                          0.00    0.00   clock network delay (ideal)
                          2.00    2.00 v input external delay
     1    0.00    0.02    0.01    2.01 v opcode[0] (in)
                                         opcode[0] (net)
                  0.02    0.00    2.01 v input17/A (sky130_fd_sc_hd__buf_2)
     5    0.05    0.22    0.38    2.39 v input17/X (sky130_fd_sc_hd__buf_2)
                                         net17 (net)
                  0.22    0.01    2.40 v _235_/A_N (sky130_fd_sc_hd__nand3b_4)
     8    0.05    0.39    0.60    3.00 v _235_/Y (sky130_fd_sc_hd__nand3b_4)
                                         _163_ (net)
                  0.39    0.01    3.00 v rebuffer5/A (sky130_fd_sc_hd__buf_2)
     1    0.01    0.07    0.43    3.43 v rebuffer5/X (sky130_fd_sc_hd__buf_2)
                                         net33 (net)
                  0.07    0.00    3.43 v _243_/A2 (sky130_fd_sc_hd__a21oi_2)
     2    0.03    0.64    0.61    4.04 ^ _243_/Y (sky130_fd_sc_hd__a21oi_2)
                                         _001_ (net)
                  0.64    0.00    4.04 ^ _244_/A2 (sky130_fd_sc_hd__o21a_2)
     4    0.04    0.34    0.67    4.71 ^ _244_/X (sky130_fd_sc_hd__o21a_2)
                                         _002_ (net)
                  0.34    0.01    4.72 ^ _247_/A_N (sky130_fd_sc_hd__and3b_2)
     3    0.03    0.17    0.67    5.38 v _247_/X (sky130_fd_sc_hd__and3b_2)
                                         _005_ (net)
                  0.17    0.00    5.39 v _250_/A1 (sky130_fd_sc_hd__o21ai_4)
     4    0.04    0.50    0.56    5.95 ^ _250_/Y (sky130_fd_sc_hd__o21ai_4)
                                         _008_ (net)
                  0.50    0.00    5.95 ^ _336_/A2 (sky130_fd_sc_hd__a31o_1)
     1    0.01    0.14    0.51    6.47 ^ _336_/X (sky130_fd_sc_hd__a31o_1)
                                         _087_ (net)
                  0.14    0.00    6.47 ^ _337_/B (sky130_fd_sc_hd__nand2_1)
     1    0.02    0.35    0.36    6.82 v _337_/Y (sky130_fd_sc_hd__nand2_1)
                                         _088_ (net)
                  0.35    0.00    6.82 v _338_/C (sky130_fd_sc_hd__and3_1)
     1    0.01    0.13    0.60    7.42 v _338_/X (sky130_fd_sc_hd__and3_1)
                                         _089_ (net)
                  0.13    0.00    7.42 v _346_/A (sky130_fd_sc_hd__or3_1)
     1    0.01    0.25    1.08    8.50 v _346_/X (sky130_fd_sc_hd__or3_1)
                                         _097_ (net)
                  0.25    0.00    8.50 v _347_/A (sky130_fd_sc_hd__buf_1)
     1    0.02    0.21    0.38    8.88 v _347_/X (sky130_fd_sc_hd__buf_1)
                                         net24 (net)
                  0.21    0.00    8.88 v output24/A (sky130_fd_sc_hd__buf_2)
     1    0.03    0.17    0.43    9.31 v output24/X (sky130_fd_sc_hd__buf_2)
                                         out[4] (net)
                  0.17    0.00    9.32 v out[4] (out)
                                  9.32   data arrival time

                  0.00   10.00   10.00   clock __VIRTUAL_CLK__ (rise edge)
                          0.00   10.00   clock network delay (ideal)
                         -0.25    9.75   clock uncertainty
                          0.00    9.75   clock reconvergence pessimism
                         -2.00    7.75   output external delay
                                  7.75   data required time
-----------------------------------------------------------------------------
                                  7.75   data required time
                                 -9.32   data arrival time
-----------------------------------------------------------------------------
                                 -1.57   slack (VIOLATED)


Startpoint: opcode[0] (input port clocked by __VIRTUAL_CLK__)
Endpoint: out[5] (output port clocked by __VIRTUAL_CLK__)
Path Group: __VIRTUAL_CLK__
Path Type: max
Corner: Slowest

Fanout     Cap    Slew   Delay    Time   Description
-----------------------------------------------------------------------------
                  0.00    0.00    0.00   clock __VIRTUAL_CLK__ (rise edge)
                          0.00    0.00   clock network delay (ideal)
                          2.00    2.00 v input external delay
     1    0.00    0.02    0.01    2.01 v opcode[0] (in)
                                         opcode[0] (net)
                  0.02    0.00    2.01 v input17/A (sky130_fd_sc_hd__buf_2)
     5    0.05    0.22    0.38    2.39 v input17/X (sky130_fd_sc_hd__buf_2)
                                         net17 (net)
                  0.22    0.01    2.40 v _235_/A_N (sky130_fd_sc_hd__nand3b_4)
     8    0.05    0.39    0.60    3.00 v _235_/Y (sky130_fd_sc_hd__nand3b_4)
                                         _163_ (net)
                  0.39    0.01    3.00 v rebuffer5/A (sky130_fd_sc_hd__buf_2)
     1    0.01    0.07    0.43    3.43 v rebuffer5/X (sky130_fd_sc_hd__buf_2)
                                         net33 (net)
                  0.07    0.00    3.43 v _243_/A2 (sky130_fd_sc_hd__a21oi_2)
     2    0.03    0.64    0.61    4.04 ^ _243_/Y (sky130_fd_sc_hd__a21oi_2)
                                         _001_ (net)
                  0.64    0.00    4.04 ^ _244_/A2 (sky130_fd_sc_hd__o21a_2)
     4    0.04    0.34    0.67    4.71 ^ _244_/X (sky130_fd_sc_hd__o21a_2)
                                         _002_ (net)
                  0.34    0.01    4.72 ^ _247_/A_N (sky130_fd_sc_hd__and3b_2)
     3    0.03    0.17    0.67    5.38 v _247_/X (sky130_fd_sc_hd__and3b_2)
                                         _005_ (net)
                  0.17    0.00    5.39 v _250_/A1 (sky130_fd_sc_hd__o21ai_4)
     4    0.04    0.50    0.56    5.95 ^ _250_/Y (sky130_fd_sc_hd__o21ai_4)
                                         _008_ (net)
                  0.50    0.01    5.95 ^ _257_/A1 (sky130_fd_sc_hd__a311o_4)
     4    0.04    0.23    0.70    6.65 ^ _257_/X (sky130_fd_sc_hd__a311o_4)
                                         _015_ (net)
                  0.23    0.00    6.66 ^ rebuffer2/A (sky130_fd_sc_hd__clkbuf_1)
     2    0.01    0.13    0.27    6.93 ^ rebuffer2/X (sky130_fd_sc_hd__clkbuf_1)
                                         net30 (net)
                  0.13    0.00    6.93 ^ rebuffer1/A (sky130_fd_sc_hd__dlymetal6s4s_1)
     1    0.00    0.11    0.38    7.31 ^ rebuffer1/X (sky130_fd_sc_hd__dlymetal6s4s_1)
                                         net29 (net)
                  0.11    0.00    7.31 ^ _264_/C (sky130_fd_sc_hd__nand3_1)
     1    0.01    0.20    0.25    7.56 v _264_/Y (sky130_fd_sc_hd__nand3_1)
                                         _022_ (net)
                  0.20    0.00    7.56 v _266_/B (sky130_fd_sc_hd__and3_1)
     1    0.02    0.18    0.54    8.09 v _266_/X (sky130_fd_sc_hd__and3_1)
                                         _024_ (net)
                  0.18    0.00    8.09 v _267_/C1 (sky130_fd_sc_hd__a211o_1)
     1    0.02    0.21    0.64    8.74 v _267_/X (sky130_fd_sc_hd__a211o_1)
                                         net25 (net)
                  0.21    0.00    8.74 v output25/A (sky130_fd_sc_hd__buf_4)
     1    0.03    0.10    0.39    9.13 v output25/X (sky130_fd_sc_hd__buf_4)
                                         out[5] (net)
                  0.10    0.00    9.13 v out[5] (out)
                                  9.13   data arrival time

                  0.00   10.00   10.00   clock __VIRTUAL_CLK__ (rise edge)
                          0.00   10.00   clock network delay (ideal)
                         -0.25    9.75   clock uncertainty
                          0.00    9.75   clock reconvergence pessimism
                         -2.00    7.75   output external delay
                                  7.75   data required time
-----------------------------------------------------------------------------
                                  7.75   data required time
                                 -9.13   data arrival time
-----------------------------------------------------------------------------
                                 -1.38   slack (VIOLATED)


Startpoint: opcode[0] (input port clocked by __VIRTUAL_CLK__)
Endpoint: out[7] (output port clocked by __VIRTUAL_CLK__)
Path Group: __VIRTUAL_CLK__
Path Type: max
Corner: Slowest

Fanout     Cap    Slew   Delay    Time   Description
-----------------------------------------------------------------------------
                  0.00    0.00    0.00   clock __VIRTUAL_CLK__ (rise edge)
                          0.00    0.00   clock network delay (ideal)
                          2.00    2.00 v input external delay
     1    0.00    0.02    0.01    2.01 v opcode[0] (in)
                                         opcode[0] (net)
                  0.02    0.00    2.01 v input17/A (sky130_fd_sc_hd__buf_2)
     5    0.05    0.22    0.38    2.39 v input17/X (sky130_fd_sc_hd__buf_2)
                                         net17 (net)
                  0.22    0.01    2.40 v _235_/A_N (sky130_fd_sc_hd__nand3b_4)
     8    0.05    0.39    0.60    3.00 v _235_/Y (sky130_fd_sc_hd__nand3b_4)
                                         _163_ (net)
                  0.39    0.01    3.00 v rebuffer5/A (sky130_fd_sc_hd__buf_2)
     1    0.01    0.07    0.43    3.43 v rebuffer5/X (sky130_fd_sc_hd__buf_2)
                                         net33 (net)
                  0.07    0.00    3.43 v _243_/A2 (sky130_fd_sc_hd__a21oi_2)
     2    0.03    0.64    0.61    4.04 ^ _243_/Y (sky130_fd_sc_hd__a21oi_2)
                                         _001_ (net)
                  0.64    0.00    4.04 ^ _244_/A2 (sky130_fd_sc_hd__o21a_2)
     4    0.04    0.34    0.67    4.71 ^ _244_/X (sky130_fd_sc_hd__o21a_2)
                                         _002_ (net)
                  0.34    0.01    4.72 ^ _247_/A_N (sky130_fd_sc_hd__and3b_2)
     3    0.03    0.17    0.67    5.38 v _247_/X (sky130_fd_sc_hd__and3b_2)
                                         _005_ (net)
                  0.17    0.00    5.39 v _250_/A1 (sky130_fd_sc_hd__o21ai_4)
     4    0.04    0.50    0.56    5.95 ^ _250_/Y (sky130_fd_sc_hd__o21ai_4)
                                         _008_ (net)
                  0.50    0.01    5.95 ^ _257_/A1 (sky130_fd_sc_hd__a311o_4)
     4    0.04    0.23    0.70    6.65 ^ _257_/X (sky130_fd_sc_hd__a311o_4)
                                         _015_ (net)
                  0.23    0.00    6.66 ^ _276_/A3 (sky130_fd_sc_hd__a311oi_4)
     3    0.03    0.30    0.39    7.05 v _276_/Y (sky130_fd_sc_hd__a311oi_4)
                                         _033_ (net)
                  0.30    0.00    7.05 v _296_/B (sky130_fd_sc_hd__or3_1)
     1    0.01    0.21    1.03    8.08 v _296_/X (sky130_fd_sc_hd__or3_1)
                                         _052_ (net)
                  0.21    0.00    8.08 v _302_/A3 (sky130_fd_sc_hd__a31o_1)
     1    0.01    0.11    0.52    8.60 v _302_/X (sky130_fd_sc_hd__a31o_1)
                                         net27 (net)
                  0.11    0.00    8.60 v output27/A (sky130_fd_sc_hd__buf_2)
     1    0.03    0.17    0.38    8.98 v output27/X (sky130_fd_sc_hd__buf_2)
                                         out[7] (net)
                  0.17    0.00    8.98 v out[7] (out)
                                  8.98   data arrival time

                  0.00   10.00   10.00   clock __VIRTUAL_CLK__ (rise edge)
                          0.00   10.00   clock network delay (ideal)
                         -0.25    9.75   clock uncertainty
                          0.00    9.75   clock reconvergence pessimism
                         -2.00    7.75   output external delay
                                  7.75   data required time
-----------------------------------------------------------------------------
                                  7.75   data required time
                                 -8.98   data arrival time
-----------------------------------------------------------------------------
                                 -1.23   slack (VIOLATED)


Startpoint: B[0] (input port clocked by __VIRTUAL_CLK__)
Endpoint: out[6] (output port clocked by __VIRTUAL_CLK__)
Path Group: __VIRTUAL_CLK__
Path Type: max
Corner: Slowest

Fanout     Cap    Slew   Delay    Time   Description
-----------------------------------------------------------------------------
                  0.00    0.00    0.00   clock __VIRTUAL_CLK__ (rise edge)
                          0.00    0.00   clock network delay (ideal)
                          2.00    2.00 v input external delay
     1    0.00    0.02    0.01    2.01 v B[0] (in)
                                         B[0] (net)
                  0.02    0.00    2.01 v input9/A (sky130_fd_sc_hd__clkbuf_2)
     4    0.04    0.31    0.38    2.39 v input9/X (sky130_fd_sc_hd__clkbuf_2)
                                         net9 (net)
                  0.31    0.00    2.39 v _234_/A (sky130_fd_sc_hd__or2_4)
     4    0.05    0.18    0.73    3.12 v _234_/X (sky130_fd_sc_hd__or2_4)
                                         _162_ (net)
                  0.18    0.01    3.12 v _236_/A3 (sky130_fd_sc_hd__o31a_2)
     3    0.03    0.22    0.79    3.92 v _236_/X (sky130_fd_sc_hd__o31a_2)
                                         _164_ (net)
                  0.22    0.00    3.92 v _268_/A3 (sky130_fd_sc_hd__o31a_1)
     2    0.03    0.27    0.74    4.66 v _268_/X (sky130_fd_sc_hd__o31a_1)
                                         _025_ (net)
                  0.27    0.00    4.66 v _269_/B (sky130_fd_sc_hd__xnor2_1)
     2    0.01    0.27    0.45    5.11 v _269_/Y (sky130_fd_sc_hd__xnor2_1)
                                         _026_ (net)
                  0.27    0.00    5.11 v _270_/B (sky130_fd_sc_hd__and2_1)
     3    0.03    0.28    0.63    5.75 v _270_/X (sky130_fd_sc_hd__and2_1)
                                         _027_ (net)
                  0.28    0.00    5.75 v _272_/A (sky130_fd_sc_hd__or2_4)
     2    0.05    0.19    0.72    6.47 v _272_/X (sky130_fd_sc_hd__or2_4)
                                         _029_ (net)
                  0.19    0.01    6.48 v _276_/B1 (sky130_fd_sc_hd__a311oi_4)
     3    0.03    0.68    0.80    7.28 ^ _276_/Y (sky130_fd_sc_hd__a311oi_4)
                                         _033_ (net)
                  0.68    0.00    7.28 ^ _277_/A_N (sky130_fd_sc_hd__and2b_1)
     1    0.01    0.13    0.65    7.93 v _277_/X (sky130_fd_sc_hd__and2b_1)
                                         _034_ (net)
                  0.13    0.00    7.93 v _291_/A2 (sky130_fd_sc_hd__a21o_1)
     1    0.02    0.16    0.46    8.39 v _291_/X (sky130_fd_sc_hd__a21o_1)
                                         net26 (net)
                  0.16    0.00    8.39 v output26/A (sky130_fd_sc_hd__buf_2)
     1    0.03    0.17    0.41    8.80 v output26/X (sky130_fd_sc_hd__buf_2)
                                         out[6] (net)
                  0.17    0.00    8.80 v out[6] (out)
                                  8.80   data arrival time

                  0.00   10.00   10.00   clock __VIRTUAL_CLK__ (rise edge)
                          0.00   10.00   clock network delay (ideal)
                         -0.25    9.75   clock uncertainty
                          0.00    9.75   clock reconvergence pessimism
                         -2.00    7.75   output external delay
                                  7.75   data required time
-----------------------------------------------------------------------------
                                  7.75   data required time
                                 -8.80   data arrival time
-----------------------------------------------------------------------------
                                 -1.05   slack (VIOLATED)


Startpoint: opcode[0] (input port clocked by __VIRTUAL_CLK__)
Endpoint: out[3] (output port clocked by __VIRTUAL_CLK__)
Path Group: __VIRTUAL_CLK__
Path Type: max
Corner: Slowest

Fanout     Cap    Slew   Delay    Time   Description
-----------------------------------------------------------------------------
                  0.00    0.00    0.00   clock __VIRTUAL_CLK__ (rise edge)
                          0.00    0.00   clock network delay (ideal)
                          2.00    2.00 v input external delay
     1    0.00    0.02    0.01    2.01 v opcode[0] (in)
                                         opcode[0] (net)
                  0.02    0.00    2.01 v input17/A (sky130_fd_sc_hd__buf_2)
     5    0.05    0.22    0.38    2.39 v input17/X (sky130_fd_sc_hd__buf_2)
                                         net17 (net)
                  0.22    0.01    2.40 v _235_/A_N (sky130_fd_sc_hd__nand3b_4)
     8    0.05    0.39    0.60    3.00 v _235_/Y (sky130_fd_sc_hd__nand3b_4)
                                         _163_ (net)
                  0.39    0.01    3.00 v rebuffer5/A (sky130_fd_sc_hd__buf_2)
     1    0.01    0.07    0.43    3.43 v rebuffer5/X (sky130_fd_sc_hd__buf_2)
                                         net33 (net)
                  0.07    0.00    3.43 v _243_/A2 (sky130_fd_sc_hd__a21oi_2)
     2    0.03    0.64    0.61    4.04 ^ _243_/Y (sky130_fd_sc_hd__a21oi_2)
                                         _001_ (net)
                  0.64    0.00    4.04 ^ _244_/A2 (sky130_fd_sc_hd__o21a_2)
     4    0.04    0.34    0.67    4.71 ^ _244_/X (sky130_fd_sc_hd__o21a_2)
                                         _002_ (net)
                  0.34    0.01    4.72 ^ _247_/A_N (sky130_fd_sc_hd__and3b_2)
     3    0.03    0.17    0.67    5.38 v _247_/X (sky130_fd_sc_hd__and3b_2)
                                         _005_ (net)
                  0.17    0.00    5.39 v _250_/A1 (sky130_fd_sc_hd__o21ai_4)
     4    0.04    0.50    0.56    5.95 ^ _250_/Y (sky130_fd_sc_hd__o21ai_4)
                                         _008_ (net)
                  0.50    0.00    5.95 ^ _328_/B (sky130_fd_sc_hd__nand2_1)
     1    0.03    0.47    0.57    6.52 v _328_/Y (sky130_fd_sc_hd__nand2_1)
                                         _080_ (net)
                  0.47    0.00    6.53 v _329_/B (sky130_fd_sc_hd__xnor2_1)
     1    0.01    0.25    0.51    7.04 v _329_/Y (sky130_fd_sc_hd__xnor2_1)
                                         _081_ (net)
                  0.25    0.00    7.04 v _335_/A2 (sky130_fd_sc_hd__a221o_1)
     1    0.02    0.25    0.93    7.97 v _335_/X (sky130_fd_sc_hd__a221o_1)
                                         net23 (net)
                  0.25    0.00    7.97 v output23/A (sky130_fd_sc_hd__buf_2)
     1    0.03    0.17    0.45    8.42 v output23/X (sky130_fd_sc_hd__buf_2)
                                         out[3] (net)
                  0.17    0.00    8.43 v out[3] (out)
                                  8.43   data arrival time

                  0.00   10.00   10.00   clock __VIRTUAL_CLK__ (rise edge)
                          0.00   10.00   clock network delay (ideal)
                         -0.25    9.75   clock uncertainty
                          0.00    9.75   clock reconvergence pessimism
                         -2.00    7.75   output external delay
                                  7.75   data required time
-----------------------------------------------------------------------------
                                  7.75   data required time
                                 -8.43   data arrival time
-----------------------------------------------------------------------------
                                 -0.68   slack (VIOLATED)


Startpoint: opcode[0] (input port clocked by __VIRTUAL_CLK__)
Endpoint: out[1] (output port clocked by __VIRTUAL_CLK__)
Path Group: __VIRTUAL_CLK__
Path Type: max
Corner: Slowest

Fanout     Cap    Slew   Delay    Time   Description
-----------------------------------------------------------------------------
                  0.00    0.00    0.00   clock __VIRTUAL_CLK__ (rise edge)
                          0.00    0.00   clock network delay (ideal)
                          2.00    2.00 v input external delay
     1    0.00    0.02    0.01    2.01 v opcode[0] (in)
                                         opcode[0] (net)
                  0.02    0.00    2.01 v input17/A (sky130_fd_sc_hd__buf_2)
     5    0.05    0.22    0.38    2.39 v input17/X (sky130_fd_sc_hd__buf_2)
                                         net17 (net)
                  0.22    0.01    2.40 v _235_/A_N (sky130_fd_sc_hd__nand3b_4)
     8    0.05    0.39    0.60    3.00 v _235_/Y (sky130_fd_sc_hd__nand3b_4)
                                         _163_ (net)
                  0.39    0.01    3.00 v rebuffer5/A (sky130_fd_sc_hd__buf_2)
     1    0.01    0.07    0.43    3.43 v rebuffer5/X (sky130_fd_sc_hd__buf_2)
                                         net33 (net)
                  0.07    0.00    3.43 v _243_/A2 (sky130_fd_sc_hd__a21oi_2)
     2    0.03    0.64    0.61    4.04 ^ _243_/Y (sky130_fd_sc_hd__a21oi_2)
                                         _001_ (net)
                  0.64    0.00    4.04 ^ _244_/A2 (sky130_fd_sc_hd__o21a_2)
     4    0.04    0.34    0.67    4.71 ^ _244_/X (sky130_fd_sc_hd__o21a_2)
                                         _002_ (net)
                  0.34    0.01    4.72 ^ _314_/A_N (sky130_fd_sc_hd__and2b_1)
     1    0.02    0.21    0.63    5.34 v _314_/X (sky130_fd_sc_hd__and2b_1)
                                         _068_ (net)
                  0.21    0.00    5.34 v _315_/A (sky130_fd_sc_hd__nor2_1)
     1    0.01    0.21    0.30    5.65 ^ _315_/Y (sky130_fd_sc_hd__nor2_1)
                                         _069_ (net)
                  0.21    0.00    5.65 ^ _316_/B (sky130_fd_sc_hd__or3b_1)
     1    0.01    0.13    0.30    5.95 ^ _316_/X (sky130_fd_sc_hd__or3b_1)
                                         _070_ (net)
                  0.13    0.00    5.95 ^ _317_/D_N (sky130_fd_sc_hd__or4b_1)
     1    0.02    0.38    1.40    7.35 v _317_/X (sky130_fd_sc_hd__or4b_1)
                                         _071_ (net)
                  0.38    0.00    7.36 v _318_/A (sky130_fd_sc_hd__clkbuf_1)
     1    0.01    0.11    0.35    7.71 v _318_/X (sky130_fd_sc_hd__clkbuf_1)
                                         net21 (net)
                  0.11    0.00    7.71 v output21/A (sky130_fd_sc_hd__buf_2)
     1    0.03    0.17    0.38    8.09 v output21/X (sky130_fd_sc_hd__buf_2)
                                         out[1] (net)
                  0.17    0.00    8.09 v out[1] (out)
                                  8.09   data arrival time

                  0.00   10.00   10.00   clock __VIRTUAL_CLK__ (rise edge)
                          0.00   10.00   clock network delay (ideal)
                         -0.25    9.75   clock uncertainty
                          0.00    9.75   clock reconvergence pessimism
                         -2.00    7.75   output external delay
                                  7.75   data required time
-----------------------------------------------------------------------------
                                  7.75   data required time
                                 -8.09   data arrival time
-----------------------------------------------------------------------------
                                 -0.34   slack (VIOLATED)


Startpoint: opcode[0] (input port clocked by __VIRTUAL_CLK__)
Endpoint: out[2] (output port clocked by __VIRTUAL_CLK__)
Path Group: __VIRTUAL_CLK__
Path Type: max
Corner: Slowest

Fanout     Cap    Slew   Delay    Time   Description
-----------------------------------------------------------------------------
                  0.00    0.00    0.00   clock __VIRTUAL_CLK__ (rise edge)
                          0.00    0.00   clock network delay (ideal)
                          2.00    2.00 ^ input external delay
     1    0.00    0.03    0.02    2.02 ^ opcode[0] (in)
                                         opcode[0] (net)
                  0.03    0.00    2.02 ^ input17/A (sky130_fd_sc_hd__buf_2)
     5    0.05    0.38    0.42    2.44 ^ input17/X (sky130_fd_sc_hd__buf_2)
                                         net17 (net)
                  0.38    0.01    2.44 ^ _235_/A_N (sky130_fd_sc_hd__nand3b_4)
     8    0.05    0.29    0.55    2.99 ^ _235_/Y (sky130_fd_sc_hd__nand3b_4)
                                         _163_ (net)
                  0.29    0.00    2.99 ^ rebuffer4/A (sky130_fd_sc_hd__dlygate4sd1_1)
     2    0.02    0.27    0.63    3.63 ^ rebuffer4/X (sky130_fd_sc_hd__dlygate4sd1_1)
                                         net32 (net)
                  0.27    0.00    3.63 ^ _239_/A1 (sky130_fd_sc_hd__a21oi_2)
     2    0.02    0.20    0.29    3.92 v _239_/Y (sky130_fd_sc_hd__a21oi_2)
                                         _167_ (net)
                  0.20    0.00    3.92 v _248_/B (sky130_fd_sc_hd__or3_1)
     1    0.01    0.22    1.00    4.92 v _248_/X (sky130_fd_sc_hd__or3_1)
                                         _006_ (net)
                  0.22    0.00    4.92 v _249_/B (sky130_fd_sc_hd__and2_4)
     2    0.03    0.09    0.43    5.35 v _249_/X (sky130_fd_sc_hd__and2_4)
                                         _007_ (net)
                  0.09    0.00    5.35 v _319_/A (sky130_fd_sc_hd__or3_1)
     1    0.00    0.13    0.89    6.24 v _319_/X (sky130_fd_sc_hd__or3_1)
                                         _072_ (net)
                  0.13    0.00    6.24 v _326_/A3 (sky130_fd_sc_hd__a31o_1)
     1    0.02    0.22    0.59    6.83 v _326_/X (sky130_fd_sc_hd__a31o_1)
                                         net22 (net)
                  0.22    0.00    6.83 v output22/A (sky130_fd_sc_hd__buf_2)
     1    0.03    0.17    0.44    7.27 v output22/X (sky130_fd_sc_hd__buf_2)
                                         out[2] (net)
                  0.17    0.00    7.27 v out[2] (out)
                                  7.27   data arrival time

                  0.00   10.00   10.00   clock __VIRTUAL_CLK__ (rise edge)
                          0.00   10.00   clock network delay (ideal)
                         -0.25    9.75   clock uncertainty
                          0.00    9.75   clock reconvergence pessimism
                         -2.00    7.75   output external delay
                                  7.75   data required time
-----------------------------------------------------------------------------
                                  7.75   data required time
                                 -7.27   data arrival time
-----------------------------------------------------------------------------
                                  0.48   slack (MET)


Startpoint: opcode[0] (input port clocked by __VIRTUAL_CLK__)
Endpoint: out[0] (output port clocked by __VIRTUAL_CLK__)
Path Group: __VIRTUAL_CLK__
Path Type: max
Corner: Slowest

Fanout     Cap    Slew   Delay    Time   Description
-----------------------------------------------------------------------------
                  0.00    0.00    0.00   clock __VIRTUAL_CLK__ (rise edge)
                          0.00    0.00   clock network delay (ideal)
                          2.00    2.00 v input external delay
     1    0.00    0.02    0.01    2.01 v opcode[0] (in)
                                         opcode[0] (net)
                  0.02    0.00    2.01 v input17/A (sky130_fd_sc_hd__buf_2)
     5    0.05    0.22    0.38    2.39 v input17/X (sky130_fd_sc_hd__buf_2)
                                         net17 (net)
                  0.22    0.00    2.39 v _171_/A (sky130_fd_sc_hd__or2_2)
     4    0.04    0.28    1.00    3.39 v _171_/X (sky130_fd_sc_hd__or2_2)
                                         _099_ (net)
                  0.28    0.00    3.39 v _224_/B (sky130_fd_sc_hd__or2_1)
     1    0.01    0.20    0.70    4.09 v _224_/X (sky130_fd_sc_hd__or2_1)
                                         _152_ (net)
                  0.20    0.00    4.09 v _225_/A (sky130_fd_sc_hd__buf_2)
     8    0.05    0.23    0.48    4.57 v _225_/X (sky130_fd_sc_hd__buf_2)
                                         _153_ (net)
                  0.23    0.01    4.58 v _306_/A2 (sky130_fd_sc_hd__o21ai_1)
     1    0.01    0.42    0.48    5.06 ^ _306_/Y (sky130_fd_sc_hd__o21ai_1)
                                         _061_ (net)
                  0.42    0.00    5.06 ^ _307_/B1 (sky130_fd_sc_hd__a31o_1)
     2    0.02    0.37    0.53    5.59 ^ _307_/X (sky130_fd_sc_hd__a31o_1)
                                         net20 (net)
                  0.37    0.00    5.59 ^ output20/A (sky130_fd_sc_hd__buf_2)
     1    0.04    0.28    0.50    6.09 ^ output20/X (sky130_fd_sc_hd__buf_2)
                                         out[0] (net)
                  0.28    0.00    6.09 ^ out[0] (out)
                                  6.09   data arrival time

                  0.00   10.00   10.00   clock __VIRTUAL_CLK__ (rise edge)
                          0.00   10.00   clock network delay (ideal)
                         -0.25    9.75   clock uncertainty
                          0.00    9.75   clock reconvergence pessimism
                         -2.00    7.75   output external delay
                                  7.75   data required time
-----------------------------------------------------------------------------
                                  7.75   data required time
                                 -6.09   data arrival time
-----------------------------------------------------------------------------
                                  1.66   slack (MET)



worst slack corner Slowest: -1.5658
======================= Typical Corner ===================================

Startpoint: opcode[0] (input port clocked by __VIRTUAL_CLK__)
Endpoint: out[5] (output port clocked by __VIRTUAL_CLK__)
Path Group: __VIRTUAL_CLK__
Path Type: max
Corner: Typical

Fanout     Cap    Slew   Delay    Time   Description
-----------------------------------------------------------------------------
                  0.00    0.00    0.00   clock __VIRTUAL_CLK__ (rise edge)
                          0.00    0.00   clock network delay (ideal)
                          2.00    2.00 v input external delay
     1    0.00    0.01    0.00    2.00 v opcode[0] (in)
                                         opcode[0] (net)
                  0.01    0.00    2.00 v input17/A (sky130_fd_sc_hd__buf_2)
     5    0.05    0.12    0.19    2.20 v input17/X (sky130_fd_sc_hd__buf_2)
                                         net17 (net)
                  0.12    0.01    2.20 v _235_/A_N (sky130_fd_sc_hd__nand3b_4)
     8    0.05    0.19    0.30    2.50 v _235_/Y (sky130_fd_sc_hd__nand3b_4)
                                         _163_ (net)
                  0.19    0.01    2.51 v rebuffer5/A (sky130_fd_sc_hd__buf_2)
     1    0.01    0.04    0.20    2.71 v rebuffer5/X (sky130_fd_sc_hd__buf_2)
                                         net33 (net)
                  0.04    0.00    2.71 v _243_/A2 (sky130_fd_sc_hd__a21oi_2)
     2    0.03    0.40    0.36    3.07 ^ _243_/Y (sky130_fd_sc_hd__a21oi_2)
                                         _001_ (net)
                  0.40    0.00    3.08 ^ _244_/A2 (sky130_fd_sc_hd__o21a_2)
     4    0.04    0.21    0.33    3.40 ^ _244_/X (sky130_fd_sc_hd__o21a_2)
                                         _002_ (net)
                  0.21    0.01    3.41 ^ _247_/A_N (sky130_fd_sc_hd__and3b_2)
     3    0.03    0.09    0.31    3.72 v _247_/X (sky130_fd_sc_hd__and3b_2)
                                         _005_ (net)
                  0.09    0.00    3.72 v _250_/A1 (sky130_fd_sc_hd__o21ai_4)
     4    0.04    0.32    0.33    4.05 ^ _250_/Y (sky130_fd_sc_hd__o21ai_4)
                                         _008_ (net)
                  0.32    0.01    4.06 ^ _257_/A1 (sky130_fd_sc_hd__a311o_4)
     4    0.04    0.14    0.35    4.41 ^ _257_/X (sky130_fd_sc_hd__a311o_4)
                                         _015_ (net)
                  0.14    0.00    4.41 ^ rebuffer2/A (sky130_fd_sc_hd__clkbuf_1)
     2    0.01    0.08    0.14    4.55 ^ rebuffer2/X (sky130_fd_sc_hd__clkbuf_1)
                                         net30 (net)
                  0.08    0.00    4.55 ^ rebuffer1/A (sky130_fd_sc_hd__dlymetal6s4s_1)
     1    0.00    0.07    0.21    4.76 ^ rebuffer1/X (sky130_fd_sc_hd__dlymetal6s4s_1)
                                         net29 (net)
                  0.07    0.00    4.76 ^ _264_/C (sky130_fd_sc_hd__nand3_1)
     1    0.01    0.10    0.10    4.87 v _264_/Y (sky130_fd_sc_hd__nand3_1)
                                         _022_ (net)
                  0.10    0.00    4.87 v _266_/B (sky130_fd_sc_hd__and3_1)
     1    0.02    0.10    0.25    5.12 v _266_/X (sky130_fd_sc_hd__and3_1)
                                         _024_ (net)
                  0.10    0.00    5.12 v _267_/C1 (sky130_fd_sc_hd__a211o_1)
     1    0.02    0.12    0.33    5.45 v _267_/X (sky130_fd_sc_hd__a211o_1)
                                         net25 (net)
                  0.12    0.00    5.45 v output25/A (sky130_fd_sc_hd__buf_4)
     1    0.03    0.06    0.21    5.66 v output25/X (sky130_fd_sc_hd__buf_4)
                                         out[5] (net)
                  0.06    0.00    5.67 v out[5] (out)
                                  5.67   data arrival time

                  0.00   10.00   10.00   clock __VIRTUAL_CLK__ (rise edge)
                          0.00   10.00   clock network delay (ideal)
                         -0.25    9.75   clock uncertainty
                          0.00    9.75   clock reconvergence pessimism
                         -2.00    7.75   output external delay
                                  7.75   data required time
-----------------------------------------------------------------------------
                                  7.75   data required time
                                 -5.67   data arrival time
-----------------------------------------------------------------------------
                                  2.08   slack (MET)


Startpoint: opcode[0] (input port clocked by __VIRTUAL_CLK__)
Endpoint: out[4] (output port clocked by __VIRTUAL_CLK__)
Path Group: __VIRTUAL_CLK__
Path Type: max
Corner: Typical

Fanout     Cap    Slew   Delay    Time   Description
-----------------------------------------------------------------------------
                  0.00    0.00    0.00   clock __VIRTUAL_CLK__ (rise edge)
                          0.00    0.00   clock network delay (ideal)
                          2.00    2.00 v input external delay
     1    0.00    0.01    0.00    2.00 v opcode[0] (in)
                                         opcode[0] (net)
                  0.01    0.00    2.00 v input17/A (sky130_fd_sc_hd__buf_2)
     5    0.05    0.12    0.19    2.20 v input17/X (sky130_fd_sc_hd__buf_2)
                                         net17 (net)
                  0.12    0.01    2.20 v _235_/A_N (sky130_fd_sc_hd__nand3b_4)
     8    0.05    0.19    0.30    2.50 v _235_/Y (sky130_fd_sc_hd__nand3b_4)
                                         _163_ (net)
                  0.19    0.01    2.51 v rebuffer5/A (sky130_fd_sc_hd__buf_2)
     1    0.01    0.04    0.20    2.71 v rebuffer5/X (sky130_fd_sc_hd__buf_2)
                                         net33 (net)
                  0.04    0.00    2.71 v _243_/A2 (sky130_fd_sc_hd__a21oi_2)
     2    0.03    0.40    0.36    3.07 ^ _243_/Y (sky130_fd_sc_hd__a21oi_2)
                                         _001_ (net)
                  0.40    0.00    3.08 ^ _244_/A2 (sky130_fd_sc_hd__o21a_2)
     4    0.04    0.21    0.33    3.40 ^ _244_/X (sky130_fd_sc_hd__o21a_2)
                                         _002_ (net)
                  0.21    0.01    3.41 ^ _247_/A_N (sky130_fd_sc_hd__and3b_2)
     3    0.03    0.09    0.31    3.72 v _247_/X (sky130_fd_sc_hd__and3b_2)
                                         _005_ (net)
                  0.09    0.00    3.72 v _250_/A1 (sky130_fd_sc_hd__o21ai_4)
     4    0.04    0.32    0.33    4.05 ^ _250_/Y (sky130_fd_sc_hd__o21ai_4)
                                         _008_ (net)
                  0.32    0.00    4.06 ^ _336_/A2 (sky130_fd_sc_hd__a31o_1)
     1    0.01    0.08    0.24    4.29 ^ _336_/X (sky130_fd_sc_hd__a31o_1)
                                         _087_ (net)
                  0.08    0.00    4.29 ^ _337_/B (sky130_fd_sc_hd__nand2_1)
     1    0.02    0.16    0.16    4.45 v _337_/Y (sky130_fd_sc_hd__nand2_1)
                                         _088_ (net)
                  0.16    0.00    4.45 v _338_/C (sky130_fd_sc_hd__and3_1)
     1    0.01    0.07    0.28    4.73 v _338_/X (sky130_fd_sc_hd__and3_1)
                                         _089_ (net)
                  0.07    0.00    4.73 v _346_/A (sky130_fd_sc_hd__or3_1)
     1    0.01    0.12    0.47    5.20 v _346_/X (sky130_fd_sc_hd__or3_1)
                                         _097_ (net)
                  0.12    0.00    5.20 v _347_/A (sky130_fd_sc_hd__buf_1)
     1    0.02    0.11    0.20    5.40 v _347_/X (sky130_fd_sc_hd__buf_1)
                                         net24 (net)
                  0.11    0.00    5.40 v output24/A (sky130_fd_sc_hd__buf_2)
     1    0.03    0.09    0.22    5.62 v output24/X (sky130_fd_sc_hd__buf_2)
                                         out[4] (net)
                  0.09    0.00    5.62 v out[4] (out)
                                  5.62   data arrival time

                  0.00   10.00   10.00   clock __VIRTUAL_CLK__ (rise edge)
                          0.00   10.00   clock network delay (ideal)
                         -0.25    9.75   clock uncertainty
                          0.00    9.75   clock reconvergence pessimism
                         -2.00    7.75   output external delay
                                  7.75   data required time
-----------------------------------------------------------------------------
                                  7.75   data required time
                                 -5.62   data arrival time
-----------------------------------------------------------------------------
                                  2.13   slack (MET)


Startpoint: B[0] (input port clocked by __VIRTUAL_CLK__)
Endpoint: out[6] (output port clocked by __VIRTUAL_CLK__)
Path Group: __VIRTUAL_CLK__
Path Type: max
Corner: Typical

Fanout     Cap    Slew   Delay    Time   Description
-----------------------------------------------------------------------------
                  0.00    0.00    0.00   clock __VIRTUAL_CLK__ (rise edge)
                          0.00    0.00   clock network delay (ideal)
                          2.00    2.00 v input external delay
     1    0.00    0.01    0.01    2.01 v B[0] (in)
                                         B[0] (net)
                  0.01    0.00    2.01 v input9/A (sky130_fd_sc_hd__clkbuf_2)
     4    0.04    0.17    0.21    2.21 v input9/X (sky130_fd_sc_hd__clkbuf_2)
                                         net9 (net)
                  0.17    0.00    2.22 v _234_/A (sky130_fd_sc_hd__or2_4)
     4    0.05    0.10    0.38    2.60 v _234_/X (sky130_fd_sc_hd__or2_4)
                                         _162_ (net)
                  0.10    0.01    2.60 v _236_/A3 (sky130_fd_sc_hd__o31a_2)
     3    0.03    0.12    0.42    3.02 v _236_/X (sky130_fd_sc_hd__o31a_2)
                                         _164_ (net)
                  0.12    0.00    3.02 v _268_/A3 (sky130_fd_sc_hd__o31a_1)
     2    0.03    0.15    0.39    3.41 v _268_/X (sky130_fd_sc_hd__o31a_1)
                                         _025_ (net)
                  0.15    0.00    3.41 v _269_/B (sky130_fd_sc_hd__xnor2_1)
     2    0.01    0.35    0.36    3.77 ^ _269_/Y (sky130_fd_sc_hd__xnor2_1)
                                         _026_ (net)
                  0.35    0.00    3.77 ^ _271_/B (sky130_fd_sc_hd__nor2_1)
     1    0.02    0.15    0.20    3.97 v _271_/Y (sky130_fd_sc_hd__nor2_1)
                                         _028_ (net)
                  0.15    0.00    3.98 v _272_/B (sky130_fd_sc_hd__or2_4)
     2    0.05    0.10    0.36    4.33 v _272_/X (sky130_fd_sc_hd__or2_4)
                                         _029_ (net)
                  0.10    0.01    4.34 v _276_/B1 (sky130_fd_sc_hd__a311oi_4)
     3    0.03    0.44    0.49    4.83 ^ _276_/Y (sky130_fd_sc_hd__a311oi_4)
                                         _033_ (net)
                  0.44    0.00    4.83 ^ _277_/A_N (sky130_fd_sc_hd__and2b_1)
     1    0.01    0.06    0.28    5.11 v _277_/X (sky130_fd_sc_hd__and2b_1)
                                         _034_ (net)
                  0.06    0.00    5.11 v _291_/A2 (sky130_fd_sc_hd__a21o_1)
     1    0.02    0.09    0.25    5.36 v _291_/X (sky130_fd_sc_hd__a21o_1)
                                         net26 (net)
                  0.09    0.00    5.36 v output26/A (sky130_fd_sc_hd__buf_2)
     1    0.03    0.09    0.21    5.57 v output26/X (sky130_fd_sc_hd__buf_2)
                                         out[6] (net)
                  0.09    0.00    5.57 v out[6] (out)
                                  5.57   data arrival time

                  0.00   10.00   10.00   clock __VIRTUAL_CLK__ (rise edge)
                          0.00   10.00   clock network delay (ideal)
                         -0.25    9.75   clock uncertainty
                          0.00    9.75   clock reconvergence pessimism
                         -2.00    7.75   output external delay
                                  7.75   data required time
-----------------------------------------------------------------------------
                                  7.75   data required time
                                 -5.57   data arrival time
-----------------------------------------------------------------------------
                                  2.18   slack (MET)


Startpoint: B[1] (input port clocked by __VIRTUAL_CLK__)
Endpoint: out[7] (output port clocked by __VIRTUAL_CLK__)
Path Group: __VIRTUAL_CLK__
Path Type: max
Corner: Typical

Fanout     Cap    Slew   Delay    Time   Description
-----------------------------------------------------------------------------
                  0.00    0.00    0.00   clock __VIRTUAL_CLK__ (rise edge)
                          0.00    0.00   clock network delay (ideal)
                          2.00    2.00 ^ input external delay
     1    0.00    0.02    0.01    2.01 ^ B[1] (in)
                                         B[1] (net)
                  0.02    0.00    2.01 ^ input10/A (sky130_fd_sc_hd__clkbuf_2)
     5    0.05    0.25    0.25    2.26 ^ input10/X (sky130_fd_sc_hd__clkbuf_2)
                                         net10 (net)
                  0.25    0.01    2.27 ^ _175_/A (sky130_fd_sc_hd__buf_4)
    10    0.09    0.24    0.32    2.59 ^ _175_/X (sky130_fd_sc_hd__buf_4)
                                         _103_ (net)
                  0.24    0.02    2.61 ^ _177_/A (sky130_fd_sc_hd__nand2_2)
     3    0.04    0.19    0.22    2.83 v _177_/Y (sky130_fd_sc_hd__nand2_2)
                                         _105_ (net)
                  0.19    0.01    2.84 v _182_/A1 (sky130_fd_sc_hd__o21ai_4)
     2    0.05    0.36    0.40    3.24 ^ _182_/Y (sky130_fd_sc_hd__o21ai_4)
                                         _110_ (net)
                  0.36    0.00    3.25 ^ _188_/A (sky130_fd_sc_hd__xnor2_4)
     2    0.04    0.15    0.20    3.45 v _188_/Y (sky130_fd_sc_hd__xnor2_4)
                                         _116_ (net)
                  0.15    0.00    3.45 v _212_/C (sky130_fd_sc_hd__and3_1)
     2    0.02    0.09    0.29    3.75 v _212_/X (sky130_fd_sc_hd__and3_1)
                                         _140_ (net)
                  0.09    0.00    3.75 v _216_/B (sky130_fd_sc_hd__nor3_1)
     1    0.01    0.31    0.32    4.07 ^ _216_/Y (sky130_fd_sc_hd__nor3_1)
                                         _144_ (net)
                  0.31    0.00    4.07 ^ wire28/A (sky130_fd_sc_hd__buf_1)
     2    0.02    0.25    0.28    4.35 ^ wire28/X (sky130_fd_sc_hd__buf_1)
                                         net28 (net)
                  0.25    0.00    4.36 ^ _282_/B1 (sky130_fd_sc_hd__a21o_1)
     3    0.03    0.24    0.28    4.63 ^ _282_/X (sky130_fd_sc_hd__a21o_1)
                                         _039_ (net)
                  0.24    0.00    4.63 ^ _297_/A2 (sky130_fd_sc_hd__o21ai_1)
     1    0.01    0.12    0.16    4.80 v _297_/Y (sky130_fd_sc_hd__o21ai_1)
                                         _053_ (net)
                  0.12    0.00    4.80 v _301_/A2 (sky130_fd_sc_hd__a21bo_1)
     1    0.03    0.12    0.32    5.12 v _301_/X (sky130_fd_sc_hd__a21bo_1)
                                         _057_ (net)
                  0.12    0.00    5.12 v _302_/B1 (sky130_fd_sc_hd__a31o_1)
     1    0.01    0.06    0.25    5.37 v _302_/X (sky130_fd_sc_hd__a31o_1)
                                         net27 (net)
                  0.06    0.00    5.37 v output27/A (sky130_fd_sc_hd__buf_2)
     1    0.03    0.09    0.20    5.56 v output27/X (sky130_fd_sc_hd__buf_2)
                                         out[7] (net)
                  0.09    0.00    5.57 v out[7] (out)
                                  5.57   data arrival time

                  0.00   10.00   10.00   clock __VIRTUAL_CLK__ (rise edge)
                          0.00   10.00   clock network delay (ideal)
                         -0.25    9.75   clock uncertainty
                          0.00    9.75   clock reconvergence pessimism
                         -2.00    7.75   output external delay
                                  7.75   data required time
-----------------------------------------------------------------------------
                                  7.75   data required time
                                 -5.57   data arrival time
-----------------------------------------------------------------------------
                                  2.18   slack (MET)


Startpoint: opcode[0] (input port clocked by __VIRTUAL_CLK__)
Endpoint: out[3] (output port clocked by __VIRTUAL_CLK__)
Path Group: __VIRTUAL_CLK__
Path Type: max
Corner: Typical

Fanout     Cap    Slew   Delay    Time   Description
-----------------------------------------------------------------------------
                  0.00    0.00    0.00   clock __VIRTUAL_CLK__ (rise edge)
                          0.00    0.00   clock network delay (ideal)
                          2.00    2.00 v input external delay
     1    0.00    0.01    0.00    2.00 v opcode[0] (in)
                                         opcode[0] (net)
                  0.01    0.00    2.00 v input17/A (sky130_fd_sc_hd__buf_2)
     5    0.05    0.12    0.19    2.20 v input17/X (sky130_fd_sc_hd__buf_2)
                                         net17 (net)
                  0.12    0.01    2.20 v _235_/A_N (sky130_fd_sc_hd__nand3b_4)
     8    0.05    0.19    0.30    2.50 v _235_/Y (sky130_fd_sc_hd__nand3b_4)
                                         _163_ (net)
                  0.19    0.01    2.51 v rebuffer5/A (sky130_fd_sc_hd__buf_2)
     1    0.01    0.04    0.20    2.71 v rebuffer5/X (sky130_fd_sc_hd__buf_2)
                                         net33 (net)
                  0.04    0.00    2.71 v _243_/A2 (sky130_fd_sc_hd__a21oi_2)
     2    0.03    0.40    0.36    3.07 ^ _243_/Y (sky130_fd_sc_hd__a21oi_2)
                                         _001_ (net)
                  0.40    0.00    3.08 ^ _244_/A2 (sky130_fd_sc_hd__o21a_2)
     4    0.04    0.21    0.33    3.40 ^ _244_/X (sky130_fd_sc_hd__o21a_2)
                                         _002_ (net)
                  0.21    0.01    3.41 ^ _247_/A_N (sky130_fd_sc_hd__and3b_2)
     3    0.03    0.09    0.31    3.72 v _247_/X (sky130_fd_sc_hd__and3b_2)
                                         _005_ (net)
                  0.09    0.00    3.72 v _250_/A1 (sky130_fd_sc_hd__o21ai_4)
     4    0.04    0.32    0.33    4.05 ^ _250_/Y (sky130_fd_sc_hd__o21ai_4)
                                         _008_ (net)
                  0.32    0.00    4.06 ^ _328_/B (sky130_fd_sc_hd__nand2_1)
     1    0.03    0.23    0.26    4.32 v _328_/Y (sky130_fd_sc_hd__nand2_1)
                                         _080_ (net)
                  0.23    0.00    4.32 v _329_/B (sky130_fd_sc_hd__xnor2_1)
     1    0.01    0.32    0.37    4.70 ^ _329_/Y (sky130_fd_sc_hd__xnor2_1)
                                         _081_ (net)
                  0.32    0.00    4.70 ^ _335_/A2 (sky130_fd_sc_hd__a221o_1)
     1    0.02    0.22    0.35    5.05 ^ _335_/X (sky130_fd_sc_hd__a221o_1)
                                         net23 (net)
                  0.22    0.00    5.05 ^ output23/A (sky130_fd_sc_hd__buf_2)
     1    0.03    0.17    0.26    5.31 ^ output23/X (sky130_fd_sc_hd__buf_2)
                                         out[3] (net)
                  0.17    0.00    5.32 ^ out[3] (out)
                                  5.32   data arrival time

                  0.00   10.00   10.00   clock __VIRTUAL_CLK__ (rise edge)
                          0.00   10.00   clock network delay (ideal)
                         -0.25    9.75   clock uncertainty
                          0.00    9.75   clock reconvergence pessimism
                         -2.00    7.75   output external delay
                                  7.75   data required time
-----------------------------------------------------------------------------
                                  7.75   data required time
                                 -5.32   data arrival time
-----------------------------------------------------------------------------
                                  2.43   slack (MET)


Startpoint: opcode[0] (input port clocked by __VIRTUAL_CLK__)
Endpoint: out[1] (output port clocked by __VIRTUAL_CLK__)
Path Group: __VIRTUAL_CLK__
Path Type: max
Corner: Typical

Fanout     Cap    Slew   Delay    Time   Description
-----------------------------------------------------------------------------
                  0.00    0.00    0.00   clock __VIRTUAL_CLK__ (rise edge)
                          0.00    0.00   clock network delay (ideal)
                          2.00    2.00 v input external delay
     1    0.00    0.01    0.00    2.00 v opcode[0] (in)
                                         opcode[0] (net)
                  0.01    0.00    2.00 v input17/A (sky130_fd_sc_hd__buf_2)
     5    0.05    0.12    0.19    2.20 v input17/X (sky130_fd_sc_hd__buf_2)
                                         net17 (net)
                  0.12    0.01    2.20 v _235_/A_N (sky130_fd_sc_hd__nand3b_4)
     8    0.05    0.19    0.30    2.50 v _235_/Y (sky130_fd_sc_hd__nand3b_4)
                                         _163_ (net)
                  0.19    0.01    2.51 v rebuffer5/A (sky130_fd_sc_hd__buf_2)
     1    0.01    0.04    0.20    2.71 v rebuffer5/X (sky130_fd_sc_hd__buf_2)
                                         net33 (net)
                  0.04    0.00    2.71 v _243_/A2 (sky130_fd_sc_hd__a21oi_2)
     2    0.03    0.40    0.36    3.07 ^ _243_/Y (sky130_fd_sc_hd__a21oi_2)
                                         _001_ (net)
                  0.40    0.00    3.08 ^ _244_/A2 (sky130_fd_sc_hd__o21a_2)
     4    0.04    0.21    0.33    3.40 ^ _244_/X (sky130_fd_sc_hd__o21a_2)
                                         _002_ (net)
                  0.21    0.01    3.41 ^ _314_/A_N (sky130_fd_sc_hd__and2b_1)
     1    0.02    0.11    0.30    3.70 v _314_/X (sky130_fd_sc_hd__and2b_1)
                                         _068_ (net)
                  0.11    0.00    3.71 v _315_/A (sky130_fd_sc_hd__nor2_1)
     1    0.01    0.13    0.17    3.87 ^ _315_/Y (sky130_fd_sc_hd__nor2_1)
                                         _069_ (net)
                  0.13    0.00    3.88 ^ _316_/B (sky130_fd_sc_hd__or3b_1)
     1    0.01    0.08    0.16    4.04 ^ _316_/X (sky130_fd_sc_hd__or3b_1)
                                         _070_ (net)
                  0.08    0.00    4.04 ^ _317_/D_N (sky130_fd_sc_hd__or4b_1)
     1    0.02    0.20    0.61    4.65 v _317_/X (sky130_fd_sc_hd__or4b_1)
                                         _071_ (net)
                  0.20    0.00    4.65 v _318_/A (sky130_fd_sc_hd__clkbuf_1)
     1    0.01    0.06    0.18    4.83 v _318_/X (sky130_fd_sc_hd__clkbuf_1)
                                         net21 (net)
                  0.06    0.00    4.83 v output21/A (sky130_fd_sc_hd__buf_2)
     1    0.03    0.09    0.19    5.03 v output21/X (sky130_fd_sc_hd__buf_2)
                                         out[1] (net)
                  0.09    0.00    5.03 v out[1] (out)
                                  5.03   data arrival time

                  0.00   10.00   10.00   clock __VIRTUAL_CLK__ (rise edge)
                          0.00   10.00   clock network delay (ideal)
                         -0.25    9.75   clock uncertainty
                          0.00    9.75   clock reconvergence pessimism
                         -2.00    7.75   output external delay
                                  7.75   data required time
-----------------------------------------------------------------------------
                                  7.75   data required time
                                 -5.03   data arrival time
-----------------------------------------------------------------------------
                                  2.72   slack (MET)


Startpoint: opcode[0] (input port clocked by __VIRTUAL_CLK__)
Endpoint: out[2] (output port clocked by __VIRTUAL_CLK__)
Path Group: __VIRTUAL_CLK__
Path Type: max
Corner: Typical

Fanout     Cap    Slew   Delay    Time   Description
-----------------------------------------------------------------------------
                  0.00    0.00    0.00   clock __VIRTUAL_CLK__ (rise edge)
                          0.00    0.00   clock network delay (ideal)
                          2.00    2.00 v input external delay
     1    0.00    0.01    0.00    2.00 v opcode[0] (in)
                                         opcode[0] (net)
                  0.01    0.00    2.00 v input17/A (sky130_fd_sc_hd__buf_2)
     5    0.05    0.12    0.19    2.20 v input17/X (sky130_fd_sc_hd__buf_2)
                                         net17 (net)
                  0.12    0.01    2.20 v _235_/A_N (sky130_fd_sc_hd__nand3b_4)
     8    0.05    0.19    0.30    2.50 v _235_/Y (sky130_fd_sc_hd__nand3b_4)
                                         _163_ (net)
                  0.19    0.01    2.51 v rebuffer5/A (sky130_fd_sc_hd__buf_2)
     1    0.01    0.04    0.20    2.71 v rebuffer5/X (sky130_fd_sc_hd__buf_2)
                                         net33 (net)
                  0.04    0.00    2.71 v _243_/A2 (sky130_fd_sc_hd__a21oi_2)
     2    0.03    0.40    0.36    3.07 ^ _243_/Y (sky130_fd_sc_hd__a21oi_2)
                                         _001_ (net)
                  0.40    0.00    3.08 ^ _244_/A2 (sky130_fd_sc_hd__o21a_2)
     4    0.04    0.21    0.33    3.40 ^ _244_/X (sky130_fd_sc_hd__o21a_2)
                                         _002_ (net)
                  0.21    0.01    3.41 ^ _247_/A_N (sky130_fd_sc_hd__and3b_2)
     3    0.03    0.09    0.31    3.72 v _247_/X (sky130_fd_sc_hd__and3b_2)
                                         _005_ (net)
                  0.09    0.00    3.72 v _250_/A1 (sky130_fd_sc_hd__o21ai_4)
     4    0.04    0.32    0.33    4.05 ^ _250_/Y (sky130_fd_sc_hd__o21ai_4)
                                         _008_ (net)
                  0.32    0.01    4.06 ^ _326_/A1 (sky130_fd_sc_hd__a31o_1)
     1    0.02    0.22    0.33    4.39 ^ _326_/X (sky130_fd_sc_hd__a31o_1)
                                         net22 (net)
                  0.22    0.00    4.40 ^ output22/A (sky130_fd_sc_hd__buf_2)
     1    0.03    0.17    0.27    4.66 ^ output22/X (sky130_fd_sc_hd__buf_2)
                                         out[2] (net)
                  0.17    0.00    4.66 ^ out[2] (out)
                                  4.66   data arrival time

                  0.00   10.00   10.00   clock __VIRTUAL_CLK__ (rise edge)
                          0.00   10.00   clock network delay (ideal)
                         -0.25    9.75   clock uncertainty
                          0.00    9.75   clock reconvergence pessimism
                         -2.00    7.75   output external delay
                                  7.75   data required time
-----------------------------------------------------------------------------
                                  7.75   data required time
                                 -4.66   data arrival time
-----------------------------------------------------------------------------
                                  3.09   slack (MET)


Startpoint: opcode[0] (input port clocked by __VIRTUAL_CLK__)
Endpoint: out[0] (output port clocked by __VIRTUAL_CLK__)
Path Group: __VIRTUAL_CLK__
Path Type: max
Corner: Typical

Fanout     Cap    Slew   Delay    Time   Description
-----------------------------------------------------------------------------
                  0.00    0.00    0.00   clock __VIRTUAL_CLK__ (rise edge)
                          0.00    0.00   clock network delay (ideal)
                          2.00    2.00 v input external delay
     1    0.00    0.01    0.00    2.00 v opcode[0] (in)
                                         opcode[0] (net)
                  0.01    0.00    2.00 v input17/A (sky130_fd_sc_hd__buf_2)
     5    0.05    0.12    0.19    2.20 v input17/X (sky130_fd_sc_hd__buf_2)
                                         net17 (net)
                  0.12    0.00    2.20 v _171_/A (sky130_fd_sc_hd__or2_2)
     4    0.04    0.14    0.45    2.66 v _171_/X (sky130_fd_sc_hd__or2_2)
                                         _099_ (net)
                  0.14    0.00    2.66 v _224_/B (sky130_fd_sc_hd__or2_1)
     1    0.01    0.10    0.32    2.98 v _224_/X (sky130_fd_sc_hd__or2_1)
                                         _152_ (net)
                  0.10    0.00    2.98 v _225_/A (sky130_fd_sc_hd__buf_2)
     8    0.05    0.12    0.24    3.22 v _225_/X (sky130_fd_sc_hd__buf_2)
                                         _153_ (net)
                  0.12    0.01    3.23 v _306_/A2 (sky130_fd_sc_hd__o21ai_1)
     1    0.01    0.25    0.27    3.49 ^ _306_/Y (sky130_fd_sc_hd__o21ai_1)
                                         _061_ (net)
                  0.25    0.00    3.50 ^ _307_/B1 (sky130_fd_sc_hd__a31o_1)
     2    0.02    0.22    0.28    3.78 ^ _307_/X (sky130_fd_sc_hd__a31o_1)
                                         net20 (net)
                  0.22    0.00    3.78 ^ output20/A (sky130_fd_sc_hd__buf_2)
     1    0.04    0.18    0.27    4.05 ^ output20/X (sky130_fd_sc_hd__buf_2)
                                         out[0] (net)
                  0.18    0.00    4.05 ^ out[0] (out)
                                  4.05   data arrival time

                  0.00   10.00   10.00   clock __VIRTUAL_CLK__ (rise edge)
                          0.00   10.00   clock network delay (ideal)
                         -0.25    9.75   clock uncertainty
                          0.00    9.75   clock reconvergence pessimism
                         -2.00    7.75   output external delay
                                  7.75   data required time
-----------------------------------------------------------------------------
                                  7.75   data required time
                                 -4.05   data arrival time
-----------------------------------------------------------------------------
                                  3.70   slack (MET)



worst slack corner Typical: 2.0836
