Instance,Terminal,Layer,X location,Y location,Voltage
FILLER_0_12_37,VPWR,li1,23.2300,46.2400,1.799993
FILLER_0_12_29,VPWR,li1,20.7000,46.2400,1.799993
FILLER_0_12_27,VPWR,li1,18.1700,46.2400,1.799995
FILLER_0_12_21,VPWR,li1,16.5600,46.2400,1.799995
FILLER_0_12_9,VPWR,li1,12.4200,46.2400,1.799996
FILLER_0_11_45,VPWR,li1,26.9100,40.8000,1.799992
FILLER_0_11_34,VPWR,li1,21.3900,40.8000,1.799993
FILLER_0_11_26,VPWR,li1,19.3200,40.8000,1.799994
FILLER_0_11_14,VPWR,li1,14.7200,40.8000,1.799995
FILLER_0_11_3,VPWR,li1,8.7400,40.8000,1.799996
FILLER_0_10_29,VPWR,li1,21.6200,40.8000,1.799993
FILLER_0_10_26,VPWR,li1,17.9400,40.8000,1.799994
FILLER_0_10_18,VPWR,li1,15.6400,40.8000,1.799995
FILLER_0_10_6,VPWR,li1,11.0400,40.8000,1.799996
FILLER_0_9_42,VPWR,li1,26.2200,35.3600,1.799994
FILLER_0_9_31,VPWR,li1,21.1600,35.3600,1.799995
FILLER_0_9_19,VPWR,li1,17.0200,35.3600,1.799996
FILLER_0_9_15,VPWR,li1,12.6500,35.3600,1.799997
FILLER_0_9_3,VPWR,li1,9.6600,35.3600,1.799997
FILLER_0_8_43,VPWR,li1,25.5300,35.3600,1.799994
FILLER_0_8_35,VPWR,li1,23.4600,35.3600,1.799994
FILLER_0_8_26,VPWR,li1,17.9400,35.3600,1.799995
FILLER_0_8_18,VPWR,li1,15.6400,35.3600,1.799996
FILLER_0_8_6,VPWR,li1,11.0400,35.3600,1.799997
FILLER_0_7_45,VPWR,li1,26.9100,29.9200,1.800000
FILLER_0_7_39,VPWR,li1,24.1500,29.9200,1.800000
FILLER_0_7_27,VPWR,li1,20.7000,29.9200,1.800000
FILLER_0_7_15,VPWR,li1,15.1800,29.9200,1.800000
FILLER_0_7_3,VPWR,li1,9.6600,29.9200,1.800000
FILLER_0_6_47,VPWR,li1,27.3700,29.9200,1.800000
FILLER_0_6_41,VPWR,li1,25.7600,29.9200,1.800000
FILLER_0_6_29,VPWR,li1,21.6200,29.9200,1.800000
FILLER_0_6_27,VPWR,li1,18.1700,29.9200,1.800000
FILLER_0_6_15,VPWR,li1,15.1800,29.9200,1.800000
FILLER_0_6_3,VPWR,li1,9.6600,29.9200,1.800000
FILLER_0_5_42,VPWR,li1,25.3000,24.4800,1.799994
FILLER_0_5_29,VPWR,li1,20.2400,24.4800,1.799995
FILLER_0_5_20,VPWR,li1,15.4100,24.4800,1.799996
FILLER_0_5_12,VPWR,li1,12.8800,24.4800,1.799996
FILLER_0_4_46,VPWR,li1,27.1400,24.4800,1.799994
FILLER_0_4_29,VPWR,li1,21.6200,24.4800,1.799995
FILLER_0_4_26,VPWR,li1,17.9400,24.4800,1.799995
FILLER_0_4_18,VPWR,li1,15.6400,24.4800,1.799996
FILLER_0_4_11,VPWR,li1,11.0400,24.4800,1.799997
FILLER_0_4_3,VPWR,li1,8.7400,24.4800,1.799997
FILLER_0_3_33,VPWR,li1,22.5400,19.0400,1.799994
FILLER_0_3_21,VPWR,li1,17.9400,19.0400,1.799995
FILLER_0_3_6,VPWR,li1,11.0400,19.0400,1.799997
FILLER_0_2_36,VPWR,li1,24.8400,19.0400,1.799994
FILLER_0_2_27,VPWR,li1,18.1700,19.0400,1.799995
FILLER_0_2_19,VPWR,li1,16.1000,19.0400,1.799995
FILLER_0_2_3,VPWR,li1,7.3600,19.0400,1.799997
FILLER_0_1_47,VPWR,li1,27.3700,13.6000,1.799993
FILLER_0_1_39,VPWR,li1,25.3000,13.6000,1.799993
FILLER_0_1_27,VPWR,li1,20.7000,13.6000,1.799994
FILLER_0_1_15,VPWR,li1,15.1800,13.6000,1.799995
FILLER_0_1_3,VPWR,li1,9.6600,13.6000,1.799997
FILLER_0_0_37,VPWR,li1,22.7700,13.6000,1.799994
FILLER_0_0_29,VPWR,li1,20.7000,13.6000,1.799994
FILLER_0_0_27,VPWR,li1,18.1700,13.6000,1.799995
FILLER_0_0_21,VPWR,li1,16.5600,13.6000,1.799995
FILLER_0_0_9,VPWR,li1,12.4200,13.6000,1.799996
output16,VPWR,li1,26.2200,13.6000,1.799993
output15,VPWR,li1,23.9200,13.6000,1.799994
output14,VPWR,li1,26.6800,19.0400,1.799994
output13,VPWR,li1,26.6800,24.4800,1.799994
output12,VPWR,li1,26.6800,35.3600,1.799994
output11,VPWR,li1,26.6800,40.8000,1.799992
output10,VPWR,li1,26.6800,46.2400,1.799992
output9,VPWR,li1,24.8400,46.2400,1.799993
input8,VPWR,li1,8.9700,13.6000,1.799997
input7,VPWR,li1,7.5900,13.6000,1.799997
input6,VPWR,li1,7.5900,19.0400,1.799997
input5,VPWR,li1,10.3500,24.4800,1.799997
input4,VPWR,li1,7.5900,35.3600,1.799997
input3,VPWR,li1,7.5900,40.8000,1.799996
input2,VPWR,li1,8.9700,46.2400,1.799996
input1,VPWR,li1,7.5900,46.2400,1.799996
TAP_TAPCELL_ROW_12_32,VPWR,li1,18.6300,45.9330,1.799994
TAP_TAPCELL_ROW_10_31,VPWR,li1,18.6300,40.4930,1.799994
TAP_TAPCELL_ROW_8_30,VPWR,li1,18.6300,35.0530,1.799995
TAP_TAPCELL_ROW_6_29,VPWR,li1,18.6300,29.6130,1.800000
TAP_TAPCELL_ROW_4_28,VPWR,li1,18.6300,24.1730,1.799995
TAP_TAPCELL_ROW_2_27,VPWR,li1,18.6300,18.7330,1.799995
TAP_TAPCELL_ROW_0_26,VPWR,li1,18.6300,13.2930,1.799995
PHY_EDGE_ROW_12_Left_25,VPWR,li1,6.2100,46.2400,1.799996
PHY_EDGE_ROW_11_Left_24,VPWR,li1,6.2100,40.8000,1.799996
PHY_EDGE_ROW_10_Left_23,VPWR,li1,6.2100,40.8000,1.799996
PHY_EDGE_ROW_9_Left_22,VPWR,li1,6.2100,35.3600,1.799997
PHY_EDGE_ROW_8_Left_21,VPWR,li1,6.2100,35.3600,1.799997
PHY_EDGE_ROW_7_Left_20,VPWR,li1,6.2100,29.9200,1.800000
PHY_EDGE_ROW_6_Left_19,VPWR,li1,6.2100,29.9200,1.800000
PHY_EDGE_ROW_5_Left_18,VPWR,li1,6.2100,24.4800,1.799997
PHY_EDGE_ROW_4_Left_17,VPWR,li1,6.2100,24.4800,1.799997
PHY_EDGE_ROW_3_Left_16,VPWR,li1,6.2100,19.0400,1.799997
PHY_EDGE_ROW_2_Left_15,VPWR,li1,6.2100,19.0400,1.799997
PHY_EDGE_ROW_1_Left_14,VPWR,li1,6.2100,13.6000,1.799997
PHY_EDGE_ROW_0_Left_13,VPWR,li1,6.2100,13.6000,1.799997
PHY_EDGE_ROW_12_Right_12,VPWR,li1,28.2900,46.2400,1.799992
PHY_EDGE_ROW_11_Right_11,VPWR,li1,28.2900,40.8000,1.799992
PHY_EDGE_ROW_10_Right_10,VPWR,li1,28.2900,40.8000,1.799992
PHY_EDGE_ROW_9_Right_9,VPWR,li1,28.2900,35.3600,1.799994
PHY_EDGE_ROW_8_Right_8,VPWR,li1,28.2900,35.3600,1.799994
PHY_EDGE_ROW_7_Right_7,VPWR,li1,28.2900,29.9200,1.800000
PHY_EDGE_ROW_6_Right_6,VPWR,li1,28.2900,29.9200,1.800000
PHY_EDGE_ROW_5_Right_5,VPWR,li1,28.2900,24.4800,1.799994
PHY_EDGE_ROW_4_Right_4,VPWR,li1,28.2900,24.4800,1.799994
PHY_EDGE_ROW_3_Right_3,VPWR,li1,28.2900,19.0400,1.799994
PHY_EDGE_ROW_2_Right_2,VPWR,li1,28.2900,19.0400,1.799994
PHY_EDGE_ROW_1_Right_1,VPWR,li1,28.2900,13.6000,1.799993
PHY_EDGE_ROW_0_Right_0,VPWR,li1,28.2900,13.6000,1.799993
_27_,VPWR,li1,25.0700,19.0400,1.799994
_26_,VPWR,li1,25.5300,40.8000,1.799992
_25_,VPWR,li1,25.5300,24.4800,1.799994
_24_,VPWR,li1,23.2300,24.4800,1.799994
_23_,VPWR,li1,14.4900,19.0400,1.799995
_22_,VPWR,li1,12.6500,24.4800,1.799996
_21_,VPWR,li1,17.4800,24.4800,1.799995
_20_,VPWR,li1,20.2400,35.3600,1.799995
_19_,VPWR,li1,9.4300,19.0400,1.799997
_18_,VPWR,li1,13.5700,35.3600,1.799997
_17_,VPWR,li1,23.6900,35.3600,1.799994
_16_,VPWR,li1,25.5300,29.9200,1.800000
_15_,VPWR,li1,11.2700,40.8000,1.799996
_14_,VPWR,li1,8.2800,24.4800,1.799997
_13_,VPWR,li1,20.4700,19.0400,1.799994
_12_,VPWR,li1,23.2300,40.8000,1.799993
_11_,VPWR,li1,12.6500,19.0400,1.799996
_10_,VPWR,li1,25.0700,40.8000,1.799992
