OpenROAD b16bda7e82721d10566ff7e2b68f1ff0be9f9e38 
Features included (+) or not (-): +Charts +GPU +GUI +Python
This program is licensed under the BSD-3 license. See the LICENSE file for details.
Components of this program may be licensed under more restrictive licenses which must be honored.
define_corners Typical
read_liberty -corner Typical /home/kagan/.volare/sky130A/libs.ref/sky130_fd_sc_hd/lib/sky130_fd_sc_hd__tt_025C_1v80.lib
Using 1e-12 for capacitance...
Using 1e+03 for resistance...
Using 1e-09 for time...
Using 1e+00 for voltage...
Using 1e-03 for current...
Using 1e-09 for power...
Using 1e-06 for distance...
[INFO]: Reading ODB at '/openlane/designs/alu/runs/RUN_2025.05.04_08.56.33/results/placement/alu.odb'…
Reading design constraints file at '/openlane/scripts/base.sdc'…
[INFO]: Setting output delay to: 2.0
[INFO]: Setting input delay to: 2.0
[WARNING STA-0366] port '__VIRTUAL_CLK__' not found.
[INFO]: Setting load to: 0.033442
[INFO]: Setting clock uncertainty to: 0.25
[INFO]: Setting clock transition to: 0.15
[WARNING STA-0419] transition time can not be specified for virtual clocks.
[INFO]: Setting timing derate to: 5.0 %
[INFO]: Setting RC values...
min_report

===========================================================================
report_checks -path_delay min (Hold)
============================================================================
======================= Typical Corner ===================================

Startpoint: B[5] (input port clocked by __VIRTUAL_CLK__)
Endpoint: out[5] (output port clocked by __VIRTUAL_CLK__)
Path Group: __VIRTUAL_CLK__
Path Type: min

Fanout     Cap    Slew   Delay    Time   Description
-----------------------------------------------------------------------------
                  0.00    0.00    0.00   clock __VIRTUAL_CLK__ (rise edge)
                          0.00    0.00   clock network delay (ideal)
                          2.00    2.00 ^ input external delay
     1    0.00    0.02    0.01    2.01 ^ B[5] (in)
                                         B[5] (net)
                  0.02    0.00    2.01 ^ input14/A (sky130_fd_sc_hd__buf_2)
     5    0.03    0.13    0.15    2.16 ^ input14/X (sky130_fd_sc_hd__buf_2)
                                         net14 (net)
                  0.13    0.00    2.16 ^ _233_/A1 (sky130_fd_sc_hd__a311o_1)
     1    0.00    0.05    0.16    2.32 ^ _233_/X (sky130_fd_sc_hd__a311o_1)
                                         _161_ (net)
                  0.05    0.00    2.32 ^ _267_/B1 (sky130_fd_sc_hd__a211o_1)
     1    0.01    0.07    0.11    2.44 ^ _267_/X (sky130_fd_sc_hd__a211o_1)
                                         net25 (net)
                  0.07    0.00    2.44 ^ output25/A (sky130_fd_sc_hd__buf_2)
     1    0.03    0.17    0.20    2.63 ^ output25/X (sky130_fd_sc_hd__buf_2)
                                         out[5] (net)
                  0.17    0.00    2.63 ^ out[5] (out)
                                  2.63   data arrival time

                  0.00    0.00    0.00   clock __VIRTUAL_CLK__ (rise edge)
                          0.00    0.00   clock network delay (ideal)
                          0.25    0.25   clock uncertainty
                          0.00    0.25   clock reconvergence pessimism
                         -2.00   -1.75   output external delay
                                 -1.75   data required time
-----------------------------------------------------------------------------
                                 -1.75   data required time
                                 -2.63   data arrival time
-----------------------------------------------------------------------------
                                  4.38   slack (MET)


Startpoint: A[0] (input port clocked by __VIRTUAL_CLK__)
Endpoint: out[0] (output port clocked by __VIRTUAL_CLK__)
Path Group: __VIRTUAL_CLK__
Path Type: min

Fanout     Cap    Slew   Delay    Time   Description
-----------------------------------------------------------------------------
                  0.00    0.00    0.00   clock __VIRTUAL_CLK__ (rise edge)
                          0.00    0.00   clock network delay (ideal)
                          2.00    2.00 v input external delay
     1    0.00    0.01    0.00    2.00 v A[0] (in)
                                         A[0] (net)
                  0.01    0.00    2.00 v input1/A (sky130_fd_sc_hd__buf_1)
     2    0.01    0.05    0.09    2.09 v input1/X (sky130_fd_sc_hd__buf_1)
                                         net1 (net)
                  0.05    0.00    2.09 v _190_/A (sky130_fd_sc_hd__clkbuf_4)
    10    0.04    0.09    0.18    2.28 v _190_/X (sky130_fd_sc_hd__clkbuf_4)
                                         _118_ (net)
                  0.09    0.00    2.28 v _307_/A2 (sky130_fd_sc_hd__a31o_1)
     1    0.01    0.06    0.24    2.51 v _307_/X (sky130_fd_sc_hd__a31o_1)
                                         net20 (net)
                  0.06    0.00    2.51 v output20/A (sky130_fd_sc_hd__buf_2)
     1    0.03    0.09    0.18    2.69 v output20/X (sky130_fd_sc_hd__buf_2)
                                         out[0] (net)
                  0.09    0.00    2.69 v out[0] (out)
                                  2.69   data arrival time

                  0.00    0.00    0.00   clock __VIRTUAL_CLK__ (rise edge)
                          0.00    0.00   clock network delay (ideal)
                          0.25    0.25   clock uncertainty
                          0.00    0.25   clock reconvergence pessimism
                         -2.00   -1.75   output external delay
                                 -1.75   data required time
-----------------------------------------------------------------------------
                                 -1.75   data required time
                                 -2.69   data arrival time
-----------------------------------------------------------------------------
                                  4.44   slack (MET)


Startpoint: A[6] (input port clocked by __VIRTUAL_CLK__)
Endpoint: out[6] (output port clocked by __VIRTUAL_CLK__)
Path Group: __VIRTUAL_CLK__
Path Type: min

Fanout     Cap    Slew   Delay    Time   Description
-----------------------------------------------------------------------------
                  0.00    0.00    0.00   clock __VIRTUAL_CLK__ (rise edge)
                          0.00    0.00   clock network delay (ideal)
                          2.00    2.00 v input external delay
     1    0.00    0.01    0.00    2.00 v A[6] (in)
                                         A[6] (net)
                  0.01    0.00    2.00 v input7/A (sky130_fd_sc_hd__clkbuf_2)
     5    0.02    0.09    0.13    2.14 v input7/X (sky130_fd_sc_hd__clkbuf_2)
                                         net7 (net)
                  0.09    0.00    2.14 v _289_/A1 (sky130_fd_sc_hd__o211ai_1)
     1    0.01    0.10    0.20    2.34 ^ _289_/Y (sky130_fd_sc_hd__o211ai_1)
                                         _046_ (net)
                  0.10    0.00    2.34 ^ _290_/B1 (sky130_fd_sc_hd__a31o_1)
     1    0.00    0.05    0.11    2.45 ^ _290_/X (sky130_fd_sc_hd__a31o_1)
                                         _047_ (net)
                  0.05    0.00    2.45 ^ _291_/B1 (sky130_fd_sc_hd__a21o_1)
     1    0.01    0.07    0.10    2.55 ^ _291_/X (sky130_fd_sc_hd__a21o_1)
                                         net26 (net)
                  0.07    0.00    2.55 ^ output26/A (sky130_fd_sc_hd__buf_2)
     1    0.03    0.17    0.20    2.75 ^ output26/X (sky130_fd_sc_hd__buf_2)
                                         out[6] (net)
                  0.17    0.00    2.75 ^ out[6] (out)
                                  2.75   data arrival time

                  0.00    0.00    0.00   clock __VIRTUAL_CLK__ (rise edge)
                          0.00    0.00   clock network delay (ideal)
                          0.25    0.25   clock uncertainty
                          0.00    0.25   clock reconvergence pessimism
                         -2.00   -1.75   output external delay
                                 -1.75   data required time
-----------------------------------------------------------------------------
                                 -1.75   data required time
                                 -2.75   data arrival time
-----------------------------------------------------------------------------
                                  4.50   slack (MET)


Startpoint: opcode[2] (input port clocked by __VIRTUAL_CLK__)
Endpoint: out[7] (output port clocked by __VIRTUAL_CLK__)
Path Group: __VIRTUAL_CLK__
Path Type: min

Fanout     Cap    Slew   Delay    Time   Description
-----------------------------------------------------------------------------
                  0.00    0.00    0.00   clock __VIRTUAL_CLK__ (rise edge)
                          0.00    0.00   clock network delay (ideal)
                          2.00    2.00 v input external delay
     1    0.00    0.01    0.00    2.00 v opcode[2] (in)
                                         opcode[2] (net)
                  0.01    0.00    2.00 v input19/A (sky130_fd_sc_hd__clkbuf_4)
     6    0.04    0.08    0.16    2.16 v input19/X (sky130_fd_sc_hd__clkbuf_4)
                                         net19 (net)
                  0.08    0.00    2.17 v _265_/A (sky130_fd_sc_hd__and3_2)
     7    0.03    0.09    0.24    2.40 v _265_/X (sky130_fd_sc_hd__and3_2)
                                         _023_ (net)
                  0.09    0.00    2.40 v _302_/A1 (sky130_fd_sc_hd__a31o_1)
     1    0.00    0.04    0.18    2.59 v _302_/X (sky130_fd_sc_hd__a31o_1)
                                         net27 (net)
                  0.04    0.00    2.59 v output27/A (sky130_fd_sc_hd__buf_2)
     1    0.03    0.09    0.17    2.76 v output27/X (sky130_fd_sc_hd__buf_2)
                                         out[7] (net)
                  0.09    0.00    2.76 v out[7] (out)
                                  2.76   data arrival time

                  0.00    0.00    0.00   clock __VIRTUAL_CLK__ (rise edge)
                          0.00    0.00   clock network delay (ideal)
                          0.25    0.25   clock uncertainty
                          0.00    0.25   clock reconvergence pessimism
                         -2.00   -1.75   output external delay
                                 -1.75   data required time
-----------------------------------------------------------------------------
                                 -1.75   data required time
                                 -2.76   data arrival time
-----------------------------------------------------------------------------
                                  4.51   slack (MET)


Startpoint: B[4] (input port clocked by __VIRTUAL_CLK__)
Endpoint: out[4] (output port clocked by __VIRTUAL_CLK__)
Path Group: __VIRTUAL_CLK__
Path Type: min

Fanout     Cap    Slew   Delay    Time   Description
-----------------------------------------------------------------------------
                  0.00    0.00    0.00   clock __VIRTUAL_CLK__ (rise edge)
                          0.00    0.00   clock network delay (ideal)
                          2.00    2.00 ^ input external delay
     1    0.00    0.02    0.01    2.01 ^ B[4] (in)
                                         B[4] (net)
                  0.02    0.00    2.01 ^ input13/A (sky130_fd_sc_hd__clkbuf_4)
     6    0.03    0.11    0.17    2.18 ^ input13/X (sky130_fd_sc_hd__clkbuf_4)
                                         net13 (net)
                  0.11    0.00    2.18 ^ _341_/A1 (sky130_fd_sc_hd__a31o_1)
     1    0.01    0.09    0.17    2.35 ^ _341_/X (sky130_fd_sc_hd__a31o_1)
                                         _092_ (net)
                  0.09    0.00    2.35 ^ _346_/B (sky130_fd_sc_hd__or3_1)
     1    0.01    0.07    0.12    2.47 ^ _346_/X (sky130_fd_sc_hd__or3_1)
                                         _097_ (net)
                  0.07    0.00    2.47 ^ _347_/A (sky130_fd_sc_hd__buf_1)
     1    0.01    0.10    0.12    2.60 ^ _347_/X (sky130_fd_sc_hd__buf_1)
                                         net24 (net)
                  0.10    0.00    2.60 ^ output24/A (sky130_fd_sc_hd__buf_2)
     1    0.03    0.17    0.21    2.80 ^ output24/X (sky130_fd_sc_hd__buf_2)
                                         out[4] (net)
                  0.17    0.00    2.80 ^ out[4] (out)
                                  2.80   data arrival time

                  0.00    0.00    0.00   clock __VIRTUAL_CLK__ (rise edge)
                          0.00    0.00   clock network delay (ideal)
                          0.25    0.25   clock uncertainty
                          0.00    0.25   clock reconvergence pessimism
                         -2.00   -1.75   output external delay
                                 -1.75   data required time
-----------------------------------------------------------------------------
                                 -1.75   data required time
                                 -2.80   data arrival time
-----------------------------------------------------------------------------
                                  4.55   slack (MET)


Startpoint: opcode[2] (input port clocked by __VIRTUAL_CLK__)
Endpoint: out[2] (output port clocked by __VIRTUAL_CLK__)
Path Group: __VIRTUAL_CLK__
Path Type: min

Fanout     Cap    Slew   Delay    Time   Description
-----------------------------------------------------------------------------
                  0.00    0.00    0.00   clock __VIRTUAL_CLK__ (rise edge)
                          0.00    0.00   clock network delay (ideal)
                          2.00    2.00 v input external delay
     1    0.00    0.01    0.00    2.00 v opcode[2] (in)
                                         opcode[2] (net)
                  0.01    0.00    2.00 v input19/A (sky130_fd_sc_hd__clkbuf_4)
     6    0.04    0.08    0.16    2.16 v input19/X (sky130_fd_sc_hd__clkbuf_4)
                                         net19 (net)
                  0.08    0.00    2.17 v _265_/A (sky130_fd_sc_hd__and3_2)
     7    0.03    0.09    0.24    2.40 v _265_/X (sky130_fd_sc_hd__and3_2)
                                         _023_ (net)
                  0.09    0.00    2.40 v _326_/A2 (sky130_fd_sc_hd__a31o_1)
     1    0.01    0.06    0.24    2.64 v _326_/X (sky130_fd_sc_hd__a31o_1)
                                         net22 (net)
                  0.06    0.00    2.64 v output22/A (sky130_fd_sc_hd__buf_2)
     1    0.03    0.09    0.18    2.82 v output22/X (sky130_fd_sc_hd__buf_2)
                                         out[2] (net)
                  0.09    0.00    2.82 v out[2] (out)
                                  2.82   data arrival time

                  0.00    0.00    0.00   clock __VIRTUAL_CLK__ (rise edge)
                          0.00    0.00   clock network delay (ideal)
                          0.25    0.25   clock uncertainty
                          0.00    0.25   clock reconvergence pessimism
                         -2.00   -1.75   output external delay
                                 -1.75   data required time
-----------------------------------------------------------------------------
                                 -1.75   data required time
                                 -2.82   data arrival time
-----------------------------------------------------------------------------
                                  4.57   slack (MET)


Startpoint: opcode[2] (input port clocked by __VIRTUAL_CLK__)
Endpoint: out[3] (output port clocked by __VIRTUAL_CLK__)
Path Group: __VIRTUAL_CLK__
Path Type: min

Fanout     Cap    Slew   Delay    Time   Description
-----------------------------------------------------------------------------
                  0.00    0.00    0.00   clock __VIRTUAL_CLK__ (rise edge)
                          0.00    0.00   clock network delay (ideal)
                          2.00    2.00 ^ input external delay
     1    0.00    0.02    0.01    2.01 ^ opcode[2] (in)
                                         opcode[2] (net)
                  0.02    0.00    2.01 ^ input19/A (sky130_fd_sc_hd__clkbuf_4)
     6    0.04    0.12    0.17    2.18 ^ input19/X (sky130_fd_sc_hd__clkbuf_4)
                                         net19 (net)
                  0.12    0.00    2.19 ^ _265_/A (sky130_fd_sc_hd__and3_2)
     7    0.03    0.15    0.27    2.45 ^ _265_/X (sky130_fd_sc_hd__and3_2)
                                         _023_ (net)
                  0.15    0.00    2.45 ^ _335_/A1 (sky130_fd_sc_hd__a221o_1)
     1    0.01    0.09    0.20    2.65 ^ _335_/X (sky130_fd_sc_hd__a221o_1)
                                         net23 (net)
                  0.09    0.00    2.65 ^ output23/A (sky130_fd_sc_hd__buf_2)
     1    0.03    0.17    0.20    2.86 ^ output23/X (sky130_fd_sc_hd__buf_2)
                                         out[3] (net)
                  0.17    0.00    2.86 ^ out[3] (out)
                                  2.86   data arrival time

                  0.00    0.00    0.00   clock __VIRTUAL_CLK__ (rise edge)
                          0.00    0.00   clock network delay (ideal)
                          0.25    0.25   clock uncertainty
                          0.00    0.25   clock reconvergence pessimism
                         -2.00   -1.75   output external delay
                                 -1.75   data required time
-----------------------------------------------------------------------------
                                 -1.75   data required time
                                 -2.86   data arrival time
-----------------------------------------------------------------------------
                                  4.61   slack (MET)


Startpoint: A[1] (input port clocked by __VIRTUAL_CLK__)
Endpoint: out[1] (output port clocked by __VIRTUAL_CLK__)
Path Group: __VIRTUAL_CLK__
Path Type: min

Fanout     Cap    Slew   Delay    Time   Description
-----------------------------------------------------------------------------
                  0.00    0.00    0.00   clock __VIRTUAL_CLK__ (rise edge)
                          0.00    0.00   clock network delay (ideal)
                          2.00    2.00 v input external delay
     1    0.00    0.01    0.00    2.00 v A[1] (in)
                                         A[1] (net)
                  0.01    0.00    2.00 v input2/A (sky130_fd_sc_hd__clkbuf_2)
     4    0.02    0.09    0.13    2.13 v input2/X (sky130_fd_sc_hd__clkbuf_2)
                                         net2 (net)
                  0.09    0.00    2.14 v _173_/A (sky130_fd_sc_hd__clkbuf_4)
    10    0.04    0.10    0.20    2.34 v _173_/X (sky130_fd_sc_hd__clkbuf_4)
                                         _101_ (net)
                  0.10    0.00    2.34 v _313_/A (sky130_fd_sc_hd__nor2_1)
     1    0.00    0.08    0.11    2.45 ^ _313_/Y (sky130_fd_sc_hd__nor2_1)
                                         _067_ (net)
                  0.08    0.00    2.45 ^ _317_/C (sky130_fd_sc_hd__or4b_1)
     1    0.01    0.08    0.13    2.58 ^ _317_/X (sky130_fd_sc_hd__or4b_1)
                                         _071_ (net)
                  0.08    0.00    2.58 ^ _318_/A (sky130_fd_sc_hd__clkbuf_1)
     1    0.00    0.06    0.10    2.68 ^ _318_/X (sky130_fd_sc_hd__clkbuf_1)
                                         net21 (net)
                  0.06    0.00    2.68 ^ output21/A (sky130_fd_sc_hd__buf_2)
     1    0.03    0.17    0.19    2.88 ^ output21/X (sky130_fd_sc_hd__buf_2)
                                         out[1] (net)
                  0.17    0.00    2.88 ^ out[1] (out)
                                  2.88   data arrival time

                  0.00    0.00    0.00   clock __VIRTUAL_CLK__ (rise edge)
                          0.00    0.00   clock network delay (ideal)
                          0.25    0.25   clock uncertainty
                          0.00    0.25   clock reconvergence pessimism
                         -2.00   -1.75   output external delay
                                 -1.75   data required time
-----------------------------------------------------------------------------
                                 -1.75   data required time
                                 -2.88   data arrival time
-----------------------------------------------------------------------------
                                  4.63   slack (MET)



worst slack corner Typical: 4.3836
min_report_end
max_report

===========================================================================
report_checks -path_delay max (Setup)
============================================================================
======================= Typical Corner ===================================

Startpoint: B[0] (input port clocked by __VIRTUAL_CLK__)
Endpoint: out[6] (output port clocked by __VIRTUAL_CLK__)
Path Group: __VIRTUAL_CLK__
Path Type: max

Fanout     Cap    Slew   Delay    Time   Description
-----------------------------------------------------------------------------
                  0.00    0.00    0.00   clock __VIRTUAL_CLK__ (rise edge)
                          0.00    0.00   clock network delay (ideal)
                          2.00    2.00 v input external delay
     1    0.00    0.01    0.00    2.00 v B[0] (in)
                                         B[0] (net)
                  0.01    0.00    2.00 v input9/A (sky130_fd_sc_hd__clkbuf_2)
     4    0.02    0.08    0.14    2.14 v input9/X (sky130_fd_sc_hd__clkbuf_2)
                                         net9 (net)
                  0.08    0.00    2.14 v _234_/A (sky130_fd_sc_hd__or2_2)
     4    0.02    0.11    0.39    2.53 v _234_/X (sky130_fd_sc_hd__or2_2)
                                         _162_ (net)
                  0.11    0.00    2.53 v _236_/A3 (sky130_fd_sc_hd__o31a_2)
     3    0.02    0.09    0.38    2.91 v _236_/X (sky130_fd_sc_hd__o31a_2)
                                         _164_ (net)
                  0.09    0.00    2.91 v _268_/A3 (sky130_fd_sc_hd__o31a_1)
     2    0.01    0.09    0.32    3.23 v _268_/X (sky130_fd_sc_hd__o31a_1)
                                         _025_ (net)
                  0.09    0.00    3.23 v _269_/B (sky130_fd_sc_hd__xnor2_1)
     2    0.01    0.08    0.17    3.40 v _269_/Y (sky130_fd_sc_hd__xnor2_1)
                                         _026_ (net)
                  0.08    0.00    3.40 v _270_/B (sky130_fd_sc_hd__and2_1)
     3    0.01    0.07    0.22    3.62 v _270_/X (sky130_fd_sc_hd__and2_1)
                                         _027_ (net)
                  0.07    0.00    3.62 v _272_/A (sky130_fd_sc_hd__or2_2)
     2    0.02    0.10    0.38    4.00 v _272_/X (sky130_fd_sc_hd__or2_2)
                                         _029_ (net)
                  0.10    0.00    4.00 v _276_/B1 (sky130_fd_sc_hd__a311oi_4)
     3    0.02    0.31    0.37    4.37 ^ _276_/Y (sky130_fd_sc_hd__a311oi_4)
                                         _033_ (net)
                  0.31    0.00    4.37 ^ _277_/A_N (sky130_fd_sc_hd__and2b_1)
     1    0.01    0.05    0.25    4.62 v _277_/X (sky130_fd_sc_hd__and2b_1)
                                         _034_ (net)
                  0.05    0.00    4.62 v _291_/A2 (sky130_fd_sc_hd__a21o_1)
     1    0.01    0.05    0.20    4.82 v _291_/X (sky130_fd_sc_hd__a21o_1)
                                         net26 (net)
                  0.05    0.00    4.82 v output26/A (sky130_fd_sc_hd__buf_2)
     1    0.03    0.09    0.19    5.01 v output26/X (sky130_fd_sc_hd__buf_2)
                                         out[6] (net)
                  0.09    0.00    5.01 v out[6] (out)
                                  5.01   data arrival time

                  0.00   10.00   10.00   clock __VIRTUAL_CLK__ (rise edge)
                          0.00   10.00   clock network delay (ideal)
                         -0.25    9.75   clock uncertainty
                          0.00    9.75   clock reconvergence pessimism
                         -2.00    7.75   output external delay
                                  7.75   data required time
-----------------------------------------------------------------------------
                                  7.75   data required time
                                 -5.01   data arrival time
-----------------------------------------------------------------------------
                                  2.74   slack (MET)


Startpoint: B[0] (input port clocked by __VIRTUAL_CLK__)
Endpoint: out[7] (output port clocked by __VIRTUAL_CLK__)
Path Group: __VIRTUAL_CLK__
Path Type: max

Fanout     Cap    Slew   Delay    Time   Description
-----------------------------------------------------------------------------
                  0.00    0.00    0.00   clock __VIRTUAL_CLK__ (rise edge)
                          0.00    0.00   clock network delay (ideal)
                          2.00    2.00 v input external delay
     1    0.00    0.01    0.00    2.00 v B[0] (in)
                                         B[0] (net)
                  0.01    0.00    2.00 v input9/A (sky130_fd_sc_hd__clkbuf_2)
     4    0.02    0.08    0.14    2.14 v input9/X (sky130_fd_sc_hd__clkbuf_2)
                                         net9 (net)
                  0.08    0.00    2.14 v _234_/A (sky130_fd_sc_hd__or2_2)
     4    0.02    0.11    0.39    2.53 v _234_/X (sky130_fd_sc_hd__or2_2)
                                         _162_ (net)
                  0.11    0.00    2.53 v _236_/A3 (sky130_fd_sc_hd__o31a_2)
     3    0.02    0.09    0.38    2.91 v _236_/X (sky130_fd_sc_hd__o31a_2)
                                         _164_ (net)
                  0.09    0.00    2.91 v _268_/A3 (sky130_fd_sc_hd__o31a_1)
     2    0.01    0.09    0.32    3.23 v _268_/X (sky130_fd_sc_hd__o31a_1)
                                         _025_ (net)
                  0.09    0.00    3.23 v _269_/B (sky130_fd_sc_hd__xnor2_1)
     2    0.01    0.08    0.17    3.40 v _269_/Y (sky130_fd_sc_hd__xnor2_1)
                                         _026_ (net)
                  0.08    0.00    3.40 v _270_/B (sky130_fd_sc_hd__and2_1)
     3    0.01    0.07    0.22    3.62 v _270_/X (sky130_fd_sc_hd__and2_1)
                                         _027_ (net)
                  0.07    0.00    3.62 v _272_/A (sky130_fd_sc_hd__or2_2)
     2    0.02    0.10    0.38    4.00 v _272_/X (sky130_fd_sc_hd__or2_2)
                                         _029_ (net)
                  0.10    0.00    4.00 v _276_/B1 (sky130_fd_sc_hd__a311oi_4)
     3    0.02    0.31    0.37    4.37 ^ _276_/Y (sky130_fd_sc_hd__a311oi_4)
                                         _033_ (net)
                  0.31    0.00    4.37 ^ _295_/A2 (sky130_fd_sc_hd__o21ai_1)
     1    0.01    0.10    0.14    4.51 v _295_/Y (sky130_fd_sc_hd__o21ai_1)
                                         _051_ (net)
                  0.10    0.00    4.51 v _302_/A2 (sky130_fd_sc_hd__a31o_1)
     1    0.00    0.04    0.24    4.75 v _302_/X (sky130_fd_sc_hd__a31o_1)
                                         net27 (net)
                  0.04    0.00    4.75 v output27/A (sky130_fd_sc_hd__buf_2)
     1    0.03    0.09    0.19    4.94 v output27/X (sky130_fd_sc_hd__buf_2)
                                         out[7] (net)
                  0.09    0.00    4.94 v out[7] (out)
                                  4.94   data arrival time

                  0.00   10.00   10.00   clock __VIRTUAL_CLK__ (rise edge)
                          0.00   10.00   clock network delay (ideal)
                         -0.25    9.75   clock uncertainty
                          0.00    9.75   clock reconvergence pessimism
                         -2.00    7.75   output external delay
                                  7.75   data required time
-----------------------------------------------------------------------------
                                  7.75   data required time
                                 -4.94   data arrival time
-----------------------------------------------------------------------------
                                  2.81   slack (MET)


Startpoint: opcode[0] (input port clocked by __VIRTUAL_CLK__)
Endpoint: out[4] (output port clocked by __VIRTUAL_CLK__)
Path Group: __VIRTUAL_CLK__
Path Type: max

Fanout     Cap    Slew   Delay    Time   Description
-----------------------------------------------------------------------------
                  0.00    0.00    0.00   clock __VIRTUAL_CLK__ (rise edge)
                          0.00    0.00   clock network delay (ideal)
                          2.00    2.00 v input external delay
     1    0.00    0.01    0.00    2.00 v opcode[0] (in)
                                         opcode[0] (net)
                  0.01    0.00    2.00 v input17/A (sky130_fd_sc_hd__buf_2)
     5    0.03    0.07    0.16    2.16 v input17/X (sky130_fd_sc_hd__buf_2)
                                         net17 (net)
                  0.07    0.00    2.16 v _235_/A_N (sky130_fd_sc_hd__nand3b_4)
     9    0.04    0.15    0.26    2.42 v _235_/Y (sky130_fd_sc_hd__nand3b_4)
                                         _163_ (net)
                  0.15    0.00    2.42 v _242_/C (sky130_fd_sc_hd__and3_1)
     2    0.01    0.08    0.28    2.70 v _242_/X (sky130_fd_sc_hd__and3_1)
                                         _000_ (net)
                  0.08    0.00    2.70 v _244_/A1 (sky130_fd_sc_hd__o21a_2)
     4    0.02    0.08    0.28    2.98 v _244_/X (sky130_fd_sc_hd__o21a_2)
                                         _002_ (net)
                  0.08    0.00    2.98 v _247_/A_N (sky130_fd_sc_hd__and3b_1)
     3    0.02    0.18    0.33    3.32 ^ _247_/X (sky130_fd_sc_hd__and3b_1)
                                         _005_ (net)
                  0.18    0.00    3.32 ^ _250_/A2 (sky130_fd_sc_hd__o21ai_4)
     4    0.02    0.08    0.10    3.42 v _250_/Y (sky130_fd_sc_hd__o21ai_4)
                                         _008_ (net)
                  0.08    0.00    3.42 v _257_/A2 (sky130_fd_sc_hd__a311o_4)
     5    0.03    0.09    0.45    3.87 v _257_/X (sky130_fd_sc_hd__a311o_4)
                                         _015_ (net)
                  0.09    0.00    3.87 v _338_/A (sky130_fd_sc_hd__and3_1)
     1    0.00    0.05    0.18    4.05 v _338_/X (sky130_fd_sc_hd__and3_1)
                                         _089_ (net)
                  0.05    0.00    4.05 v _346_/A (sky130_fd_sc_hd__or3_1)
     1    0.01    0.08    0.41    4.46 v _346_/X (sky130_fd_sc_hd__or3_1)
                                         _097_ (net)
                  0.08    0.00    4.46 v _347_/A (sky130_fd_sc_hd__buf_1)
     1    0.01    0.05    0.13    4.59 v _347_/X (sky130_fd_sc_hd__buf_1)
                                         net24 (net)
                  0.05    0.00    4.59 v output24/A (sky130_fd_sc_hd__buf_2)
     1    0.03    0.09    0.19    4.79 v output24/X (sky130_fd_sc_hd__buf_2)
                                         out[4] (net)
                  0.09    0.00    4.79 v out[4] (out)
                                  4.79   data arrival time

                  0.00   10.00   10.00   clock __VIRTUAL_CLK__ (rise edge)
                          0.00   10.00   clock network delay (ideal)
                         -0.25    9.75   clock uncertainty
                          0.00    9.75   clock reconvergence pessimism
                         -2.00    7.75   output external delay
                                  7.75   data required time
-----------------------------------------------------------------------------
                                  7.75   data required time
                                 -4.79   data arrival time
-----------------------------------------------------------------------------
                                  2.96   slack (MET)


Startpoint: opcode[0] (input port clocked by __VIRTUAL_CLK__)
Endpoint: out[5] (output port clocked by __VIRTUAL_CLK__)
Path Group: __VIRTUAL_CLK__
Path Type: max

Fanout     Cap    Slew   Delay    Time   Description
-----------------------------------------------------------------------------
                  0.00    0.00    0.00   clock __VIRTUAL_CLK__ (rise edge)
                          0.00    0.00   clock network delay (ideal)
                          2.00    2.00 v input external delay
     1    0.00    0.01    0.00    2.00 v opcode[0] (in)
                                         opcode[0] (net)
                  0.01    0.00    2.00 v input17/A (sky130_fd_sc_hd__buf_2)
     5    0.03    0.07    0.16    2.16 v input17/X (sky130_fd_sc_hd__buf_2)
                                         net17 (net)
                  0.07    0.00    2.16 v _235_/A_N (sky130_fd_sc_hd__nand3b_4)
     9    0.04    0.15    0.26    2.42 v _235_/Y (sky130_fd_sc_hd__nand3b_4)
                                         _163_ (net)
                  0.15    0.00    2.42 v _242_/C (sky130_fd_sc_hd__and3_1)
     2    0.01    0.08    0.28    2.70 v _242_/X (sky130_fd_sc_hd__and3_1)
                                         _000_ (net)
                  0.08    0.00    2.70 v _244_/A1 (sky130_fd_sc_hd__o21a_2)
     4    0.02    0.08    0.28    2.98 v _244_/X (sky130_fd_sc_hd__o21a_2)
                                         _002_ (net)
                  0.08    0.00    2.98 v _247_/A_N (sky130_fd_sc_hd__and3b_1)
     3    0.02    0.18    0.33    3.32 ^ _247_/X (sky130_fd_sc_hd__and3b_1)
                                         _005_ (net)
                  0.18    0.00    3.32 ^ _250_/A2 (sky130_fd_sc_hd__o21ai_4)
     4    0.02    0.08    0.10    3.42 v _250_/Y (sky130_fd_sc_hd__o21ai_4)
                                         _008_ (net)
                  0.08    0.00    3.42 v _257_/A2 (sky130_fd_sc_hd__a311o_4)
     5    0.03    0.09    0.45    3.87 v _257_/X (sky130_fd_sc_hd__a311o_4)
                                         _015_ (net)
                  0.09    0.00    3.87 v _263_/A2 (sky130_fd_sc_hd__a21o_1)
     1    0.00    0.04    0.20    4.08 v _263_/X (sky130_fd_sc_hd__a21o_1)
                                         _021_ (net)
                  0.04    0.00    4.08 v _266_/A (sky130_fd_sc_hd__and3_1)
     1    0.01    0.06    0.17    4.24 v _266_/X (sky130_fd_sc_hd__and3_1)
                                         _024_ (net)
                  0.06    0.00    4.24 v _267_/C1 (sky130_fd_sc_hd__a211o_1)
     1    0.01    0.07    0.26    4.51 v _267_/X (sky130_fd_sc_hd__a211o_1)
                                         net25 (net)
                  0.07    0.00    4.51 v output25/A (sky130_fd_sc_hd__buf_2)
     1    0.03    0.09    0.20    4.71 v output25/X (sky130_fd_sc_hd__buf_2)
                                         out[5] (net)
                  0.09    0.00    4.71 v out[5] (out)
                                  4.71   data arrival time

                  0.00   10.00   10.00   clock __VIRTUAL_CLK__ (rise edge)
                          0.00   10.00   clock network delay (ideal)
                         -0.25    9.75   clock uncertainty
                          0.00    9.75   clock reconvergence pessimism
                         -2.00    7.75   output external delay
                                  7.75   data required time
-----------------------------------------------------------------------------
                                  7.75   data required time
                                 -4.71   data arrival time
-----------------------------------------------------------------------------
                                  3.04   slack (MET)


Startpoint: opcode[0] (input port clocked by __VIRTUAL_CLK__)
Endpoint: out[3] (output port clocked by __VIRTUAL_CLK__)
Path Group: __VIRTUAL_CLK__
Path Type: max

Fanout     Cap    Slew   Delay    Time   Description
-----------------------------------------------------------------------------
                  0.00    0.00    0.00   clock __VIRTUAL_CLK__ (rise edge)
                          0.00    0.00   clock network delay (ideal)
                          2.00    2.00 v input external delay
     1    0.00    0.01    0.00    2.00 v opcode[0] (in)
                                         opcode[0] (net)
                  0.01    0.00    2.00 v input17/A (sky130_fd_sc_hd__buf_2)
     5    0.03    0.07    0.16    2.16 v input17/X (sky130_fd_sc_hd__buf_2)
                                         net17 (net)
                  0.07    0.00    2.16 v _235_/A_N (sky130_fd_sc_hd__nand3b_4)
     9    0.04    0.15    0.26    2.42 v _235_/Y (sky130_fd_sc_hd__nand3b_4)
                                         _163_ (net)
                  0.15    0.00    2.42 v _242_/C (sky130_fd_sc_hd__and3_1)
     2    0.01    0.08    0.28    2.70 v _242_/X (sky130_fd_sc_hd__and3_1)
                                         _000_ (net)
                  0.08    0.00    2.70 v _245_/B (sky130_fd_sc_hd__or3_1)
     2    0.01    0.09    0.41    3.11 v _245_/X (sky130_fd_sc_hd__or3_1)
                                         _003_ (net)
                  0.09    0.00    3.11 v _247_/B (sky130_fd_sc_hd__and3b_1)
     3    0.02    0.09    0.25    3.35 v _247_/X (sky130_fd_sc_hd__and3b_1)
                                         _005_ (net)
                  0.09    0.00    3.35 v _250_/A2 (sky130_fd_sc_hd__o21ai_4)
     4    0.02    0.19    0.21    3.57 ^ _250_/Y (sky130_fd_sc_hd__o21ai_4)
                                         _008_ (net)
                  0.19    0.00    3.57 ^ _328_/B (sky130_fd_sc_hd__nand2_1)
     1    0.01    0.10    0.13    3.70 v _328_/Y (sky130_fd_sc_hd__nand2_1)
                                         _080_ (net)
                  0.10    0.00    3.70 v _329_/B (sky130_fd_sc_hd__xnor2_1)
     1    0.01    0.07    0.17    3.87 v _329_/Y (sky130_fd_sc_hd__xnor2_1)
                                         _081_ (net)
                  0.07    0.00    3.87 v _335_/A2 (sky130_fd_sc_hd__a221o_1)
     1    0.01    0.08    0.40    4.27 v _335_/X (sky130_fd_sc_hd__a221o_1)
                                         net23 (net)
                  0.08    0.00    4.27 v output23/A (sky130_fd_sc_hd__buf_2)
     1    0.03    0.09    0.21    4.48 v output23/X (sky130_fd_sc_hd__buf_2)
                                         out[3] (net)
                  0.09    0.00    4.48 v out[3] (out)
                                  4.48   data arrival time

                  0.00   10.00   10.00   clock __VIRTUAL_CLK__ (rise edge)
                          0.00   10.00   clock network delay (ideal)
                         -0.25    9.75   clock uncertainty
                          0.00    9.75   clock reconvergence pessimism
                         -2.00    7.75   output external delay
                                  7.75   data required time
-----------------------------------------------------------------------------
                                  7.75   data required time
                                 -4.48   data arrival time
-----------------------------------------------------------------------------
                                  3.27   slack (MET)


Startpoint: opcode[0] (input port clocked by __VIRTUAL_CLK__)
Endpoint: out[1] (output port clocked by __VIRTUAL_CLK__)
Path Group: __VIRTUAL_CLK__
Path Type: max

Fanout     Cap    Slew   Delay    Time   Description
-----------------------------------------------------------------------------
                  0.00    0.00    0.00   clock __VIRTUAL_CLK__ (rise edge)
                          0.00    0.00   clock network delay (ideal)
                          2.00    2.00 v input external delay
     1    0.00    0.01    0.00    2.00 v opcode[0] (in)
                                         opcode[0] (net)
                  0.01    0.00    2.00 v input17/A (sky130_fd_sc_hd__buf_2)
     5    0.03    0.07    0.16    2.16 v input17/X (sky130_fd_sc_hd__buf_2)
                                         net17 (net)
                  0.07    0.00    2.16 v _235_/A_N (sky130_fd_sc_hd__nand3b_4)
     9    0.04    0.15    0.26    2.42 v _235_/Y (sky130_fd_sc_hd__nand3b_4)
                                         _163_ (net)
                  0.15    0.00    2.42 v _242_/C (sky130_fd_sc_hd__and3_1)
     2    0.01    0.08    0.28    2.70 v _242_/X (sky130_fd_sc_hd__and3_1)
                                         _000_ (net)
                  0.08    0.00    2.70 v _245_/B (sky130_fd_sc_hd__or3_1)
     2    0.01    0.09    0.41    3.11 v _245_/X (sky130_fd_sc_hd__or3_1)
                                         _003_ (net)
                  0.09    0.00    3.11 v _314_/B (sky130_fd_sc_hd__and2b_1)
     1    0.01    0.05    0.20    3.30 v _314_/X (sky130_fd_sc_hd__and2b_1)
                                         _068_ (net)
                  0.05    0.00    3.30 v _315_/A (sky130_fd_sc_hd__nor2_1)
     1    0.00    0.09    0.11    3.42 ^ _315_/Y (sky130_fd_sc_hd__nor2_1)
                                         _069_ (net)
                  0.09    0.00    3.42 ^ _316_/B (sky130_fd_sc_hd__or3b_1)
     1    0.00    0.05    0.12    3.54 ^ _316_/X (sky130_fd_sc_hd__or3b_1)
                                         _070_ (net)
                  0.05    0.00    3.54 ^ _317_/D_N (sky130_fd_sc_hd__or4b_1)
     1    0.01    0.11    0.49    4.03 v _317_/X (sky130_fd_sc_hd__or4b_1)
                                         _071_ (net)
                  0.11    0.00    4.03 v _318_/A (sky130_fd_sc_hd__clkbuf_1)
     1    0.00    0.04    0.13    4.16 v _318_/X (sky130_fd_sc_hd__clkbuf_1)
                                         net21 (net)
                  0.04    0.00    4.16 v output21/A (sky130_fd_sc_hd__buf_2)
     1    0.03    0.09    0.18    4.35 v output21/X (sky130_fd_sc_hd__buf_2)
                                         out[1] (net)
                  0.09    0.00    4.35 v out[1] (out)
                                  4.35   data arrival time

                  0.00   10.00   10.00   clock __VIRTUAL_CLK__ (rise edge)
                          0.00   10.00   clock network delay (ideal)
                         -0.25    9.75   clock uncertainty
                          0.00    9.75   clock reconvergence pessimism
                         -2.00    7.75   output external delay
                                  7.75   data required time
-----------------------------------------------------------------------------
                                  7.75   data required time
                                 -4.35   data arrival time
-----------------------------------------------------------------------------
                                  3.40   slack (MET)


Startpoint: B[0] (input port clocked by __VIRTUAL_CLK__)
Endpoint: out[2] (output port clocked by __VIRTUAL_CLK__)
Path Group: __VIRTUAL_CLK__
Path Type: max

Fanout     Cap    Slew   Delay    Time   Description
-----------------------------------------------------------------------------
                  0.00    0.00    0.00   clock __VIRTUAL_CLK__ (rise edge)
                          0.00    0.00   clock network delay (ideal)
                          2.00    2.00 v input external delay
     1    0.00    0.01    0.00    2.00 v B[0] (in)
                                         B[0] (net)
                  0.01    0.00    2.00 v input9/A (sky130_fd_sc_hd__clkbuf_2)
     4    0.02    0.08    0.14    2.14 v input9/X (sky130_fd_sc_hd__clkbuf_2)
                                         net9 (net)
                  0.08    0.00    2.14 v _234_/A (sky130_fd_sc_hd__or2_2)
     4    0.02    0.11    0.39    2.53 v _234_/X (sky130_fd_sc_hd__or2_2)
                                         _162_ (net)
                  0.11    0.00    2.53 v _240_/C (sky130_fd_sc_hd__and3_1)
     2    0.01    0.07    0.25    2.78 v _240_/X (sky130_fd_sc_hd__and3_1)
                                         _168_ (net)
                  0.07    0.00    2.78 v _248_/C (sky130_fd_sc_hd__or3_1)
     1    0.00    0.07    0.34    3.12 v _248_/X (sky130_fd_sc_hd__or3_1)
                                         _006_ (net)
                  0.07    0.00    3.12 v _249_/B (sky130_fd_sc_hd__and2_1)
     2    0.02    0.09    0.23    3.35 v _249_/X (sky130_fd_sc_hd__and2_1)
                                         _007_ (net)
                  0.09    0.00    3.35 v _319_/A (sky130_fd_sc_hd__or3_1)
     1    0.00    0.06    0.39    3.74 v _319_/X (sky130_fd_sc_hd__or3_1)
                                         _072_ (net)
                  0.06    0.00    3.74 v _326_/A3 (sky130_fd_sc_hd__a31o_1)
     1    0.01    0.06    0.26    4.00 v _326_/X (sky130_fd_sc_hd__a31o_1)
                                         net22 (net)
                  0.06    0.00    4.00 v output22/A (sky130_fd_sc_hd__buf_2)
     1    0.03    0.09    0.20    4.20 v output22/X (sky130_fd_sc_hd__buf_2)
                                         out[2] (net)
                  0.09    0.00    4.20 v out[2] (out)
                                  4.20   data arrival time

                  0.00   10.00   10.00   clock __VIRTUAL_CLK__ (rise edge)
                          0.00   10.00   clock network delay (ideal)
                         -0.25    9.75   clock uncertainty
                          0.00    9.75   clock reconvergence pessimism
                         -2.00    7.75   output external delay
                                  7.75   data required time
-----------------------------------------------------------------------------
                                  7.75   data required time
                                 -4.20   data arrival time
-----------------------------------------------------------------------------
                                  3.55   slack (MET)


Startpoint: opcode[1] (input port clocked by __VIRTUAL_CLK__)
Endpoint: out[0] (output port clocked by __VIRTUAL_CLK__)
Path Group: __VIRTUAL_CLK__
Path Type: max

Fanout     Cap    Slew   Delay    Time   Description
-----------------------------------------------------------------------------
                  0.00    0.00    0.00   clock __VIRTUAL_CLK__ (rise edge)
                          0.00    0.00   clock network delay (ideal)
                          2.00    2.00 v input external delay
     1    0.00    0.01    0.00    2.00 v opcode[1] (in)
                                         opcode[1] (net)
                  0.01    0.00    2.00 v input18/A (sky130_fd_sc_hd__clkbuf_4)
     6    0.03    0.08    0.17    2.18 v input18/X (sky130_fd_sc_hd__clkbuf_4)
                                         net18 (net)
                  0.08    0.00    2.18 v _171_/B (sky130_fd_sc_hd__or2_2)
     4    0.02    0.11    0.38    2.56 v _171_/X (sky130_fd_sc_hd__or2_2)
                                         _099_ (net)
                  0.11    0.00    2.56 v _224_/B (sky130_fd_sc_hd__or2_1)
     1    0.01    0.07    0.26    2.82 v _224_/X (sky130_fd_sc_hd__or2_1)
                                         _152_ (net)
                  0.07    0.00    2.82 v _225_/A (sky130_fd_sc_hd__buf_2)
     8    0.03    0.08    0.19    3.01 v _225_/X (sky130_fd_sc_hd__buf_2)
                                         _153_ (net)
                  0.08    0.00    3.01 v _306_/A2 (sky130_fd_sc_hd__o21ai_1)
     1    0.01    0.15    0.17    3.19 ^ _306_/Y (sky130_fd_sc_hd__o21ai_1)
                                         _061_ (net)
                  0.15    0.00    3.19 ^ _307_/B1 (sky130_fd_sc_hd__a31o_1)
     1    0.01    0.10    0.17    3.36 ^ _307_/X (sky130_fd_sc_hd__a31o_1)
                                         net20 (net)
                  0.10    0.00    3.36 ^ output20/A (sky130_fd_sc_hd__buf_2)
     1    0.03    0.17    0.23    3.59 ^ output20/X (sky130_fd_sc_hd__buf_2)
                                         out[0] (net)
                  0.17    0.00    3.59 ^ out[0] (out)
                                  3.59   data arrival time

                  0.00   10.00   10.00   clock __VIRTUAL_CLK__ (rise edge)
                          0.00   10.00   clock network delay (ideal)
                         -0.25    9.75   clock uncertainty
                          0.00    9.75   clock reconvergence pessimism
                         -2.00    7.75   output external delay
                                  7.75   data required time
-----------------------------------------------------------------------------
                                  7.75   data required time
                                 -3.59   data arrival time
-----------------------------------------------------------------------------
                                  4.16   slack (MET)



worst slack corner Typical: 2.7363
max_report_end
checks_report

===========================================================================
report_checks -unconstrained
===========================================================================
======================= Typical Corner ===================================

Startpoint: B[0] (input port clocked by __VIRTUAL_CLK__)
Endpoint: out[6] (output port clocked by __VIRTUAL_CLK__)
Path Group: __VIRTUAL_CLK__
Path Type: max

Fanout     Cap    Slew   Delay    Time   Description
-----------------------------------------------------------------------------
                  0.00    0.00    0.00   clock __VIRTUAL_CLK__ (rise edge)
                          0.00    0.00   clock network delay (ideal)
                          2.00    2.00 v input external delay
     1    0.00    0.01    0.00    2.00 v B[0] (in)
                                         B[0] (net)
                  0.01    0.00    2.00 v input9/A (sky130_fd_sc_hd__clkbuf_2)
     4    0.02    0.08    0.14    2.14 v input9/X (sky130_fd_sc_hd__clkbuf_2)
                                         net9 (net)
                  0.08    0.00    2.14 v _234_/A (sky130_fd_sc_hd__or2_2)
     4    0.02    0.11    0.39    2.53 v _234_/X (sky130_fd_sc_hd__or2_2)
                                         _162_ (net)
                  0.11    0.00    2.53 v _236_/A3 (sky130_fd_sc_hd__o31a_2)
     3    0.02    0.09    0.38    2.91 v _236_/X (sky130_fd_sc_hd__o31a_2)
                                         _164_ (net)
                  0.09    0.00    2.91 v _268_/A3 (sky130_fd_sc_hd__o31a_1)
     2    0.01    0.09    0.32    3.23 v _268_/X (sky130_fd_sc_hd__o31a_1)
                                         _025_ (net)
                  0.09    0.00    3.23 v _269_/B (sky130_fd_sc_hd__xnor2_1)
     2    0.01    0.08    0.17    3.40 v _269_/Y (sky130_fd_sc_hd__xnor2_1)
                                         _026_ (net)
                  0.08    0.00    3.40 v _270_/B (sky130_fd_sc_hd__and2_1)
     3    0.01    0.07    0.22    3.62 v _270_/X (sky130_fd_sc_hd__and2_1)
                                         _027_ (net)
                  0.07    0.00    3.62 v _272_/A (sky130_fd_sc_hd__or2_2)
     2    0.02    0.10    0.38    4.00 v _272_/X (sky130_fd_sc_hd__or2_2)
                                         _029_ (net)
                  0.10    0.00    4.00 v _276_/B1 (sky130_fd_sc_hd__a311oi_4)
     3    0.02    0.31    0.37    4.37 ^ _276_/Y (sky130_fd_sc_hd__a311oi_4)
                                         _033_ (net)
                  0.31    0.00    4.37 ^ _277_/A_N (sky130_fd_sc_hd__and2b_1)
     1    0.01    0.05    0.25    4.62 v _277_/X (sky130_fd_sc_hd__and2b_1)
                                         _034_ (net)
                  0.05    0.00    4.62 v _291_/A2 (sky130_fd_sc_hd__a21o_1)
     1    0.01    0.05    0.20    4.82 v _291_/X (sky130_fd_sc_hd__a21o_1)
                                         net26 (net)
                  0.05    0.00    4.82 v output26/A (sky130_fd_sc_hd__buf_2)
     1    0.03    0.09    0.19    5.01 v output26/X (sky130_fd_sc_hd__buf_2)
                                         out[6] (net)
                  0.09    0.00    5.01 v out[6] (out)
                                  5.01   data arrival time

                  0.00   10.00   10.00   clock __VIRTUAL_CLK__ (rise edge)
                          0.00   10.00   clock network delay (ideal)
                         -0.25    9.75   clock uncertainty
                          0.00    9.75   clock reconvergence pessimism
                         -2.00    7.75   output external delay
                                  7.75   data required time
-----------------------------------------------------------------------------
                                  7.75   data required time
                                 -5.01   data arrival time
-----------------------------------------------------------------------------
                                  2.74   slack (MET)




===========================================================================
report_checks --slack_max -0.01
============================================================================
======================= Typical Corner ===================================

No paths found.


===========================================================================
 report_check_types -max_slew -max_cap -max_fanout -violators
============================================================================
======================= Typical Corner ===================================


max slew violations count Typical: 0
max fanout violations count Typical: 0
max cap violations count Typical: 0

===========================================================================
report_parasitic_annotation -report_unannotated
============================================================================
Found 0 unannotated drivers.
Found 0 partially unannotated drivers.

===========================================================================
max slew violation count 0
max fanout violation count 0
max cap violation count 0
============================================================================

===========================================================================
check_setup -verbose -unconstrained_endpoints -multiple_clock -no_clock -no_input_delay -loops -generated_clocks
===========================================================================
checks_report_end
power_report

===========================================================================
 report_power
============================================================================
======================= Typical Corner ===================================

Group                  Internal  Switching    Leakage      Total
                          Power      Power      Power      Power (Watts)
----------------------------------------------------------------
Sequential             0.00e+00   0.00e+00   0.00e+00   0.00e+00   0.0%
Combinational          4.45e-05   7.57e-05   7.59e-10   1.20e-04 100.0%
Clock                  0.00e+00   0.00e+00   1.81e-10   1.81e-10   0.0%
Macro                  0.00e+00   0.00e+00   0.00e+00   0.00e+00   0.0%
Pad                    0.00e+00   0.00e+00   0.00e+00   0.00e+00   0.0%
----------------------------------------------------------------
Total                  4.45e-05   7.57e-05   9.40e-10   1.20e-04 100.0%
                          37.1%      62.9%       0.0%

power_report_end
summary_report

===========================================================================
report_tns
============================================================================
tns 0.00

===========================================================================
report_wns
============================================================================
wns 0.00

===========================================================================
report_worst_slack -max (Setup)
============================================================================
worst slack 2.74

===========================================================================
report_worst_slack -min (Hold)
============================================================================
worst slack 4.38
summary_report_end
area_report

===========================================================================
report_design_area
============================================================================
Design area 1693 u^2 25% utilization.
area_report_end
check_nonpropagated_clocks
__VIRTUAL_CLK__
check_nonpropagated_clocks_end
[WARNING] Did not save OpenROAD database!
Writing SDF to '/openlane/designs/alu/runs/RUN_2025.05.04_08.56.33/results/signoff/alu.sdf'…
