OpenROAD b16bda7e82721d10566ff7e2b68f1ff0be9f9e38 
Features included (+) or not (-): +Charts +GPU +GUI +Python
This program is licensed under the BSD-3 license. See the LICENSE file for details.
Components of this program may be licensed under more restrictive licenses which must be honored.
define_corners Typical
read_liberty -corner Typical /home/kagan/.volare/sky130A/libs.ref/sky130_fd_sc_hd/lib/sky130_fd_sc_hd__tt_025C_1v80.lib
Using 1e-12 for capacitance...
Using 1e+03 for resistance...
Using 1e-09 for time...
Using 1e+00 for voltage...
Using 1e-03 for current...
Using 1e-09 for power...
Using 1e-06 for distance...
[INFO]: Reading ODB at '/openlane/designs/alu/runs/RUN_2025.05.04_08.56.33/tmp/placement/8-resizer.odb'…
Reading design constraints file at '/openlane/scripts/base.sdc'…
[INFO]: Setting output delay to: 2.0
[INFO]: Setting input delay to: 2.0
[WARNING STA-0366] port '__VIRTUAL_CLK__' not found.
[INFO]: Setting load to: 0.033442
[INFO]: Setting clock uncertainty to: 0.25
[INFO]: Setting clock transition to: 0.15
[WARNING STA-0419] transition time can not be specified for virtual clocks.
[INFO]: Setting timing derate to: 5.0 %
Placement Analysis
---------------------------------
total displacement          0.0 u
average displacement        0.0 u
max displacement            0.0 u
original HPWL           15631.8 u
legalized HPWL          15771.4 u
delta HPWL                    1 %

[INFO DPL-0020] Mirrored 77 instances
[INFO DPL-0021] HPWL before           15771.4 u
[INFO DPL-0022] HPWL after            15631.8 u
[INFO DPL-0023] HPWL delta               -0.9 %
Setting global connections for newly added cells…
Writing OpenROAD database to '/openlane/designs/alu/runs/RUN_2025.05.04_08.56.33/results/placement/alu.odb'…
Writing netlist to '/openlane/designs/alu/runs/RUN_2025.05.04_08.56.33/results/placement/alu.nl.v'…
Writing powered netlist to '/openlane/designs/alu/runs/RUN_2025.05.04_08.56.33/results/placement/alu.pnl.v'…
Writing layout to '/openlane/designs/alu/runs/RUN_2025.05.04_08.56.33/results/placement/alu.def'…
