Instance,Terminal,Layer,X location,Y location,Voltage
FILLER_0_12_47,VGND,li1,27.3700,43.5200,0.000000
FILLER_0_12_41,VGND,li1,25.7600,43.5200,0.000000
FILLER_0_12_29,VGND,li1,21.6200,43.5200,0.000000
FILLER_0_12_27,VGND,li1,18.1700,43.5200,0.000000
FILLER_0_12_15,VGND,li1,15.1800,43.5200,0.000000
FILLER_0_12_3,VGND,li1,9.6600,43.5200,0.000000
FILLER_0_11_47,VGND,li1,27.3700,43.5200,0.000000
FILLER_0_11_39,VGND,li1,25.3000,43.5200,0.000000
FILLER_0_11_27,VGND,li1,20.7000,43.5200,0.000000
FILLER_0_11_15,VGND,li1,15.1800,43.5200,0.000000
FILLER_0_11_3,VGND,li1,9.6600,43.5200,0.000000
FILLER_0_10_47,VGND,li1,27.3700,38.0800,0.000000
FILLER_0_10_41,VGND,li1,25.7600,38.0800,0.000000
FILLER_0_10_29,VGND,li1,21.6200,38.0800,0.000000
FILLER_0_10_27,VGND,li1,18.1700,38.0800,0.000000
FILLER_0_10_15,VGND,li1,15.1800,38.0800,0.000000
FILLER_0_10_11,VGND,li1,10.8100,38.0800,0.000000
FILLER_0_10_3,VGND,li1,8.7400,38.0800,0.000000
FILLER_0_9_47,VGND,li1,27.3700,38.0800,0.000000
FILLER_0_9_39,VGND,li1,25.3000,38.0800,0.000000
FILLER_0_9_27,VGND,li1,20.7000,38.0800,0.000000
FILLER_0_9_15,VGND,li1,15.1800,38.0800,0.000000
FILLER_0_9_3,VGND,li1,9.6600,38.0800,0.000000
FILLER_0_8_47,VGND,li1,27.3700,32.6400,0.000000
FILLER_0_8_41,VGND,li1,25.7600,32.6400,0.000000
FILLER_0_8_29,VGND,li1,21.6200,32.6400,0.000000
FILLER_0_8_27,VGND,li1,18.1700,32.6400,0.000000
FILLER_0_8_15,VGND,li1,15.1800,32.6400,0.000000
FILLER_0_8_3,VGND,li1,9.6600,32.6400,0.000000
FILLER_0_7_47,VGND,li1,27.3700,32.6400,0.000000
FILLER_0_7_39,VGND,li1,25.3000,32.6400,0.000000
FILLER_0_7_27,VGND,li1,20.7000,32.6400,0.000000
FILLER_0_7_15,VGND,li1,15.1800,32.6400,0.000000
FILLER_0_7_3,VGND,li1,9.6600,32.6400,0.000000
FILLER_0_6_41,VGND,li1,25.0700,27.2000,0.000002
FILLER_0_6_29,VGND,li1,21.6200,27.2000,0.000002
FILLER_0_6_26,VGND,li1,17.9400,27.2000,0.000002
FILLER_0_6_18,VGND,li1,15.6400,27.2000,0.000001
FILLER_0_6_6,VGND,li1,11.0400,27.2000,0.000001
FILLER_0_5_47,VGND,li1,27.3700,27.2000,0.000002
FILLER_0_5_39,VGND,li1,25.3000,27.2000,0.000002
FILLER_0_5_27,VGND,li1,20.7000,27.2000,0.000002
FILLER_0_5_15,VGND,li1,15.1800,27.2000,0.000001
FILLER_0_5_3,VGND,li1,9.6600,27.2000,0.000001
FILLER_0_4_47,VGND,li1,27.3700,21.7600,0.000000
FILLER_0_4_41,VGND,li1,25.7600,21.7600,0.000000
FILLER_0_4_29,VGND,li1,21.6200,21.7600,0.000000
FILLER_0_4_27,VGND,li1,18.1700,21.7600,0.000000
FILLER_0_4_15,VGND,li1,15.1800,21.7600,0.000000
FILLER_0_4_3,VGND,li1,9.6600,21.7600,0.000000
FILLER_0_3_47,VGND,li1,27.3700,21.7600,0.000000
FILLER_0_3_39,VGND,li1,25.3000,21.7600,0.000000
FILLER_0_3_27,VGND,li1,20.7000,21.7600,0.000000
FILLER_0_3_15,VGND,li1,15.1800,21.7600,0.000000
FILLER_0_3_3,VGND,li1,9.6600,21.7600,0.000000
FILLER_0_2_47,VGND,li1,27.3700,16.3200,0.000000
FILLER_0_2_41,VGND,li1,25.7600,16.3200,0.000000
FILLER_0_2_29,VGND,li1,21.6200,16.3200,0.000000
FILLER_0_2_27,VGND,li1,18.1700,16.3200,0.000000
FILLER_0_2_15,VGND,li1,15.1800,16.3200,0.000000
FILLER_0_2_3,VGND,li1,9.6600,16.3200,0.000000
FILLER_0_1_47,VGND,li1,27.3700,16.3200,0.000000
FILLER_0_1_39,VGND,li1,25.3000,16.3200,0.000000
FILLER_0_1_27,VGND,li1,20.7000,16.3200,0.000000
FILLER_0_1_15,VGND,li1,15.1800,16.3200,0.000000
FILLER_0_1_3,VGND,li1,9.6600,16.3200,0.000000
FILLER_0_0_47,VGND,li1,27.3700,10.8800,0.000000
FILLER_0_0_41,VGND,li1,25.7600,10.8800,0.000000
FILLER_0_0_29,VGND,li1,21.6200,10.8800,0.000000
FILLER_0_0_27,VGND,li1,18.1700,10.8800,0.000000
FILLER_0_0_15,VGND,li1,15.1800,10.8800,0.000000
FILLER_0_0_3,VGND,li1,9.6600,10.8800,0.000000
output2,VGND,li1,26.6800,27.2000,0.000002
input1,VGND,li1,7.5900,27.2000,0.000001
TAP_TAPCELL_ROW_12_32,VGND,li1,18.6300,43.8110,0.000000
TAP_TAPCELL_ROW_10_31,VGND,li1,18.6300,38.3710,0.000000
TAP_TAPCELL_ROW_8_30,VGND,li1,18.6300,32.9310,0.000000
TAP_TAPCELL_ROW_6_29,VGND,li1,18.6300,27.4910,0.000002
TAP_TAPCELL_ROW_4_28,VGND,li1,18.6300,22.0510,0.000000
TAP_TAPCELL_ROW_2_27,VGND,li1,18.6300,16.6110,0.000000
TAP_TAPCELL_ROW_0_26,VGND,li1,18.6300,11.1710,0.000000
PHY_EDGE_ROW_12_Left_25,VGND,li1,6.2100,43.5200,0.000000
PHY_EDGE_ROW_11_Left_24,VGND,li1,6.2100,43.5200,0.000000
PHY_EDGE_ROW_10_Left_23,VGND,li1,6.2100,38.0800,0.000000
PHY_EDGE_ROW_9_Left_22,VGND,li1,6.2100,38.0800,0.000000
PHY_EDGE_ROW_8_Left_21,VGND,li1,6.2100,32.6400,0.000000
PHY_EDGE_ROW_7_Left_20,VGND,li1,6.2100,32.6400,0.000000
PHY_EDGE_ROW_6_Left_19,VGND,li1,6.2100,27.2000,0.000001
PHY_EDGE_ROW_5_Left_18,VGND,li1,6.2100,27.2000,0.000001
PHY_EDGE_ROW_4_Left_17,VGND,li1,6.2100,21.7600,0.000000
PHY_EDGE_ROW_3_Left_16,VGND,li1,6.2100,21.7600,0.000000
PHY_EDGE_ROW_2_Left_15,VGND,li1,6.2100,16.3200,0.000000
PHY_EDGE_ROW_1_Left_14,VGND,li1,6.2100,16.3200,0.000000
PHY_EDGE_ROW_0_Left_13,VGND,li1,6.2100,10.8800,0.000000
PHY_EDGE_ROW_12_Right_12,VGND,li1,28.2900,43.5200,0.000000
PHY_EDGE_ROW_11_Right_11,VGND,li1,28.2900,43.5200,0.000000
PHY_EDGE_ROW_10_Right_10,VGND,li1,28.2900,38.0800,0.000000
PHY_EDGE_ROW_9_Right_9,VGND,li1,28.2900,38.0800,0.000000
PHY_EDGE_ROW_8_Right_8,VGND,li1,28.2900,32.6400,0.000000
PHY_EDGE_ROW_7_Right_7,VGND,li1,28.2900,32.6400,0.000000
PHY_EDGE_ROW_6_Right_6,VGND,li1,28.2900,27.2000,0.000002
PHY_EDGE_ROW_5_Right_5,VGND,li1,28.2900,27.2000,0.000002
PHY_EDGE_ROW_4_Right_4,VGND,li1,28.2900,21.7600,0.000000
PHY_EDGE_ROW_3_Right_3,VGND,li1,28.2900,21.7600,0.000000
PHY_EDGE_ROW_2_Right_2,VGND,li1,28.2900,16.3200,0.000000
PHY_EDGE_ROW_1_Right_1,VGND,li1,28.2900,16.3200,0.000000
PHY_EDGE_ROW_0_Right_0,VGND,li1,28.2900,10.8800,0.000000
_0_,VGND,li1,11.7300,38.0800,0.000000
