OpenROAD b16bda7e82721d10566ff7e2b68f1ff0be9f9e38 
Features included (+) or not (-): +Charts +GPU +GUI +Python
This program is licensed under the BSD-3 license. See the LICENSE file for details.
Components of this program may be licensed under more restrictive licenses which must be honored.
define_corners Typical
read_liberty -corner Typical /home/kagan/.volare/sky130A/libs.ref/sky130_fd_sc_hd/lib/sky130_fd_sc_hd__tt_025C_1v80.lib
Using 1e-12 for capacitance...
Using 1e+03 for resistance...
Using 1e-09 for time...
Using 1e+00 for voltage...
Using 1e-03 for current...
Using 1e-09 for power...
Using 1e-06 for distance...
[INFO]: Reading ODB at '/openlane/designs/twos_complement/runs/RUN_2025.04.26_23.20.19/tmp/routing/18-global.odb'…
Reading design constraints file at '/openlane/scripts/base.sdc'…
[INFO]: Setting output delay to: 2.0
[INFO]: Setting input delay to: 2.0
[WARNING STA-0366] port '__VIRTUAL_CLK__' not found.
[INFO]: Setting load to: 0.033442
[INFO]: Setting clock uncertainty to: 0.25
[INFO]: Setting clock transition to: 0.15
[WARNING STA-0419] transition time can not be specified for virtual clocks.
[INFO]: Setting timing derate to: 5.0 %
[INFO]: Propagating all clocks
[WARNING STA-0450] virtual clock __VIRTUAL_CLK__ can not be propagated.
min_report

===========================================================================
report_checks -path_delay min (Hold)
============================================================================
======================= Typical Corner ===================================

Startpoint: in[7] (input port clocked by __VIRTUAL_CLK__)
Endpoint: out[7] (output port clocked by __VIRTUAL_CLK__)
Path Group: __VIRTUAL_CLK__
Path Type: min

Fanout     Cap    Slew   Delay    Time   Description
-----------------------------------------------------------------------------
                  0.00    0.00    0.00   clock __VIRTUAL_CLK__ (rise edge)
                          0.00    0.00   clock network delay (ideal)
                          2.00    2.00 ^ input external delay
     1    0.00    0.02    0.01    2.01 ^ in[7] (in)
                                         in[7] (net)
                  0.02    0.00    2.01 ^ input8/A (sky130_fd_sc_hd__buf_1)
     1    0.00    0.07    0.08    2.09 ^ input8/X (sky130_fd_sc_hd__buf_1)
                                         net8 (net)
                  0.07    0.00    2.09 ^ _24_/A (sky130_fd_sc_hd__xor2_1)
     1    0.00    0.03    0.06    2.15 v _24_/X (sky130_fd_sc_hd__xor2_1)
                                         net16 (net)
                  0.03    0.00    2.15 v output16/A (sky130_fd_sc_hd__clkbuf_4)
     1    0.03    0.08    0.17    2.31 v output16/X (sky130_fd_sc_hd__clkbuf_4)
                                         out[7] (net)
                  0.08    0.00    2.31 v out[7] (out)
                                  2.31   data arrival time

                  0.00    0.00    0.00   clock __VIRTUAL_CLK__ (rise edge)
                          0.00    0.00   clock network delay (ideal)
                          0.25    0.25   clock uncertainty
                          0.00    0.25   clock reconvergence pessimism
                         -2.00   -1.75   output external delay
                                 -1.75   data required time
-----------------------------------------------------------------------------
                                 -1.75   data required time
                                 -2.31   data arrival time
-----------------------------------------------------------------------------
                                  4.06   slack (MET)


Startpoint: in[0] (input port clocked by __VIRTUAL_CLK__)
Endpoint: out[0] (output port clocked by __VIRTUAL_CLK__)
Path Group: __VIRTUAL_CLK__
Path Type: min

Fanout     Cap    Slew   Delay    Time   Description
-----------------------------------------------------------------------------
                  0.00    0.00    0.00   clock __VIRTUAL_CLK__ (rise edge)
                          0.00    0.00   clock network delay (ideal)
                          2.00    2.00 v input external delay
     1    0.00    0.01    0.00    2.00 v in[0] (in)
                                         in[0] (net)
                  0.01    0.00    2.00 v input1/A (sky130_fd_sc_hd__buf_1)
     5    0.01    0.06    0.10    2.10 v input1/X (sky130_fd_sc_hd__buf_1)
                                         net1 (net)
                  0.06    0.00    2.10 v _27_/A (sky130_fd_sc_hd__clkbuf_1)
     1    0.00    0.02    0.08    2.18 v _27_/X (sky130_fd_sc_hd__clkbuf_1)
                                         net9 (net)
                  0.02    0.00    2.18 v output9/A (sky130_fd_sc_hd__buf_2)
     1    0.03    0.09    0.16    2.34 v output9/X (sky130_fd_sc_hd__buf_2)
                                         out[0] (net)
                  0.09    0.00    2.34 v out[0] (out)
                                  2.34   data arrival time

                  0.00    0.00    0.00   clock __VIRTUAL_CLK__ (rise edge)
                          0.00    0.00   clock network delay (ideal)
                          0.25    0.25   clock uncertainty
                          0.00    0.25   clock reconvergence pessimism
                         -2.00   -1.75   output external delay
                                 -1.75   data required time
-----------------------------------------------------------------------------
                                 -1.75   data required time
                                 -2.34   data arrival time
-----------------------------------------------------------------------------
                                  4.09   slack (MET)


Startpoint: in[2] (input port clocked by __VIRTUAL_CLK__)
Endpoint: out[2] (output port clocked by __VIRTUAL_CLK__)
Path Group: __VIRTUAL_CLK__
Path Type: min

Fanout     Cap    Slew   Delay    Time   Description
-----------------------------------------------------------------------------
                  0.00    0.00    0.00   clock __VIRTUAL_CLK__ (rise edge)
                          0.00    0.00   clock network delay (ideal)
                          2.00    2.00 ^ input external delay
     1    0.00    0.02    0.01    2.01 ^ in[2] (in)
                                         in[2] (net)
                  0.02    0.00    2.01 ^ input3/A (sky130_fd_sc_hd__buf_1)
     3    0.01    0.11    0.11    2.12 ^ input3/X (sky130_fd_sc_hd__buf_1)
                                         net3 (net)
                  0.11    0.00    2.12 ^ _11_/A (sky130_fd_sc_hd__xnor2_1)
     1    0.00    0.03    0.07    2.19 v _11_/Y (sky130_fd_sc_hd__xnor2_1)
                                         net11 (net)
                  0.03    0.00    2.19 v output11/A (sky130_fd_sc_hd__buf_2)
     1    0.03    0.09    0.16    2.36 v output11/X (sky130_fd_sc_hd__buf_2)
                                         out[2] (net)
                  0.09    0.00    2.36 v out[2] (out)
                                  2.36   data arrival time

                  0.00    0.00    0.00   clock __VIRTUAL_CLK__ (rise edge)
                          0.00    0.00   clock network delay (ideal)
                          0.25    0.25   clock uncertainty
                          0.00    0.25   clock reconvergence pessimism
                         -2.00   -1.75   output external delay
                                 -1.75   data required time
-----------------------------------------------------------------------------
                                 -1.75   data required time
                                 -2.36   data arrival time
-----------------------------------------------------------------------------
                                  4.11   slack (MET)


Startpoint: in[5] (input port clocked by __VIRTUAL_CLK__)
Endpoint: out[5] (output port clocked by __VIRTUAL_CLK__)
Path Group: __VIRTUAL_CLK__
Path Type: min

Fanout     Cap    Slew   Delay    Time   Description
-----------------------------------------------------------------------------
                  0.00    0.00    0.00   clock __VIRTUAL_CLK__ (rise edge)
                          0.00    0.00   clock network delay (ideal)
                          2.00    2.00 ^ input external delay
     1    0.00    0.02    0.01    2.01 ^ in[5] (in)
                                         in[5] (net)
                  0.02    0.00    2.01 ^ input6/A (sky130_fd_sc_hd__buf_1)
     3    0.01    0.12    0.12    2.12 ^ input6/X (sky130_fd_sc_hd__buf_1)
                                         net6 (net)
                  0.12    0.00    2.12 ^ _19_/A (sky130_fd_sc_hd__xnor2_1)
     1    0.00    0.03    0.07    2.20 v _19_/Y (sky130_fd_sc_hd__xnor2_1)
                                         net14 (net)
                  0.03    0.00    2.20 v output14/A (sky130_fd_sc_hd__buf_2)
     1    0.03    0.09    0.16    2.36 v output14/X (sky130_fd_sc_hd__buf_2)
                                         out[5] (net)
                  0.09    0.00    2.36 v out[5] (out)
                                  2.36   data arrival time

                  0.00    0.00    0.00   clock __VIRTUAL_CLK__ (rise edge)
                          0.00    0.00   clock network delay (ideal)
                          0.25    0.25   clock uncertainty
                          0.00    0.25   clock reconvergence pessimism
                         -2.00   -1.75   output external delay
                                 -1.75   data required time
-----------------------------------------------------------------------------
                                 -1.75   data required time
                                 -2.36   data arrival time
-----------------------------------------------------------------------------
                                  4.11   slack (MET)


Startpoint: in[4] (input port clocked by __VIRTUAL_CLK__)
Endpoint: out[4] (output port clocked by __VIRTUAL_CLK__)
Path Group: __VIRTUAL_CLK__
Path Type: min

Fanout     Cap    Slew   Delay    Time   Description
-----------------------------------------------------------------------------
                  0.00    0.00    0.00   clock __VIRTUAL_CLK__ (rise edge)
                          0.00    0.00   clock network delay (ideal)
                          2.00    2.00 ^ input external delay
     1    0.00    0.02    0.01    2.01 ^ in[4] (in)
                                         in[4] (net)
                  0.02    0.00    2.01 ^ input5/A (sky130_fd_sc_hd__buf_1)
     4    0.01    0.10    0.11    2.11 ^ input5/X (sky130_fd_sc_hd__buf_1)
                                         net5 (net)
                  0.10    0.00    2.11 ^ _17_/A (sky130_fd_sc_hd__and2_1)
     1    0.00    0.04    0.12    2.23 ^ _17_/X (sky130_fd_sc_hd__and2_1)
                                         _05_ (net)
                  0.04    0.00    2.23 ^ _18_/B (sky130_fd_sc_hd__nor2_1)
     1    0.00    0.02    0.03    2.26 v _18_/Y (sky130_fd_sc_hd__nor2_1)
                                         net13 (net)
                  0.02    0.00    2.26 v output13/A (sky130_fd_sc_hd__buf_2)
     1    0.03    0.09    0.16    2.42 v output13/X (sky130_fd_sc_hd__buf_2)
                                         out[4] (net)
                  0.09    0.00    2.42 v out[4] (out)
                                  2.42   data arrival time

                  0.00    0.00    0.00   clock __VIRTUAL_CLK__ (rise edge)
                          0.00    0.00   clock network delay (ideal)
                          0.25    0.25   clock uncertainty
                          0.00    0.25   clock reconvergence pessimism
                         -2.00   -1.75   output external delay
                                 -1.75   data required time
-----------------------------------------------------------------------------
                                 -1.75   data required time
                                 -2.42   data arrival time
-----------------------------------------------------------------------------
                                  4.17   slack (MET)


Startpoint: in[1] (input port clocked by __VIRTUAL_CLK__)
Endpoint: out[1] (output port clocked by __VIRTUAL_CLK__)
Path Group: __VIRTUAL_CLK__
Path Type: min

Fanout     Cap    Slew   Delay    Time   Description
-----------------------------------------------------------------------------
                  0.00    0.00    0.00   clock __VIRTUAL_CLK__ (rise edge)
                          0.00    0.00   clock network delay (ideal)
                          2.00    2.00 ^ input external delay
     1    0.00    0.02    0.01    2.01 ^ in[1] (in)
                                         in[1] (net)
                  0.02    0.00    2.01 ^ input2/A (sky130_fd_sc_hd__buf_1)
     4    0.01    0.10    0.11    2.11 ^ input2/X (sky130_fd_sc_hd__buf_1)
                                         net2 (net)
                  0.10    0.00    2.11 ^ _25_/A (sky130_fd_sc_hd__and2_1)
     1    0.00    0.05    0.12    2.24 ^ _25_/X (sky130_fd_sc_hd__and2_1)
                                         _09_ (net)
                  0.05    0.00    2.24 ^ _26_/B (sky130_fd_sc_hd__nor2_1)
     1    0.00    0.02    0.03    2.27 v _26_/Y (sky130_fd_sc_hd__nor2_1)
                                         net10 (net)
                  0.02    0.00    2.27 v output10/A (sky130_fd_sc_hd__buf_2)
     1    0.03    0.09    0.16    2.42 v output10/X (sky130_fd_sc_hd__buf_2)
                                         out[1] (net)
                  0.09    0.00    2.42 v out[1] (out)
                                  2.42   data arrival time

                  0.00    0.00    0.00   clock __VIRTUAL_CLK__ (rise edge)
                          0.00    0.00   clock network delay (ideal)
                          0.25    0.25   clock uncertainty
                          0.00    0.25   clock reconvergence pessimism
                         -2.00   -1.75   output external delay
                                 -1.75   data required time
-----------------------------------------------------------------------------
                                 -1.75   data required time
                                 -2.42   data arrival time
-----------------------------------------------------------------------------
                                  4.17   slack (MET)


Startpoint: in[6] (input port clocked by __VIRTUAL_CLK__)
Endpoint: out[6] (output port clocked by __VIRTUAL_CLK__)
Path Group: __VIRTUAL_CLK__
Path Type: min

Fanout     Cap    Slew   Delay    Time   Description
-----------------------------------------------------------------------------
                  0.00    0.00    0.00   clock __VIRTUAL_CLK__ (rise edge)
                          0.00    0.00   clock network delay (ideal)
                          2.00    2.00 v input external delay
     1    0.00    0.01    0.00    2.00 v in[6] (in)
                                         in[6] (net)
                  0.01    0.00    2.00 v input7/A (sky130_fd_sc_hd__clkbuf_1)
     2    0.00    0.03    0.07    2.08 v input7/X (sky130_fd_sc_hd__clkbuf_1)
                                         net7 (net)
                  0.03    0.00    2.08 v _21_/B1 (sky130_fd_sc_hd__o31ai_1)
     1    0.00    0.04    0.04    2.12 ^ _21_/Y (sky130_fd_sc_hd__o31ai_1)
                                         _07_ (net)
                  0.04    0.00    2.12 ^ _22_/B (sky130_fd_sc_hd__and2_1)
     1    0.00    0.04    0.10    2.22 ^ _22_/X (sky130_fd_sc_hd__and2_1)
                                         _08_ (net)
                  0.04    0.00    2.22 ^ _23_/A (sky130_fd_sc_hd__clkbuf_1)
     1    0.00    0.03    0.07    2.29 ^ _23_/X (sky130_fd_sc_hd__clkbuf_1)
                                         net15 (net)
                  0.03    0.00    2.29 ^ output15/A (sky130_fd_sc_hd__buf_2)
     1    0.03    0.17    0.18    2.47 ^ output15/X (sky130_fd_sc_hd__buf_2)
                                         out[6] (net)
                  0.17    0.00    2.47 ^ out[6] (out)
                                  2.47   data arrival time

                  0.00    0.00    0.00   clock __VIRTUAL_CLK__ (rise edge)
                          0.00    0.00   clock network delay (ideal)
                          0.25    0.25   clock uncertainty
                          0.00    0.25   clock reconvergence pessimism
                         -2.00   -1.75   output external delay
                                 -1.75   data required time
-----------------------------------------------------------------------------
                                 -1.75   data required time
                                 -2.47   data arrival time
-----------------------------------------------------------------------------
                                  4.22   slack (MET)


Startpoint: in[3] (input port clocked by __VIRTUAL_CLK__)
Endpoint: out[3] (output port clocked by __VIRTUAL_CLK__)
Path Group: __VIRTUAL_CLK__
Path Type: min

Fanout     Cap    Slew   Delay    Time   Description
-----------------------------------------------------------------------------
                  0.00    0.00    0.00   clock __VIRTUAL_CLK__ (rise edge)
                          0.00    0.00   clock network delay (ideal)
                          2.00    2.00 v input external delay
     1    0.00    0.01    0.00    2.00 v in[3] (in)
                                         in[3] (net)
                  0.01    0.00    2.00 v input4/A (sky130_fd_sc_hd__buf_1)
     2    0.00    0.03    0.07    2.07 v input4/X (sky130_fd_sc_hd__buf_1)
                                         net4 (net)
                  0.03    0.00    2.07 v _12_/B1 (sky130_fd_sc_hd__o31a_1)
     1    0.00    0.02    0.08    2.16 v _12_/X (sky130_fd_sc_hd__o31a_1)
                                         _01_ (net)
                  0.02    0.00    2.16 v _14_/A_N (sky130_fd_sc_hd__and2b_1)
     1    0.00    0.04    0.16    2.31 ^ _14_/X (sky130_fd_sc_hd__and2b_1)
                                         _03_ (net)
                  0.04    0.00    2.31 ^ _15_/A (sky130_fd_sc_hd__clkbuf_1)
     1    0.00    0.03    0.07    2.38 ^ _15_/X (sky130_fd_sc_hd__clkbuf_1)
                                         net12 (net)
                  0.03    0.00    2.38 ^ output12/A (sky130_fd_sc_hd__buf_2)
     1    0.03    0.17    0.18    2.56 ^ output12/X (sky130_fd_sc_hd__buf_2)
                                         out[3] (net)
                  0.17    0.00    2.56 ^ out[3] (out)
                                  2.56   data arrival time

                  0.00    0.00    0.00   clock __VIRTUAL_CLK__ (rise edge)
                          0.00    0.00   clock network delay (ideal)
                          0.25    0.25   clock uncertainty
                          0.00    0.25   clock reconvergence pessimism
                         -2.00   -1.75   output external delay
                                 -1.75   data required time
-----------------------------------------------------------------------------
                                 -1.75   data required time
                                 -2.56   data arrival time
-----------------------------------------------------------------------------
                                  4.31   slack (MET)



worst slack corner Typical: 4.0634
min_report_end
max_report

===========================================================================
report_checks -path_delay max (Setup)
============================================================================
======================= Typical Corner ===================================

Startpoint: in[1] (input port clocked by __VIRTUAL_CLK__)
Endpoint: out[6] (output port clocked by __VIRTUAL_CLK__)
Path Group: __VIRTUAL_CLK__
Path Type: max

Fanout     Cap    Slew   Delay    Time   Description
-----------------------------------------------------------------------------
                  0.00    0.00    0.00   clock __VIRTUAL_CLK__ (rise edge)
                          0.00    0.00   clock network delay (ideal)
                          2.00    2.00 v input external delay
     1    0.00    0.01    0.00    2.00 v in[1] (in)
                                         in[1] (net)
                  0.01    0.00    2.00 v input2/A (sky130_fd_sc_hd__buf_1)
     4    0.01    0.05    0.10    2.10 v input2/X (sky130_fd_sc_hd__buf_1)
                                         net2 (net)
                  0.05    0.00    2.10 v _13_/A (sky130_fd_sc_hd__or4_2)
     5    0.01    0.13    0.73    2.83 v _13_/X (sky130_fd_sc_hd__or4_2)
                                         _02_ (net)
                  0.13    0.00    2.83 v _20_/D (sky130_fd_sc_hd__or4_1)
     2    0.01    0.10    0.47    3.30 v _20_/X (sky130_fd_sc_hd__or4_1)
                                         _06_ (net)
                  0.10    0.00    3.30 v _22_/A (sky130_fd_sc_hd__and2_1)
     1    0.00    0.03    0.16    3.46 v _22_/X (sky130_fd_sc_hd__and2_1)
                                         _08_ (net)
                  0.03    0.00    3.46 v _23_/A (sky130_fd_sc_hd__clkbuf_1)
     1    0.00    0.02    0.08    3.54 v _23_/X (sky130_fd_sc_hd__clkbuf_1)
                                         net15 (net)
                  0.02    0.00    3.54 v output15/A (sky130_fd_sc_hd__buf_2)
     1    0.03    0.09    0.18    3.72 v output15/X (sky130_fd_sc_hd__buf_2)
                                         out[6] (net)
                  0.09    0.00    3.72 v out[6] (out)
                                  3.72   data arrival time

                  0.00   10.00   10.00   clock __VIRTUAL_CLK__ (rise edge)
                          0.00   10.00   clock network delay (ideal)
                         -0.25    9.75   clock uncertainty
                          0.00    9.75   clock reconvergence pessimism
                         -2.00    7.75   output external delay
                                  7.75   data required time
-----------------------------------------------------------------------------
                                  7.75   data required time
                                 -3.72   data arrival time
-----------------------------------------------------------------------------
                                  4.03   slack (MET)


Startpoint: in[1] (input port clocked by __VIRTUAL_CLK__)
Endpoint: out[7] (output port clocked by __VIRTUAL_CLK__)
Path Group: __VIRTUAL_CLK__
Path Type: max

Fanout     Cap    Slew   Delay    Time   Description
-----------------------------------------------------------------------------
                  0.00    0.00    0.00   clock __VIRTUAL_CLK__ (rise edge)
                          0.00    0.00   clock network delay (ideal)
                          2.00    2.00 v input external delay
     1    0.00    0.01    0.00    2.00 v in[1] (in)
                                         in[1] (net)
                  0.01    0.00    2.00 v input2/A (sky130_fd_sc_hd__buf_1)
     4    0.01    0.05    0.10    2.10 v input2/X (sky130_fd_sc_hd__buf_1)
                                         net2 (net)
                  0.05    0.00    2.10 v _13_/A (sky130_fd_sc_hd__or4_2)
     5    0.01    0.13    0.73    2.83 v _13_/X (sky130_fd_sc_hd__or4_2)
                                         _02_ (net)
                  0.13    0.00    2.83 v _20_/D (sky130_fd_sc_hd__or4_1)
     2    0.01    0.10    0.47    3.30 v _20_/X (sky130_fd_sc_hd__or4_1)
                                         _06_ (net)
                  0.10    0.00    3.30 v _24_/B (sky130_fd_sc_hd__xor2_1)
     1    0.00    0.10    0.14    3.44 ^ _24_/X (sky130_fd_sc_hd__xor2_1)
                                         net16 (net)
                  0.10    0.00    3.44 ^ output16/A (sky130_fd_sc_hd__clkbuf_4)
     1    0.03    0.11    0.22    3.66 ^ output16/X (sky130_fd_sc_hd__clkbuf_4)
                                         out[7] (net)
                  0.11    0.00    3.66 ^ out[7] (out)
                                  3.66   data arrival time

                  0.00   10.00   10.00   clock __VIRTUAL_CLK__ (rise edge)
                          0.00   10.00   clock network delay (ideal)
                         -0.25    9.75   clock uncertainty
                          0.00    9.75   clock reconvergence pessimism
                         -2.00    7.75   output external delay
                                  7.75   data required time
-----------------------------------------------------------------------------
                                  7.75   data required time
                                 -3.66   data arrival time
-----------------------------------------------------------------------------
                                  4.09   slack (MET)


Startpoint: in[1] (input port clocked by __VIRTUAL_CLK__)
Endpoint: out[5] (output port clocked by __VIRTUAL_CLK__)
Path Group: __VIRTUAL_CLK__
Path Type: max

Fanout     Cap    Slew   Delay    Time   Description
-----------------------------------------------------------------------------
                  0.00    0.00    0.00   clock __VIRTUAL_CLK__ (rise edge)
                          0.00    0.00   clock network delay (ideal)
                          2.00    2.00 v input external delay
     1    0.00    0.01    0.00    2.00 v in[1] (in)
                                         in[1] (net)
                  0.01    0.00    2.00 v input2/A (sky130_fd_sc_hd__buf_1)
     4    0.01    0.05    0.10    2.10 v input2/X (sky130_fd_sc_hd__buf_1)
                                         net2 (net)
                  0.05    0.00    2.10 v _13_/A (sky130_fd_sc_hd__or4_2)
     5    0.01    0.13    0.73    2.83 v _13_/X (sky130_fd_sc_hd__or4_2)
                                         _02_ (net)
                  0.13    0.00    2.83 v _16_/B (sky130_fd_sc_hd__nor2_1)
     2    0.01    0.15    0.17    3.01 ^ _16_/Y (sky130_fd_sc_hd__nor2_1)
                                         _04_ (net)
                  0.15    0.00    3.01 ^ _19_/B (sky130_fd_sc_hd__xnor2_1)
     1    0.00    0.10    0.13    3.14 ^ _19_/Y (sky130_fd_sc_hd__xnor2_1)
                                         net14 (net)
                  0.10    0.00    3.14 ^ output14/A (sky130_fd_sc_hd__buf_2)
     1    0.03    0.17    0.23    3.36 ^ output14/X (sky130_fd_sc_hd__buf_2)
                                         out[5] (net)
                  0.17    0.00    3.36 ^ out[5] (out)
                                  3.36   data arrival time

                  0.00   10.00   10.00   clock __VIRTUAL_CLK__ (rise edge)
                          0.00   10.00   clock network delay (ideal)
                         -0.25    9.75   clock uncertainty
                          0.00    9.75   clock reconvergence pessimism
                         -2.00    7.75   output external delay
                                  7.75   data required time
-----------------------------------------------------------------------------
                                  7.75   data required time
                                 -3.36   data arrival time
-----------------------------------------------------------------------------
                                  4.39   slack (MET)


Startpoint: in[1] (input port clocked by __VIRTUAL_CLK__)
Endpoint: out[4] (output port clocked by __VIRTUAL_CLK__)
Path Group: __VIRTUAL_CLK__
Path Type: max

Fanout     Cap    Slew   Delay    Time   Description
-----------------------------------------------------------------------------
                  0.00    0.00    0.00   clock __VIRTUAL_CLK__ (rise edge)
                          0.00    0.00   clock network delay (ideal)
                          2.00    2.00 v input external delay
     1    0.00    0.01    0.00    2.00 v in[1] (in)
                                         in[1] (net)
                  0.01    0.00    2.00 v input2/A (sky130_fd_sc_hd__buf_1)
     4    0.01    0.05    0.10    2.10 v input2/X (sky130_fd_sc_hd__buf_1)
                                         net2 (net)
                  0.05    0.00    2.10 v _13_/A (sky130_fd_sc_hd__or4_2)
     5    0.01    0.13    0.73    2.83 v _13_/X (sky130_fd_sc_hd__or4_2)
                                         _02_ (net)
                  0.13    0.00    2.83 v _17_/B (sky130_fd_sc_hd__and2_1)
     1    0.00    0.03    0.19    3.03 v _17_/X (sky130_fd_sc_hd__and2_1)
                                         _05_ (net)
                  0.03    0.00    3.03 v _18_/B (sky130_fd_sc_hd__nor2_1)
     1    0.00    0.06    0.07    3.09 ^ _18_/Y (sky130_fd_sc_hd__nor2_1)
                                         net13 (net)
                  0.06    0.00    3.09 ^ output13/A (sky130_fd_sc_hd__buf_2)
     1    0.03    0.17    0.21    3.31 ^ output13/X (sky130_fd_sc_hd__buf_2)
                                         out[4] (net)
                  0.17    0.00    3.31 ^ out[4] (out)
                                  3.31   data arrival time

                  0.00   10.00   10.00   clock __VIRTUAL_CLK__ (rise edge)
                          0.00   10.00   clock network delay (ideal)
                         -0.25    9.75   clock uncertainty
                          0.00    9.75   clock reconvergence pessimism
                         -2.00    7.75   output external delay
                                  7.75   data required time
-----------------------------------------------------------------------------
                                  7.75   data required time
                                 -3.31   data arrival time
-----------------------------------------------------------------------------
                                  4.44   slack (MET)


Startpoint: in[1] (input port clocked by __VIRTUAL_CLK__)
Endpoint: out[3] (output port clocked by __VIRTUAL_CLK__)
Path Group: __VIRTUAL_CLK__
Path Type: max

Fanout     Cap    Slew   Delay    Time   Description
-----------------------------------------------------------------------------
                  0.00    0.00    0.00   clock __VIRTUAL_CLK__ (rise edge)
                          0.00    0.00   clock network delay (ideal)
                          2.00    2.00 v input external delay
     1    0.00    0.01    0.00    2.00 v in[1] (in)
                                         in[1] (net)
                  0.01    0.00    2.00 v input2/A (sky130_fd_sc_hd__buf_1)
     4    0.01    0.05    0.10    2.10 v input2/X (sky130_fd_sc_hd__buf_1)
                                         net2 (net)
                  0.05    0.00    2.10 v _13_/A (sky130_fd_sc_hd__or4_2)
     5    0.01    0.13    0.73    2.83 v _13_/X (sky130_fd_sc_hd__or4_2)
                                         _02_ (net)
                  0.13    0.00    2.83 v _14_/B (sky130_fd_sc_hd__and2b_1)
     1    0.00    0.03    0.19    3.02 v _14_/X (sky130_fd_sc_hd__and2b_1)
                                         _03_ (net)
                  0.03    0.00    3.02 v _15_/A (sky130_fd_sc_hd__clkbuf_1)
     1    0.00    0.02    0.08    3.10 v _15_/X (sky130_fd_sc_hd__clkbuf_1)
                                         net12 (net)
                  0.02    0.00    3.10 v output12/A (sky130_fd_sc_hd__buf_2)
     1    0.03    0.09    0.18    3.28 v output12/X (sky130_fd_sc_hd__buf_2)
                                         out[3] (net)
                  0.09    0.00    3.28 v out[3] (out)
                                  3.28   data arrival time

                  0.00   10.00   10.00   clock __VIRTUAL_CLK__ (rise edge)
                          0.00   10.00   clock network delay (ideal)
                         -0.25    9.75   clock uncertainty
                          0.00    9.75   clock reconvergence pessimism
                         -2.00    7.75   output external delay
                                  7.75   data required time
-----------------------------------------------------------------------------
                                  7.75   data required time
                                 -3.28   data arrival time
-----------------------------------------------------------------------------
                                  4.47   slack (MET)


Startpoint: in[1] (input port clocked by __VIRTUAL_CLK__)
Endpoint: out[2] (output port clocked by __VIRTUAL_CLK__)
Path Group: __VIRTUAL_CLK__
Path Type: max

Fanout     Cap    Slew   Delay    Time   Description
-----------------------------------------------------------------------------
                  0.00    0.00    0.00   clock __VIRTUAL_CLK__ (rise edge)
                          0.00    0.00   clock network delay (ideal)
                          2.00    2.00 v input external delay
     1    0.00    0.01    0.00    2.00 v in[1] (in)
                                         in[1] (net)
                  0.01    0.00    2.00 v input2/A (sky130_fd_sc_hd__buf_1)
     4    0.01    0.05    0.10    2.10 v input2/X (sky130_fd_sc_hd__buf_1)
                                         net2 (net)
                  0.05    0.00    2.10 v _10_/A (sky130_fd_sc_hd__nor2_1)
     2    0.01    0.15    0.16    2.26 ^ _10_/Y (sky130_fd_sc_hd__nor2_1)
                                         _00_ (net)
                  0.15    0.00    2.26 ^ _11_/B (sky130_fd_sc_hd__xnor2_1)
     1    0.00    0.10    0.13    2.39 ^ _11_/Y (sky130_fd_sc_hd__xnor2_1)
                                         net11 (net)
                  0.10    0.00    2.39 ^ output11/A (sky130_fd_sc_hd__buf_2)
     1    0.03    0.17    0.23    2.62 ^ output11/X (sky130_fd_sc_hd__buf_2)
                                         out[2] (net)
                  0.17    0.00    2.62 ^ out[2] (out)
                                  2.62   data arrival time

                  0.00   10.00   10.00   clock __VIRTUAL_CLK__ (rise edge)
                          0.00   10.00   clock network delay (ideal)
                         -0.25    9.75   clock uncertainty
                          0.00    9.75   clock reconvergence pessimism
                         -2.00    7.75   output external delay
                                  7.75   data required time
-----------------------------------------------------------------------------
                                  7.75   data required time
                                 -2.62   data arrival time
-----------------------------------------------------------------------------
                                  5.13   slack (MET)


Startpoint: in[0] (input port clocked by __VIRTUAL_CLK__)
Endpoint: out[1] (output port clocked by __VIRTUAL_CLK__)
Path Group: __VIRTUAL_CLK__
Path Type: max

Fanout     Cap    Slew   Delay    Time   Description
-----------------------------------------------------------------------------
                  0.00    0.00    0.00   clock __VIRTUAL_CLK__ (rise edge)
                          0.00    0.00   clock network delay (ideal)
                          2.00    2.00 v input external delay
     1    0.00    0.01    0.00    2.00 v in[0] (in)
                                         in[0] (net)
                  0.01    0.00    2.00 v input1/A (sky130_fd_sc_hd__buf_1)
     5    0.01    0.06    0.11    2.11 v input1/X (sky130_fd_sc_hd__buf_1)
                                         net1 (net)
                  0.06    0.00    2.11 v _25_/B (sky130_fd_sc_hd__and2_1)
     1    0.00    0.03    0.16    2.27 v _25_/X (sky130_fd_sc_hd__and2_1)
                                         _09_ (net)
                  0.03    0.00    2.27 v _26_/B (sky130_fd_sc_hd__nor2_1)
     1    0.00    0.06    0.07    2.34 ^ _26_/Y (sky130_fd_sc_hd__nor2_1)
                                         net10 (net)
                  0.06    0.00    2.34 ^ output10/A (sky130_fd_sc_hd__buf_2)
     1    0.03    0.17    0.21    2.55 ^ output10/X (sky130_fd_sc_hd__buf_2)
                                         out[1] (net)
                  0.17    0.00    2.55 ^ out[1] (out)
                                  2.55   data arrival time

                  0.00   10.00   10.00   clock __VIRTUAL_CLK__ (rise edge)
                          0.00   10.00   clock network delay (ideal)
                         -0.25    9.75   clock uncertainty
                          0.00    9.75   clock reconvergence pessimism
                         -2.00    7.75   output external delay
                                  7.75   data required time
-----------------------------------------------------------------------------
                                  7.75   data required time
                                 -2.55   data arrival time
-----------------------------------------------------------------------------
                                  5.20   slack (MET)


Startpoint: in[0] (input port clocked by __VIRTUAL_CLK__)
Endpoint: out[0] (output port clocked by __VIRTUAL_CLK__)
Path Group: __VIRTUAL_CLK__
Path Type: max

Fanout     Cap    Slew   Delay    Time   Description
-----------------------------------------------------------------------------
                  0.00    0.00    0.00   clock __VIRTUAL_CLK__ (rise edge)
                          0.00    0.00   clock network delay (ideal)
                          2.00    2.00 ^ input external delay
     1    0.00    0.02    0.01    2.01 ^ in[0] (in)
                                         in[0] (net)
                  0.02    0.00    2.01 ^ input1/A (sky130_fd_sc_hd__buf_1)
     5    0.01    0.13    0.14    2.15 ^ input1/X (sky130_fd_sc_hd__buf_1)
                                         net1 (net)
                  0.13    0.00    2.15 ^ _27_/A (sky130_fd_sc_hd__clkbuf_1)
     1    0.00    0.04    0.10    2.25 ^ _27_/X (sky130_fd_sc_hd__clkbuf_1)
                                         net9 (net)
                  0.04    0.00    2.25 ^ output9/A (sky130_fd_sc_hd__buf_2)
     1    0.03    0.17    0.20    2.45 ^ output9/X (sky130_fd_sc_hd__buf_2)
                                         out[0] (net)
                  0.17    0.00    2.45 ^ out[0] (out)
                                  2.45   data arrival time

                  0.00   10.00   10.00   clock __VIRTUAL_CLK__ (rise edge)
                          0.00   10.00   clock network delay (ideal)
                         -0.25    9.75   clock uncertainty
                          0.00    9.75   clock reconvergence pessimism
                         -2.00    7.75   output external delay
                                  7.75   data required time
-----------------------------------------------------------------------------
                                  7.75   data required time
                                 -2.45   data arrival time
-----------------------------------------------------------------------------
                                  5.30   slack (MET)



worst slack corner Typical: 4.0339
max_report_end
checks_report

===========================================================================
report_checks -unconstrained
===========================================================================
======================= Typical Corner ===================================

Startpoint: in[1] (input port clocked by __VIRTUAL_CLK__)
Endpoint: out[6] (output port clocked by __VIRTUAL_CLK__)
Path Group: __VIRTUAL_CLK__
Path Type: max

Fanout     Cap    Slew   Delay    Time   Description
-----------------------------------------------------------------------------
                  0.00    0.00    0.00   clock __VIRTUAL_CLK__ (rise edge)
                          0.00    0.00   clock network delay (ideal)
                          2.00    2.00 v input external delay
     1    0.00    0.01    0.00    2.00 v in[1] (in)
                                         in[1] (net)
                  0.01    0.00    2.00 v input2/A (sky130_fd_sc_hd__buf_1)
     4    0.01    0.05    0.10    2.10 v input2/X (sky130_fd_sc_hd__buf_1)
                                         net2 (net)
                  0.05    0.00    2.10 v _13_/A (sky130_fd_sc_hd__or4_2)
     5    0.01    0.13    0.73    2.83 v _13_/X (sky130_fd_sc_hd__or4_2)
                                         _02_ (net)
                  0.13    0.00    2.83 v _20_/D (sky130_fd_sc_hd__or4_1)
     2    0.01    0.10    0.47    3.30 v _20_/X (sky130_fd_sc_hd__or4_1)
                                         _06_ (net)
                  0.10    0.00    3.30 v _22_/A (sky130_fd_sc_hd__and2_1)
     1    0.00    0.03    0.16    3.46 v _22_/X (sky130_fd_sc_hd__and2_1)
                                         _08_ (net)
                  0.03    0.00    3.46 v _23_/A (sky130_fd_sc_hd__clkbuf_1)
     1    0.00    0.02    0.08    3.54 v _23_/X (sky130_fd_sc_hd__clkbuf_1)
                                         net15 (net)
                  0.02    0.00    3.54 v output15/A (sky130_fd_sc_hd__buf_2)
     1    0.03    0.09    0.18    3.72 v output15/X (sky130_fd_sc_hd__buf_2)
                                         out[6] (net)
                  0.09    0.00    3.72 v out[6] (out)
                                  3.72   data arrival time

                  0.00   10.00   10.00   clock __VIRTUAL_CLK__ (rise edge)
                          0.00   10.00   clock network delay (ideal)
                         -0.25    9.75   clock uncertainty
                          0.00    9.75   clock reconvergence pessimism
                         -2.00    7.75   output external delay
                                  7.75   data required time
-----------------------------------------------------------------------------
                                  7.75   data required time
                                 -3.72   data arrival time
-----------------------------------------------------------------------------
                                  4.03   slack (MET)




===========================================================================
report_checks --slack_max -0.01
============================================================================
======================= Typical Corner ===================================

No paths found.


===========================================================================
 report_check_types -max_slew -max_cap -max_fanout -violators
============================================================================
======================= Typical Corner ===================================


max slew violations count Typical: 0
max fanout violations count Typical: 0
max cap violations count Typical: 0

===========================================================================
report_parasitic_annotation -report_unannotated
============================================================================
Found 42 unannotated drivers.
 in[0]
 in[1]
 in[2]
 in[3]
 in[4]
 in[5]
 in[6]
 in[7]
 _10_/Y
 _11_/Y
 _12_/X
 _13_/X
 _14_/X
 _15_/X
 _16_/Y
 _17_/X
 _18_/Y
 _19_/Y
 _20_/X
 _21_/Y
 _22_/X
 _23_/X
 _24_/X
 _25_/X
 _26_/Y
 _27_/X
 input1/X
 input2/X
 input3/X
 input4/X
 input5/X
 input6/X
 input7/X
 input8/X
 output10/X
 output11/X
 output12/X
 output13/X
 output14/X
 output15/X
 output16/X
 output9/X
Found 0 partially unannotated drivers.

===========================================================================
max slew violation count 0
max fanout violation count 0
max cap violation count 0
============================================================================

===========================================================================
check_setup -verbose -unconstrained_endpoints -multiple_clock -no_clock -no_input_delay -loops -generated_clocks
===========================================================================
checks_report_end
power_report

===========================================================================
 report_power
============================================================================
======================= Typical Corner ===================================

Group                  Internal  Switching    Leakage      Total
                          Power      Power      Power      Power (Watts)
----------------------------------------------------------------
Sequential             0.00e+00   0.00e+00   0.00e+00   0.00e+00   0.0%
Combinational          4.18e-06   7.47e-06   7.67e-11   1.16e-05 100.0%
Clock                  0.00e+00   0.00e+00   8.42e-11   8.42e-11   0.0%
Macro                  0.00e+00   0.00e+00   0.00e+00   0.00e+00   0.0%
Pad                    0.00e+00   0.00e+00   0.00e+00   0.00e+00   0.0%
----------------------------------------------------------------
Total                  4.18e-06   7.47e-06   1.61e-10   1.17e-05 100.0%
                          35.9%      64.1%       0.0%

power_report_end
summary_report

===========================================================================
report_tns
============================================================================
tns 0.00

===========================================================================
report_wns
============================================================================
wns 0.00

===========================================================================
report_worst_slack -max (Setup)
============================================================================
worst slack 4.03

===========================================================================
report_worst_slack -min (Hold)
============================================================================
worst slack 4.06
summary_report_end
area_report

===========================================================================
report_design_area
============================================================================
Design area 193 u^2 23% utilization.
area_report_end
check_nonpropagated_clocks
__VIRTUAL_CLK__
check_nonpropagated_clocks_end
[WARNING] Did not save OpenROAD database!
