
===========================================================================
 report_power
============================================================================
======================= Fastest Corner ===================================

Group                  Internal  Switching    Leakage      Total
                          Power      Power      Power      Power (Watts)
----------------------------------------------------------------
Sequential             0.00e+00   0.00e+00   0.00e+00   0.00e+00   0.0%
Combinational          5.32e-05   1.47e-04   1.83e-09   2.00e-04 100.0%
Clock                 -9.03e-11   0.00e+00   7.66e-10   6.76e-10   0.0%
Macro                  0.00e+00   0.00e+00   0.00e+00   0.00e+00   0.0%
Pad                    0.00e+00   0.00e+00   0.00e+00   0.00e+00   0.0%
----------------------------------------------------------------
Total                  5.32e-05   1.47e-04   2.59e-09   2.00e-04 100.0%
                          26.6%      73.4%       0.0%

======================= Slowest Corner ===================================

Group                  Internal  Switching    Leakage      Total
                          Power      Power      Power      Power (Watts)
----------------------------------------------------------------
Sequential             0.00e+00   0.00e+00   0.00e+00   0.00e+00   0.0%
Combinational          3.87e-05   9.81e-05   1.03e-06   1.38e-04 100.0%
Clock                 -3.78e-11   0.00e+00   7.69e-10   7.31e-10   0.0%
Macro                  0.00e+00   0.00e+00   0.00e+00   0.00e+00   0.0%
Pad                    0.00e+00   0.00e+00   0.00e+00   0.00e+00   0.0%
----------------------------------------------------------------
Total                  3.87e-05   9.81e-05   1.03e-06   1.38e-04 100.0%
                          28.1%      71.2%       0.7%

======================= Typical Corner ===================================

Group                  Internal  Switching    Leakage      Total
                          Power      Power      Power      Power (Watts)
----------------------------------------------------------------
Sequential             0.00e+00   0.00e+00   0.00e+00   0.00e+00   0.0%
Combinational          4.84e-05   1.24e-04   7.87e-10   1.73e-04 100.0%
Clock                  8.07e-12   0.00e+00   7.66e-10   7.74e-10   0.0%
Macro                  0.00e+00   0.00e+00   0.00e+00   0.00e+00   0.0%
Pad                    0.00e+00   0.00e+00   0.00e+00   0.00e+00   0.0%
----------------------------------------------------------------
Total                  4.84e-05   1.24e-04   1.55e-09   1.73e-04 100.0%
                          28.0%      72.0%       0.0%

