
===========================================================================
report_checks -path_delay max (Setup)
============================================================================
======================= Fastest Corner ===================================

Startpoint: opcode[0] (input port clocked by __VIRTUAL_CLK__)
Endpoint: out[5] (output port clocked by __VIRTUAL_CLK__)
Path Group: __VIRTUAL_CLK__
Path Type: max
Corner: Fastest

Fanout     Cap    Slew   Delay    Time   Description
-----------------------------------------------------------------------------
                  0.00    0.00    0.00   clock __VIRTUAL_CLK__ (rise edge)
                          0.00    0.00   clock network delay (ideal)
                          2.00    2.00 v input external delay
     1    0.00    0.00    0.00    2.00 v opcode[0] (in)
                                         opcode[0] (net)
                  0.00    0.00    2.00 v input17/A (sky130_fd_sc_hd__buf_2)
     5    0.05    0.08    0.13    2.13 v input17/X (sky130_fd_sc_hd__buf_2)
                                         net17 (net)
                  0.08    0.00    2.13 v _235_/A_N (sky130_fd_sc_hd__nand3b_4)
     8    0.05    0.12    0.19    2.32 v _235_/Y (sky130_fd_sc_hd__nand3b_4)
                                         _163_ (net)
                  0.12    0.00    2.32 v rebuffer5/A (sky130_fd_sc_hd__buf_2)
     1    0.01    0.03    0.12    2.45 v rebuffer5/X (sky130_fd_sc_hd__buf_2)
                                         net33 (net)
                  0.03    0.00    2.45 v _243_/A2 (sky130_fd_sc_hd__a21oi_2)
     2    0.03    0.28    0.24    2.69 ^ _243_/Y (sky130_fd_sc_hd__a21oi_2)
                                         _001_ (net)
                  0.28    0.00    2.69 ^ _244_/A2 (sky130_fd_sc_hd__o21a_2)
     4    0.04    0.15    0.19    2.88 ^ _244_/X (sky130_fd_sc_hd__o21a_2)
                                         _002_ (net)
                  0.15    0.00    2.88 ^ _247_/A_N (sky130_fd_sc_hd__and3b_2)
     3    0.02    0.06    0.18    3.07 v _247_/X (sky130_fd_sc_hd__and3b_2)
                                         _005_ (net)
                  0.06    0.00    3.07 v _250_/A1 (sky130_fd_sc_hd__o21ai_4)
     4    0.04    0.22    0.22    3.29 ^ _250_/Y (sky130_fd_sc_hd__o21ai_4)
                                         _008_ (net)
                  0.22    0.00    3.30 ^ _257_/A1 (sky130_fd_sc_hd__a311o_4)
     4    0.03    0.10    0.21    3.50 ^ _257_/X (sky130_fd_sc_hd__a311o_4)
                                         _015_ (net)
                  0.10    0.00    3.50 ^ rebuffer2/A (sky130_fd_sc_hd__clkbuf_1)
     2    0.01    0.06    0.08    3.59 ^ rebuffer2/X (sky130_fd_sc_hd__clkbuf_1)
                                         net30 (net)
                  0.06    0.00    3.59 ^ rebuffer1/A (sky130_fd_sc_hd__dlymetal6s4s_1)
     1    0.00    0.06    0.14    3.72 ^ rebuffer1/X (sky130_fd_sc_hd__dlymetal6s4s_1)
                                         net29 (net)
                  0.06    0.00    3.72 ^ _264_/C (sky130_fd_sc_hd__nand3_1)
     1    0.01    0.06    0.06    3.78 v _264_/Y (sky130_fd_sc_hd__nand3_1)
                                         _022_ (net)
                  0.06    0.00    3.78 v _266_/B (sky130_fd_sc_hd__and3_1)
     1    0.02    0.06    0.16    3.94 v _266_/X (sky130_fd_sc_hd__and3_1)
                                         _024_ (net)
                  0.06    0.00    3.94 v _267_/C1 (sky130_fd_sc_hd__a211o_1)
     1    0.02    0.08    0.17    4.11 v _267_/X (sky130_fd_sc_hd__a211o_1)
                                         net25 (net)
                  0.08    0.00    4.11 v output25/A (sky130_fd_sc_hd__buf_4)
     1    0.03    0.04    0.14    4.25 v output25/X (sky130_fd_sc_hd__buf_4)
                                         out[5] (net)
                  0.04    0.00    4.25 v out[5] (out)
                                  4.25   data arrival time

                  0.00   10.00   10.00   clock __VIRTUAL_CLK__ (rise edge)
                          0.00   10.00   clock network delay (ideal)
                         -0.25    9.75   clock uncertainty
                          0.00    9.75   clock reconvergence pessimism
                         -2.00    7.75   output external delay
                                  7.75   data required time
-----------------------------------------------------------------------------
                                  7.75   data required time
                                 -4.25   data arrival time
-----------------------------------------------------------------------------
                                  3.50   slack (MET)


Startpoint: opcode[0] (input port clocked by __VIRTUAL_CLK__)
Endpoint: out[4] (output port clocked by __VIRTUAL_CLK__)
Path Group: __VIRTUAL_CLK__
Path Type: max
Corner: Fastest

Fanout     Cap    Slew   Delay    Time   Description
-----------------------------------------------------------------------------
                  0.00    0.00    0.00   clock __VIRTUAL_CLK__ (rise edge)
                          0.00    0.00   clock network delay (ideal)
                          2.00    2.00 v input external delay
     1    0.00    0.00    0.00    2.00 v opcode[0] (in)
                                         opcode[0] (net)
                  0.00    0.00    2.00 v input17/A (sky130_fd_sc_hd__buf_2)
     5    0.05    0.08    0.13    2.13 v input17/X (sky130_fd_sc_hd__buf_2)
                                         net17 (net)
                  0.08    0.00    2.13 v _235_/A_N (sky130_fd_sc_hd__nand3b_4)
     8    0.05    0.12    0.19    2.32 v _235_/Y (sky130_fd_sc_hd__nand3b_4)
                                         _163_ (net)
                  0.12    0.00    2.32 v rebuffer5/A (sky130_fd_sc_hd__buf_2)
     1    0.01    0.03    0.12    2.45 v rebuffer5/X (sky130_fd_sc_hd__buf_2)
                                         net33 (net)
                  0.03    0.00    2.45 v _243_/A2 (sky130_fd_sc_hd__a21oi_2)
     2    0.03    0.28    0.24    2.69 ^ _243_/Y (sky130_fd_sc_hd__a21oi_2)
                                         _001_ (net)
                  0.28    0.00    2.69 ^ _244_/A2 (sky130_fd_sc_hd__o21a_2)
     4    0.04    0.15    0.19    2.88 ^ _244_/X (sky130_fd_sc_hd__o21a_2)
                                         _002_ (net)
                  0.15    0.00    2.88 ^ _247_/A_N (sky130_fd_sc_hd__and3b_2)
     3    0.02    0.06    0.18    3.07 v _247_/X (sky130_fd_sc_hd__and3b_2)
                                         _005_ (net)
                  0.06    0.00    3.07 v _250_/A1 (sky130_fd_sc_hd__o21ai_4)
     4    0.04    0.22    0.22    3.29 ^ _250_/Y (sky130_fd_sc_hd__o21ai_4)
                                         _008_ (net)
                  0.22    0.00    3.29 ^ _336_/A2 (sky130_fd_sc_hd__a31o_1)
     1    0.01    0.06    0.13    3.42 ^ _336_/X (sky130_fd_sc_hd__a31o_1)
                                         _087_ (net)
                  0.06    0.00    3.42 ^ _337_/B (sky130_fd_sc_hd__nand2_1)
     1    0.02    0.09    0.09    3.51 v _337_/Y (sky130_fd_sc_hd__nand2_1)
                                         _088_ (net)
                  0.09    0.00    3.51 v _338_/C (sky130_fd_sc_hd__and3_1)
     1    0.01    0.05    0.17    3.68 v _338_/X (sky130_fd_sc_hd__and3_1)
                                         _089_ (net)
                  0.05    0.00    3.68 v _346_/A (sky130_fd_sc_hd__or3_1)
     1    0.01    0.08    0.27    3.95 v _346_/X (sky130_fd_sc_hd__or3_1)
                                         _097_ (net)
                  0.08    0.00    3.95 v _347_/A (sky130_fd_sc_hd__buf_1)
     1    0.02    0.07    0.12    4.07 v _347_/X (sky130_fd_sc_hd__buf_1)
                                         net24 (net)
                  0.07    0.00    4.07 v output24/A (sky130_fd_sc_hd__buf_2)
     1    0.03    0.06    0.14    4.21 v output24/X (sky130_fd_sc_hd__buf_2)
                                         out[4] (net)
                  0.06    0.00    4.21 v out[4] (out)
                                  4.21   data arrival time

                  0.00   10.00   10.00   clock __VIRTUAL_CLK__ (rise edge)
                          0.00   10.00   clock network delay (ideal)
                         -0.25    9.75   clock uncertainty
                          0.00    9.75   clock reconvergence pessimism
                         -2.00    7.75   output external delay
                                  7.75   data required time
-----------------------------------------------------------------------------
                                  7.75   data required time
                                 -4.21   data arrival time
-----------------------------------------------------------------------------
                                  3.54   slack (MET)


Startpoint: opcode[0] (input port clocked by __VIRTUAL_CLK__)
Endpoint: out[6] (output port clocked by __VIRTUAL_CLK__)
Path Group: __VIRTUAL_CLK__
Path Type: max
Corner: Fastest

Fanout     Cap    Slew   Delay    Time   Description
-----------------------------------------------------------------------------
                  0.00    0.00    0.00   clock __VIRTUAL_CLK__ (rise edge)
                          0.00    0.00   clock network delay (ideal)
                          2.00    2.00 ^ input external delay
     1    0.00    0.01    0.01    2.01 ^ opcode[0] (in)
                                         opcode[0] (net)
                  0.01    0.00    2.01 ^ input17/A (sky130_fd_sc_hd__buf_2)
     5    0.05    0.17    0.17    2.18 ^ input17/X (sky130_fd_sc_hd__buf_2)
                                         net17 (net)
                  0.17    0.00    2.18 ^ _235_/A_N (sky130_fd_sc_hd__nand3b_4)
     8    0.05    0.14    0.18    2.36 ^ _235_/Y (sky130_fd_sc_hd__nand3b_4)
                                         _163_ (net)
                  0.14    0.00    2.36 ^ rebuffer4/A (sky130_fd_sc_hd__dlygate4sd1_1)
     2    0.02    0.12    0.21    2.57 ^ rebuffer4/X (sky130_fd_sc_hd__dlygate4sd1_1)
                                         net32 (net)
                  0.12    0.00    2.58 ^ _239_/A1 (sky130_fd_sc_hd__a21oi_2)
     2    0.02    0.07    0.07    2.65 v _239_/Y (sky130_fd_sc_hd__a21oi_2)
                                         _167_ (net)
                  0.07    0.00    2.65 v _241_/A1 (sky130_fd_sc_hd__o21ai_2)
     4    0.03    0.28    0.27    2.92 ^ _241_/Y (sky130_fd_sc_hd__o21ai_2)
                                         _169_ (net)
                  0.28    0.00    2.92 ^ _249_/A (sky130_fd_sc_hd__and2_4)
     2    0.03    0.07    0.16    3.07 ^ _249_/X (sky130_fd_sc_hd__and2_4)
                                         _007_ (net)
                  0.07    0.00    3.08 ^ _250_/B1 (sky130_fd_sc_hd__o21ai_4)
     4    0.04    0.07    0.06    3.13 v _250_/Y (sky130_fd_sc_hd__o21ai_4)
                                         _008_ (net)
                  0.07    0.00    3.14 v _257_/A1 (sky130_fd_sc_hd__a311o_4)
     4    0.03    0.07    0.26    3.40 v _257_/X (sky130_fd_sc_hd__a311o_4)
                                         _015_ (net)
                  0.07    0.00    3.40 v _276_/A3 (sky130_fd_sc_hd__a311oi_4)
     3    0.03    0.32    0.35    3.75 ^ _276_/Y (sky130_fd_sc_hd__a311oi_4)
                                         _033_ (net)
                  0.32    0.00    3.75 ^ _277_/A_N (sky130_fd_sc_hd__and2b_1)
     1    0.01    0.04    0.15    3.90 v _277_/X (sky130_fd_sc_hd__and2b_1)
                                         _034_ (net)
                  0.04    0.00    3.90 v _291_/A2 (sky130_fd_sc_hd__a21o_1)
     1    0.01    0.06    0.16    4.06 v _291_/X (sky130_fd_sc_hd__a21o_1)
                                         net26 (net)
                  0.06    0.00    4.06 v output26/A (sky130_fd_sc_hd__buf_2)
     1    0.03    0.06    0.14    4.20 v output26/X (sky130_fd_sc_hd__buf_2)
                                         out[6] (net)
                  0.06    0.00    4.20 v out[6] (out)
                                  4.20   data arrival time

                  0.00   10.00   10.00   clock __VIRTUAL_CLK__ (rise edge)
                          0.00   10.00   clock network delay (ideal)
                         -0.25    9.75   clock uncertainty
                          0.00    9.75   clock reconvergence pessimism
                         -2.00    7.75   output external delay
                                  7.75   data required time
-----------------------------------------------------------------------------
                                  7.75   data required time
                                 -4.20   data arrival time
-----------------------------------------------------------------------------
                                  3.55   slack (MET)


Startpoint: opcode[0] (input port clocked by __VIRTUAL_CLK__)
Endpoint: out[7] (output port clocked by __VIRTUAL_CLK__)
Path Group: __VIRTUAL_CLK__
Path Type: max
Corner: Fastest

Fanout     Cap    Slew   Delay    Time   Description
-----------------------------------------------------------------------------
                  0.00    0.00    0.00   clock __VIRTUAL_CLK__ (rise edge)
                          0.00    0.00   clock network delay (ideal)
                          2.00    2.00 v input external delay
     1    0.00    0.00    0.00    2.00 v opcode[0] (in)
                                         opcode[0] (net)
                  0.00    0.00    2.00 v input17/A (sky130_fd_sc_hd__buf_2)
     5    0.05    0.08    0.13    2.13 v input17/X (sky130_fd_sc_hd__buf_2)
                                         net17 (net)
                  0.08    0.00    2.13 v _235_/A_N (sky130_fd_sc_hd__nand3b_4)
     8    0.05    0.12    0.19    2.32 v _235_/Y (sky130_fd_sc_hd__nand3b_4)
                                         _163_ (net)
                  0.12    0.00    2.32 v rebuffer5/A (sky130_fd_sc_hd__buf_2)
     1    0.01    0.03    0.12    2.45 v rebuffer5/X (sky130_fd_sc_hd__buf_2)
                                         net33 (net)
                  0.03    0.00    2.45 v _243_/A2 (sky130_fd_sc_hd__a21oi_2)
     2    0.03    0.28    0.24    2.69 ^ _243_/Y (sky130_fd_sc_hd__a21oi_2)
                                         _001_ (net)
                  0.28    0.00    2.69 ^ _244_/A2 (sky130_fd_sc_hd__o21a_2)
     4    0.04    0.15    0.19    2.88 ^ _244_/X (sky130_fd_sc_hd__o21a_2)
                                         _002_ (net)
                  0.15    0.00    2.88 ^ _247_/A_N (sky130_fd_sc_hd__and3b_2)
     3    0.02    0.06    0.18    3.07 v _247_/X (sky130_fd_sc_hd__and3b_2)
                                         _005_ (net)
                  0.06    0.00    3.07 v _250_/A1 (sky130_fd_sc_hd__o21ai_4)
     4    0.04    0.22    0.22    3.29 ^ _250_/Y (sky130_fd_sc_hd__o21ai_4)
                                         _008_ (net)
                  0.22    0.00    3.30 ^ _257_/A1 (sky130_fd_sc_hd__a311o_4)
     4    0.03    0.10    0.21    3.50 ^ _257_/X (sky130_fd_sc_hd__a311o_4)
                                         _015_ (net)
                  0.10    0.00    3.50 ^ _276_/A3 (sky130_fd_sc_hd__a311oi_4)
     3    0.03    0.10    0.10    3.60 v _276_/Y (sky130_fd_sc_hd__a311oi_4)
                                         _033_ (net)
                  0.10    0.00    3.60 v _296_/B (sky130_fd_sc_hd__or3_1)
     1    0.01    0.07    0.26    3.86 v _296_/X (sky130_fd_sc_hd__or3_1)
                                         _052_ (net)
                  0.07    0.00    3.86 v _302_/A3 (sky130_fd_sc_hd__a31o_1)
     1    0.01    0.04    0.17    4.04 v _302_/X (sky130_fd_sc_hd__a31o_1)
                                         net27 (net)
                  0.04    0.00    4.04 v output27/A (sky130_fd_sc_hd__buf_2)
     1    0.03    0.06    0.13    4.17 v output27/X (sky130_fd_sc_hd__buf_2)
                                         out[7] (net)
                  0.06    0.00    4.17 v out[7] (out)
                                  4.17   data arrival time

                  0.00   10.00   10.00   clock __VIRTUAL_CLK__ (rise edge)
                          0.00   10.00   clock network delay (ideal)
                         -0.25    9.75   clock uncertainty
                          0.00    9.75   clock reconvergence pessimism
                         -2.00    7.75   output external delay
                                  7.75   data required time
-----------------------------------------------------------------------------
                                  7.75   data required time
                                 -4.17   data arrival time
-----------------------------------------------------------------------------
                                  3.58   slack (MET)


Startpoint: opcode[0] (input port clocked by __VIRTUAL_CLK__)
Endpoint: out[3] (output port clocked by __VIRTUAL_CLK__)
Path Group: __VIRTUAL_CLK__
Path Type: max
Corner: Fastest

Fanout     Cap    Slew   Delay    Time   Description
-----------------------------------------------------------------------------
                  0.00    0.00    0.00   clock __VIRTUAL_CLK__ (rise edge)
                          0.00    0.00   clock network delay (ideal)
                          2.00    2.00 v input external delay
     1    0.00    0.00    0.00    2.00 v opcode[0] (in)
                                         opcode[0] (net)
                  0.00    0.00    2.00 v input17/A (sky130_fd_sc_hd__buf_2)
     5    0.05    0.08    0.13    2.13 v input17/X (sky130_fd_sc_hd__buf_2)
                                         net17 (net)
                  0.08    0.00    2.13 v _235_/A_N (sky130_fd_sc_hd__nand3b_4)
     8    0.05    0.12    0.19    2.32 v _235_/Y (sky130_fd_sc_hd__nand3b_4)
                                         _163_ (net)
                  0.12    0.00    2.32 v rebuffer5/A (sky130_fd_sc_hd__buf_2)
     1    0.01    0.03    0.12    2.45 v rebuffer5/X (sky130_fd_sc_hd__buf_2)
                                         net33 (net)
                  0.03    0.00    2.45 v _243_/A2 (sky130_fd_sc_hd__a21oi_2)
     2    0.03    0.28    0.24    2.69 ^ _243_/Y (sky130_fd_sc_hd__a21oi_2)
                                         _001_ (net)
                  0.28    0.00    2.69 ^ _244_/A2 (sky130_fd_sc_hd__o21a_2)
     4    0.04    0.15    0.19    2.88 ^ _244_/X (sky130_fd_sc_hd__o21a_2)
                                         _002_ (net)
                  0.15    0.00    2.88 ^ _247_/A_N (sky130_fd_sc_hd__and3b_2)
     3    0.02    0.06    0.18    3.07 v _247_/X (sky130_fd_sc_hd__and3b_2)
                                         _005_ (net)
                  0.06    0.00    3.07 v _250_/A1 (sky130_fd_sc_hd__o21ai_4)
     4    0.04    0.22    0.22    3.29 ^ _250_/Y (sky130_fd_sc_hd__o21ai_4)
                                         _008_ (net)
                  0.22    0.00    3.29 ^ _328_/B (sky130_fd_sc_hd__nand2_1)
     1    0.02    0.15    0.14    3.44 v _328_/Y (sky130_fd_sc_hd__nand2_1)
                                         _080_ (net)
                  0.15    0.00    3.44 v _329_/B (sky130_fd_sc_hd__xnor2_1)
     1    0.01    0.21    0.23    3.67 ^ _329_/Y (sky130_fd_sc_hd__xnor2_1)
                                         _081_ (net)
                  0.21    0.00    3.67 ^ _335_/A2 (sky130_fd_sc_hd__a221o_1)
     1    0.02    0.15    0.20    3.87 ^ _335_/X (sky130_fd_sc_hd__a221o_1)
                                         net23 (net)
                  0.15    0.00    3.88 ^ output23/A (sky130_fd_sc_hd__buf_2)
     1    0.03    0.13    0.17    4.05 ^ output23/X (sky130_fd_sc_hd__buf_2)
                                         out[3] (net)
                  0.13    0.00    4.05 ^ out[3] (out)
                                  4.05   data arrival time

                  0.00   10.00   10.00   clock __VIRTUAL_CLK__ (rise edge)
                          0.00   10.00   clock network delay (ideal)
                         -0.25    9.75   clock uncertainty
                          0.00    9.75   clock reconvergence pessimism
                         -2.00    7.75   output external delay
                                  7.75   data required time
-----------------------------------------------------------------------------
                                  7.75   data required time
                                 -4.05   data arrival time
-----------------------------------------------------------------------------
                                  3.70   slack (MET)


Startpoint: opcode[0] (input port clocked by __VIRTUAL_CLK__)
Endpoint: out[1] (output port clocked by __VIRTUAL_CLK__)
Path Group: __VIRTUAL_CLK__
Path Type: max
Corner: Fastest

Fanout     Cap    Slew   Delay    Time   Description
-----------------------------------------------------------------------------
                  0.00    0.00    0.00   clock __VIRTUAL_CLK__ (rise edge)
                          0.00    0.00   clock network delay (ideal)
                          2.00    2.00 v input external delay
     1    0.00    0.00    0.00    2.00 v opcode[0] (in)
                                         opcode[0] (net)
                  0.00    0.00    2.00 v input17/A (sky130_fd_sc_hd__buf_2)
     5    0.05    0.08    0.13    2.13 v input17/X (sky130_fd_sc_hd__buf_2)
                                         net17 (net)
                  0.08    0.00    2.13 v _235_/A_N (sky130_fd_sc_hd__nand3b_4)
     8    0.05    0.12    0.19    2.32 v _235_/Y (sky130_fd_sc_hd__nand3b_4)
                                         _163_ (net)
                  0.12    0.00    2.32 v rebuffer5/A (sky130_fd_sc_hd__buf_2)
     1    0.01    0.03    0.12    2.45 v rebuffer5/X (sky130_fd_sc_hd__buf_2)
                                         net33 (net)
                  0.03    0.00    2.45 v _243_/A2 (sky130_fd_sc_hd__a21oi_2)
     2    0.03    0.28    0.24    2.69 ^ _243_/Y (sky130_fd_sc_hd__a21oi_2)
                                         _001_ (net)
                  0.28    0.00    2.69 ^ _244_/A2 (sky130_fd_sc_hd__o21a_2)
     4    0.04    0.15    0.19    2.88 ^ _244_/X (sky130_fd_sc_hd__o21a_2)
                                         _002_ (net)
                  0.15    0.00    2.88 ^ _314_/A_N (sky130_fd_sc_hd__and2b_1)
     1    0.02    0.07    0.17    3.06 v _314_/X (sky130_fd_sc_hd__and2b_1)
                                         _068_ (net)
                  0.07    0.00    3.06 v _315_/A (sky130_fd_sc_hd__nor2_1)
     1    0.01    0.08    0.11    3.17 ^ _315_/Y (sky130_fd_sc_hd__nor2_1)
                                         _069_ (net)
                  0.08    0.00    3.17 ^ _316_/B (sky130_fd_sc_hd__or3b_1)
     1    0.01    0.06    0.10    3.27 ^ _316_/X (sky130_fd_sc_hd__or3b_1)
                                         _070_ (net)
                  0.06    0.00    3.27 ^ _317_/D_N (sky130_fd_sc_hd__or4b_1)
     1    0.02    0.12    0.34    3.61 v _317_/X (sky130_fd_sc_hd__or4b_1)
                                         _071_ (net)
                  0.12    0.00    3.61 v _318_/A (sky130_fd_sc_hd__clkbuf_1)
     1    0.01    0.04    0.11    3.72 v _318_/X (sky130_fd_sc_hd__clkbuf_1)
                                         net21 (net)
                  0.04    0.00    3.72 v output21/A (sky130_fd_sc_hd__buf_2)
     1    0.03    0.06    0.13    3.85 v output21/X (sky130_fd_sc_hd__buf_2)
                                         out[1] (net)
                  0.06    0.00    3.85 v out[1] (out)
                                  3.85   data arrival time

                  0.00   10.00   10.00   clock __VIRTUAL_CLK__ (rise edge)
                          0.00   10.00   clock network delay (ideal)
                         -0.25    9.75   clock uncertainty
                          0.00    9.75   clock reconvergence pessimism
                         -2.00    7.75   output external delay
                                  7.75   data required time
-----------------------------------------------------------------------------
                                  7.75   data required time
                                 -3.85   data arrival time
-----------------------------------------------------------------------------
                                  3.90   slack (MET)


Startpoint: opcode[0] (input port clocked by __VIRTUAL_CLK__)
Endpoint: out[2] (output port clocked by __VIRTUAL_CLK__)
Path Group: __VIRTUAL_CLK__
Path Type: max
Corner: Fastest

Fanout     Cap    Slew   Delay    Time   Description
-----------------------------------------------------------------------------
                  0.00    0.00    0.00   clock __VIRTUAL_CLK__ (rise edge)
                          0.00    0.00   clock network delay (ideal)
                          2.00    2.00 v input external delay
     1    0.00    0.00    0.00    2.00 v opcode[0] (in)
                                         opcode[0] (net)
                  0.00    0.00    2.00 v input17/A (sky130_fd_sc_hd__buf_2)
     5    0.05    0.08    0.13    2.13 v input17/X (sky130_fd_sc_hd__buf_2)
                                         net17 (net)
                  0.08    0.00    2.13 v _235_/A_N (sky130_fd_sc_hd__nand3b_4)
     8    0.05    0.12    0.19    2.32 v _235_/Y (sky130_fd_sc_hd__nand3b_4)
                                         _163_ (net)
                  0.12    0.00    2.32 v rebuffer5/A (sky130_fd_sc_hd__buf_2)
     1    0.01    0.03    0.12    2.45 v rebuffer5/X (sky130_fd_sc_hd__buf_2)
                                         net33 (net)
                  0.03    0.00    2.45 v _243_/A2 (sky130_fd_sc_hd__a21oi_2)
     2    0.03    0.28    0.24    2.69 ^ _243_/Y (sky130_fd_sc_hd__a21oi_2)
                                         _001_ (net)
                  0.28    0.00    2.69 ^ _244_/A2 (sky130_fd_sc_hd__o21a_2)
     4    0.04    0.15    0.19    2.88 ^ _244_/X (sky130_fd_sc_hd__o21a_2)
                                         _002_ (net)
                  0.15    0.00    2.88 ^ _247_/A_N (sky130_fd_sc_hd__and3b_2)
     3    0.02    0.06    0.18    3.07 v _247_/X (sky130_fd_sc_hd__and3b_2)
                                         _005_ (net)
                  0.06    0.00    3.07 v _250_/A1 (sky130_fd_sc_hd__o21ai_4)
     4    0.04    0.22    0.22    3.29 ^ _250_/Y (sky130_fd_sc_hd__o21ai_4)
                                         _008_ (net)
                  0.22    0.00    3.30 ^ _326_/A1 (sky130_fd_sc_hd__a31o_1)
     1    0.02    0.15    0.19    3.48 ^ _326_/X (sky130_fd_sc_hd__a31o_1)
                                         net22 (net)
                  0.15    0.00    3.48 ^ output22/A (sky130_fd_sc_hd__buf_2)
     1    0.03    0.13    0.17    3.65 ^ output22/X (sky130_fd_sc_hd__buf_2)
                                         out[2] (net)
                  0.13    0.00    3.66 ^ out[2] (out)
                                  3.66   data arrival time

                  0.00   10.00   10.00   clock __VIRTUAL_CLK__ (rise edge)
                          0.00   10.00   clock network delay (ideal)
                         -0.25    9.75   clock uncertainty
                          0.00    9.75   clock reconvergence pessimism
                         -2.00    7.75   output external delay
                                  7.75   data required time
-----------------------------------------------------------------------------
                                  7.75   data required time
                                 -3.66   data arrival time
-----------------------------------------------------------------------------
                                  4.09   slack (MET)


Startpoint: opcode[1] (input port clocked by __VIRTUAL_CLK__)
Endpoint: out[0] (output port clocked by __VIRTUAL_CLK__)
Path Group: __VIRTUAL_CLK__
Path Type: max
Corner: Fastest

Fanout     Cap    Slew   Delay    Time   Description
-----------------------------------------------------------------------------
                  0.00    0.00    0.00   clock __VIRTUAL_CLK__ (rise edge)
                          0.00    0.00   clock network delay (ideal)
                          2.00    2.00 v input external delay
     1    0.00    0.00    0.00    2.00 v opcode[1] (in)
                                         opcode[1] (net)
                  0.00    0.00    2.00 v input18/A (sky130_fd_sc_hd__clkbuf_4)
     6    0.06    0.09    0.14    2.14 v input18/X (sky130_fd_sc_hd__clkbuf_4)
                                         net18 (net)
                  0.09    0.00    2.15 v _171_/B (sky130_fd_sc_hd__or2_2)
     4    0.04    0.10    0.27    2.41 v _171_/X (sky130_fd_sc_hd__or2_2)
                                         _099_ (net)
                  0.10    0.00    2.41 v _224_/B (sky130_fd_sc_hd__or2_1)
     1    0.01    0.07    0.19    2.60 v _224_/X (sky130_fd_sc_hd__or2_1)
                                         _152_ (net)
                  0.07    0.00    2.60 v _225_/A (sky130_fd_sc_hd__buf_2)
     8    0.05    0.08    0.15    2.76 v _225_/X (sky130_fd_sc_hd__buf_2)
                                         _153_ (net)
                  0.08    0.00    2.76 v _306_/A2 (sky130_fd_sc_hd__o21ai_1)
     1    0.01    0.16    0.17    2.94 ^ _306_/Y (sky130_fd_sc_hd__o21ai_1)
                                         _061_ (net)
                  0.16    0.00    2.94 ^ _307_/B1 (sky130_fd_sc_hd__a31o_1)
     2    0.02    0.16    0.16    3.10 ^ _307_/X (sky130_fd_sc_hd__a31o_1)
                                         net20 (net)
                  0.16    0.00    3.10 ^ output20/A (sky130_fd_sc_hd__buf_2)
     1    0.04    0.13    0.17    3.27 ^ output20/X (sky130_fd_sc_hd__buf_2)
                                         out[0] (net)
                  0.13    0.00    3.27 ^ out[0] (out)
                                  3.27   data arrival time

                  0.00   10.00   10.00   clock __VIRTUAL_CLK__ (rise edge)
                          0.00   10.00   clock network delay (ideal)
                         -0.25    9.75   clock uncertainty
                          0.00    9.75   clock reconvergence pessimism
                         -2.00    7.75   output external delay
                                  7.75   data required time
-----------------------------------------------------------------------------
                                  7.75   data required time
                                 -3.27   data arrival time
-----------------------------------------------------------------------------
                                  4.48   slack (MET)



worst slack corner Fastest: 3.5028
======================= Slowest Corner ===================================

Startpoint: opcode[0] (input port clocked by __VIRTUAL_CLK__)
Endpoint: out[4] (output port clocked by __VIRTUAL_CLK__)
Path Group: __VIRTUAL_CLK__
Path Type: max
Corner: Slowest

Fanout     Cap    Slew   Delay    Time   Description
-----------------------------------------------------------------------------
                  0.00    0.00    0.00   clock __VIRTUAL_CLK__ (rise edge)
                          0.00    0.00   clock network delay (ideal)
                          2.00    2.00 v input external delay
     1    0.00    0.02    0.01    2.01 v opcode[0] (in)
                                         opcode[0] (net)
                  0.02    0.00    2.01 v input17/A (sky130_fd_sc_hd__buf_2)
     5    0.04    0.21    0.37    2.38 v input17/X (sky130_fd_sc_hd__buf_2)
                                         net17 (net)
                  0.21    0.00    2.38 v _235_/A_N (sky130_fd_sc_hd__nand3b_4)
     8    0.05    0.37    0.58    2.96 v _235_/Y (sky130_fd_sc_hd__nand3b_4)
                                         _163_ (net)
                  0.37    0.00    2.96 v rebuffer5/A (sky130_fd_sc_hd__buf_2)
     1    0.01    0.07    0.41    3.38 v rebuffer5/X (sky130_fd_sc_hd__buf_2)
                                         net33 (net)
                  0.07    0.00    3.38 v _243_/A2 (sky130_fd_sc_hd__a21oi_2)
     2    0.03    0.61    0.59    3.96 ^ _243_/Y (sky130_fd_sc_hd__a21oi_2)
                                         _001_ (net)
                  0.61    0.00    3.96 ^ _244_/A2 (sky130_fd_sc_hd__o21a_2)
     4    0.04    0.32    0.65    4.61 ^ _244_/X (sky130_fd_sc_hd__o21a_2)
                                         _002_ (net)
                  0.32    0.00    4.61 ^ _247_/A_N (sky130_fd_sc_hd__and3b_2)
     3    0.02    0.16    0.65    5.27 v _247_/X (sky130_fd_sc_hd__and3b_2)
                                         _005_ (net)
                  0.16    0.00    5.27 v _250_/A1 (sky130_fd_sc_hd__o21ai_4)
     4    0.04    0.47    0.53    5.80 ^ _250_/Y (sky130_fd_sc_hd__o21ai_4)
                                         _008_ (net)
                  0.47    0.00    5.81 ^ _336_/A2 (sky130_fd_sc_hd__a31o_1)
     1    0.01    0.14    0.50    6.30 ^ _336_/X (sky130_fd_sc_hd__a31o_1)
                                         _087_ (net)
                  0.14    0.00    6.30 ^ _337_/B (sky130_fd_sc_hd__nand2_1)
     1    0.02    0.31    0.33    6.63 v _337_/Y (sky130_fd_sc_hd__nand2_1)
                                         _088_ (net)
                  0.31    0.00    6.63 v _338_/C (sky130_fd_sc_hd__and3_1)
     1    0.01    0.12    0.57    7.20 v _338_/X (sky130_fd_sc_hd__and3_1)
                                         _089_ (net)
                  0.12    0.00    7.20 v _346_/A (sky130_fd_sc_hd__or3_1)
     1    0.01    0.24    1.06    8.26 v _346_/X (sky130_fd_sc_hd__or3_1)
                                         _097_ (net)
                  0.24    0.00    8.26 v _347_/A (sky130_fd_sc_hd__buf_1)
     1    0.02    0.19    0.37    8.63 v _347_/X (sky130_fd_sc_hd__buf_1)
                                         net24 (net)
                  0.19    0.00    8.63 v output24/A (sky130_fd_sc_hd__buf_2)
     1    0.03    0.17    0.42    9.05 v output24/X (sky130_fd_sc_hd__buf_2)
                                         out[4] (net)
                  0.17    0.00    9.05 v out[4] (out)
                                  9.05   data arrival time

                  0.00   10.00   10.00   clock __VIRTUAL_CLK__ (rise edge)
                          0.00   10.00   clock network delay (ideal)
                         -0.25    9.75   clock uncertainty
                          0.00    9.75   clock reconvergence pessimism
                         -2.00    7.75   output external delay
                                  7.75   data required time
-----------------------------------------------------------------------------
                                  7.75   data required time
                                 -9.05   data arrival time
-----------------------------------------------------------------------------
                                 -1.30   slack (VIOLATED)


Startpoint: opcode[0] (input port clocked by __VIRTUAL_CLK__)
Endpoint: out[5] (output port clocked by __VIRTUAL_CLK__)
Path Group: __VIRTUAL_CLK__
Path Type: max
Corner: Slowest

Fanout     Cap    Slew   Delay    Time   Description
-----------------------------------------------------------------------------
                  0.00    0.00    0.00   clock __VIRTUAL_CLK__ (rise edge)
                          0.00    0.00   clock network delay (ideal)
                          2.00    2.00 v input external delay
     1    0.00    0.02    0.01    2.01 v opcode[0] (in)
                                         opcode[0] (net)
                  0.02    0.00    2.01 v input17/A (sky130_fd_sc_hd__buf_2)
     5    0.04    0.21    0.37    2.38 v input17/X (sky130_fd_sc_hd__buf_2)
                                         net17 (net)
                  0.21    0.00    2.38 v _235_/A_N (sky130_fd_sc_hd__nand3b_4)
     8    0.05    0.37    0.58    2.96 v _235_/Y (sky130_fd_sc_hd__nand3b_4)
                                         _163_ (net)
                  0.37    0.00    2.96 v rebuffer5/A (sky130_fd_sc_hd__buf_2)
     1    0.01    0.07    0.41    3.38 v rebuffer5/X (sky130_fd_sc_hd__buf_2)
                                         net33 (net)
                  0.07    0.00    3.38 v _243_/A2 (sky130_fd_sc_hd__a21oi_2)
     2    0.03    0.61    0.59    3.96 ^ _243_/Y (sky130_fd_sc_hd__a21oi_2)
                                         _001_ (net)
                  0.61    0.00    3.96 ^ _244_/A2 (sky130_fd_sc_hd__o21a_2)
     4    0.04    0.32    0.65    4.61 ^ _244_/X (sky130_fd_sc_hd__o21a_2)
                                         _002_ (net)
                  0.32    0.00    4.61 ^ _247_/A_N (sky130_fd_sc_hd__and3b_2)
     3    0.02    0.16    0.65    5.27 v _247_/X (sky130_fd_sc_hd__and3b_2)
                                         _005_ (net)
                  0.16    0.00    5.27 v _250_/A1 (sky130_fd_sc_hd__o21ai_4)
     4    0.04    0.47    0.53    5.80 ^ _250_/Y (sky130_fd_sc_hd__o21ai_4)
                                         _008_ (net)
                  0.47    0.00    5.81 ^ _257_/A1 (sky130_fd_sc_hd__a311o_4)
     4    0.03    0.21    0.68    6.48 ^ _257_/X (sky130_fd_sc_hd__a311o_4)
                                         _015_ (net)
                  0.21    0.00    6.48 ^ rebuffer2/A (sky130_fd_sc_hd__clkbuf_1)
     2    0.01    0.12    0.26    6.75 ^ rebuffer2/X (sky130_fd_sc_hd__clkbuf_1)
                                         net30 (net)
                  0.12    0.00    6.75 ^ rebuffer1/A (sky130_fd_sc_hd__dlymetal6s4s_1)
     1    0.00    0.11    0.38    7.12 ^ rebuffer1/X (sky130_fd_sc_hd__dlymetal6s4s_1)
                                         net29 (net)
                  0.11    0.00    7.12 ^ _264_/C (sky130_fd_sc_hd__nand3_1)
     1    0.01    0.19    0.24    7.36 v _264_/Y (sky130_fd_sc_hd__nand3_1)
                                         _022_ (net)
                  0.19    0.00    7.36 v _266_/B (sky130_fd_sc_hd__and3_1)
     1    0.02    0.17    0.52    7.88 v _266_/X (sky130_fd_sc_hd__and3_1)
                                         _024_ (net)
                  0.17    0.00    7.88 v _267_/C1 (sky130_fd_sc_hd__a211o_1)
     1    0.02    0.20    0.63    8.52 v _267_/X (sky130_fd_sc_hd__a211o_1)
                                         net25 (net)
                  0.20    0.00    8.52 v output25/A (sky130_fd_sc_hd__buf_4)
     1    0.03    0.10    0.39    8.90 v output25/X (sky130_fd_sc_hd__buf_4)
                                         out[5] (net)
                  0.10    0.00    8.90 v out[5] (out)
                                  8.90   data arrival time

                  0.00   10.00   10.00   clock __VIRTUAL_CLK__ (rise edge)
                          0.00   10.00   clock network delay (ideal)
                         -0.25    9.75   clock uncertainty
                          0.00    9.75   clock reconvergence pessimism
                         -2.00    7.75   output external delay
                                  7.75   data required time
-----------------------------------------------------------------------------
                                  7.75   data required time
                                 -8.90   data arrival time
-----------------------------------------------------------------------------
                                 -1.15   slack (VIOLATED)


Startpoint: opcode[0] (input port clocked by __VIRTUAL_CLK__)
Endpoint: out[7] (output port clocked by __VIRTUAL_CLK__)
Path Group: __VIRTUAL_CLK__
Path Type: max
Corner: Slowest

Fanout     Cap    Slew   Delay    Time   Description
-----------------------------------------------------------------------------
                  0.00    0.00    0.00   clock __VIRTUAL_CLK__ (rise edge)
                          0.00    0.00   clock network delay (ideal)
                          2.00    2.00 v input external delay
     1    0.00    0.02    0.01    2.01 v opcode[0] (in)
                                         opcode[0] (net)
                  0.02    0.00    2.01 v input17/A (sky130_fd_sc_hd__buf_2)
     5    0.04    0.21    0.37    2.38 v input17/X (sky130_fd_sc_hd__buf_2)
                                         net17 (net)
                  0.21    0.00    2.38 v _235_/A_N (sky130_fd_sc_hd__nand3b_4)
     8    0.05    0.37    0.58    2.96 v _235_/Y (sky130_fd_sc_hd__nand3b_4)
                                         _163_ (net)
                  0.37    0.00    2.96 v rebuffer5/A (sky130_fd_sc_hd__buf_2)
     1    0.01    0.07    0.41    3.38 v rebuffer5/X (sky130_fd_sc_hd__buf_2)
                                         net33 (net)
                  0.07    0.00    3.38 v _243_/A2 (sky130_fd_sc_hd__a21oi_2)
     2    0.03    0.61    0.59    3.96 ^ _243_/Y (sky130_fd_sc_hd__a21oi_2)
                                         _001_ (net)
                  0.61    0.00    3.96 ^ _244_/A2 (sky130_fd_sc_hd__o21a_2)
     4    0.04    0.32    0.65    4.61 ^ _244_/X (sky130_fd_sc_hd__o21a_2)
                                         _002_ (net)
                  0.32    0.00    4.61 ^ _247_/A_N (sky130_fd_sc_hd__and3b_2)
     3    0.02    0.16    0.65    5.27 v _247_/X (sky130_fd_sc_hd__and3b_2)
                                         _005_ (net)
                  0.16    0.00    5.27 v _250_/A1 (sky130_fd_sc_hd__o21ai_4)
     4    0.04    0.47    0.53    5.80 ^ _250_/Y (sky130_fd_sc_hd__o21ai_4)
                                         _008_ (net)
                  0.47    0.00    5.81 ^ _257_/A1 (sky130_fd_sc_hd__a311o_4)
     4    0.03    0.21    0.68    6.48 ^ _257_/X (sky130_fd_sc_hd__a311o_4)
                                         _015_ (net)
                  0.21    0.00    6.49 ^ _276_/A3 (sky130_fd_sc_hd__a311oi_4)
     3    0.03    0.28    0.37    6.86 v _276_/Y (sky130_fd_sc_hd__a311oi_4)
                                         _033_ (net)
                  0.28    0.00    6.86 v _296_/B (sky130_fd_sc_hd__or3_1)
     1    0.01    0.20    1.01    7.87 v _296_/X (sky130_fd_sc_hd__or3_1)
                                         _052_ (net)
                  0.20    0.00    7.87 v _302_/A3 (sky130_fd_sc_hd__a31o_1)
     1    0.01    0.10    0.51    8.38 v _302_/X (sky130_fd_sc_hd__a31o_1)
                                         net27 (net)
                  0.10    0.00    8.39 v output27/A (sky130_fd_sc_hd__buf_2)
     1    0.03    0.17    0.38    8.76 v output27/X (sky130_fd_sc_hd__buf_2)
                                         out[7] (net)
                  0.17    0.00    8.77 v out[7] (out)
                                  8.77   data arrival time

                  0.00   10.00   10.00   clock __VIRTUAL_CLK__ (rise edge)
                          0.00   10.00   clock network delay (ideal)
                         -0.25    9.75   clock uncertainty
                          0.00    9.75   clock reconvergence pessimism
                         -2.00    7.75   output external delay
                                  7.75   data required time
-----------------------------------------------------------------------------
                                  7.75   data required time
                                 -8.77   data arrival time
-----------------------------------------------------------------------------
                                 -1.02   slack (VIOLATED)


Startpoint: B[0] (input port clocked by __VIRTUAL_CLK__)
Endpoint: out[6] (output port clocked by __VIRTUAL_CLK__)
Path Group: __VIRTUAL_CLK__
Path Type: max
Corner: Slowest

Fanout     Cap    Slew   Delay    Time   Description
-----------------------------------------------------------------------------
                  0.00    0.00    0.00   clock __VIRTUAL_CLK__ (rise edge)
                          0.00    0.00   clock network delay (ideal)
                          2.00    2.00 v input external delay
     1    0.00    0.02    0.01    2.01 v B[0] (in)
                                         B[0] (net)
                  0.02    0.00    2.01 v input9/A (sky130_fd_sc_hd__clkbuf_2)
     4    0.04    0.29    0.36    2.37 v input9/X (sky130_fd_sc_hd__clkbuf_2)
                                         net9 (net)
                  0.29    0.00    2.37 v _234_/A (sky130_fd_sc_hd__or2_4)
     4    0.04    0.17    0.71    3.08 v _234_/X (sky130_fd_sc_hd__or2_4)
                                         _162_ (net)
                  0.17    0.00    3.09 v _236_/A3 (sky130_fd_sc_hd__o31a_2)
     3    0.03    0.21    0.79    3.87 v _236_/X (sky130_fd_sc_hd__o31a_2)
                                         _164_ (net)
                  0.21    0.00    3.87 v _268_/A3 (sky130_fd_sc_hd__o31a_1)
     2    0.02    0.26    0.72    4.60 v _268_/X (sky130_fd_sc_hd__o31a_1)
                                         _025_ (net)
                  0.26    0.00    4.60 v _269_/B (sky130_fd_sc_hd__xnor2_1)
     2    0.01    0.25    0.43    5.03 v _269_/Y (sky130_fd_sc_hd__xnor2_1)
                                         _026_ (net)
                  0.25    0.00    5.03 v _270_/B (sky130_fd_sc_hd__and2_1)
     3    0.03    0.26    0.61    5.64 v _270_/X (sky130_fd_sc_hd__and2_1)
                                         _027_ (net)
                  0.26    0.00    5.64 v _272_/A (sky130_fd_sc_hd__or2_4)
     2    0.05    0.18    0.71    6.35 v _272_/X (sky130_fd_sc_hd__or2_4)
                                         _029_ (net)
                  0.18    0.00    6.36 v _276_/B1 (sky130_fd_sc_hd__a311oi_4)
     3    0.03    0.65    0.77    7.12 ^ _276_/Y (sky130_fd_sc_hd__a311oi_4)
                                         _033_ (net)
                  0.65    0.00    7.12 ^ _277_/A_N (sky130_fd_sc_hd__and2b_1)
     1    0.01    0.12    0.63    7.76 v _277_/X (sky130_fd_sc_hd__and2b_1)
                                         _034_ (net)
                  0.12    0.00    7.76 v _291_/A2 (sky130_fd_sc_hd__a21o_1)
     1    0.01    0.15    0.45    8.21 v _291_/X (sky130_fd_sc_hd__a21o_1)
                                         net26 (net)
                  0.15    0.00    8.21 v output26/A (sky130_fd_sc_hd__buf_2)
     1    0.03    0.17    0.40    8.61 v output26/X (sky130_fd_sc_hd__buf_2)
                                         out[6] (net)
                  0.17    0.00    8.61 v out[6] (out)
                                  8.61   data arrival time

                  0.00   10.00   10.00   clock __VIRTUAL_CLK__ (rise edge)
                          0.00   10.00   clock network delay (ideal)
                         -0.25    9.75   clock uncertainty
                          0.00    9.75   clock reconvergence pessimism
                         -2.00    7.75   output external delay
                                  7.75   data required time
-----------------------------------------------------------------------------
                                  7.75   data required time
                                 -8.61   data arrival time
-----------------------------------------------------------------------------
                                 -0.86   slack (VIOLATED)


Startpoint: opcode[0] (input port clocked by __VIRTUAL_CLK__)
Endpoint: out[3] (output port clocked by __VIRTUAL_CLK__)
Path Group: __VIRTUAL_CLK__
Path Type: max
Corner: Slowest

Fanout     Cap    Slew   Delay    Time   Description
-----------------------------------------------------------------------------
                  0.00    0.00    0.00   clock __VIRTUAL_CLK__ (rise edge)
                          0.00    0.00   clock network delay (ideal)
                          2.00    2.00 v input external delay
     1    0.00    0.02    0.01    2.01 v opcode[0] (in)
                                         opcode[0] (net)
                  0.02    0.00    2.01 v input17/A (sky130_fd_sc_hd__buf_2)
     5    0.04    0.21    0.37    2.38 v input17/X (sky130_fd_sc_hd__buf_2)
                                         net17 (net)
                  0.21    0.00    2.38 v _235_/A_N (sky130_fd_sc_hd__nand3b_4)
     8    0.05    0.37    0.58    2.96 v _235_/Y (sky130_fd_sc_hd__nand3b_4)
                                         _163_ (net)
                  0.37    0.00    2.96 v rebuffer5/A (sky130_fd_sc_hd__buf_2)
     1    0.01    0.07    0.41    3.38 v rebuffer5/X (sky130_fd_sc_hd__buf_2)
                                         net33 (net)
                  0.07    0.00    3.38 v _243_/A2 (sky130_fd_sc_hd__a21oi_2)
     2    0.03    0.61    0.59    3.96 ^ _243_/Y (sky130_fd_sc_hd__a21oi_2)
                                         _001_ (net)
                  0.61    0.00    3.96 ^ _244_/A2 (sky130_fd_sc_hd__o21a_2)
     4    0.04    0.32    0.65    4.61 ^ _244_/X (sky130_fd_sc_hd__o21a_2)
                                         _002_ (net)
                  0.32    0.00    4.61 ^ _247_/A_N (sky130_fd_sc_hd__and3b_2)
     3    0.02    0.16    0.65    5.27 v _247_/X (sky130_fd_sc_hd__and3b_2)
                                         _005_ (net)
                  0.16    0.00    5.27 v _250_/A1 (sky130_fd_sc_hd__o21ai_4)
     4    0.04    0.47    0.53    5.80 ^ _250_/Y (sky130_fd_sc_hd__o21ai_4)
                                         _008_ (net)
                  0.47    0.00    5.81 ^ _328_/B (sky130_fd_sc_hd__nand2_1)
     1    0.02    0.44    0.54    6.34 v _328_/Y (sky130_fd_sc_hd__nand2_1)
                                         _080_ (net)
                  0.44    0.00    6.35 v _329_/B (sky130_fd_sc_hd__xnor2_1)
     1    0.01    0.22    0.48    6.82 v _329_/Y (sky130_fd_sc_hd__xnor2_1)
                                         _081_ (net)
                  0.22    0.00    6.82 v _335_/A2 (sky130_fd_sc_hd__a221o_1)
     1    0.02    0.24    0.91    7.74 v _335_/X (sky130_fd_sc_hd__a221o_1)
                                         net23 (net)
                  0.24    0.00    7.74 v output23/A (sky130_fd_sc_hd__buf_2)
     1    0.03    0.17    0.45    8.18 v output23/X (sky130_fd_sc_hd__buf_2)
                                         out[3] (net)
                  0.17    0.00    8.18 v out[3] (out)
                                  8.18   data arrival time

                  0.00   10.00   10.00   clock __VIRTUAL_CLK__ (rise edge)
                          0.00   10.00   clock network delay (ideal)
                         -0.25    9.75   clock uncertainty
                          0.00    9.75   clock reconvergence pessimism
                         -2.00    7.75   output external delay
                                  7.75   data required time
-----------------------------------------------------------------------------
                                  7.75   data required time
                                 -8.18   data arrival time
-----------------------------------------------------------------------------
                                 -0.43   slack (VIOLATED)


Startpoint: opcode[0] (input port clocked by __VIRTUAL_CLK__)
Endpoint: out[1] (output port clocked by __VIRTUAL_CLK__)
Path Group: __VIRTUAL_CLK__
Path Type: max
Corner: Slowest

Fanout     Cap    Slew   Delay    Time   Description
-----------------------------------------------------------------------------
                  0.00    0.00    0.00   clock __VIRTUAL_CLK__ (rise edge)
                          0.00    0.00   clock network delay (ideal)
                          2.00    2.00 v input external delay
     1    0.00    0.02    0.01    2.01 v opcode[0] (in)
                                         opcode[0] (net)
                  0.02    0.00    2.01 v input17/A (sky130_fd_sc_hd__buf_2)
     5    0.04    0.21    0.37    2.38 v input17/X (sky130_fd_sc_hd__buf_2)
                                         net17 (net)
                  0.21    0.00    2.38 v _235_/A_N (sky130_fd_sc_hd__nand3b_4)
     8    0.05    0.37    0.58    2.96 v _235_/Y (sky130_fd_sc_hd__nand3b_4)
                                         _163_ (net)
                  0.37    0.00    2.96 v rebuffer5/A (sky130_fd_sc_hd__buf_2)
     1    0.01    0.07    0.41    3.38 v rebuffer5/X (sky130_fd_sc_hd__buf_2)
                                         net33 (net)
                  0.07    0.00    3.38 v _243_/A2 (sky130_fd_sc_hd__a21oi_2)
     2    0.03    0.61    0.59    3.96 ^ _243_/Y (sky130_fd_sc_hd__a21oi_2)
                                         _001_ (net)
                  0.61    0.00    3.96 ^ _244_/A2 (sky130_fd_sc_hd__o21a_2)
     4    0.04    0.32    0.65    4.61 ^ _244_/X (sky130_fd_sc_hd__o21a_2)
                                         _002_ (net)
                  0.32    0.00    4.61 ^ _314_/A_N (sky130_fd_sc_hd__and2b_1)
     1    0.02    0.20    0.61    5.22 v _314_/X (sky130_fd_sc_hd__and2b_1)
                                         _068_ (net)
                  0.20    0.00    5.22 v _315_/A (sky130_fd_sc_hd__nor2_1)
     1    0.01    0.20    0.28    5.50 ^ _315_/Y (sky130_fd_sc_hd__nor2_1)
                                         _069_ (net)
                  0.20    0.00    5.50 ^ _316_/B (sky130_fd_sc_hd__or3b_1)
     1    0.01    0.12    0.29    5.79 ^ _316_/X (sky130_fd_sc_hd__or3b_1)
                                         _070_ (net)
                  0.12    0.00    5.79 ^ _317_/D_N (sky130_fd_sc_hd__or4b_1)
     1    0.02    0.36    1.38    7.17 v _317_/X (sky130_fd_sc_hd__or4b_1)
                                         _071_ (net)
                  0.36    0.00    7.17 v _318_/A (sky130_fd_sc_hd__clkbuf_1)
     1    0.01    0.11    0.34    7.51 v _318_/X (sky130_fd_sc_hd__clkbuf_1)
                                         net21 (net)
                  0.11    0.00    7.51 v output21/A (sky130_fd_sc_hd__buf_2)
     1    0.03    0.17    0.38    7.89 v output21/X (sky130_fd_sc_hd__buf_2)
                                         out[1] (net)
                  0.17    0.00    7.89 v out[1] (out)
                                  7.89   data arrival time

                  0.00   10.00   10.00   clock __VIRTUAL_CLK__ (rise edge)
                          0.00   10.00   clock network delay (ideal)
                         -0.25    9.75   clock uncertainty
                          0.00    9.75   clock reconvergence pessimism
                         -2.00    7.75   output external delay
                                  7.75   data required time
-----------------------------------------------------------------------------
                                  7.75   data required time
                                 -7.89   data arrival time
-----------------------------------------------------------------------------
                                 -0.14   slack (VIOLATED)


Startpoint: opcode[0] (input port clocked by __VIRTUAL_CLK__)
Endpoint: out[2] (output port clocked by __VIRTUAL_CLK__)
Path Group: __VIRTUAL_CLK__
Path Type: max
Corner: Slowest

Fanout     Cap    Slew   Delay    Time   Description
-----------------------------------------------------------------------------
                  0.00    0.00    0.00   clock __VIRTUAL_CLK__ (rise edge)
                          0.00    0.00   clock network delay (ideal)
                          2.00    2.00 ^ input external delay
     1    0.00    0.03    0.02    2.02 ^ opcode[0] (in)
                                         opcode[0] (net)
                  0.03    0.00    2.02 ^ input17/A (sky130_fd_sc_hd__buf_2)
     5    0.05    0.36    0.40    2.42 ^ input17/X (sky130_fd_sc_hd__buf_2)
                                         net17 (net)
                  0.36    0.00    2.42 ^ _235_/A_N (sky130_fd_sc_hd__nand3b_4)
     8    0.05    0.27    0.53    2.95 ^ _235_/Y (sky130_fd_sc_hd__nand3b_4)
                                         _163_ (net)
                  0.27    0.00    2.95 ^ rebuffer4/A (sky130_fd_sc_hd__dlygate4sd1_1)
     2    0.02    0.25    0.62    3.57 ^ rebuffer4/X (sky130_fd_sc_hd__dlygate4sd1_1)
                                         net32 (net)
                  0.25    0.00    3.57 ^ _239_/A1 (sky130_fd_sc_hd__a21oi_2)
     2    0.02    0.18    0.27    3.84 v _239_/Y (sky130_fd_sc_hd__a21oi_2)
                                         _167_ (net)
                  0.18    0.00    3.84 v _248_/B (sky130_fd_sc_hd__or3_1)
     1    0.01    0.21    0.98    4.82 v _248_/X (sky130_fd_sc_hd__or3_1)
                                         _006_ (net)
                  0.21    0.00    4.82 v _249_/B (sky130_fd_sc_hd__and2_4)
     2    0.02    0.09    0.42    5.24 v _249_/X (sky130_fd_sc_hd__and2_4)
                                         _007_ (net)
                  0.09    0.00    5.24 v _319_/A (sky130_fd_sc_hd__or3_1)
     1    0.00    0.13    0.88    6.13 v _319_/X (sky130_fd_sc_hd__or3_1)
                                         _072_ (net)
                  0.13    0.00    6.13 v _326_/A3 (sky130_fd_sc_hd__a31o_1)
     1    0.02    0.20    0.57    6.70 v _326_/X (sky130_fd_sc_hd__a31o_1)
                                         net22 (net)
                  0.20    0.00    6.70 v output22/A (sky130_fd_sc_hd__buf_2)
     1    0.03    0.17    0.43    7.13 v output22/X (sky130_fd_sc_hd__buf_2)
                                         out[2] (net)
                  0.17    0.00    7.13 v out[2] (out)
                                  7.13   data arrival time

                  0.00   10.00   10.00   clock __VIRTUAL_CLK__ (rise edge)
                          0.00   10.00   clock network delay (ideal)
                         -0.25    9.75   clock uncertainty
                          0.00    9.75   clock reconvergence pessimism
                         -2.00    7.75   output external delay
                                  7.75   data required time
-----------------------------------------------------------------------------
                                  7.75   data required time
                                 -7.13   data arrival time
-----------------------------------------------------------------------------
                                  0.62   slack (MET)


Startpoint: opcode[0] (input port clocked by __VIRTUAL_CLK__)
Endpoint: out[0] (output port clocked by __VIRTUAL_CLK__)
Path Group: __VIRTUAL_CLK__
Path Type: max
Corner: Slowest

Fanout     Cap    Slew   Delay    Time   Description
-----------------------------------------------------------------------------
                  0.00    0.00    0.00   clock __VIRTUAL_CLK__ (rise edge)
                          0.00    0.00   clock network delay (ideal)
                          2.00    2.00 v input external delay
     1    0.00    0.02    0.01    2.01 v opcode[0] (in)
                                         opcode[0] (net)
                  0.02    0.00    2.01 v input17/A (sky130_fd_sc_hd__buf_2)
     5    0.04    0.21    0.37    2.38 v input17/X (sky130_fd_sc_hd__buf_2)
                                         net17 (net)
                  0.21    0.00    2.38 v _171_/A (sky130_fd_sc_hd__or2_2)
     4    0.04    0.27    0.98    3.36 v _171_/X (sky130_fd_sc_hd__or2_2)
                                         _099_ (net)
                  0.27    0.00    3.36 v _224_/B (sky130_fd_sc_hd__or2_1)
     1    0.01    0.19    0.69    4.05 v _224_/X (sky130_fd_sc_hd__or2_1)
                                         _152_ (net)
                  0.19    0.00    4.05 v _225_/A (sky130_fd_sc_hd__buf_2)
     8    0.05    0.22    0.47    4.52 v _225_/X (sky130_fd_sc_hd__buf_2)
                                         _153_ (net)
                  0.22    0.00    4.52 v _306_/A2 (sky130_fd_sc_hd__o21ai_1)
     1    0.01    0.38    0.45    4.97 ^ _306_/Y (sky130_fd_sc_hd__o21ai_1)
                                         _061_ (net)
                  0.38    0.00    4.97 ^ _307_/B1 (sky130_fd_sc_hd__a31o_1)
     2    0.02    0.35    0.51    5.48 ^ _307_/X (sky130_fd_sc_hd__a31o_1)
                                         net20 (net)
                  0.35    0.00    5.48 ^ output20/A (sky130_fd_sc_hd__buf_2)
     1    0.04    0.28    0.49    5.97 ^ output20/X (sky130_fd_sc_hd__buf_2)
                                         out[0] (net)
                  0.28    0.00    5.97 ^ out[0] (out)
                                  5.97   data arrival time

                  0.00   10.00   10.00   clock __VIRTUAL_CLK__ (rise edge)
                          0.00   10.00   clock network delay (ideal)
                         -0.25    9.75   clock uncertainty
                          0.00    9.75   clock reconvergence pessimism
                         -2.00    7.75   output external delay
                                  7.75   data required time
-----------------------------------------------------------------------------
                                  7.75   data required time
                                 -5.97   data arrival time
-----------------------------------------------------------------------------
                                  1.78   slack (MET)



worst slack corner Slowest: -1.3046
======================= Typical Corner ===================================

Startpoint: opcode[0] (input port clocked by __VIRTUAL_CLK__)
Endpoint: out[5] (output port clocked by __VIRTUAL_CLK__)
Path Group: __VIRTUAL_CLK__
Path Type: max
Corner: Typical

Fanout     Cap    Slew   Delay    Time   Description
-----------------------------------------------------------------------------
                  0.00    0.00    0.00   clock __VIRTUAL_CLK__ (rise edge)
                          0.00    0.00   clock network delay (ideal)
                          2.00    2.00 v input external delay
     1    0.00    0.01    0.00    2.00 v opcode[0] (in)
                                         opcode[0] (net)
                  0.01    0.00    2.00 v input17/A (sky130_fd_sc_hd__buf_2)
     5    0.04    0.11    0.19    2.19 v input17/X (sky130_fd_sc_hd__buf_2)
                                         net17 (net)
                  0.11    0.00    2.20 v _235_/A_N (sky130_fd_sc_hd__nand3b_4)
     8    0.05    0.18    0.29    2.49 v _235_/Y (sky130_fd_sc_hd__nand3b_4)
                                         _163_ (net)
                  0.18    0.00    2.49 v rebuffer5/A (sky130_fd_sc_hd__buf_2)
     1    0.01    0.04    0.20    2.69 v rebuffer5/X (sky130_fd_sc_hd__buf_2)
                                         net33 (net)
                  0.04    0.00    2.69 v _243_/A2 (sky130_fd_sc_hd__a21oi_2)
     2    0.03    0.38    0.35    3.03 ^ _243_/Y (sky130_fd_sc_hd__a21oi_2)
                                         _001_ (net)
                  0.38    0.00    3.03 ^ _244_/A2 (sky130_fd_sc_hd__o21a_2)
     4    0.04    0.20    0.32    3.35 ^ _244_/X (sky130_fd_sc_hd__o21a_2)
                                         _002_ (net)
                  0.20    0.00    3.35 ^ _247_/A_N (sky130_fd_sc_hd__and3b_2)
     3    0.02    0.09    0.30    3.66 v _247_/X (sky130_fd_sc_hd__and3b_2)
                                         _005_ (net)
                  0.09    0.00    3.66 v _250_/A1 (sky130_fd_sc_hd__o21ai_4)
     4    0.04    0.30    0.32    3.98 ^ _250_/Y (sky130_fd_sc_hd__o21ai_4)
                                         _008_ (net)
                  0.30    0.00    3.98 ^ _257_/A1 (sky130_fd_sc_hd__a311o_4)
     4    0.03    0.14    0.34    4.32 ^ _257_/X (sky130_fd_sc_hd__a311o_4)
                                         _015_ (net)
                  0.14    0.00    4.32 ^ rebuffer2/A (sky130_fd_sc_hd__clkbuf_1)
     2    0.01    0.08    0.14    4.45 ^ rebuffer2/X (sky130_fd_sc_hd__clkbuf_1)
                                         net30 (net)
                  0.08    0.00    4.45 ^ rebuffer1/A (sky130_fd_sc_hd__dlymetal6s4s_1)
     1    0.00    0.07    0.21    4.66 ^ rebuffer1/X (sky130_fd_sc_hd__dlymetal6s4s_1)
                                         net29 (net)
                  0.07    0.00    4.66 ^ _264_/C (sky130_fd_sc_hd__nand3_1)
     1    0.01    0.09    0.10    4.76 v _264_/Y (sky130_fd_sc_hd__nand3_1)
                                         _022_ (net)
                  0.09    0.00    4.76 v _266_/B (sky130_fd_sc_hd__and3_1)
     1    0.02    0.09    0.25    5.01 v _266_/X (sky130_fd_sc_hd__and3_1)
                                         _024_ (net)
                  0.09    0.00    5.01 v _267_/C1 (sky130_fd_sc_hd__a211o_1)
     1    0.02    0.11    0.33    5.34 v _267_/X (sky130_fd_sc_hd__a211o_1)
                                         net25 (net)
                  0.11    0.00    5.34 v output25/A (sky130_fd_sc_hd__buf_4)
     1    0.03    0.06    0.21    5.55 v output25/X (sky130_fd_sc_hd__buf_4)
                                         out[5] (net)
                  0.06    0.00    5.55 v out[5] (out)
                                  5.55   data arrival time

                  0.00   10.00   10.00   clock __VIRTUAL_CLK__ (rise edge)
                          0.00   10.00   clock network delay (ideal)
                         -0.25    9.75   clock uncertainty
                          0.00    9.75   clock reconvergence pessimism
                         -2.00    7.75   output external delay
                                  7.75   data required time
-----------------------------------------------------------------------------
                                  7.75   data required time
                                 -5.55   data arrival time
-----------------------------------------------------------------------------
                                  2.20   slack (MET)


Startpoint: opcode[0] (input port clocked by __VIRTUAL_CLK__)
Endpoint: out[4] (output port clocked by __VIRTUAL_CLK__)
Path Group: __VIRTUAL_CLK__
Path Type: max
Corner: Typical

Fanout     Cap    Slew   Delay    Time   Description
-----------------------------------------------------------------------------
                  0.00    0.00    0.00   clock __VIRTUAL_CLK__ (rise edge)
                          0.00    0.00   clock network delay (ideal)
                          2.00    2.00 v input external delay
     1    0.00    0.01    0.00    2.00 v opcode[0] (in)
                                         opcode[0] (net)
                  0.01    0.00    2.00 v input17/A (sky130_fd_sc_hd__buf_2)
     5    0.04    0.11    0.19    2.19 v input17/X (sky130_fd_sc_hd__buf_2)
                                         net17 (net)
                  0.11    0.00    2.20 v _235_/A_N (sky130_fd_sc_hd__nand3b_4)
     8    0.05    0.18    0.29    2.49 v _235_/Y (sky130_fd_sc_hd__nand3b_4)
                                         _163_ (net)
                  0.18    0.00    2.49 v rebuffer5/A (sky130_fd_sc_hd__buf_2)
     1    0.01    0.04    0.20    2.69 v rebuffer5/X (sky130_fd_sc_hd__buf_2)
                                         net33 (net)
                  0.04    0.00    2.69 v _243_/A2 (sky130_fd_sc_hd__a21oi_2)
     2    0.03    0.38    0.35    3.03 ^ _243_/Y (sky130_fd_sc_hd__a21oi_2)
                                         _001_ (net)
                  0.38    0.00    3.03 ^ _244_/A2 (sky130_fd_sc_hd__o21a_2)
     4    0.04    0.20    0.32    3.35 ^ _244_/X (sky130_fd_sc_hd__o21a_2)
                                         _002_ (net)
                  0.20    0.00    3.35 ^ _247_/A_N (sky130_fd_sc_hd__and3b_2)
     3    0.02    0.09    0.30    3.66 v _247_/X (sky130_fd_sc_hd__and3b_2)
                                         _005_ (net)
                  0.09    0.00    3.66 v _250_/A1 (sky130_fd_sc_hd__o21ai_4)
     4    0.04    0.30    0.32    3.98 ^ _250_/Y (sky130_fd_sc_hd__o21ai_4)
                                         _008_ (net)
                  0.30    0.00    3.98 ^ _336_/A2 (sky130_fd_sc_hd__a31o_1)
     1    0.01    0.08    0.23    4.21 ^ _336_/X (sky130_fd_sc_hd__a31o_1)
                                         _087_ (net)
                  0.08    0.00    4.21 ^ _337_/B (sky130_fd_sc_hd__nand2_1)
     1    0.02    0.14    0.15    4.35 v _337_/Y (sky130_fd_sc_hd__nand2_1)
                                         _088_ (net)
                  0.14    0.00    4.35 v _338_/C (sky130_fd_sc_hd__and3_1)
     1    0.01    0.06    0.26    4.62 v _338_/X (sky130_fd_sc_hd__and3_1)
                                         _089_ (net)
                  0.06    0.00    4.62 v _346_/A (sky130_fd_sc_hd__or3_1)
     1    0.01    0.12    0.46    5.08 v _346_/X (sky130_fd_sc_hd__or3_1)
                                         _097_ (net)
                  0.12    0.00    5.08 v _347_/A (sky130_fd_sc_hd__buf_1)
     1    0.02    0.10    0.19    5.27 v _347_/X (sky130_fd_sc_hd__buf_1)
                                         net24 (net)
                  0.10    0.00    5.27 v output24/A (sky130_fd_sc_hd__buf_2)
     1    0.03    0.09    0.21    5.48 v output24/X (sky130_fd_sc_hd__buf_2)
                                         out[4] (net)
                  0.09    0.00    5.49 v out[4] (out)
                                  5.49   data arrival time

                  0.00   10.00   10.00   clock __VIRTUAL_CLK__ (rise edge)
                          0.00   10.00   clock network delay (ideal)
                         -0.25    9.75   clock uncertainty
                          0.00    9.75   clock reconvergence pessimism
                         -2.00    7.75   output external delay
                                  7.75   data required time
-----------------------------------------------------------------------------
                                  7.75   data required time
                                 -5.49   data arrival time
-----------------------------------------------------------------------------
                                  2.26   slack (MET)


Startpoint: B[0] (input port clocked by __VIRTUAL_CLK__)
Endpoint: out[6] (output port clocked by __VIRTUAL_CLK__)
Path Group: __VIRTUAL_CLK__
Path Type: max
Corner: Typical

Fanout     Cap    Slew   Delay    Time   Description
-----------------------------------------------------------------------------
                  0.00    0.00    0.00   clock __VIRTUAL_CLK__ (rise edge)
                          0.00    0.00   clock network delay (ideal)
                          2.00    2.00 v input external delay
     1    0.00    0.01    0.00    2.00 v B[0] (in)
                                         B[0] (net)
                  0.01    0.00    2.00 v input9/A (sky130_fd_sc_hd__clkbuf_2)
     4    0.04    0.16    0.20    2.20 v input9/X (sky130_fd_sc_hd__clkbuf_2)
                                         net9 (net)
                  0.16    0.00    2.21 v _234_/A (sky130_fd_sc_hd__or2_4)
     4    0.04    0.10    0.37    2.58 v _234_/X (sky130_fd_sc_hd__or2_4)
                                         _162_ (net)
                  0.10    0.00    2.58 v _236_/A3 (sky130_fd_sc_hd__o31a_2)
     3    0.03    0.12    0.41    2.99 v _236_/X (sky130_fd_sc_hd__o31a_2)
                                         _164_ (net)
                  0.12    0.00    2.99 v _268_/A3 (sky130_fd_sc_hd__o31a_1)
     2    0.02    0.14    0.38    3.37 v _268_/X (sky130_fd_sc_hd__o31a_1)
                                         _025_ (net)
                  0.14    0.00    3.37 v _269_/B (sky130_fd_sc_hd__xnor2_1)
     2    0.01    0.12    0.23    3.60 v _269_/Y (sky130_fd_sc_hd__xnor2_1)
                                         _026_ (net)
                  0.12    0.00    3.60 v _270_/B (sky130_fd_sc_hd__and2_1)
     3    0.03    0.14    0.29    3.89 v _270_/X (sky130_fd_sc_hd__and2_1)
                                         _027_ (net)
                  0.14    0.00    3.89 v _272_/A (sky130_fd_sc_hd__or2_4)
     2    0.05    0.11    0.37    4.27 v _272_/X (sky130_fd_sc_hd__or2_4)
                                         _029_ (net)
                  0.11    0.00    4.27 v _276_/B1 (sky130_fd_sc_hd__a311oi_4)
     3    0.03    0.42    0.47    4.74 ^ _276_/Y (sky130_fd_sc_hd__a311oi_4)
                                         _033_ (net)
                  0.42    0.00    4.74 ^ _277_/A_N (sky130_fd_sc_hd__and2b_1)
     1    0.01    0.06    0.28    5.02 v _277_/X (sky130_fd_sc_hd__and2b_1)
                                         _034_ (net)
                  0.06    0.00    5.02 v _291_/A2 (sky130_fd_sc_hd__a21o_1)
     1    0.01    0.08    0.24    5.26 v _291_/X (sky130_fd_sc_hd__a21o_1)
                                         net26 (net)
                  0.08    0.00    5.26 v output26/A (sky130_fd_sc_hd__buf_2)
     1    0.03    0.09    0.21    5.47 v output26/X (sky130_fd_sc_hd__buf_2)
                                         out[6] (net)
                  0.09    0.00    5.47 v out[6] (out)
                                  5.47   data arrival time

                  0.00   10.00   10.00   clock __VIRTUAL_CLK__ (rise edge)
                          0.00   10.00   clock network delay (ideal)
                         -0.25    9.75   clock uncertainty
                          0.00    9.75   clock reconvergence pessimism
                         -2.00    7.75   output external delay
                                  7.75   data required time
-----------------------------------------------------------------------------
                                  7.75   data required time
                                 -5.47   data arrival time
-----------------------------------------------------------------------------
                                  2.28   slack (MET)


Startpoint: B[0] (input port clocked by __VIRTUAL_CLK__)
Endpoint: out[7] (output port clocked by __VIRTUAL_CLK__)
Path Group: __VIRTUAL_CLK__
Path Type: max
Corner: Typical

Fanout     Cap    Slew   Delay    Time   Description
-----------------------------------------------------------------------------
                  0.00    0.00    0.00   clock __VIRTUAL_CLK__ (rise edge)
                          0.00    0.00   clock network delay (ideal)
                          2.00    2.00 v input external delay
     1    0.00    0.01    0.00    2.00 v B[0] (in)
                                         B[0] (net)
                  0.01    0.00    2.00 v input9/A (sky130_fd_sc_hd__clkbuf_2)
     4    0.04    0.16    0.20    2.20 v input9/X (sky130_fd_sc_hd__clkbuf_2)
                                         net9 (net)
                  0.16    0.00    2.21 v _234_/A (sky130_fd_sc_hd__or2_4)
     4    0.04    0.10    0.37    2.58 v _234_/X (sky130_fd_sc_hd__or2_4)
                                         _162_ (net)
                  0.10    0.00    2.58 v _236_/A3 (sky130_fd_sc_hd__o31a_2)
     3    0.03    0.12    0.41    2.99 v _236_/X (sky130_fd_sc_hd__o31a_2)
                                         _164_ (net)
                  0.12    0.00    2.99 v _268_/A3 (sky130_fd_sc_hd__o31a_1)
     2    0.02    0.14    0.38    3.37 v _268_/X (sky130_fd_sc_hd__o31a_1)
                                         _025_ (net)
                  0.14    0.00    3.37 v _269_/B (sky130_fd_sc_hd__xnor2_1)
     2    0.01    0.12    0.23    3.60 v _269_/Y (sky130_fd_sc_hd__xnor2_1)
                                         _026_ (net)
                  0.12    0.00    3.60 v _270_/B (sky130_fd_sc_hd__and2_1)
     3    0.03    0.14    0.29    3.89 v _270_/X (sky130_fd_sc_hd__and2_1)
                                         _027_ (net)
                  0.14    0.00    3.89 v _272_/A (sky130_fd_sc_hd__or2_4)
     2    0.05    0.11    0.37    4.27 v _272_/X (sky130_fd_sc_hd__or2_4)
                                         _029_ (net)
                  0.11    0.00    4.27 v _276_/B1 (sky130_fd_sc_hd__a311oi_4)
     3    0.03    0.42    0.47    4.74 ^ _276_/Y (sky130_fd_sc_hd__a311oi_4)
                                         _033_ (net)
                  0.42    0.00    4.74 ^ _295_/A2 (sky130_fd_sc_hd__o21ai_1)
     1    0.01    0.16    0.19    4.93 v _295_/Y (sky130_fd_sc_hd__o21ai_1)
                                         _051_ (net)
                  0.16    0.00    4.93 v _302_/A2 (sky130_fd_sc_hd__a31o_1)
     1    0.01    0.06    0.28    5.21 v _302_/X (sky130_fd_sc_hd__a31o_1)
                                         net27 (net)
                  0.06    0.00    5.21 v output27/A (sky130_fd_sc_hd__buf_2)
     1    0.03    0.09    0.20    5.41 v output27/X (sky130_fd_sc_hd__buf_2)
                                         out[7] (net)
                  0.09    0.00    5.41 v out[7] (out)
                                  5.41   data arrival time

                  0.00   10.00   10.00   clock __VIRTUAL_CLK__ (rise edge)
                          0.00   10.00   clock network delay (ideal)
                         -0.25    9.75   clock uncertainty
                          0.00    9.75   clock reconvergence pessimism
                         -2.00    7.75   output external delay
                                  7.75   data required time
-----------------------------------------------------------------------------
                                  7.75   data required time
                                 -5.41   data arrival time
-----------------------------------------------------------------------------
                                  2.34   slack (MET)


Startpoint: opcode[0] (input port clocked by __VIRTUAL_CLK__)
Endpoint: out[3] (output port clocked by __VIRTUAL_CLK__)
Path Group: __VIRTUAL_CLK__
Path Type: max
Corner: Typical

Fanout     Cap    Slew   Delay    Time   Description
-----------------------------------------------------------------------------
                  0.00    0.00    0.00   clock __VIRTUAL_CLK__ (rise edge)
                          0.00    0.00   clock network delay (ideal)
                          2.00    2.00 v input external delay
     1    0.00    0.01    0.00    2.00 v opcode[0] (in)
                                         opcode[0] (net)
                  0.01    0.00    2.00 v input17/A (sky130_fd_sc_hd__buf_2)
     5    0.04    0.11    0.19    2.19 v input17/X (sky130_fd_sc_hd__buf_2)
                                         net17 (net)
                  0.11    0.00    2.20 v _235_/A_N (sky130_fd_sc_hd__nand3b_4)
     8    0.05    0.18    0.29    2.49 v _235_/Y (sky130_fd_sc_hd__nand3b_4)
                                         _163_ (net)
                  0.18    0.00    2.49 v rebuffer5/A (sky130_fd_sc_hd__buf_2)
     1    0.01    0.04    0.20    2.69 v rebuffer5/X (sky130_fd_sc_hd__buf_2)
                                         net33 (net)
                  0.04    0.00    2.69 v _243_/A2 (sky130_fd_sc_hd__a21oi_2)
     2    0.03    0.38    0.35    3.03 ^ _243_/Y (sky130_fd_sc_hd__a21oi_2)
                                         _001_ (net)
                  0.38    0.00    3.03 ^ _244_/A2 (sky130_fd_sc_hd__o21a_2)
     4    0.04    0.20    0.32    3.35 ^ _244_/X (sky130_fd_sc_hd__o21a_2)
                                         _002_ (net)
                  0.20    0.00    3.35 ^ _247_/A_N (sky130_fd_sc_hd__and3b_2)
     3    0.02    0.09    0.30    3.66 v _247_/X (sky130_fd_sc_hd__and3b_2)
                                         _005_ (net)
                  0.09    0.00    3.66 v _250_/A1 (sky130_fd_sc_hd__o21ai_4)
     4    0.04    0.30    0.32    3.98 ^ _250_/Y (sky130_fd_sc_hd__o21ai_4)
                                         _008_ (net)
                  0.30    0.00    3.98 ^ _328_/B (sky130_fd_sc_hd__nand2_1)
     1    0.02    0.21    0.25    4.23 v _328_/Y (sky130_fd_sc_hd__nand2_1)
                                         _080_ (net)
                  0.21    0.00    4.23 v _329_/B (sky130_fd_sc_hd__xnor2_1)
     1    0.01    0.11    0.24    4.47 v _329_/Y (sky130_fd_sc_hd__xnor2_1)
                                         _081_ (net)
                  0.11    0.00    4.47 v _335_/A2 (sky130_fd_sc_hd__a221o_1)
     1    0.02    0.14    0.48    4.95 v _335_/X (sky130_fd_sc_hd__a221o_1)
                                         net23 (net)
                  0.14    0.00    4.95 v output23/A (sky130_fd_sc_hd__buf_2)
     1    0.03    0.09    0.23    5.19 v output23/X (sky130_fd_sc_hd__buf_2)
                                         out[3] (net)
                  0.09    0.00    5.19 v out[3] (out)
                                  5.19   data arrival time

                  0.00   10.00   10.00   clock __VIRTUAL_CLK__ (rise edge)
                          0.00   10.00   clock network delay (ideal)
                         -0.25    9.75   clock uncertainty
                          0.00    9.75   clock reconvergence pessimism
                         -2.00    7.75   output external delay
                                  7.75   data required time
-----------------------------------------------------------------------------
                                  7.75   data required time
                                 -5.19   data arrival time
-----------------------------------------------------------------------------
                                  2.56   slack (MET)


Startpoint: opcode[0] (input port clocked by __VIRTUAL_CLK__)
Endpoint: out[1] (output port clocked by __VIRTUAL_CLK__)
Path Group: __VIRTUAL_CLK__
Path Type: max
Corner: Typical

Fanout     Cap    Slew   Delay    Time   Description
-----------------------------------------------------------------------------
                  0.00    0.00    0.00   clock __VIRTUAL_CLK__ (rise edge)
                          0.00    0.00   clock network delay (ideal)
                          2.00    2.00 v input external delay
     1    0.00    0.01    0.00    2.00 v opcode[0] (in)
                                         opcode[0] (net)
                  0.01    0.00    2.00 v input17/A (sky130_fd_sc_hd__buf_2)
     5    0.04    0.11    0.19    2.19 v input17/X (sky130_fd_sc_hd__buf_2)
                                         net17 (net)
                  0.11    0.00    2.20 v _235_/A_N (sky130_fd_sc_hd__nand3b_4)
     8    0.05    0.18    0.29    2.49 v _235_/Y (sky130_fd_sc_hd__nand3b_4)
                                         _163_ (net)
                  0.18    0.00    2.49 v rebuffer5/A (sky130_fd_sc_hd__buf_2)
     1    0.01    0.04    0.20    2.69 v rebuffer5/X (sky130_fd_sc_hd__buf_2)
                                         net33 (net)
                  0.04    0.00    2.69 v _243_/A2 (sky130_fd_sc_hd__a21oi_2)
     2    0.03    0.38    0.35    3.03 ^ _243_/Y (sky130_fd_sc_hd__a21oi_2)
                                         _001_ (net)
                  0.38    0.00    3.03 ^ _244_/A2 (sky130_fd_sc_hd__o21a_2)
     4    0.04    0.20    0.32    3.35 ^ _244_/X (sky130_fd_sc_hd__o21a_2)
                                         _002_ (net)
                  0.20    0.00    3.35 ^ _314_/A_N (sky130_fd_sc_hd__and2b_1)
     1    0.02    0.10    0.29    3.64 v _314_/X (sky130_fd_sc_hd__and2b_1)
                                         _068_ (net)
                  0.10    0.00    3.64 v _315_/A (sky130_fd_sc_hd__nor2_1)
     1    0.01    0.12    0.16    3.80 ^ _315_/Y (sky130_fd_sc_hd__nor2_1)
                                         _069_ (net)
                  0.12    0.00    3.80 ^ _316_/B (sky130_fd_sc_hd__or3b_1)
     1    0.01    0.08    0.16    3.96 ^ _316_/X (sky130_fd_sc_hd__or3b_1)
                                         _070_ (net)
                  0.08    0.00    3.96 ^ _317_/D_N (sky130_fd_sc_hd__or4b_1)
     1    0.02    0.19    0.59    4.55 v _317_/X (sky130_fd_sc_hd__or4b_1)
                                         _071_ (net)
                  0.19    0.00    4.55 v _318_/A (sky130_fd_sc_hd__clkbuf_1)
     1    0.01    0.05    0.18    4.73 v _318_/X (sky130_fd_sc_hd__clkbuf_1)
                                         net21 (net)
                  0.05    0.00    4.73 v output21/A (sky130_fd_sc_hd__buf_2)
     1    0.03    0.09    0.19    4.92 v output21/X (sky130_fd_sc_hd__buf_2)
                                         out[1] (net)
                  0.09    0.00    4.92 v out[1] (out)
                                  4.92   data arrival time

                  0.00   10.00   10.00   clock __VIRTUAL_CLK__ (rise edge)
                          0.00   10.00   clock network delay (ideal)
                         -0.25    9.75   clock uncertainty
                          0.00    9.75   clock reconvergence pessimism
                         -2.00    7.75   output external delay
                                  7.75   data required time
-----------------------------------------------------------------------------
                                  7.75   data required time
                                 -4.92   data arrival time
-----------------------------------------------------------------------------
                                  2.83   slack (MET)


Startpoint: opcode[0] (input port clocked by __VIRTUAL_CLK__)
Endpoint: out[2] (output port clocked by __VIRTUAL_CLK__)
Path Group: __VIRTUAL_CLK__
Path Type: max
Corner: Typical

Fanout     Cap    Slew   Delay    Time   Description
-----------------------------------------------------------------------------
                  0.00    0.00    0.00   clock __VIRTUAL_CLK__ (rise edge)
                          0.00    0.00   clock network delay (ideal)
                          2.00    2.00 v input external delay
     1    0.00    0.01    0.00    2.00 v opcode[0] (in)
                                         opcode[0] (net)
                  0.01    0.00    2.00 v input17/A (sky130_fd_sc_hd__buf_2)
     5    0.04    0.11    0.19    2.19 v input17/X (sky130_fd_sc_hd__buf_2)
                                         net17 (net)
                  0.11    0.00    2.20 v _235_/A_N (sky130_fd_sc_hd__nand3b_4)
     8    0.05    0.18    0.29    2.49 v _235_/Y (sky130_fd_sc_hd__nand3b_4)
                                         _163_ (net)
                  0.18    0.00    2.49 v rebuffer5/A (sky130_fd_sc_hd__buf_2)
     1    0.01    0.04    0.20    2.69 v rebuffer5/X (sky130_fd_sc_hd__buf_2)
                                         net33 (net)
                  0.04    0.00    2.69 v _243_/A2 (sky130_fd_sc_hd__a21oi_2)
     2    0.03    0.38    0.35    3.03 ^ _243_/Y (sky130_fd_sc_hd__a21oi_2)
                                         _001_ (net)
                  0.38    0.00    3.03 ^ _244_/A2 (sky130_fd_sc_hd__o21a_2)
     4    0.04    0.20    0.32    3.35 ^ _244_/X (sky130_fd_sc_hd__o21a_2)
                                         _002_ (net)
                  0.20    0.00    3.35 ^ _247_/A_N (sky130_fd_sc_hd__and3b_2)
     3    0.02    0.09    0.30    3.66 v _247_/X (sky130_fd_sc_hd__and3b_2)
                                         _005_ (net)
                  0.09    0.00    3.66 v _250_/A1 (sky130_fd_sc_hd__o21ai_4)
     4    0.04    0.30    0.32    3.98 ^ _250_/Y (sky130_fd_sc_hd__o21ai_4)
                                         _008_ (net)
                  0.30    0.00    3.98 ^ _326_/A1 (sky130_fd_sc_hd__a31o_1)
     1    0.02    0.20    0.32    4.30 ^ _326_/X (sky130_fd_sc_hd__a31o_1)
                                         net22 (net)
                  0.20    0.00    4.30 ^ output22/A (sky130_fd_sc_hd__buf_2)
     1    0.03    0.17    0.26    4.56 ^ output22/X (sky130_fd_sc_hd__buf_2)
                                         out[2] (net)
                  0.17    0.00    4.56 ^ out[2] (out)
                                  4.56   data arrival time

                  0.00   10.00   10.00   clock __VIRTUAL_CLK__ (rise edge)
                          0.00   10.00   clock network delay (ideal)
                         -0.25    9.75   clock uncertainty
                          0.00    9.75   clock reconvergence pessimism
                         -2.00    7.75   output external delay
                                  7.75   data required time
-----------------------------------------------------------------------------
                                  7.75   data required time
                                 -4.56   data arrival time
-----------------------------------------------------------------------------
                                  3.19   slack (MET)


Startpoint: opcode[1] (input port clocked by __VIRTUAL_CLK__)
Endpoint: out[0] (output port clocked by __VIRTUAL_CLK__)
Path Group: __VIRTUAL_CLK__
Path Type: max
Corner: Typical

Fanout     Cap    Slew   Delay    Time   Description
-----------------------------------------------------------------------------
                  0.00    0.00    0.00   clock __VIRTUAL_CLK__ (rise edge)
                          0.00    0.00   clock network delay (ideal)
                          2.00    2.00 v input external delay
     1    0.00    0.01    0.00    2.00 v opcode[1] (in)
                                         opcode[1] (net)
                  0.01    0.00    2.00 v input18/A (sky130_fd_sc_hd__clkbuf_4)
     6    0.06    0.12    0.21    2.21 v input18/X (sky130_fd_sc_hd__clkbuf_4)
                                         net18 (net)
                  0.12    0.00    2.22 v _171_/B (sky130_fd_sc_hd__or2_2)
     4    0.04    0.14    0.43    2.65 v _171_/X (sky130_fd_sc_hd__or2_2)
                                         _099_ (net)
                  0.14    0.00    2.65 v _224_/B (sky130_fd_sc_hd__or2_1)
     1    0.01    0.10    0.31    2.96 v _224_/X (sky130_fd_sc_hd__or2_1)
                                         _152_ (net)
                  0.10    0.00    2.96 v _225_/A (sky130_fd_sc_hd__buf_2)
     8    0.05    0.11    0.23    3.19 v _225_/X (sky130_fd_sc_hd__buf_2)
                                         _153_ (net)
                  0.12    0.00    3.20 v _306_/A2 (sky130_fd_sc_hd__o21ai_1)
     1    0.01    0.23    0.25    3.45 ^ _306_/Y (sky130_fd_sc_hd__o21ai_1)
                                         _061_ (net)
                  0.23    0.00    3.45 ^ _307_/B1 (sky130_fd_sc_hd__a31o_1)
     2    0.02    0.21    0.27    3.72 ^ _307_/X (sky130_fd_sc_hd__a31o_1)
                                         net20 (net)
                  0.21    0.00    3.72 ^ output20/A (sky130_fd_sc_hd__buf_2)
     1    0.04    0.18    0.27    3.99 ^ output20/X (sky130_fd_sc_hd__buf_2)
                                         out[0] (net)
                  0.18    0.00    3.99 ^ out[0] (out)
                                  3.99   data arrival time

                  0.00   10.00   10.00   clock __VIRTUAL_CLK__ (rise edge)
                          0.00   10.00   clock network delay (ideal)
                         -0.25    9.75   clock uncertainty
                          0.00    9.75   clock reconvergence pessimism
                         -2.00    7.75   output external delay
                                  7.75   data required time
-----------------------------------------------------------------------------
                                  7.75   data required time
                                 -3.99   data arrival time
-----------------------------------------------------------------------------
                                  3.76   slack (MET)



worst slack corner Typical: 2.2042
